{"timestamp":"2025-07-07T00:00:03.839163","level":"info","event":"DAG bundles loaded: dags-folder","logger":"airflow.dag_processing.bundles.manager.DagBundlesManager"}
{"timestamp":"2025-07-07T00:00:03.840197","level":"info","event":"Filling up the DagBag from /opt/airflow/dags/weather_etl_dag.py","logger":"airflow.models.dagbag.DagBag"}
{"timestamp":"2025-07-07T00:00:04.475588Z","level":"info","event":"INFO: Starting DB cleanup...","chan":"stdout","logger":"task"}
{"timestamp":"2025-07-07T00:00:05.790089Z","level":"info","event":"Database connection to 'meteo' established successfully.","chan":"stdout","logger":"task"}
{"timestamp":"2025-07-07T00:00:05.790261Z","level":"info","event":"--- Disabling foreign key checks ---","chan":"stdout","logger":"task"}
{"timestamp":"2025-07-07T00:00:06.199582Z","level":"info","event":"SUCCESS: Disabling foreign key checks","chan":"stdout","logger":"task"}
{"timestamp":"2025-07-07T00:00:06.199882Z","level":"info","event":"","chan":"stdout","logger":"task"}
{"timestamp":"2025-07-07T00:00:06.200063Z","level":"info","event":"--- Dropping existing tables ---","chan":"stdout","logger":"task"}
{"timestamp":"2025-07-07T00:00:06.200210Z","level":"info","event":"--- Dropping table donnees_meteo ---","chan":"stdout","logger":"task"}
{"timestamp":"2025-07-07T00:00:06.916774Z","level":"info","event":"SUCCESS: Dropping table donnees_meteo","chan":"stdout","logger":"task"}
{"timestamp":"2025-07-07T00:00:06.916975Z","level":"info","event":"--- Dropping table conditions_meteo ---","chan":"stdout","logger":"task"}
{"timestamp":"2025-07-07T00:00:07.223351Z","level":"info","event":"SUCCESS: Dropping table conditions_meteo","chan":"stdout","logger":"task"}
{"timestamp":"2025-07-07T00:00:07.223590Z","level":"info","event":"--- Dropping table lieux ---","chan":"stdout","logger":"task"}
{"timestamp":"2025-07-07T00:00:07.567276Z","level":"info","event":"SUCCESS: Dropping table lieux","chan":"stdout","logger":"task"}
{"timestamp":"2025-07-07T00:00:07.567491Z","level":"info","event":"--- Re-enabling foreign key checks ---","chan":"stdout","logger":"task"}
{"timestamp":"2025-07-07T00:00:07.940596Z","level":"info","event":"SUCCESS: Re-enabling foreign key checks","chan":"stdout","logger":"task"}
{"timestamp":"2025-07-07T00:00:07.940951Z","level":"info","event":"","chan":"stdout","logger":"task"}
{"timestamp":"2025-07-07T00:00:07.941229Z","level":"info","event":"--- Creating new tables ---","chan":"stdout","logger":"task"}
{"timestamp":"2025-07-07T00:00:07.941516Z","level":"info","event":"--- Creating table lieux ---","chan":"stdout","logger":"task"}
{"timestamp":"2025-07-07T00:00:08.247760Z","level":"info","event":"SUCCESS: Creating table lieux","chan":"stdout","logger":"task"}
{"timestamp":"2025-07-07T00:00:08.248001Z","level":"info","event":"--- Creating table conditions_meteo ---","chan":"stdout","logger":"task"}
{"timestamp":"2025-07-07T00:00:08.658226Z","level":"info","event":"SUCCESS: Creating table conditions_meteo","chan":"stdout","logger":"task"}
{"timestamp":"2025-07-07T00:00:08.658523Z","level":"info","event":"--- Creating table donnees_meteo ---","chan":"stdout","logger":"task"}
{"timestamp":"2025-07-07T00:00:09.384660Z","level":"info","event":"SUCCESS: Creating table donnees_meteo","chan":"stdout","logger":"task"}
{"timestamp":"2025-07-07T00:00:09.384882Z","level":"info","event":"--- Creating table etl_logs ---","chan":"stdout","logger":"task"}
{"timestamp":"2025-07-07T00:00:09.547472Z","level":"info","event":"ERROR: Failed to execute 'Creating table etl_logs' - (1050, \"Table 'etl_logs' already exists\")","chan":"stdout","logger":"task"}
{"timestamp":"2025-07-07T00:00:09.547789Z","level":"info","event":"","chan":"stdout","logger":"task"}
{"timestamp":"2025-07-07T00:00:09.548112Z","level":"info","event":"SUCCESS: Database cleanup and recreation completed.","chan":"stdout","logger":"task"}
{"timestamp":"2025-07-07T00:00:09.548412Z","level":"info","event":"INFO: DB cleanup done.","chan":"stdout","logger":"task"}
{"timestamp":"2025-07-07T00:00:09.548711","level":"info","event":"Done. Returned value was: None","logger":"airflow.task.operators.airflow.providers.standard.operators.python.PythonOperator"}
