{"timestamp":"2025-07-03T23:00:13.733806","level":"info","event":"DAG bundles loaded: dags-folder","logger":"airflow.dag_processing.bundles.manager.DagBundlesManager"}
{"timestamp":"2025-07-03T23:00:13.735100","level":"info","event":"Filling up the DagBag from /opt/airflow/dags/weather_etl_dag.py","logger":"airflow.models.dagbag.DagBag"}
{"timestamp":"2025-07-03T23:00:14.288483Z","level":"info","event":"INFO: Starting extraction/loading...","chan":"stdout","logger":"task"}
{"timestamp":"2025-07-03T23:00:16.813270Z","level":"info","event":"Database connection to 'meteo' established successfully.","chan":"stdout","logger":"task"}
{"timestamp":"2025-07-03T23:00:16.813671Z","level":"info","event":"Fetching weather for Africa/Porto-Novo...","chan":"stdout","logger":"task"}
{"timestamp":"2025-07-03T23:00:17.416055Z","level":"info","event":"INFO: Inserting location 'Porto Novo' into the database...","chan":"stdout","logger":"task"}
{"timestamp":"2025-07-03T23:00:18.015178Z","level":"info","event":"SUCCESS: Location 'Porto Novo' inserted with ID 1.","chan":"stdout","logger":"task"}
{"timestamp":"2025-07-03T23:00:18.015367Z","level":"info","event":"INFO: Processing current weather data for location ID 1...","chan":"stdout","logger":"task"}
{"timestamp":"2025-07-03T23:00:18.015456Z","level":"info","event":"INFO: Inserting condition 'Clear' with code 1000...","chan":"stdout","logger":"task"}
{"timestamp":"2025-07-03T23:00:18.618273Z","level":"info","event":"SUCCESS: Condition 'Clear' inserted or updated successfully.","chan":"stdout","logger":"task"}
{"timestamp":"2025-07-03T23:00:19.220907Z","level":"info","event":"SUCCESS: Current weather data for location ID 1 inserted successfully.","chan":"stdout","logger":"task"}
{"timestamp":"2025-07-03T23:00:19.519899Z","level":"info","event":"SUCCESS: Weather data for Africa/Porto-Novo committed.","chan":"stdout","logger":"task"}
{"timestamp":"2025-07-03T23:00:21.530987Z","level":"info","event":"Database connection to 'meteo' established successfully.","chan":"stdout","logger":"task"}
{"timestamp":"2025-07-03T23:00:22.234931Z","level":"info","event":"INFO: Logged ETL process 'process_city_data' with status 'success'.","chan":"stdout","logger":"task"}
{"timestamp":"2025-07-03T23:00:22.235368Z","level":"info","event":"INFO: Finished processing Africa/Porto-Novo.","chan":"stdout","logger":"task"}
{"timestamp":"2025-07-03T23:00:24.345172Z","level":"info","event":"Database connection to 'meteo' established successfully.","chan":"stdout","logger":"task"}
{"timestamp":"2025-07-03T23:00:24.345409Z","level":"info","event":"Fetching weather for Africa/Bafata...","chan":"stdout","logger":"task"}
{"timestamp":"2025-07-03T23:00:24.850057Z","level":"info","event":"INFO: Inserting location 'Bafata' into the database...","chan":"stdout","logger":"task"}
{"timestamp":"2025-07-03T23:00:25.450450Z","level":"info","event":"SUCCESS: Location 'Bafata' inserted with ID 2.","chan":"stdout","logger":"task"}
{"timestamp":"2025-07-03T23:00:25.450877Z","level":"info","event":"INFO: Processing current weather data for location ID 2...","chan":"stdout","logger":"task"}
{"timestamp":"2025-07-03T23:00:25.451112Z","level":"info","event":"INFO: Inserting condition 'Partly Cloudy' with code 1003...","chan":"stdout","logger":"task"}
{"timestamp":"2025-07-03T23:00:26.053473Z","level":"info","event":"SUCCESS: Condition 'Partly Cloudy' inserted or updated successfully.","chan":"stdout","logger":"task"}
{"timestamp":"2025-07-03T23:00:26.656336Z","level":"info","event":"SUCCESS: Current weather data for location ID 2 inserted successfully.","chan":"stdout","logger":"task"}
{"timestamp":"2025-07-03T23:00:26.957535Z","level":"info","event":"SUCCESS: Weather data for Africa/Bafata committed.","chan":"stdout","logger":"task"}
{"timestamp":"2025-07-03T23:00:29.268165Z","level":"info","event":"Database connection to 'meteo' established successfully.","chan":"stdout","logger":"task"}
{"timestamp":"2025-07-03T23:00:30.071754Z","level":"info","event":"INFO: Logged ETL process 'process_city_data' with status 'success'.","chan":"stdout","logger":"task"}
{"timestamp":"2025-07-03T23:00:30.092257Z","level":"info","event":"INFO: Finished processing Africa/Bafata.","chan":"stdout","logger":"task"}
{"timestamp":"2025-07-03T23:00:32.184274Z","level":"info","event":"Database connection to 'meteo' established successfully.","chan":"stdout","logger":"task"}
{"timestamp":"2025-07-03T23:00:32.184500Z","level":"info","event":"Fetching weather for Africa/Ouagadougou...","chan":"stdout","logger":"task"}
{"timestamp":"2025-07-03T23:00:32.584719Z","level":"info","event":"INFO: Inserting location 'Ouagadougou' into the database...","chan":"stdout","logger":"task"}
{"timestamp":"2025-07-03T23:00:33.289208Z","level":"info","event":"SUCCESS: Location 'Ouagadougou' inserted with ID 3.","chan":"stdout","logger":"task"}
{"timestamp":"2025-07-03T23:00:33.289471Z","level":"info","event":"INFO: Processing current weather data for location ID 3...","chan":"stdout","logger":"task"}
{"timestamp":"2025-07-03T23:00:33.289643Z","level":"info","event":"INFO: Inserting condition 'Partly Cloudy' with code 1003...","chan":"stdout","logger":"task"}
{"timestamp":"2025-07-03T23:00:33.989310Z","level":"info","event":"SUCCESS: Condition 'Partly Cloudy' inserted or updated successfully.","chan":"stdout","logger":"task"}
{"timestamp":"2025-07-03T23:00:35.101509Z","level":"info","event":"SUCCESS: Current weather data for location ID 3 inserted successfully.","chan":"stdout","logger":"task"}
{"timestamp":"2025-07-03T23:00:35.397694Z","level":"info","event":"SUCCESS: Weather data for Africa/Ouagadougou committed.","chan":"stdout","logger":"task"}
{"timestamp":"2025-07-03T23:00:37.604648Z","level":"info","event":"Database connection to 'meteo' established successfully.","chan":"stdout","logger":"task"}
{"timestamp":"2025-07-03T23:00:38.211126Z","level":"info","event":"INFO: Logged ETL process 'process_city_data' with status 'success'.","chan":"stdout","logger":"task"}
{"timestamp":"2025-07-03T23:00:38.211503Z","level":"info","event":"INFO: Finished processing Africa/Ouagadougou.","chan":"stdout","logger":"task"}
{"timestamp":"2025-07-03T23:00:40.417171Z","level":"info","event":"Database connection to 'meteo' established successfully.","chan":"stdout","logger":"task"}
{"timestamp":"2025-07-03T23:00:40.417384Z","level":"info","event":"Fetching weather for Africa/Bobo-Dioulasso...","chan":"stdout","logger":"task"}
{"timestamp":"2025-07-03T23:00:40.718922Z","level":"info","event":"INFO: Inserting location 'Bobo Dioulasso' into the database...","chan":"stdout","logger":"task"}
{"timestamp":"2025-07-03T23:00:42.524640Z","level":"info","event":"SUCCESS: Location 'Bobo Dioulasso' inserted with ID 4.","chan":"stdout","logger":"task"}
{"timestamp":"2025-07-03T23:00:42.524910Z","level":"info","event":"INFO: Processing current weather data for location ID 4...","chan":"stdout","logger":"task"}
{"timestamp":"2025-07-03T23:00:42.525134Z","level":"info","event":"INFO: Inserting condition 'Partly Cloudy' with code 1003...","chan":"stdout","logger":"task"}
{"timestamp":"2025-07-03T23:00:43.132389Z","level":"info","event":"SUCCESS: Condition 'Partly Cloudy' inserted or updated successfully.","chan":"stdout","logger":"task"}
{"timestamp":"2025-07-03T23:00:43.830607Z","level":"info","event":"SUCCESS: Current weather data for location ID 4 inserted successfully.","chan":"stdout","logger":"task"}
{"timestamp":"2025-07-03T23:00:44.231158Z","level":"info","event":"SUCCESS: Weather data for Africa/Bobo-Dioulasso committed.","chan":"stdout","logger":"task"}
{"timestamp":"2025-07-03T23:00:46.138025Z","level":"info","event":"Database connection to 'meteo' established successfully.","chan":"stdout","logger":"task"}
{"timestamp":"2025-07-03T23:00:47.343728Z","level":"info","event":"INFO: Logged ETL process 'process_city_data' with status 'success'.","chan":"stdout","logger":"task"}
{"timestamp":"2025-07-03T23:00:47.344132Z","level":"info","event":"INFO: Finished processing Africa/Bobo-Dioulasso.","chan":"stdout","logger":"task"}
{"timestamp":"2025-07-03T23:00:50.255018Z","level":"info","event":"Database connection to 'meteo' established successfully.","chan":"stdout","logger":"task"}
{"timestamp":"2025-07-03T23:00:50.255239Z","level":"info","event":"Fetching weather for Africa/Abidjan...","chan":"stdout","logger":"task"}
{"timestamp":"2025-07-03T23:00:50.655492Z","level":"info","event":"INFO: Inserting location 'Abidjan' into the database...","chan":"stdout","logger":"task"}
{"timestamp":"2025-07-03T23:00:52.463162Z","level":"info","event":"SUCCESS: Location 'Abidjan' inserted with ID 5.","chan":"stdout","logger":"task"}
{"timestamp":"2025-07-03T23:00:52.463414Z","level":"info","event":"INFO: Processing current weather data for location ID 5...","chan":"stdout","logger":"task"}
{"timestamp":"2025-07-03T23:00:52.463573Z","level":"info","event":"INFO: Inserting condition 'Light rain shower' with code 1240...","chan":"stdout","logger":"task"}
{"timestamp":"2025-07-03T23:00:53.265602Z","level":"info","event":"SUCCESS: Condition 'Light rain shower' inserted or updated successfully.","chan":"stdout","logger":"task"}
{"timestamp":"2025-07-03T23:00:54.169210Z","level":"info","event":"SUCCESS: Current weather data for location ID 5 inserted successfully.","chan":"stdout","logger":"task"}
{"timestamp":"2025-07-03T23:00:54.570824Z","level":"info","event":"SUCCESS: Weather data for Africa/Abidjan committed.","chan":"stdout","logger":"task"}
{"timestamp":"2025-07-03T23:00:57.584817Z","level":"info","event":"Database connection to 'meteo' established successfully.","chan":"stdout","logger":"task"}
{"timestamp":"2025-07-03T23:00:58.585212Z","level":"info","event":"INFO: Logged ETL process 'process_city_data' with status 'success'.","chan":"stdout","logger":"task"}
{"timestamp":"2025-07-03T23:00:58.585648Z","level":"info","event":"INFO: Finished processing Africa/Abidjan.","chan":"stdout","logger":"task"}
{"timestamp":"2025-07-03T23:01:01.495340Z","level":"info","event":"Database connection to 'meteo' established successfully.","chan":"stdout","logger":"task"}
{"timestamp":"2025-07-03T23:01:01.495625Z","level":"info","event":"Fetching weather for Africa/Yamoussoukro...","chan":"stdout","logger":"task"}
{"timestamp":"2025-07-03T23:01:02.097642Z","level":"info","event":"INFO: Inserting location 'Yamoussoukro' into the database...","chan":"stdout","logger":"task"}
{"timestamp":"2025-07-03T23:01:03.100845Z","level":"info","event":"SUCCESS: Location 'Yamoussoukro' inserted with ID 6.","chan":"stdout","logger":"task"}
{"timestamp":"2025-07-03T23:01:03.101117Z","level":"info","event":"INFO: Processing current weather data for location ID 6...","chan":"stdout","logger":"task"}
{"timestamp":"2025-07-03T23:01:03.101264Z","level":"info","event":"INFO: Inserting condition 'Mist' with code 1030...","chan":"stdout","logger":"task"}
{"timestamp":"2025-07-03T23:01:03.903079Z","level":"info","event":"SUCCESS: Condition 'Mist' inserted or updated successfully.","chan":"stdout","logger":"task"}
{"timestamp":"2025-07-03T23:01:04.806536Z","level":"info","event":"SUCCESS: Current weather data for location ID 6 inserted successfully.","chan":"stdout","logger":"task"}
{"timestamp":"2025-07-03T23:01:05.307985Z","level":"info","event":"SUCCESS: Weather data for Africa/Yamoussoukro committed.","chan":"stdout","logger":"task"}
{"timestamp":"2025-07-03T23:01:07.216596Z","level":"info","event":"Database connection to 'meteo' established successfully.","chan":"stdout","logger":"task"}
{"timestamp":"2025-07-03T23:01:08.116213Z","level":"info","event":"INFO: Logged ETL process 'process_city_data' with status 'success'.","chan":"stdout","logger":"task"}
{"timestamp":"2025-07-03T23:01:08.141429Z","level":"info","event":"INFO: Finished processing Africa/Yamoussoukro.","chan":"stdout","logger":"task"}
{"timestamp":"2025-07-03T23:01:12.339586Z","level":"info","event":"Database connection to 'meteo' established successfully.","chan":"stdout","logger":"task"}
{"timestamp":"2025-07-03T23:01:12.339890Z","level":"info","event":"Fetching weather for Africa/Bouake...","chan":"stdout","logger":"task"}
{"timestamp":"2025-07-03T23:01:13.638487Z","level":"info","event":"INFO: Inserting location 'Bouake' into the database...","chan":"stdout","logger":"task"}
{"timestamp":"2025-07-03T23:01:14.639696Z","level":"info","event":"SUCCESS: Location 'Bouake' inserted with ID 7.","chan":"stdout","logger":"task"}
{"timestamp":"2025-07-03T23:01:14.639906Z","level":"info","event":"INFO: Processing current weather data for location ID 7...","chan":"stdout","logger":"task"}
{"timestamp":"2025-07-03T23:01:14.640116Z","level":"info","event":"INFO: Inserting condition 'Light rain shower' with code 1240...","chan":"stdout","logger":"task"}
{"timestamp":"2025-07-03T23:01:15.542249Z","level":"info","event":"SUCCESS: Condition 'Light rain shower' inserted or updated successfully.","chan":"stdout","logger":"task"}
{"timestamp":"2025-07-03T23:01:16.545293Z","level":"info","event":"SUCCESS: Current weather data for location ID 7 inserted successfully.","chan":"stdout","logger":"task"}
{"timestamp":"2025-07-03T23:01:17.048191Z","level":"info","event":"SUCCESS: Weather data for Africa/Bouake committed.","chan":"stdout","logger":"task"}
{"timestamp":"2025-07-03T23:01:19.554420Z","level":"info","event":"Database connection to 'meteo' established successfully.","chan":"stdout","logger":"task"}
{"timestamp":"2025-07-03T23:01:20.357586Z","level":"info","event":"INFO: Logged ETL process 'process_city_data' with status 'success'.","chan":"stdout","logger":"task"}
{"timestamp":"2025-07-03T23:01:20.357842Z","level":"info","event":"INFO: Finished processing Africa/Bouake.","chan":"stdout","logger":"task"}
{"timestamp":"2025-07-03T23:01:22.966279Z","level":"info","event":"Database connection to 'meteo' established successfully.","chan":"stdout","logger":"task"}
{"timestamp":"2025-07-03T23:01:22.966568Z","level":"info","event":"Fetching weather for Africa/Bissau...","chan":"stdout","logger":"task"}
{"timestamp":"2025-07-03T23:01:23.268175Z","level":"info","event":"INFO: Inserting location 'Bissau' into the database...","chan":"stdout","logger":"task"}
{"timestamp":"2025-07-03T23:01:23.871912Z","level":"info","event":"SUCCESS: Location 'Bissau' inserted with ID 8.","chan":"stdout","logger":"task"}
{"timestamp":"2025-07-03T23:01:23.872174Z","level":"info","event":"INFO: Processing current weather data for location ID 8...","chan":"stdout","logger":"task"}
{"timestamp":"2025-07-03T23:01:23.872373Z","level":"info","event":"INFO: Inserting condition 'Partly cloudy' with code 1003...","chan":"stdout","logger":"task"}
{"timestamp":"2025-07-03T23:01:24.471456Z","level":"info","event":"SUCCESS: Condition 'Partly cloudy' inserted or updated successfully.","chan":"stdout","logger":"task"}
{"timestamp":"2025-07-03T23:01:25.172824Z","level":"info","event":"SUCCESS: Current weather data for location ID 8 inserted successfully.","chan":"stdout","logger":"task"}
{"timestamp":"2025-07-03T23:01:25.574456Z","level":"info","event":"SUCCESS: Weather data for Africa/Bissau committed.","chan":"stdout","logger":"task"}
{"timestamp":"2025-07-03T23:01:28.684936Z","level":"info","event":"Database connection to 'meteo' established successfully.","chan":"stdout","logger":"task"}
{"timestamp":"2025-07-03T23:01:29.487590Z","level":"info","event":"INFO: Logged ETL process 'process_city_data' with status 'success'.","chan":"stdout","logger":"task"}
{"timestamp":"2025-07-03T23:01:29.487933Z","level":"info","event":"INFO: Finished processing Africa/Bissau.","chan":"stdout","logger":"task"}
{"timestamp":"2025-07-03T23:01:34.300859Z","level":"info","event":"Database connection to 'meteo' established successfully.","chan":"stdout","logger":"task"}
{"timestamp":"2025-07-03T23:01:34.301099Z","level":"info","event":"Fetching weather for Africa/Gabu...","chan":"stdout","logger":"task"}
{"timestamp":"2025-07-03T23:01:34.604193Z","level":"info","event":"INFO: Inserting location 'Gabu' into the database...","chan":"stdout","logger":"task"}
{"timestamp":"2025-07-03T23:01:35.405459Z","level":"info","event":"SUCCESS: Location 'Gabu' inserted with ID 9.","chan":"stdout","logger":"task"}
{"timestamp":"2025-07-03T23:01:35.405623Z","level":"info","event":"INFO: Processing current weather data for location ID 9...","chan":"stdout","logger":"task"}
{"timestamp":"2025-07-03T23:01:35.405723Z","level":"info","event":"INFO: Inserting condition 'Overcast' with code 1009...","chan":"stdout","logger":"task"}
{"timestamp":"2025-07-03T23:01:36.008047Z","level":"info","event":"SUCCESS: Condition 'Overcast' inserted or updated successfully.","chan":"stdout","logger":"task"}
{"timestamp":"2025-07-03T23:01:36.910316Z","level":"info","event":"SUCCESS: Current weather data for location ID 9 inserted successfully.","chan":"stdout","logger":"task"}
{"timestamp":"2025-07-03T23:01:37.311750Z","level":"info","event":"SUCCESS: Weather data for Africa/Gabu committed.","chan":"stdout","logger":"task"}
{"timestamp":"2025-07-03T23:01:39.417960Z","level":"info","event":"Database connection to 'meteo' established successfully.","chan":"stdout","logger":"task"}
{"timestamp":"2025-07-03T23:01:40.221202Z","level":"info","event":"INFO: Logged ETL process 'process_city_data' with status 'success'.","chan":"stdout","logger":"task"}
{"timestamp":"2025-07-03T23:01:40.221549Z","level":"info","event":"INFO: Finished processing Africa/Gabu.","chan":"stdout","logger":"task"}
{"timestamp":"2025-07-03T23:01:42.928790Z","level":"info","event":"Database connection to 'meteo' established successfully.","chan":"stdout","logger":"task"}
{"timestamp":"2025-07-03T23:01:42.929057Z","level":"info","event":"Fetching weather for Africa/Bolama...","chan":"stdout","logger":"task"}
{"timestamp":"2025-07-03T23:01:43.532526Z","level":"info","event":"INFO: Inserting location 'Bolama' into the database...","chan":"stdout","logger":"task"}
{"timestamp":"2025-07-03T23:01:44.135036Z","level":"info","event":"SUCCESS: Location 'Bolama' inserted with ID 10.","chan":"stdout","logger":"task"}
{"timestamp":"2025-07-03T23:01:44.135312Z","level":"info","event":"INFO: Processing current weather data for location ID 10...","chan":"stdout","logger":"task"}
{"timestamp":"2025-07-03T23:01:44.135532Z","level":"info","event":"INFO: Inserting condition 'Partly cloudy' with code 1003...","chan":"stdout","logger":"task"}
{"timestamp":"2025-07-03T23:01:44.935277Z","level":"info","event":"SUCCESS: Condition 'Partly cloudy' inserted or updated successfully.","chan":"stdout","logger":"task"}
{"timestamp":"2025-07-03T23:01:46.247552Z","level":"info","event":"SUCCESS: Current weather data for location ID 10 inserted successfully.","chan":"stdout","logger":"task"}
{"timestamp":"2025-07-03T23:01:46.640173Z","level":"info","event":"SUCCESS: Weather data for Africa/Bolama committed.","chan":"stdout","logger":"task"}
{"timestamp":"2025-07-03T23:01:48.847717Z","level":"info","event":"Database connection to 'meteo' established successfully.","chan":"stdout","logger":"task"}
{"timestamp":"2025-07-03T23:01:49.752429Z","level":"info","event":"INFO: Logged ETL process 'process_city_data' with status 'success'.","chan":"stdout","logger":"task"}
{"timestamp":"2025-07-03T23:01:49.752724Z","level":"info","event":"INFO: Finished processing Africa/Bolama.","chan":"stdout","logger":"task"}
{"timestamp":"2025-07-03T23:01:53.972426Z","level":"info","event":"Database connection to 'meteo' established successfully.","chan":"stdout","logger":"task"}
{"timestamp":"2025-07-03T23:01:53.972713Z","level":"info","event":"Fetching weather for Africa/Bamako...","chan":"stdout","logger":"task"}
{"timestamp":"2025-07-03T23:01:54.666677Z","level":"info","event":"INFO: Inserting location 'Bamako' into the database...","chan":"stdout","logger":"task"}
{"timestamp":"2025-07-03T23:01:55.366919Z","level":"info","event":"SUCCESS: Location 'Bamako' inserted with ID 11.","chan":"stdout","logger":"task"}
{"timestamp":"2025-07-03T23:01:55.367128Z","level":"info","event":"INFO: Processing current weather data for location ID 11...","chan":"stdout","logger":"task"}
{"timestamp":"2025-07-03T23:01:55.367224Z","level":"info","event":"INFO: Inserting condition 'Patchy light rain with thunder' with code 1273...","chan":"stdout","logger":"task"}
{"timestamp":"2025-07-03T23:01:56.171456Z","level":"info","event":"SUCCESS: Condition 'Patchy light rain with thunder' inserted or updated successfully.","chan":"stdout","logger":"task"}
{"timestamp":"2025-07-03T23:01:56.973189Z","level":"info","event":"SUCCESS: Current weather data for location ID 11 inserted successfully.","chan":"stdout","logger":"task"}
{"timestamp":"2025-07-03T23:01:57.373917Z","level":"info","event":"SUCCESS: Weather data for Africa/Bamako committed.","chan":"stdout","logger":"task"}
{"timestamp":"2025-07-03T23:01:59.580208Z","level":"info","event":"Database connection to 'meteo' established successfully.","chan":"stdout","logger":"task"}
{"timestamp":"2025-07-03T23:02:00.185066Z","level":"info","event":"INFO: Logged ETL process 'process_city_data' with status 'success'.","chan":"stdout","logger":"task"}
{"timestamp":"2025-07-03T23:02:00.185538Z","level":"info","event":"INFO: Finished processing Africa/Bamako.","chan":"stdout","logger":"task"}
{"timestamp":"2025-07-03T23:02:03.792321Z","level":"info","event":"Database connection to 'meteo' established successfully.","chan":"stdout","logger":"task"}
{"timestamp":"2025-07-03T23:02:03.792544Z","level":"info","event":"Fetching weather for Africa/Sikasso...","chan":"stdout","logger":"task"}
{"timestamp":"2025-07-03T23:02:04.196945Z","level":"info","event":"INFO: Inserting location 'Sikasso' into the database...","chan":"stdout","logger":"task"}
{"timestamp":"2025-07-03T23:02:04.996359Z","level":"info","event":"SUCCESS: Location 'Sikasso' inserted with ID 12.","chan":"stdout","logger":"task"}
{"timestamp":"2025-07-03T23:02:04.996604Z","level":"info","event":"INFO: Processing current weather data for location ID 12...","chan":"stdout","logger":"task"}
{"timestamp":"2025-07-03T23:02:04.996774Z","level":"info","event":"INFO: Inserting condition 'Clear' with code 1000...","chan":"stdout","logger":"task"}
{"timestamp":"2025-07-03T23:02:05.899564Z","level":"info","event":"SUCCESS: Condition 'Clear' inserted or updated successfully.","chan":"stdout","logger":"task"}
{"timestamp":"2025-07-03T23:02:06.802059Z","level":"info","event":"SUCCESS: Current weather data for location ID 12 inserted successfully.","chan":"stdout","logger":"task"}
{"timestamp":"2025-07-03T23:02:07.205330Z","level":"info","event":"SUCCESS: Weather data for Africa/Sikasso committed.","chan":"stdout","logger":"task"}
{"timestamp":"2025-07-03T23:02:09.210595Z","level":"info","event":"Database connection to 'meteo' established successfully.","chan":"stdout","logger":"task"}
{"timestamp":"2025-07-03T23:02:10.011468Z","level":"info","event":"INFO: Logged ETL process 'process_city_data' with status 'success'.","chan":"stdout","logger":"task"}
{"timestamp":"2025-07-03T23:02:10.034432Z","level":"info","event":"INFO: Finished processing Africa/Sikasso.","chan":"stdout","logger":"task"}
{"timestamp":"2025-07-03T23:02:12.618406Z","level":"info","event":"Database connection to 'meteo' established successfully.","chan":"stdout","logger":"task"}
{"timestamp":"2025-07-03T23:02:12.618608Z","level":"info","event":"Fetching weather for Africa/Segou...","chan":"stdout","logger":"task"}
{"timestamp":"2025-07-03T23:02:13.120721Z","level":"info","event":"INFO: Inserting location 'Segou' into the database...","chan":"stdout","logger":"task"}
{"timestamp":"2025-07-03T23:02:14.123651Z","level":"info","event":"SUCCESS: Location 'Segou' inserted with ID 13.","chan":"stdout","logger":"task"}
{"timestamp":"2025-07-03T23:02:14.123872Z","level":"info","event":"INFO: Processing current weather data for location ID 13...","chan":"stdout","logger":"task"}
{"timestamp":"2025-07-03T23:02:14.124068Z","level":"info","event":"INFO: Inserting condition 'Clear' with code 1000...","chan":"stdout","logger":"task"}
{"timestamp":"2025-07-03T23:02:15.131626Z","level":"info","event":"SUCCESS: Condition 'Clear' inserted or updated successfully.","chan":"stdout","logger":"task"}
{"timestamp":"2025-07-03T23:02:16.129520Z","level":"info","event":"SUCCESS: Current weather data for location ID 13 inserted successfully.","chan":"stdout","logger":"task"}
{"timestamp":"2025-07-03T23:02:16.630950Z","level":"info","event":"SUCCESS: Weather data for Africa/Segou committed.","chan":"stdout","logger":"task"}
{"timestamp":"2025-07-03T23:02:18.837165Z","level":"info","event":"Database connection to 'meteo' established successfully.","chan":"stdout","logger":"task"}
{"timestamp":"2025-07-03T23:02:19.639921Z","level":"info","event":"INFO: Logged ETL process 'process_city_data' with status 'success'.","chan":"stdout","logger":"task"}
{"timestamp":"2025-07-03T23:02:19.640337Z","level":"info","event":"INFO: Finished processing Africa/Segou.","chan":"stdout","logger":"task"}
{"timestamp":"2025-07-03T23:02:22.547910Z","level":"info","event":"Database connection to 'meteo' established successfully.","chan":"stdout","logger":"task"}
{"timestamp":"2025-07-03T23:02:22.548285Z","level":"info","event":"Fetching weather for Africa/Niamey...","chan":"stdout","logger":"task"}
{"timestamp":"2025-07-03T23:02:23.151396Z","level":"info","event":"INFO: Inserting location 'Niamey' into the database...","chan":"stdout","logger":"task"}
{"timestamp":"2025-07-03T23:02:23.750135Z","level":"info","event":"SUCCESS: Location 'Niamey' inserted with ID 14.","chan":"stdout","logger":"task"}
{"timestamp":"2025-07-03T23:02:23.750370Z","level":"info","event":"INFO: Processing current weather data for location ID 14...","chan":"stdout","logger":"task"}
{"timestamp":"2025-07-03T23:02:23.750588Z","level":"info","event":"INFO: Inserting condition 'Patchy light rain with thunder' with code 1273...","chan":"stdout","logger":"task"}
{"timestamp":"2025-07-03T23:02:24.354014Z","level":"info","event":"SUCCESS: Condition 'Patchy light rain with thunder' inserted or updated successfully.","chan":"stdout","logger":"task"}
{"timestamp":"2025-07-03T23:02:24.963829Z","level":"info","event":"SUCCESS: Current weather data for location ID 14 inserted successfully.","chan":"stdout","logger":"task"}
{"timestamp":"2025-07-03T23:02:25.356350Z","level":"info","event":"SUCCESS: Weather data for Africa/Niamey committed.","chan":"stdout","logger":"task"}
{"timestamp":"2025-07-03T23:02:27.361233Z","level":"info","event":"Database connection to 'meteo' established successfully.","chan":"stdout","logger":"task"}
{"timestamp":"2025-07-03T23:02:28.161938Z","level":"info","event":"INFO: Logged ETL process 'process_city_data' with status 'success'.","chan":"stdout","logger":"task"}
{"timestamp":"2025-07-03T23:02:28.181083Z","level":"info","event":"INFO: Finished processing Africa/Niamey.","chan":"stdout","logger":"task"}
{"timestamp":"2025-07-03T23:02:32.164289Z","level":"info","event":"Database connection to 'meteo' established successfully.","chan":"stdout","logger":"task"}
{"timestamp":"2025-07-03T23:02:32.164609Z","level":"info","event":"Fetching weather for Africa/Zinder...","chan":"stdout","logger":"task"}
{"timestamp":"2025-07-03T23:02:32.665281Z","level":"info","event":"INFO: Inserting location 'Zinder' into the database...","chan":"stdout","logger":"task"}
{"timestamp":"2025-07-03T23:02:33.565539Z","level":"info","event":"SUCCESS: Location 'Zinder' inserted with ID 15.","chan":"stdout","logger":"task"}
{"timestamp":"2025-07-03T23:02:33.565740Z","level":"info","event":"INFO: Processing current weather data for location ID 15...","chan":"stdout","logger":"task"}
{"timestamp":"2025-07-03T23:02:33.565938Z","level":"info","event":"INFO: Inserting condition 'Partly Cloudy' with code 1003...","chan":"stdout","logger":"task"}
{"timestamp":"2025-07-03T23:02:34.174629Z","level":"info","event":"SUCCESS: Condition 'Partly Cloudy' inserted or updated successfully.","chan":"stdout","logger":"task"}
{"timestamp":"2025-07-03T23:02:34.967895Z","level":"info","event":"SUCCESS: Current weather data for location ID 15 inserted successfully.","chan":"stdout","logger":"task"}
{"timestamp":"2025-07-03T23:02:35.468531Z","level":"info","event":"SUCCESS: Weather data for Africa/Zinder committed.","chan":"stdout","logger":"task"}
{"timestamp":"2025-07-03T23:02:38.070599Z","level":"info","event":"Database connection to 'meteo' established successfully.","chan":"stdout","logger":"task"}
{"timestamp":"2025-07-03T23:02:38.671454Z","level":"info","event":"INFO: Logged ETL process 'process_city_data' with status 'success'.","chan":"stdout","logger":"task"}
{"timestamp":"2025-07-03T23:02:38.694537Z","level":"info","event":"INFO: Finished processing Africa/Zinder.","chan":"stdout","logger":"task"}
{"timestamp":"2025-07-03T23:02:41.775032Z","level":"info","event":"Database connection to 'meteo' established successfully.","chan":"stdout","logger":"task"}
{"timestamp":"2025-07-03T23:02:41.775242Z","level":"info","event":"Fetching weather for Africa/Maradi...","chan":"stdout","logger":"task"}
{"timestamp":"2025-07-03T23:02:42.177279Z","level":"info","event":"INFO: Inserting location 'Maradi' into the database...","chan":"stdout","logger":"task"}
{"timestamp":"2025-07-03T23:02:42.977483Z","level":"info","event":"SUCCESS: Location 'Maradi' inserted with ID 16.","chan":"stdout","logger":"task"}
{"timestamp":"2025-07-03T23:02:42.977699Z","level":"info","event":"INFO: Processing current weather data for location ID 16...","chan":"stdout","logger":"task"}
{"timestamp":"2025-07-03T23:02:42.977912Z","level":"info","event":"INFO: Inserting condition 'Partly Cloudy' with code 1003...","chan":"stdout","logger":"task"}
{"timestamp":"2025-07-03T23:02:43.777226Z","level":"info","event":"SUCCESS: Condition 'Partly Cloudy' inserted or updated successfully.","chan":"stdout","logger":"task"}
{"timestamp":"2025-07-03T23:02:44.579063Z","level":"info","event":"SUCCESS: Current weather data for location ID 16 inserted successfully.","chan":"stdout","logger":"task"}
{"timestamp":"2025-07-03T23:02:45.180424Z","level":"info","event":"SUCCESS: Weather data for Africa/Maradi committed.","chan":"stdout","logger":"task"}
{"timestamp":"2025-07-03T23:02:47.783494Z","level":"info","event":"Database connection to 'meteo' established successfully.","chan":"stdout","logger":"task"}
{"timestamp":"2025-07-03T23:02:48.585406Z","level":"info","event":"INFO: Logged ETL process 'process_city_data' with status 'success'.","chan":"stdout","logger":"task"}
{"timestamp":"2025-07-03T23:02:48.585845Z","level":"info","event":"INFO: Finished processing Africa/Maradi.","chan":"stdout","logger":"task"}
{"timestamp":"2025-07-03T23:02:52.491625Z","level":"info","event":"Database connection to 'meteo' established successfully.","chan":"stdout","logger":"task"}
{"timestamp":"2025-07-03T23:02:52.491843Z","level":"info","event":"Fetching weather for Africa/Dakar...","chan":"stdout","logger":"task"}
{"timestamp":"2025-07-03T23:02:52.793039Z","level":"info","event":"INFO: Inserting location 'Dakar' into the database...","chan":"stdout","logger":"task"}
{"timestamp":"2025-07-03T23:02:53.696468Z","level":"info","event":"SUCCESS: Location 'Dakar' inserted with ID 17.","chan":"stdout","logger":"task"}
{"timestamp":"2025-07-03T23:02:53.696705Z","level":"info","event":"INFO: Processing current weather data for location ID 17...","chan":"stdout","logger":"task"}
{"timestamp":"2025-07-03T23:02:53.696899Z","level":"info","event":"INFO: Inserting condition 'Partly Cloudy' with code 1003...","chan":"stdout","logger":"task"}
{"timestamp":"2025-07-03T23:02:54.495129Z","level":"info","event":"SUCCESS: Condition 'Partly Cloudy' inserted or updated successfully.","chan":"stdout","logger":"task"}
{"timestamp":"2025-07-03T23:02:55.297654Z","level":"info","event":"SUCCESS: Current weather data for location ID 17 inserted successfully.","chan":"stdout","logger":"task"}
{"timestamp":"2025-07-03T23:02:56.204876Z","level":"info","event":"SUCCESS: Weather data for Africa/Dakar committed.","chan":"stdout","logger":"task"}
{"timestamp":"2025-07-03T23:02:59.202302Z","level":"info","event":"Database connection to 'meteo' established successfully.","chan":"stdout","logger":"task"}
{"timestamp":"2025-07-03T23:03:00.005340Z","level":"info","event":"INFO: Logged ETL process 'process_city_data' with status 'success'.","chan":"stdout","logger":"task"}
{"timestamp":"2025-07-03T23:03:00.005744Z","level":"info","event":"INFO: Finished processing Africa/Dakar.","chan":"stdout","logger":"task"}
{"timestamp":"2025-07-03T23:03:03.210648Z","level":"info","event":"Database connection to 'meteo' established successfully.","chan":"stdout","logger":"task"}
{"timestamp":"2025-07-03T23:03:03.210877Z","level":"info","event":"Fetching weather for Africa/Thiès...","chan":"stdout","logger":"task"}
{"timestamp":"2025-07-03T23:03:03.814039Z","level":"info","event":"INFO: Inserting location 'Ma-Africa' into the database...","chan":"stdout","logger":"task"}
{"timestamp":"2025-07-03T23:03:04.714773Z","level":"info","event":"SUCCESS: Location 'Ma-Africa' inserted with ID 18.","chan":"stdout","logger":"task"}
{"timestamp":"2025-07-03T23:03:04.715014Z","level":"info","event":"INFO: Processing current weather data for location ID 18...","chan":"stdout","logger":"task"}
{"timestamp":"2025-07-03T23:03:04.715235Z","level":"info","event":"INFO: Inserting condition 'Clear' with code 1000...","chan":"stdout","logger":"task"}
{"timestamp":"2025-07-03T23:03:05.916148Z","level":"info","event":"SUCCESS: Condition 'Clear' inserted or updated successfully.","chan":"stdout","logger":"task"}
{"timestamp":"2025-07-03T23:03:07.219366Z","level":"info","event":"SUCCESS: Current weather data for location ID 18 inserted successfully.","chan":"stdout","logger":"task"}
{"timestamp":"2025-07-03T23:03:07.823530Z","level":"info","event":"SUCCESS: Weather data for Africa/Thiès committed.","chan":"stdout","logger":"task"}
{"timestamp":"2025-07-03T23:03:11.027354Z","level":"info","event":"Database connection to 'meteo' established successfully.","chan":"stdout","logger":"task"}
{"timestamp":"2025-07-03T23:03:12.330878Z","level":"info","event":"INFO: Logged ETL process 'process_city_data' with status 'success'.","chan":"stdout","logger":"task"}
{"timestamp":"2025-07-03T23:03:12.331273Z","level":"info","event":"INFO: Finished processing Africa/Thiès.","chan":"stdout","logger":"task"}
{"timestamp":"2025-07-03T23:03:15.236589Z","level":"info","event":"Database connection to 'meteo' established successfully.","chan":"stdout","logger":"task"}
{"timestamp":"2025-07-03T23:03:15.236854Z","level":"info","event":"Fetching weather for Africa/Saint-Louis...","chan":"stdout","logger":"task"}
{"timestamp":"2025-07-03T23:03:15.738146Z","level":"info","event":"INFO: Inserting location 'Saint-Louis' into the database...","chan":"stdout","logger":"task"}
{"timestamp":"2025-07-03T23:03:16.638855Z","level":"info","event":"SUCCESS: Location 'Saint-Louis' inserted with ID 19.","chan":"stdout","logger":"task"}
{"timestamp":"2025-07-03T23:03:16.639122Z","level":"info","event":"INFO: Processing current weather data for location ID 19...","chan":"stdout","logger":"task"}
{"timestamp":"2025-07-03T23:03:16.639340Z","level":"info","event":"INFO: Inserting condition 'Clear' with code 1000...","chan":"stdout","logger":"task"}
{"timestamp":"2025-07-03T23:03:17.440679Z","level":"info","event":"SUCCESS: Condition 'Clear' inserted or updated successfully.","chan":"stdout","logger":"task"}
{"timestamp":"2025-07-03T23:03:19.346431Z","level":"info","event":"SUCCESS: Current weather data for location ID 19 inserted successfully.","chan":"stdout","logger":"task"}
{"timestamp":"2025-07-03T23:03:19.744427Z","level":"info","event":"SUCCESS: Weather data for Africa/Saint-Louis committed.","chan":"stdout","logger":"task"}
{"timestamp":"2025-07-03T23:03:21.449145Z","level":"info","event":"Database connection to 'meteo' established successfully.","chan":"stdout","logger":"task"}
{"timestamp":"2025-07-03T23:03:22.151960Z","level":"info","event":"INFO: Logged ETL process 'process_city_data' with status 'success'.","chan":"stdout","logger":"task"}
{"timestamp":"2025-07-03T23:03:22.173391Z","level":"info","event":"INFO: Finished processing Africa/Saint-Louis.","chan":"stdout","logger":"task"}
{"timestamp":"2025-07-03T23:03:25.759901Z","level":"info","event":"Database connection to 'meteo' established successfully.","chan":"stdout","logger":"task"}
{"timestamp":"2025-07-03T23:03:25.760185Z","level":"info","event":"Fetching weather for Africa/Lomé...","chan":"stdout","logger":"task"}
{"timestamp":"2025-07-03T23:03:26.163331Z","level":"info","event":"INFO: Inserting location 'Ma-Africa' into the database...","chan":"stdout","logger":"task"}
{"timestamp":"2025-07-03T23:03:26.961139Z","level":"info","event":"SUCCESS: Location 'Ma-Africa' inserted with ID 18.","chan":"stdout","logger":"task"}
{"timestamp":"2025-07-03T23:03:26.961297Z","level":"info","event":"INFO: Processing current weather data for location ID 18...","chan":"stdout","logger":"task"}
{"timestamp":"2025-07-03T23:03:26.961379Z","level":"info","event":"INFO: Inserting condition 'Clear' with code 1000...","chan":"stdout","logger":"task"}
{"timestamp":"2025-07-03T23:03:28.164694Z","level":"info","event":"SUCCESS: Condition 'Clear' inserted or updated successfully.","chan":"stdout","logger":"task"}
{"timestamp":"2025-07-03T23:03:30.570535Z","level":"info","event":"SUCCESS: Current weather data for location ID 18 inserted successfully.","chan":"stdout","logger":"task"}
{"timestamp":"2025-07-03T23:03:31.172215Z","level":"info","event":"SUCCESS: Weather data for Africa/Lomé committed.","chan":"stdout","logger":"task"}
{"timestamp":"2025-07-03T23:03:33.777619Z","level":"info","event":"Database connection to 'meteo' established successfully.","chan":"stdout","logger":"task"}
{"timestamp":"2025-07-03T23:03:34.680309Z","level":"info","event":"INFO: Logged ETL process 'process_city_data' with status 'success'.","chan":"stdout","logger":"task"}
{"timestamp":"2025-07-03T23:03:34.680780Z","level":"info","event":"INFO: Finished processing Africa/Lomé.","chan":"stdout","logger":"task"}
{"timestamp":"2025-07-03T23:03:37.193576Z","level":"info","event":"Database connection to 'meteo' established successfully.","chan":"stdout","logger":"task"}
{"timestamp":"2025-07-03T23:03:37.193843Z","level":"info","event":"Fetching weather for Africa/Sokodé...","chan":"stdout","logger":"task"}
{"timestamp":"2025-07-03T23:03:37.788336Z","level":"info","event":"INFO: Inserting location 'Ma-Africa' into the database...","chan":"stdout","logger":"task"}
{"timestamp":"2025-07-03T23:03:39.089738Z","level":"info","event":"SUCCESS: Location 'Ma-Africa' inserted with ID 18.","chan":"stdout","logger":"task"}
{"timestamp":"2025-07-03T23:03:39.090102Z","level":"info","event":"INFO: Processing current weather data for location ID 18...","chan":"stdout","logger":"task"}
{"timestamp":"2025-07-03T23:03:39.090363Z","level":"info","event":"INFO: Inserting condition 'Clear' with code 1000...","chan":"stdout","logger":"task"}
{"timestamp":"2025-07-03T23:03:40.293342Z","level":"info","event":"SUCCESS: Condition 'Clear' inserted or updated successfully.","chan":"stdout","logger":"task"}
{"timestamp":"2025-07-03T23:03:41.696807Z","level":"info","event":"SUCCESS: Current weather data for location ID 18 inserted successfully.","chan":"stdout","logger":"task"}
{"timestamp":"2025-07-03T23:03:41.999633Z","level":"info","event":"SUCCESS: Weather data for Africa/Sokodé committed.","chan":"stdout","logger":"task"}
{"timestamp":"2025-07-03T23:03:44.604628Z","level":"info","event":"Database connection to 'meteo' established successfully.","chan":"stdout","logger":"task"}
{"timestamp":"2025-07-03T23:03:45.205254Z","level":"info","event":"INFO: Logged ETL process 'process_city_data' with status 'success'.","chan":"stdout","logger":"task"}
{"timestamp":"2025-07-03T23:03:45.205638Z","level":"info","event":"INFO: Finished processing Africa/Sokodé.","chan":"stdout","logger":"task"}
{"timestamp":"2025-07-03T23:03:48.213412Z","level":"info","event":"Database connection to 'meteo' established successfully.","chan":"stdout","logger":"task"}
{"timestamp":"2025-07-03T23:03:48.213695Z","level":"info","event":"Fetching weather for Africa/Kara...","chan":"stdout","logger":"task"}
{"timestamp":"2025-07-03T23:03:48.615478Z","level":"info","event":"INFO: Inserting location 'Kara' into the database...","chan":"stdout","logger":"task"}
{"timestamp":"2025-07-03T23:03:49.316441Z","level":"info","event":"SUCCESS: Location 'Kara' inserted with ID 22.","chan":"stdout","logger":"task"}
{"timestamp":"2025-07-03T23:03:49.316638Z","level":"info","event":"INFO: Processing current weather data for location ID 22...","chan":"stdout","logger":"task"}
{"timestamp":"2025-07-03T23:03:49.316850Z","level":"info","event":"INFO: Inserting condition 'Light rain shower' with code 1240...","chan":"stdout","logger":"task"}
{"timestamp":"2025-07-03T23:03:50.318907Z","level":"info","event":"SUCCESS: Condition 'Light rain shower' inserted or updated successfully.","chan":"stdout","logger":"task"}
{"timestamp":"2025-07-03T23:03:51.622159Z","level":"info","event":"SUCCESS: Current weather data for location ID 22 inserted successfully.","chan":"stdout","logger":"task"}
{"timestamp":"2025-07-03T23:03:52.324225Z","level":"info","event":"SUCCESS: Weather data for Africa/Kara committed.","chan":"stdout","logger":"task"}
{"timestamp":"2025-07-03T23:03:54.830304Z","level":"info","event":"Database connection to 'meteo' established successfully.","chan":"stdout","logger":"task"}
{"timestamp":"2025-07-03T23:03:55.432763Z","level":"info","event":"INFO: Logged ETL process 'process_city_data' with status 'success'.","chan":"stdout","logger":"task"}
{"timestamp":"2025-07-03T23:03:55.461756Z","level":"info","event":"INFO: Finished processing Africa/Kara.","chan":"stdout","logger":"task"}
{"timestamp":"2025-07-03T23:03:55.933731Z","level":"info","event":"INFO: Extraction/loading done.","chan":"stdout","logger":"task"}
{"timestamp":"2025-07-03T23:03:59.642228Z","level":"info","event":"Database connection to 'meteo' established successfully.","chan":"stdout","logger":"task"}
{"timestamp":"2025-07-03T23:04:00.543695Z","level":"info","event":"INFO: Logged ETL process 'extract_and_load' with status 'success'.","chan":"stdout","logger":"task"}
{"timestamp":"2025-07-03T23:04:00.546080","level":"info","event":"Done. Returned value was: None","logger":"airflow.task.operators.airflow.providers.standard.operators.python.PythonOperator"}
