{"timestamp":"2025-07-03T20:03:10.895541","level":"info","event":"DAG bundles loaded: dags-folder","logger":"airflow.dag_processing.bundles.manager.DagBundlesManager"}
{"timestamp":"2025-07-03T20:03:10.896653","level":"info","event":"Filling up the DagBag from /opt/airflow/dags/weather_etl_dag.py","logger":"airflow.models.dagbag.DagBag"}
{"timestamp":"2025-07-03T20:03:11.394973Z","level":"info","event":"INFO: Starting transform/load to warehouse...","chan":"stdout","logger":"task"}
{"timestamp":"2025-07-03T20:03:11.395123Z","level":"info","event":"INFO: Starting ETL process...","chan":"stdout","logger":"task"}
{"timestamp":"2025-07-03T20:03:11.395212Z","level":"info","event":"INFO: Attempting to establish database connections...","chan":"stdout","logger":"task"}
{"timestamp":"2025-07-03T20:03:13.244214Z","level":"info","event":"Database connection to 'meteo' established successfully.","chan":"stdout","logger":"task"}
{"timestamp":"2025-07-03T20:03:15.549922Z","level":"info","event":"Database connection to 'meteo_warehouse' established successfully.","chan":"stdout","logger":"task"}
{"timestamp":"2025-07-03T20:03:15.550210Z","level":"info","event":"SUCCESS: PyMySQL connections established.","chan":"stdout","logger":"task"}
{"timestamp":"2025-07-03T20:03:20.964986Z","level":"info","event":"SUCCESS: SQLAlchemy engine for target database created and tested.","chan":"stdout","logger":"task"}
{"timestamp":"2025-07-03T20:03:20.965183Z","level":"info","event":"","chan":"stdout","logger":"task"}
{"timestamp":"2025-07-03T20:03:20.965326Z","level":"info","event":"INFO: Beginning data extraction from source database.","chan":"stdout","logger":"task"}
{"timestamp":"2025-07-03T20:03:21.268205Z","level":"info","event":"INFO: Extracted 20 rows from query.","chan":"stdout","logger":"task"}
{"timestamp":"2025-07-03T20:03:21.567628Z","level":"info","event":"INFO: Extracted 6 rows from query.","chan":"stdout","logger":"task"}
{"timestamp":"2025-07-03T20:03:21.970231Z","level":"info","event":"INFO: Extracted 21 rows from query.","chan":"stdout","logger":"task"}
{"timestamp":"2025-07-03T20:03:21.970431Z","level":"info","event":"SUCCESS: All necessary data extracted from source tables.","chan":"stdout","logger":"task"}
{"timestamp":"2025-07-03T20:03:21.970529Z","level":"info","event":"","chan":"stdout","logger":"task"}
{"timestamp":"2025-07-03T20:03:21.970603Z","level":"info","event":"INFO: Beginning data transformation for dimension tables.","chan":"stdout","logger":"task"}
{"timestamp":"2025-07-03T20:03:21.970673Z","level":"info","event":"INFO: Transforming data for DimLieux...","chan":"stdout","logger":"task"}
{"timestamp":"2025-07-03T20:03:21.972859Z","level":"info","event":"SUCCESS: Transformed 20 unique locations for DimLieux.","chan":"stdout","logger":"task"}
{"timestamp":"2025-07-03T20:03:21.973010Z","level":"info","event":"INFO: Transforming data for DimConditionsMeteo...","chan":"stdout","logger":"task"}
{"timestamp":"2025-07-03T20:03:21.974180Z","level":"info","event":"SUCCESS: Transformed 6 unique conditions for DimConditionsMeteo.","chan":"stdout","logger":"task"}
{"timestamp":"2025-07-03T20:03:21.974323Z","level":"info","event":"INFO: Transforming data for DimTemps...","chan":"stdout","logger":"task"}
{"timestamp":"2025-07-03T20:03:21.979827Z","level":"info","event":"SUCCESS: Transformed 7 unique time entries for DimTemps.","chan":"stdout","logger":"task"}
{"timestamp":"2025-07-03T20:03:21.979986Z","level":"info","event":"","chan":"stdout","logger":"task"}
{"timestamp":"2025-07-03T20:03:21.980072Z","level":"info","event":"INFO: Preparing data for FaitDonneesMeteo (Fact Table).","chan":"stdout","logger":"task"}
{"timestamp":"2025-07-03T20:03:21.982739Z","level":"info","event":"","chan":"stdout","logger":"task"}
{"timestamp":"2025-07-03T20:03:21.982884Z","level":"info","event":"INFO: Loading dimension data into target database.","chan":"stdout","logger":"task"}
{"timestamp":"2025-07-03T20:03:23.479028Z","level":"info","event":"ERROR: Error loading data into DimLieux: (pymysql.err.IntegrityError) (1062, \"Duplicate entry 'Dakar' for key 'DimLieux.nom_ville'\")","chan":"stdout","logger":"task"}
{"timestamp":"2025-07-03T20:03:23.479245Z","level":"info","event":"[SQL: INSERT INTO \"DimLieux\" (nom_ville, region, pays) VALUES (%(nom_ville)s, %(region)s, %(pays)s)]","chan":"stdout","logger":"task"}
{"timestamp":"2025-07-03T20:03:23.479398Z","level":"info","event":"[parameters: ({'nom_ville': 'Abidjan', 'region': 'Lagunes', 'pays': \"Cote d'Ivoire\"}, {'nom_ville': 'Bafata', 'region': 'Bafata', 'pays': 'Guinea-Bissau'}, {'nom_ville': 'Bamako', 'region': 'Bamako', 'pays': 'Mali'}, {'nom_ville': 'Bissau', 'region': 'Bissau', 'pays': 'Guinea-Bissau'}, {'nom_ville': 'Bobo Dioulasso', 'region': 'Houet', 'pays': 'Burkina Faso'}, {'nom_ville': 'Bolama', 'region': 'Bolama', 'pays': 'Guinea-Bissau'}, {'nom_ville': 'Bouake', 'region': 'Marahoue', 'pays': \"Cote d'Ivoire\"}, {'nom_ville': 'Dakar', 'region': 'Dakar', 'pays': 'Senegal'}  ... displaying 10 of 20 total bound parameter sets ...  {'nom_ville': 'Yamoussoukro', 'region': \"N'zi-Comoe\", 'pays': \"Cote d'Ivoire\"}, {'nom_ville': 'Zinder', 'region': 'Zinder', 'pays': 'Niger'})]","chan":"stdout","logger":"task"}
{"timestamp":"2025-07-03T20:03:23.479531Z","level":"info","event":"(Background on this error at: https://sqlalche.me/e/14/gkpj)","chan":"stdout","logger":"task"}
{"timestamp":"2025-07-03T20:03:25.175998Z","level":"info","event":"ERROR: Error loading data into DimConditionsMeteo: (pymysql.err.IntegrityError) (1062, \"Duplicate entry 'Clear' for key 'DimConditionsMeteo.texte_condition'\")","chan":"stdout","logger":"task"}
{"timestamp":"2025-07-03T20:03:25.176214Z","level":"info","event":"[SQL: INSERT INTO \"DimConditionsMeteo\" (code_condition, texte_condition) VALUES (%(code_condition)s, %(texte_condition)s)]","chan":"stdout","logger":"task"}
{"timestamp":"2025-07-03T20:03:25.176384Z","level":"info","event":"[parameters: ({'code_condition': 1000, 'texte_condition': 'Clear'}, {'code_condition': 1240, 'texte_condition': 'Light rain shower'}, {'code_condition': 1003, 'texte_condition': 'Partly cloudy'}, {'code_condition': 1150, 'texte_condition': 'Patchy light drizzle'}, {'code_condition': 1273, 'texte_condition': 'Patchy light rain with thunder'}, {'code_condition': 1063, 'texte_condition': 'Patchy rain nearby'})]","chan":"stdout","logger":"task"}
{"timestamp":"2025-07-03T20:03:25.176543Z","level":"info","event":"(Background on this error at: https://sqlalche.me/e/14/gkpj)","chan":"stdout","logger":"task"}
{"timestamp":"2025-07-03T20:03:27.380650Z","level":"info","event":"SUCCESS: Loaded 7 rows into DimTemps.","chan":"stdout","logger":"task"}
{"timestamp":"2025-07-03T20:03:27.380929Z","level":"info","event":"SUCCESS: Dimension tables loaded.","chan":"stdout","logger":"task"}
{"timestamp":"2025-07-03T20:03:27.381142Z","level":"info","event":"INFO: Reading back surrogate keys from target dimension tables.","chan":"stdout","logger":"task"}
{"timestamp":"2025-07-03T20:03:27.987807Z","level":"info","event":"INFO: Extracted 12 rows from query.","chan":"stdout","logger":"task"}
{"timestamp":"2025-07-03T20:03:28.686980Z","level":"info","event":"INFO: Extracted 20 rows from query.","chan":"stdout","logger":"task"}
{"timestamp":"2025-07-03T20:03:29.622526Z","level":"info","event":"INFO: Extracted 2867 rows from query.","chan":"stdout","logger":"task"}
{"timestamp":"2025-07-03T20:03:29.622849Z","level":"info","event":"SUCCESS: Surrogate keys retrieved.","chan":"stdout","logger":"task"}
{"timestamp":"2025-07-03T20:03:29.625695Z","level":"info","event":"INFO: Joining fact data with dimension surrogate keys.","chan":"stdout","logger":"task"}
{"timestamp":"2025-07-03T20:03:29.626171Z","level":"info","event":"INFO: Merging with DimLieux to get id_dim_lieu_fk...","chan":"stdout","logger":"task"}
{"timestamp":"2025-07-03T20:03:29.632144Z","level":"info","event":"WARNING: 9 records in FaitDonneesMeteo could not find a matching DimLieux entry. Check data consistency.","chan":"stdout","logger":"task"}
{"timestamp":"2025-07-03T20:03:29.633237Z","level":"info","event":"INFO: After DimLieux merge. Records with id_dim_lieu: 12/21.","chan":"stdout","logger":"task"}
{"timestamp":"2025-07-03T20:03:29.633456Z","level":"info","event":"INFO: Merging with DimConditionsMeteo to get id_dim_condition_fk...","chan":"stdout","logger":"task"}
{"timestamp":"2025-07-03T20:03:29.638134Z","level":"info","event":"WARNING: 6 records in FaitDonneesMeteo could not find a matching DimConditionsMeteo entry. Check data consistency.","chan":"stdout","logger":"task"}
{"timestamp":"2025-07-03T20:03:29.639168Z","level":"info","event":"INFO: After DimConditionsMeteo merge. Records with id_dim_condition: 15/21.","chan":"stdout","logger":"task"}
{"timestamp":"2025-07-03T20:03:29.639357Z","level":"info","event":"INFO: Merging with DimTemps to get id_dim_temps_fk...","chan":"stdout","logger":"task"}
{"timestamp":"2025-07-03T20:03:29.644110Z","level":"info","event":"INFO: After DimTemps merge. Records with id_dim_temps: 55/55.","chan":"stdout","logger":"task"}
{"timestamp":"2025-07-03T20:03:29.646232Z","level":"info","event":"WARNING: Dropped 35 rows from final fact table due to NULL foreign keys.","chan":"stdout","logger":"task"}
{"timestamp":"2025-07-03T20:03:29.646437Z","level":"info","event":"         Consider adjusting merge logic or source data to prevent missing dimension matches.","chan":"stdout","logger":"task"}
{"timestamp":"2025-07-03T20:03:29.646589Z","level":"info","event":"SUCCESS: Transformed 20 rows for FaitDonneesMeteo (after final FK check).","chan":"stdout","logger":"task"}
{"timestamp":"2025-07-03T20:03:29.646723Z","level":"info","event":"","chan":"stdout","logger":"task"}
{"timestamp":"2025-07-03T20:03:29.646859Z","level":"info","event":"INFO: Loading fact data into target database.","chan":"stdout","logger":"task"}
{"timestamp":"2025-07-03T20:03:31.693820Z","level":"info","event":"SUCCESS: Loaded 20 rows into FaitDonneesMeteo.","chan":"stdout","logger":"task"}
{"timestamp":"2025-07-03T20:03:31.694129Z","level":"info","event":"SUCCESS: Fact table loaded.","chan":"stdout","logger":"task"}
{"timestamp":"2025-07-03T20:03:31.694430Z","level":"info","event":"","chan":"stdout","logger":"task"}
{"timestamp":"2025-07-03T20:03:31.694612Z","level":"info","event":"SUCCESS: ETL process completed successfully!","chan":"stdout","logger":"task"}
{"timestamp":"2025-07-03T20:03:31.694751Z","level":"info","event":"INFO: Attempting to close database connections and dispose of engines.","chan":"stdout","logger":"task"}
{"timestamp":"2025-07-03T20:03:31.694976Z","level":"info","event":"INFO: Source database connection closed.","chan":"stdout","logger":"task"}
{"timestamp":"2025-07-03T20:03:31.695111Z","level":"info","event":"INFO: Target database (pymysql) connection closed.","chan":"stdout","logger":"task"}
{"timestamp":"2025-07-03T20:03:31.695230Z","level":"info","event":"INFO: Target database SQLAlchemy engine disposed.","chan":"stdout","logger":"task"}
{"timestamp":"2025-07-03T20:03:31.695351Z","level":"info","event":"SUCCESS: All database connections and engines handled.","chan":"stdout","logger":"task"}
{"timestamp":"2025-07-03T20:03:33.498962Z","level":"info","event":"Database connection to 'meteo' established successfully.","chan":"stdout","logger":"task"}
{"timestamp":"2025-07-03T20:03:34.401519Z","level":"info","event":"INFO: Logged ETL process 'transfer_data_to_warehouse' with status 'success'.","chan":"stdout","logger":"task"}
{"timestamp":"2025-07-03T20:03:34.401975Z","level":"info","event":"INFO: Transform/load done.","chan":"stdout","logger":"task"}
{"timestamp":"2025-07-03T20:03:34.402603","level":"info","event":"Done. Returned value was: None","logger":"airflow.task.operators.airflow.providers.standard.operators.python.PythonOperator"}
