{"timestamp":"2025-07-02T21:00:15.197198","level":"info","event":"DAG bundles loaded: dags-folder","logger":"airflow.dag_processing.bundles.manager.DagBundlesManager"}
{"timestamp":"2025-07-02T21:00:15.198359","level":"info","event":"Filling up the DagBag from /opt/airflow/dags/weather_etl_dag.py","logger":"airflow.models.dagbag.DagBag"}
{"timestamp":"2025-07-02T21:00:15.811159Z","level":"info","event":"INFO: Starting extraction/loading...","chan":"stdout","logger":"task"}
{"timestamp":"2025-07-02T21:00:21.594946Z","level":"info","event":"Database connection to 'meteo' established successfully.","chan":"stdout","logger":"task"}
{"timestamp":"2025-07-02T21:00:21.595202Z","level":"info","event":"Fetching weather for Africa/Porto-Novo...","chan":"stdout","logger":"task"}
{"timestamp":"2025-07-02T21:00:22.402779Z","level":"info","event":"INFO: Inserting location 'Porto Novo' into the database...","chan":"stdout","logger":"task"}
{"timestamp":"2025-07-02T21:00:24.402408Z","level":"info","event":"SUCCESS: Location 'Porto Novo' inserted with ID 1.","chan":"stdout","logger":"task"}
{"timestamp":"2025-07-02T21:00:24.402882Z","level":"info","event":"INFO: Processing current weather data for location ID 1...","chan":"stdout","logger":"task"}
{"timestamp":"2025-07-02T21:00:24.403149Z","level":"info","event":"INFO: Inserting condition 'Clear' with code 1000...","chan":"stdout","logger":"task"}
{"timestamp":"2025-07-02T21:00:25.214986Z","level":"info","event":"SUCCESS: Condition 'Clear' inserted or updated successfully.","chan":"stdout","logger":"task"}
{"timestamp":"2025-07-02T21:00:26.021476Z","level":"info","event":"SUCCESS: Current weather data for location ID 1 inserted successfully.","chan":"stdout","logger":"task"}
{"timestamp":"2025-07-02T21:00:26.609191Z","level":"info","event":"SUCCESS: Weather data for Africa/Porto-Novo committed.","chan":"stdout","logger":"task"}
{"timestamp":"2025-07-02T21:00:28.620488Z","level":"info","event":"Database connection to 'meteo' established successfully.","chan":"stdout","logger":"task"}
{"timestamp":"2025-07-02T21:00:29.726088Z","level":"info","event":"INFO: Logged ETL process 'process_city_data' with status 'success'.","chan":"stdout","logger":"task"}
{"timestamp":"2025-07-02T21:00:29.726485Z","level":"info","event":"INFO: Finished processing Africa/Porto-Novo.","chan":"stdout","logger":"task"}
{"timestamp":"2025-07-02T21:00:32.844952Z","level":"info","event":"Database connection to 'meteo' established successfully.","chan":"stdout","logger":"task"}
{"timestamp":"2025-07-02T21:00:32.845193Z","level":"info","event":"Fetching weather for Africa/Bafata...","chan":"stdout","logger":"task"}
{"timestamp":"2025-07-02T21:00:33.234678Z","level":"info","event":"INFO: Inserting location 'Bafata' into the database...","chan":"stdout","logger":"task"}
{"timestamp":"2025-07-02T21:00:35.237137Z","level":"info","event":"SUCCESS: Location 'Bafata' inserted with ID 2.","chan":"stdout","logger":"task"}
{"timestamp":"2025-07-02T21:00:35.237336Z","level":"info","event":"INFO: Processing current weather data for location ID 2...","chan":"stdout","logger":"task"}
{"timestamp":"2025-07-02T21:00:35.237532Z","level":"info","event":"INFO: Inserting condition 'Light rain shower' with code 1240...","chan":"stdout","logger":"task"}
{"timestamp":"2025-07-02T21:00:36.035817Z","level":"info","event":"SUCCESS: Condition 'Light rain shower' inserted or updated successfully.","chan":"stdout","logger":"task"}
{"timestamp":"2025-07-02T21:00:36.853262Z","level":"info","event":"SUCCESS: Current weather data for location ID 2 inserted successfully.","chan":"stdout","logger":"task"}
{"timestamp":"2025-07-02T21:00:37.240186Z","level":"info","event":"SUCCESS: Weather data for Africa/Bafata committed.","chan":"stdout","logger":"task"}
{"timestamp":"2025-07-02T21:00:39.246106Z","level":"info","event":"Database connection to 'meteo' established successfully.","chan":"stdout","logger":"task"}
{"timestamp":"2025-07-02T21:00:40.054387Z","level":"info","event":"INFO: Logged ETL process 'process_city_data' with status 'success'.","chan":"stdout","logger":"task"}
{"timestamp":"2025-07-02T21:00:40.054817Z","level":"info","event":"INFO: Finished processing Africa/Bafata.","chan":"stdout","logger":"task"}
{"timestamp":"2025-07-02T21:00:42.755162Z","level":"info","event":"Database connection to 'meteo' established successfully.","chan":"stdout","logger":"task"}
{"timestamp":"2025-07-02T21:00:42.755494Z","level":"info","event":"Fetching weather for Africa/Ouagadougou...","chan":"stdout","logger":"task"}
{"timestamp":"2025-07-02T21:00:43.262348Z","level":"info","event":"INFO: Inserting location 'Ouagadougou' into the database...","chan":"stdout","logger":"task"}
{"timestamp":"2025-07-02T21:00:44.171620Z","level":"info","event":"SUCCESS: Location 'Ouagadougou' inserted with ID 3.","chan":"stdout","logger":"task"}
{"timestamp":"2025-07-02T21:00:44.171850Z","level":"info","event":"INFO: Processing current weather data for location ID 3...","chan":"stdout","logger":"task"}
{"timestamp":"2025-07-02T21:00:44.172099Z","level":"info","event":"INFO: Inserting condition 'Patchy light rain with thunder' with code 1273...","chan":"stdout","logger":"task"}
{"timestamp":"2025-07-02T21:00:44.970121Z","level":"info","event":"SUCCESS: Condition 'Patchy light rain with thunder' inserted or updated successfully.","chan":"stdout","logger":"task"}
{"timestamp":"2025-07-02T21:00:45.769750Z","level":"info","event":"SUCCESS: Current weather data for location ID 3 inserted successfully.","chan":"stdout","logger":"task"}
{"timestamp":"2025-07-02T21:00:46.176457Z","level":"info","event":"SUCCESS: Weather data for Africa/Ouagadougou committed.","chan":"stdout","logger":"task"}
{"timestamp":"2025-07-02T21:00:48.370165Z","level":"info","event":"Database connection to 'meteo' established successfully.","chan":"stdout","logger":"task"}
{"timestamp":"2025-07-02T21:00:49.376677Z","level":"info","event":"INFO: Logged ETL process 'process_city_data' with status 'success'.","chan":"stdout","logger":"task"}
{"timestamp":"2025-07-02T21:00:49.377001Z","level":"info","event":"INFO: Finished processing Africa/Ouagadougou.","chan":"stdout","logger":"task"}
{"timestamp":"2025-07-02T21:00:52.389839Z","level":"info","event":"Database connection to 'meteo' established successfully.","chan":"stdout","logger":"task"}
{"timestamp":"2025-07-02T21:00:52.390067Z","level":"info","event":"Fetching weather for Africa/Bobo-Dioulasso...","chan":"stdout","logger":"task"}
{"timestamp":"2025-07-02T21:00:52.893591Z","level":"info","event":"INFO: Inserting location 'Bobo Dioulasso' into the database...","chan":"stdout","logger":"task"}
{"timestamp":"2025-07-02T21:00:53.691867Z","level":"info","event":"SUCCESS: Location 'Bobo Dioulasso' inserted with ID 4.","chan":"stdout","logger":"task"}
{"timestamp":"2025-07-02T21:00:53.692081Z","level":"info","event":"INFO: Processing current weather data for location ID 4...","chan":"stdout","logger":"task"}
{"timestamp":"2025-07-02T21:00:53.692234Z","level":"info","event":"INFO: Inserting condition 'Clear' with code 1000...","chan":"stdout","logger":"task"}
{"timestamp":"2025-07-02T21:00:54.701834Z","level":"info","event":"SUCCESS: Condition 'Clear' inserted or updated successfully.","chan":"stdout","logger":"task"}
{"timestamp":"2025-07-02T21:00:55.492020Z","level":"info","event":"SUCCESS: Current weather data for location ID 4 inserted successfully.","chan":"stdout","logger":"task"}
{"timestamp":"2025-07-02T21:00:55.996033Z","level":"info","event":"SUCCESS: Weather data for Africa/Bobo-Dioulasso committed.","chan":"stdout","logger":"task"}
{"timestamp":"2025-07-02T21:00:59.219410Z","level":"info","event":"Database connection to 'meteo' established successfully.","chan":"stdout","logger":"task"}
{"timestamp":"2025-07-02T21:01:01.109960Z","level":"info","event":"INFO: Logged ETL process 'process_city_data' with status 'success'.","chan":"stdout","logger":"task"}
{"timestamp":"2025-07-02T21:01:01.110284Z","level":"info","event":"INFO: Finished processing Africa/Bobo-Dioulasso.","chan":"stdout","logger":"task"}
{"timestamp":"2025-07-02T21:01:04.017687Z","level":"info","event":"Database connection to 'meteo' established successfully.","chan":"stdout","logger":"task"}
{"timestamp":"2025-07-02T21:01:04.017925Z","level":"info","event":"Fetching weather for Africa/Abidjan...","chan":"stdout","logger":"task"}
{"timestamp":"2025-07-02T21:01:04.624967Z","level":"info","event":"INFO: Inserting location 'Abidjan' into the database...","chan":"stdout","logger":"task"}
{"timestamp":"2025-07-02T21:01:05.523799Z","level":"info","event":"SUCCESS: Location 'Abidjan' inserted with ID 5.","chan":"stdout","logger":"task"}
{"timestamp":"2025-07-02T21:01:05.524056Z","level":"info","event":"INFO: Processing current weather data for location ID 5...","chan":"stdout","logger":"task"}
{"timestamp":"2025-07-02T21:01:05.524245Z","level":"info","event":"INFO: Inserting condition 'Clear' with code 1000...","chan":"stdout","logger":"task"}
{"timestamp":"2025-07-02T21:01:06.527570Z","level":"info","event":"SUCCESS: Condition 'Clear' inserted or updated successfully.","chan":"stdout","logger":"task"}
{"timestamp":"2025-07-02T21:01:07.432243Z","level":"info","event":"SUCCESS: Current weather data for location ID 5 inserted successfully.","chan":"stdout","logger":"task"}
{"timestamp":"2025-07-02T21:01:07.825369Z","level":"info","event":"SUCCESS: Weather data for Africa/Abidjan committed.","chan":"stdout","logger":"task"}
{"timestamp":"2025-07-02T21:01:09.932890Z","level":"info","event":"Database connection to 'meteo' established successfully.","chan":"stdout","logger":"task"}
{"timestamp":"2025-07-02T21:01:10.836635Z","level":"info","event":"INFO: Logged ETL process 'process_city_data' with status 'success'.","chan":"stdout","logger":"task"}
{"timestamp":"2025-07-02T21:01:10.837027Z","level":"info","event":"INFO: Finished processing Africa/Abidjan.","chan":"stdout","logger":"task"}
{"timestamp":"2025-07-02T21:01:13.248634Z","level":"info","event":"Database connection to 'meteo' established successfully.","chan":"stdout","logger":"task"}
{"timestamp":"2025-07-02T21:01:13.248832Z","level":"info","event":"Fetching weather for Africa/Yamoussoukro...","chan":"stdout","logger":"task"}
{"timestamp":"2025-07-02T21:01:13.652429Z","level":"info","event":"INFO: Inserting location 'Yamoussoukro' into the database...","chan":"stdout","logger":"task"}
{"timestamp":"2025-07-02T21:01:14.444639Z","level":"info","event":"SUCCESS: Location 'Yamoussoukro' inserted with ID 6.","chan":"stdout","logger":"task"}
{"timestamp":"2025-07-02T21:01:14.444855Z","level":"info","event":"INFO: Processing current weather data for location ID 6...","chan":"stdout","logger":"task"}
{"timestamp":"2025-07-02T21:01:14.444996Z","level":"info","event":"INFO: Inserting condition 'Partly Cloudy' with code 1003...","chan":"stdout","logger":"task"}
{"timestamp":"2025-07-02T21:01:15.351485Z","level":"info","event":"SUCCESS: Condition 'Partly Cloudy' inserted or updated successfully.","chan":"stdout","logger":"task"}
{"timestamp":"2025-07-02T21:01:16.271523Z","level":"info","event":"SUCCESS: Current weather data for location ID 6 inserted successfully.","chan":"stdout","logger":"task"}
{"timestamp":"2025-07-02T21:01:16.653193Z","level":"info","event":"SUCCESS: Weather data for Africa/Yamoussoukro committed.","chan":"stdout","logger":"task"}
{"timestamp":"2025-07-02T21:01:18.656973Z","level":"info","event":"Database connection to 'meteo' established successfully.","chan":"stdout","logger":"task"}
{"timestamp":"2025-07-02T21:01:19.360180Z","level":"info","event":"INFO: Logged ETL process 'process_city_data' with status 'success'.","chan":"stdout","logger":"task"}
{"timestamp":"2025-07-02T21:01:19.360558Z","level":"info","event":"INFO: Finished processing Africa/Yamoussoukro.","chan":"stdout","logger":"task"}
{"timestamp":"2025-07-02T21:01:23.072318Z","level":"info","event":"Database connection to 'meteo' established successfully.","chan":"stdout","logger":"task"}
{"timestamp":"2025-07-02T21:01:23.072565Z","level":"info","event":"Fetching weather for Africa/Bouake...","chan":"stdout","logger":"task"}
{"timestamp":"2025-07-02T21:01:23.672532Z","level":"info","event":"INFO: Inserting location 'Bouake' into the database...","chan":"stdout","logger":"task"}
{"timestamp":"2025-07-02T21:01:24.473917Z","level":"info","event":"SUCCESS: Location 'Bouake' inserted with ID 7.","chan":"stdout","logger":"task"}
{"timestamp":"2025-07-02T21:01:24.474143Z","level":"info","event":"INFO: Processing current weather data for location ID 7...","chan":"stdout","logger":"task"}
{"timestamp":"2025-07-02T21:01:24.474316Z","level":"info","event":"INFO: Inserting condition 'Mist' with code 1030...","chan":"stdout","logger":"task"}
{"timestamp":"2025-07-02T21:01:25.299687Z","level":"info","event":"SUCCESS: Condition 'Mist' inserted or updated successfully.","chan":"stdout","logger":"task"}
{"timestamp":"2025-07-02T21:01:26.184732Z","level":"info","event":"SUCCESS: Current weather data for location ID 7 inserted successfully.","chan":"stdout","logger":"task"}
{"timestamp":"2025-07-02T21:01:26.582853Z","level":"info","event":"SUCCESS: Weather data for Africa/Bouake committed.","chan":"stdout","logger":"task"}
{"timestamp":"2025-07-02T21:01:28.994524Z","level":"info","event":"Database connection to 'meteo' established successfully.","chan":"stdout","logger":"task"}
{"timestamp":"2025-07-02T21:01:29.991268Z","level":"info","event":"INFO: Logged ETL process 'process_city_data' with status 'success'.","chan":"stdout","logger":"task"}
{"timestamp":"2025-07-02T21:01:29.991584Z","level":"info","event":"INFO: Finished processing Africa/Bouake.","chan":"stdout","logger":"task"}
{"timestamp":"2025-07-02T21:01:32.602317Z","level":"info","event":"Database connection to 'meteo' established successfully.","chan":"stdout","logger":"task"}
{"timestamp":"2025-07-02T21:01:32.602543Z","level":"info","event":"Fetching weather for Africa/Bissau...","chan":"stdout","logger":"task"}
{"timestamp":"2025-07-02T21:01:33.102984Z","level":"info","event":"INFO: Inserting location 'Bissau' into the database...","chan":"stdout","logger":"task"}
{"timestamp":"2025-07-02T21:01:34.011730Z","level":"info","event":"SUCCESS: Location 'Bissau' inserted with ID 8.","chan":"stdout","logger":"task"}
{"timestamp":"2025-07-02T21:01:34.011947Z","level":"info","event":"INFO: Processing current weather data for location ID 8...","chan":"stdout","logger":"task"}
{"timestamp":"2025-07-02T21:01:34.012109Z","level":"info","event":"INFO: Inserting condition 'Partly cloudy' with code 1003...","chan":"stdout","logger":"task"}
{"timestamp":"2025-07-02T21:01:34.806228Z","level":"info","event":"SUCCESS: Condition 'Partly cloudy' inserted or updated successfully.","chan":"stdout","logger":"task"}
{"timestamp":"2025-07-02T21:01:35.603157Z","level":"info","event":"SUCCESS: Current weather data for location ID 8 inserted successfully.","chan":"stdout","logger":"task"}
{"timestamp":"2025-07-02T21:01:35.918512Z","level":"info","event":"SUCCESS: Weather data for Africa/Bissau committed.","chan":"stdout","logger":"task"}
{"timestamp":"2025-07-02T21:01:39.112942Z","level":"info","event":"Database connection to 'meteo' established successfully.","chan":"stdout","logger":"task"}
{"timestamp":"2025-07-02T21:01:39.926446Z","level":"info","event":"INFO: Logged ETL process 'process_city_data' with status 'success'.","chan":"stdout","logger":"task"}
{"timestamp":"2025-07-02T21:01:39.926752Z","level":"info","event":"INFO: Finished processing Africa/Bissau.","chan":"stdout","logger":"task"}
{"timestamp":"2025-07-02T21:01:43.427996Z","level":"info","event":"Database connection to 'meteo' established successfully.","chan":"stdout","logger":"task"}
{"timestamp":"2025-07-02T21:01:43.428201Z","level":"info","event":"Fetching weather for Africa/Gabu...","chan":"stdout","logger":"task"}
{"timestamp":"2025-07-02T21:01:44.033647Z","level":"info","event":"INFO: Inserting location 'Gabu' into the database...","chan":"stdout","logger":"task"}
{"timestamp":"2025-07-02T21:01:45.734757Z","level":"info","event":"SUCCESS: Location 'Gabu' inserted with ID 9.","chan":"stdout","logger":"task"}
{"timestamp":"2025-07-02T21:01:45.734954Z","level":"info","event":"INFO: Processing current weather data for location ID 9...","chan":"stdout","logger":"task"}
{"timestamp":"2025-07-02T21:01:45.735106Z","level":"info","event":"INFO: Inserting condition 'Light rain shower' with code 1240...","chan":"stdout","logger":"task"}
{"timestamp":"2025-07-02T21:01:46.637187Z","level":"info","event":"SUCCESS: Condition 'Light rain shower' inserted or updated successfully.","chan":"stdout","logger":"task"}
{"timestamp":"2025-07-02T21:01:47.452187Z","level":"info","event":"SUCCESS: Current weather data for location ID 9 inserted successfully.","chan":"stdout","logger":"task"}
{"timestamp":"2025-07-02T21:01:47.838135Z","level":"info","event":"SUCCESS: Weather data for Africa/Gabu committed.","chan":"stdout","logger":"task"}
{"timestamp":"2025-07-02T21:01:52.752684Z","level":"info","event":"Database connection to 'meteo' established successfully.","chan":"stdout","logger":"task"}
{"timestamp":"2025-07-02T21:01:53.561616Z","level":"info","event":"INFO: Logged ETL process 'process_city_data' with status 'success'.","chan":"stdout","logger":"task"}
{"timestamp":"2025-07-02T21:01:53.561910Z","level":"info","event":"INFO: Finished processing Africa/Gabu.","chan":"stdout","logger":"task"}
{"timestamp":"2025-07-02T21:01:57.463284Z","level":"info","event":"Database connection to 'meteo' established successfully.","chan":"stdout","logger":"task"}
{"timestamp":"2025-07-02T21:01:57.463547Z","level":"info","event":"Fetching weather for Africa/Bolama...","chan":"stdout","logger":"task"}
{"timestamp":"2025-07-02T21:01:58.868770Z","level":"info","event":"INFO: Inserting location 'Bolama' into the database...","chan":"stdout","logger":"task"}
{"timestamp":"2025-07-02T21:01:59.571070Z","level":"info","event":"SUCCESS: Location 'Bolama' inserted with ID 10.","chan":"stdout","logger":"task"}
{"timestamp":"2025-07-02T21:01:59.571269Z","level":"info","event":"INFO: Processing current weather data for location ID 10...","chan":"stdout","logger":"task"}
{"timestamp":"2025-07-02T21:01:59.571476Z","level":"info","event":"INFO: Inserting condition 'Partly cloudy' with code 1003...","chan":"stdout","logger":"task"}
{"timestamp":"2025-07-02T21:02:00.276577Z","level":"info","event":"SUCCESS: Condition 'Partly cloudy' inserted or updated successfully.","chan":"stdout","logger":"task"}
{"timestamp":"2025-07-02T21:02:01.072219Z","level":"info","event":"SUCCESS: Current weather data for location ID 10 inserted successfully.","chan":"stdout","logger":"task"}
{"timestamp":"2025-07-02T21:02:01.475747Z","level":"info","event":"SUCCESS: Weather data for Africa/Bolama committed.","chan":"stdout","logger":"task"}
{"timestamp":"2025-07-02T21:02:03.690403Z","level":"info","event":"Database connection to 'meteo' established successfully.","chan":"stdout","logger":"task"}
{"timestamp":"2025-07-02T21:02:04.493689Z","level":"info","event":"INFO: Logged ETL process 'process_city_data' with status 'success'.","chan":"stdout","logger":"task"}
{"timestamp":"2025-07-02T21:02:04.515762Z","level":"info","event":"INFO: Finished processing Africa/Bolama.","chan":"stdout","logger":"task"}
{"timestamp":"2025-07-02T21:02:08.212971Z","level":"info","event":"Database connection to 'meteo' established successfully.","chan":"stdout","logger":"task"}
{"timestamp":"2025-07-02T21:02:08.213182Z","level":"info","event":"Fetching weather for Africa/Bamako...","chan":"stdout","logger":"task"}
{"timestamp":"2025-07-02T21:02:08.798516Z","level":"info","event":"INFO: Inserting location 'Bamako' into the database...","chan":"stdout","logger":"task"}
{"timestamp":"2025-07-02T21:02:09.601523Z","level":"info","event":"SUCCESS: Location 'Bamako' inserted with ID 11.","chan":"stdout","logger":"task"}
{"timestamp":"2025-07-02T21:02:09.601756Z","level":"info","event":"INFO: Processing current weather data for location ID 11...","chan":"stdout","logger":"task"}
{"timestamp":"2025-07-02T21:02:09.601914Z","level":"info","event":"INFO: Inserting condition 'Patchy rain nearby' with code 1063...","chan":"stdout","logger":"task"}
{"timestamp":"2025-07-02T21:02:10.221376Z","level":"info","event":"SUCCESS: Condition 'Patchy rain nearby' inserted or updated successfully.","chan":"stdout","logger":"task"}
{"timestamp":"2025-07-02T21:02:11.909228Z","level":"info","event":"SUCCESS: Current weather data for location ID 11 inserted successfully.","chan":"stdout","logger":"task"}
{"timestamp":"2025-07-02T21:02:12.316821Z","level":"info","event":"SUCCESS: Weather data for Africa/Bamako committed.","chan":"stdout","logger":"task"}
{"timestamp":"2025-07-02T21:02:16.317669Z","level":"info","event":"Database connection to 'meteo' established successfully.","chan":"stdout","logger":"task"}
{"timestamp":"2025-07-02T21:02:17.226962Z","level":"info","event":"INFO: Logged ETL process 'process_city_data' with status 'success'.","chan":"stdout","logger":"task"}
{"timestamp":"2025-07-02T21:02:17.227255Z","level":"info","event":"INFO: Finished processing Africa/Bamako.","chan":"stdout","logger":"task"}
{"timestamp":"2025-07-02T21:02:20.230015Z","level":"info","event":"Database connection to 'meteo' established successfully.","chan":"stdout","logger":"task"}
{"timestamp":"2025-07-02T21:02:20.230210Z","level":"info","event":"Fetching weather for Africa/Sikasso...","chan":"stdout","logger":"task"}
{"timestamp":"2025-07-02T21:02:20.929880Z","level":"info","event":"INFO: Inserting location 'Sikasso' into the database...","chan":"stdout","logger":"task"}
{"timestamp":"2025-07-02T21:02:21.732831Z","level":"info","event":"SUCCESS: Location 'Sikasso' inserted with ID 12.","chan":"stdout","logger":"task"}
{"timestamp":"2025-07-02T21:02:21.733042Z","level":"info","event":"INFO: Processing current weather data for location ID 12...","chan":"stdout","logger":"task"}
{"timestamp":"2025-07-02T21:02:21.733139Z","level":"info","event":"INFO: Inserting condition 'Patchy rain nearby' with code 1063...","chan":"stdout","logger":"task"}
{"timestamp":"2025-07-02T21:02:22.534462Z","level":"info","event":"SUCCESS: Condition 'Patchy rain nearby' inserted or updated successfully.","chan":"stdout","logger":"task"}
{"timestamp":"2025-07-02T21:02:23.339089Z","level":"info","event":"SUCCESS: Current weather data for location ID 12 inserted successfully.","chan":"stdout","logger":"task"}
{"timestamp":"2025-07-02T21:02:23.737813Z","level":"info","event":"SUCCESS: Weather data for Africa/Sikasso committed.","chan":"stdout","logger":"task"}
{"timestamp":"2025-07-02T21:02:27.146197Z","level":"info","event":"Database connection to 'meteo' established successfully.","chan":"stdout","logger":"task"}
{"timestamp":"2025-07-02T21:02:27.854112Z","level":"info","event":"INFO: Logged ETL process 'process_city_data' with status 'success'.","chan":"stdout","logger":"task"}
{"timestamp":"2025-07-02T21:02:27.854532Z","level":"info","event":"INFO: Finished processing Africa/Sikasso.","chan":"stdout","logger":"task"}
{"timestamp":"2025-07-02T21:02:30.858216Z","level":"info","event":"Database connection to 'meteo' established successfully.","chan":"stdout","logger":"task"}
{"timestamp":"2025-07-02T21:02:30.858484Z","level":"info","event":"Fetching weather for Africa/Segou...","chan":"stdout","logger":"task"}
{"timestamp":"2025-07-02T21:02:31.259464Z","level":"info","event":"INFO: Inserting location 'Segou' into the database...","chan":"stdout","logger":"task"}
{"timestamp":"2025-07-02T21:02:32.161420Z","level":"info","event":"SUCCESS: Location 'Segou' inserted with ID 13.","chan":"stdout","logger":"task"}
{"timestamp":"2025-07-02T21:02:32.161599Z","level":"info","event":"INFO: Processing current weather data for location ID 13...","chan":"stdout","logger":"task"}
{"timestamp":"2025-07-02T21:02:32.161686Z","level":"info","event":"INFO: Inserting condition 'Patchy rain nearby' with code 1063...","chan":"stdout","logger":"task"}
{"timestamp":"2025-07-02T21:02:33.262629Z","level":"info","event":"SUCCESS: Condition 'Patchy rain nearby' inserted or updated successfully.","chan":"stdout","logger":"task"}
{"timestamp":"2025-07-02T21:02:34.368062Z","level":"info","event":"SUCCESS: Current weather data for location ID 13 inserted successfully.","chan":"stdout","logger":"task"}
{"timestamp":"2025-07-02T21:02:34.775486Z","level":"info","event":"SUCCESS: Weather data for Africa/Segou committed.","chan":"stdout","logger":"task"}
{"timestamp":"2025-07-02T21:02:37.076520Z","level":"info","event":"Database connection to 'meteo' established successfully.","chan":"stdout","logger":"task"}
{"timestamp":"2025-07-02T21:02:37.785861Z","level":"info","event":"INFO: Logged ETL process 'process_city_data' with status 'success'.","chan":"stdout","logger":"task"}
{"timestamp":"2025-07-02T21:02:37.809375Z","level":"info","event":"INFO: Finished processing Africa/Segou.","chan":"stdout","logger":"task"}
{"timestamp":"2025-07-02T21:02:40.488724Z","level":"info","event":"Database connection to 'meteo' established successfully.","chan":"stdout","logger":"task"}
{"timestamp":"2025-07-02T21:02:40.488952Z","level":"info","event":"Fetching weather for Africa/Niamey...","chan":"stdout","logger":"task"}
{"timestamp":"2025-07-02T21:02:40.899414Z","level":"info","event":"INFO: Inserting location 'Niamey' into the database...","chan":"stdout","logger":"task"}
{"timestamp":"2025-07-02T21:02:41.693859Z","level":"info","event":"SUCCESS: Location 'Niamey' inserted with ID 14.","chan":"stdout","logger":"task"}
{"timestamp":"2025-07-02T21:02:41.694190Z","level":"info","event":"INFO: Processing current weather data for location ID 14...","chan":"stdout","logger":"task"}
{"timestamp":"2025-07-02T21:02:41.694491Z","level":"info","event":"INFO: Inserting condition 'Patchy rain nearby' with code 1063...","chan":"stdout","logger":"task"}
{"timestamp":"2025-07-02T21:02:42.690259Z","level":"info","event":"SUCCESS: Condition 'Patchy rain nearby' inserted or updated successfully.","chan":"stdout","logger":"task"}
{"timestamp":"2025-07-02T21:02:43.501936Z","level":"info","event":"SUCCESS: Current weather data for location ID 14 inserted successfully.","chan":"stdout","logger":"task"}
{"timestamp":"2025-07-02T21:02:43.893495Z","level":"info","event":"SUCCESS: Weather data for Africa/Niamey committed.","chan":"stdout","logger":"task"}
{"timestamp":"2025-07-02T21:02:46.198737Z","level":"info","event":"Database connection to 'meteo' established successfully.","chan":"stdout","logger":"task"}
{"timestamp":"2025-07-02T21:02:47.103042Z","level":"info","event":"INFO: Logged ETL process 'process_city_data' with status 'success'.","chan":"stdout","logger":"task"}
{"timestamp":"2025-07-02T21:02:47.103407Z","level":"info","event":"INFO: Finished processing Africa/Niamey.","chan":"stdout","logger":"task"}
{"timestamp":"2025-07-02T21:02:49.710240Z","level":"info","event":"Database connection to 'meteo' established successfully.","chan":"stdout","logger":"task"}
{"timestamp":"2025-07-02T21:02:49.710532Z","level":"info","event":"Fetching weather for Africa/Zinder...","chan":"stdout","logger":"task"}
{"timestamp":"2025-07-02T21:02:50.011759Z","level":"info","event":"INFO: Inserting location 'Zinder' into the database...","chan":"stdout","logger":"task"}
{"timestamp":"2025-07-02T21:02:50.812861Z","level":"info","event":"SUCCESS: Location 'Zinder' inserted with ID 15.","chan":"stdout","logger":"task"}
{"timestamp":"2025-07-02T21:02:50.813032Z","level":"info","event":"INFO: Processing current weather data for location ID 15...","chan":"stdout","logger":"task"}
{"timestamp":"2025-07-02T21:02:50.813201Z","level":"info","event":"INFO: Inserting condition 'Clear' with code 1000...","chan":"stdout","logger":"task"}
{"timestamp":"2025-07-02T21:02:51.615688Z","level":"info","event":"SUCCESS: Condition 'Clear' inserted or updated successfully.","chan":"stdout","logger":"task"}
{"timestamp":"2025-07-02T21:02:52.417614Z","level":"info","event":"SUCCESS: Current weather data for location ID 15 inserted successfully.","chan":"stdout","logger":"task"}
{"timestamp":"2025-07-02T21:02:52.818345Z","level":"info","event":"SUCCESS: Weather data for Africa/Zinder committed.","chan":"stdout","logger":"task"}
{"timestamp":"2025-07-02T21:02:55.025103Z","level":"info","event":"Database connection to 'meteo' established successfully.","chan":"stdout","logger":"task"}
{"timestamp":"2025-07-02T21:02:55.733671Z","level":"info","event":"INFO: Logged ETL process 'process_city_data' with status 'success'.","chan":"stdout","logger":"task"}
{"timestamp":"2025-07-02T21:02:55.733978Z","level":"info","event":"INFO: Finished processing Africa/Zinder.","chan":"stdout","logger":"task"}
{"timestamp":"2025-07-02T21:02:58.734985Z","level":"info","event":"Database connection to 'meteo' established successfully.","chan":"stdout","logger":"task"}
{"timestamp":"2025-07-02T21:02:58.735200Z","level":"info","event":"Fetching weather for Africa/Maradi...","chan":"stdout","logger":"task"}
{"timestamp":"2025-07-02T21:02:59.337783Z","level":"info","event":"INFO: Inserting location 'Maradi' into the database...","chan":"stdout","logger":"task"}
{"timestamp":"2025-07-02T21:03:00.138131Z","level":"info","event":"SUCCESS: Location 'Maradi' inserted with ID 16.","chan":"stdout","logger":"task"}
{"timestamp":"2025-07-02T21:03:00.138326Z","level":"info","event":"INFO: Processing current weather data for location ID 16...","chan":"stdout","logger":"task"}
{"timestamp":"2025-07-02T21:03:00.138514Z","level":"info","event":"INFO: Inserting condition 'Clear' with code 1000...","chan":"stdout","logger":"task"}
{"timestamp":"2025-07-02T21:03:00.946314Z","level":"info","event":"SUCCESS: Condition 'Clear' inserted or updated successfully.","chan":"stdout","logger":"task"}
{"timestamp":"2025-07-02T21:03:01.743173Z","level":"info","event":"SUCCESS: Current weather data for location ID 16 inserted successfully.","chan":"stdout","logger":"task"}
{"timestamp":"2025-07-02T21:03:02.250396Z","level":"info","event":"SUCCESS: Weather data for Africa/Maradi committed.","chan":"stdout","logger":"task"}
{"timestamp":"2025-07-02T21:03:04.651573Z","level":"info","event":"Database connection to 'meteo' established successfully.","chan":"stdout","logger":"task"}
{"timestamp":"2025-07-02T21:03:05.454743Z","level":"info","event":"INFO: Logged ETL process 'process_city_data' with status 'success'.","chan":"stdout","logger":"task"}
{"timestamp":"2025-07-02T21:03:05.475024Z","level":"info","event":"INFO: Finished processing Africa/Maradi.","chan":"stdout","logger":"task"}
{"timestamp":"2025-07-02T21:03:07.959968Z","level":"info","event":"Database connection to 'meteo' established successfully.","chan":"stdout","logger":"task"}
{"timestamp":"2025-07-02T21:03:07.960141Z","level":"info","event":"Fetching weather for Africa/Dakar...","chan":"stdout","logger":"task"}
{"timestamp":"2025-07-02T21:03:08.461229Z","level":"info","event":"INFO: Inserting location 'Dakar' into the database...","chan":"stdout","logger":"task"}
{"timestamp":"2025-07-02T21:03:09.167636Z","level":"info","event":"SUCCESS: Location 'Dakar' inserted with ID 17.","chan":"stdout","logger":"task"}
{"timestamp":"2025-07-02T21:03:09.167827Z","level":"info","event":"INFO: Processing current weather data for location ID 17...","chan":"stdout","logger":"task"}
{"timestamp":"2025-07-02T21:03:09.167962Z","level":"info","event":"INFO: Inserting condition 'Partly cloudy' with code 1003...","chan":"stdout","logger":"task"}
{"timestamp":"2025-07-02T21:03:09.871358Z","level":"info","event":"SUCCESS: Condition 'Partly cloudy' inserted or updated successfully.","chan":"stdout","logger":"task"}
{"timestamp":"2025-07-02T21:03:10.468090Z","level":"info","event":"SUCCESS: Current weather data for location ID 17 inserted successfully.","chan":"stdout","logger":"task"}
{"timestamp":"2025-07-02T21:03:10.769127Z","level":"info","event":"SUCCESS: Weather data for Africa/Dakar committed.","chan":"stdout","logger":"task"}
{"timestamp":"2025-07-02T21:03:12.774658Z","level":"info","event":"Database connection to 'meteo' established successfully.","chan":"stdout","logger":"task"}
{"timestamp":"2025-07-02T21:03:13.576823Z","level":"info","event":"INFO: Logged ETL process 'process_city_data' with status 'success'.","chan":"stdout","logger":"task"}
{"timestamp":"2025-07-02T21:03:13.577199Z","level":"info","event":"INFO: Finished processing Africa/Dakar.","chan":"stdout","logger":"task"}
{"timestamp":"2025-07-02T21:03:17.488479Z","level":"info","event":"Database connection to 'meteo' established successfully.","chan":"stdout","logger":"task"}
{"timestamp":"2025-07-02T21:03:17.488765Z","level":"info","event":"Fetching weather for Africa/Thiès...","chan":"stdout","logger":"task"}
{"timestamp":"2025-07-02T21:03:17.994976Z","level":"info","event":"INFO: Inserting location 'Ma-Africa' into the database...","chan":"stdout","logger":"task"}
{"timestamp":"2025-07-02T21:03:18.898533Z","level":"info","event":"SUCCESS: Location 'Ma-Africa' inserted with ID 18.","chan":"stdout","logger":"task"}
{"timestamp":"2025-07-02T21:03:18.898789Z","level":"info","event":"INFO: Processing current weather data for location ID 18...","chan":"stdout","logger":"task"}
{"timestamp":"2025-07-02T21:03:18.898953Z","level":"info","event":"INFO: Inserting condition 'Clear' with code 1000...","chan":"stdout","logger":"task"}
{"timestamp":"2025-07-02T21:03:20.895920Z","level":"info","event":"SUCCESS: Condition 'Clear' inserted or updated successfully.","chan":"stdout","logger":"task"}
{"timestamp":"2025-07-02T21:03:21.700057Z","level":"info","event":"SUCCESS: Current weather data for location ID 18 inserted successfully.","chan":"stdout","logger":"task"}
{"timestamp":"2025-07-02T21:03:22.102566Z","level":"info","event":"SUCCESS: Weather data for Africa/Thiès committed.","chan":"stdout","logger":"task"}
{"timestamp":"2025-07-02T21:03:29.033669Z","level":"info","event":"Database connection to 'meteo' established successfully.","chan":"stdout","logger":"task"}
{"timestamp":"2025-07-02T21:03:29.926038Z","level":"info","event":"INFO: Logged ETL process 'process_city_data' with status 'success'.","chan":"stdout","logger":"task"}
{"timestamp":"2025-07-02T21:03:29.926488Z","level":"info","event":"INFO: Finished processing Africa/Thiès.","chan":"stdout","logger":"task"}
{"timestamp":"2025-07-02T21:03:34.742343Z","level":"info","event":"Database connection to 'meteo' established successfully.","chan":"stdout","logger":"task"}
{"timestamp":"2025-07-02T21:03:34.742600Z","level":"info","event":"Fetching weather for Africa/Saint-Louis...","chan":"stdout","logger":"task"}
{"timestamp":"2025-07-02T21:03:35.347216Z","level":"info","event":"INFO: Inserting location 'Saint-Louis' into the database...","chan":"stdout","logger":"task"}
{"timestamp":"2025-07-02T21:03:36.052211Z","level":"info","event":"SUCCESS: Location 'Saint-Louis' inserted with ID 19.","chan":"stdout","logger":"task"}
{"timestamp":"2025-07-02T21:03:36.052495Z","level":"info","event":"INFO: Processing current weather data for location ID 19...","chan":"stdout","logger":"task"}
{"timestamp":"2025-07-02T21:03:36.052659Z","level":"info","event":"INFO: Inserting condition 'Partly cloudy' with code 1003...","chan":"stdout","logger":"task"}
{"timestamp":"2025-07-02T21:03:36.950515Z","level":"info","event":"SUCCESS: Condition 'Partly cloudy' inserted or updated successfully.","chan":"stdout","logger":"task"}
{"timestamp":"2025-07-02T21:03:40.352186Z","level":"info","event":"SUCCESS: Current weather data for location ID 19 inserted successfully.","chan":"stdout","logger":"task"}
{"timestamp":"2025-07-02T21:03:40.652370Z","level":"info","event":"SUCCESS: Weather data for Africa/Saint-Louis committed.","chan":"stdout","logger":"task"}
{"timestamp":"2025-07-02T21:03:43.069585Z","level":"info","event":"Database connection to 'meteo' established successfully.","chan":"stdout","logger":"task"}
{"timestamp":"2025-07-02T21:03:44.064197Z","level":"info","event":"INFO: Logged ETL process 'process_city_data' with status 'success'.","chan":"stdout","logger":"task"}
{"timestamp":"2025-07-02T21:03:44.064571Z","level":"info","event":"INFO: Finished processing Africa/Saint-Louis.","chan":"stdout","logger":"task"}
{"timestamp":"2025-07-02T21:03:46.570775Z","level":"info","event":"Database connection to 'meteo' established successfully.","chan":"stdout","logger":"task"}
{"timestamp":"2025-07-02T21:03:46.571001Z","level":"info","event":"Fetching weather for Africa/Lomé...","chan":"stdout","logger":"task"}
{"timestamp":"2025-07-02T21:03:47.480056Z","level":"info","event":"INFO: Inserting location 'Ma-Africa' into the database...","chan":"stdout","logger":"task"}
{"timestamp":"2025-07-02T21:03:49.175418Z","level":"info","event":"SUCCESS: Location 'Ma-Africa' inserted with ID 18.","chan":"stdout","logger":"task"}
{"timestamp":"2025-07-02T21:03:49.175635Z","level":"info","event":"INFO: Processing current weather data for location ID 18...","chan":"stdout","logger":"task"}
{"timestamp":"2025-07-02T21:03:49.175770Z","level":"info","event":"INFO: Inserting condition 'Clear' with code 1000...","chan":"stdout","logger":"task"}
{"timestamp":"2025-07-02T21:03:50.087850Z","level":"info","event":"SUCCESS: Condition 'Clear' inserted or updated successfully.","chan":"stdout","logger":"task"}
{"timestamp":"2025-07-02T21:03:51.281363Z","level":"info","event":"SUCCESS: Current weather data for location ID 18 inserted successfully.","chan":"stdout","logger":"task"}
{"timestamp":"2025-07-02T21:03:51.689161Z","level":"info","event":"SUCCESS: Weather data for Africa/Lomé committed.","chan":"stdout","logger":"task"}
{"timestamp":"2025-07-02T21:03:54.590924Z","level":"info","event":"Database connection to 'meteo' established successfully.","chan":"stdout","logger":"task"}
{"timestamp":"2025-07-02T21:03:55.599053Z","level":"info","event":"INFO: Logged ETL process 'process_city_data' with status 'success'.","chan":"stdout","logger":"task"}
{"timestamp":"2025-07-02T21:03:55.599342Z","level":"info","event":"INFO: Finished processing Africa/Lomé.","chan":"stdout","logger":"task"}
{"timestamp":"2025-07-02T21:03:58.401351Z","level":"info","event":"Database connection to 'meteo' established successfully.","chan":"stdout","logger":"task"}
{"timestamp":"2025-07-02T21:03:58.401683Z","level":"info","event":"Fetching weather for Africa/Sokodé...","chan":"stdout","logger":"task"}
{"timestamp":"2025-07-02T21:03:58.807802Z","level":"info","event":"INFO: Inserting location 'Ma-Africa' into the database...","chan":"stdout","logger":"task"}
{"timestamp":"2025-07-02T21:03:59.615200Z","level":"info","event":"SUCCESS: Location 'Ma-Africa' inserted with ID 18.","chan":"stdout","logger":"task"}
{"timestamp":"2025-07-02T21:03:59.615418Z","level":"info","event":"INFO: Processing current weather data for location ID 18...","chan":"stdout","logger":"task"}
{"timestamp":"2025-07-02T21:03:59.615606Z","level":"info","event":"INFO: Inserting condition 'Clear' with code 1000...","chan":"stdout","logger":"task"}
{"timestamp":"2025-07-02T21:04:00.313356Z","level":"info","event":"SUCCESS: Condition 'Clear' inserted or updated successfully.","chan":"stdout","logger":"task"}
{"timestamp":"2025-07-02T21:04:01.416829Z","level":"info","event":"SUCCESS: Current weather data for location ID 18 inserted successfully.","chan":"stdout","logger":"task"}
{"timestamp":"2025-07-02T21:04:01.923137Z","level":"info","event":"SUCCESS: Weather data for Africa/Sokodé committed.","chan":"stdout","logger":"task"}
{"timestamp":"2025-07-02T21:04:04.623532Z","level":"info","event":"Database connection to 'meteo' established successfully.","chan":"stdout","logger":"task"}
{"timestamp":"2025-07-02T21:04:05.847159Z","level":"info","event":"INFO: Logged ETL process 'process_city_data' with status 'success'.","chan":"stdout","logger":"task"}
{"timestamp":"2025-07-02T21:04:05.847541Z","level":"info","event":"INFO: Finished processing Africa/Sokodé.","chan":"stdout","logger":"task"}
{"timestamp":"2025-07-02T21:04:09.031144Z","level":"info","event":"Database connection to 'meteo' established successfully.","chan":"stdout","logger":"task"}
{"timestamp":"2025-07-02T21:04:09.031356Z","level":"info","event":"Fetching weather for Africa/Kara...","chan":"stdout","logger":"task"}
{"timestamp":"2025-07-02T21:04:09.340279Z","level":"info","event":"INFO: Inserting location 'Kara' into the database...","chan":"stdout","logger":"task"}
{"timestamp":"2025-07-02T21:04:09.936491Z","level":"info","event":"SUCCESS: Location 'Kara' inserted with ID 22.","chan":"stdout","logger":"task"}
{"timestamp":"2025-07-02T21:04:09.936726Z","level":"info","event":"INFO: Processing current weather data for location ID 22...","chan":"stdout","logger":"task"}
{"timestamp":"2025-07-02T21:04:09.936904Z","level":"info","event":"INFO: Inserting condition 'Partly Cloudy' with code 1003...","chan":"stdout","logger":"task"}
{"timestamp":"2025-07-02T21:04:10.649692Z","level":"info","event":"SUCCESS: Condition 'Partly Cloudy' inserted or updated successfully.","chan":"stdout","logger":"task"}
{"timestamp":"2025-07-02T21:04:11.846586Z","level":"info","event":"SUCCESS: Current weather data for location ID 22 inserted successfully.","chan":"stdout","logger":"task"}
{"timestamp":"2025-07-02T21:04:12.542921Z","level":"info","event":"SUCCESS: Weather data for Africa/Kara committed.","chan":"stdout","logger":"task"}
{"timestamp":"2025-07-02T21:04:15.650773Z","level":"info","event":"Database connection to 'meteo' established successfully.","chan":"stdout","logger":"task"}
{"timestamp":"2025-07-02T21:04:16.481406Z","level":"info","event":"INFO: Logged ETL process 'process_city_data' with status 'success'.","chan":"stdout","logger":"task"}
{"timestamp":"2025-07-02T21:04:16.481663Z","level":"info","event":"INFO: Finished processing Africa/Kara.","chan":"stdout","logger":"task"}
{"timestamp":"2025-07-02T21:04:16.981514Z","level":"info","event":"INFO: Extraction/loading done.","chan":"stdout","logger":"task"}
{"timestamp":"2025-07-02T21:04:19.262953Z","level":"info","event":"Database connection to 'meteo' established successfully.","chan":"stdout","logger":"task"}
{"timestamp":"2025-07-02T21:04:19.862567Z","level":"info","event":"INFO: Logged ETL process 'extract_and_load' with status 'success'.","chan":"stdout","logger":"task"}
{"timestamp":"2025-07-02T21:04:19.863246","level":"info","event":"Done. Returned value was: None","logger":"airflow.task.operators.airflow.providers.standard.operators.python.PythonOperator"}
