{"timestamp":"2025-07-08T22:02:45.274498","level":"info","event":"DAG bundles loaded: dags-folder","logger":"airflow.dag_processing.bundles.manager.DagBundlesManager"}
{"timestamp":"2025-07-08T22:02:45.277357","level":"info","event":"Filling up the DagBag from /opt/airflow/dags/weather_etl_dag.py","logger":"airflow.models.dagbag.DagBag"}
{"timestamp":"2025-07-08T22:02:45.906168Z","level":"info","event":"INFO: Starting transform/load to warehouse...","chan":"stdout","logger":"task"}
{"timestamp":"2025-07-08T22:02:45.906341Z","level":"info","event":"INFO: Starting ETL process...","chan":"stdout","logger":"task"}
{"timestamp":"2025-07-08T22:02:45.906465Z","level":"info","event":"INFO: Attempting to establish database connections...","chan":"stdout","logger":"task"}
{"timestamp":"2025-07-08T22:02:47.100529Z","level":"info","event":"Database connection to 'meteo' established successfully.","chan":"stdout","logger":"task"}
{"timestamp":"2025-07-08T22:02:48.087234Z","level":"info","event":"Database connection to 'meteo_warehouse' established successfully.","chan":"stdout","logger":"task"}
{"timestamp":"2025-07-08T22:02:48.087491Z","level":"info","event":"SUCCESS: PyMySQL connections established.","chan":"stdout","logger":"task"}
{"timestamp":"2025-07-08T22:02:52.219360Z","level":"info","event":"SUCCESS: SQLAlchemy engine for target database created and tested.","chan":"stdout","logger":"task"}
{"timestamp":"2025-07-08T22:02:52.219609Z","level":"info","event":"","chan":"stdout","logger":"task"}
{"timestamp":"2025-07-08T22:02:52.219794Z","level":"info","event":"INFO: Beginning data extraction from source database.","chan":"stdout","logger":"task"}
{"timestamp":"2025-07-08T22:02:52.528611Z","level":"info","event":"INFO: Extracted 20 rows from query.","chan":"stdout","logger":"task"}
{"timestamp":"2025-07-08T22:02:52.732051Z","level":"info","event":"INFO: Extracted 8 rows from query.","chan":"stdout","logger":"task"}
{"timestamp":"2025-07-08T22:02:54.013184Z","level":"info","event":"INFO: Extracted 21 rows from query.","chan":"stdout","logger":"task"}
{"timestamp":"2025-07-08T22:02:54.013358Z","level":"info","event":"SUCCESS: All necessary data extracted from source tables.","chan":"stdout","logger":"task"}
{"timestamp":"2025-07-08T22:02:54.013531Z","level":"info","event":"","chan":"stdout","logger":"task"}
{"timestamp":"2025-07-08T22:02:54.013692Z","level":"info","event":"INFO: Beginning data transformation for dimension tables.","chan":"stdout","logger":"task"}
{"timestamp":"2025-07-08T22:02:54.013850Z","level":"info","event":"INFO: Transforming data for DimLieux...","chan":"stdout","logger":"task"}
{"timestamp":"2025-07-08T22:02:54.015732Z","level":"info","event":"SUCCESS: Transformed 20 unique locations for DimLieux.","chan":"stdout","logger":"task"}
{"timestamp":"2025-07-08T22:02:54.015890Z","level":"info","event":"INFO: Transforming data for DimConditionsMeteo...","chan":"stdout","logger":"task"}
{"timestamp":"2025-07-08T22:02:54.017033Z","level":"info","event":"SUCCESS: Transformed 8 unique conditions for DimConditionsMeteo.","chan":"stdout","logger":"task"}
{"timestamp":"2025-07-08T22:02:54.017204Z","level":"info","event":"INFO: Transforming data for DimTemps...","chan":"stdout","logger":"task"}
{"timestamp":"2025-07-08T22:02:54.026474Z","level":"info","event":"SUCCESS: Transformed 8 unique time entries for DimTemps.","chan":"stdout","logger":"task"}
{"timestamp":"2025-07-08T22:02:54.026737Z","level":"info","event":"","chan":"stdout","logger":"task"}
{"timestamp":"2025-07-08T22:02:54.027069Z","level":"info","event":"INFO: Preparing data for FaitDonneesMeteo (Fact Table).","chan":"stdout","logger":"task"}
{"timestamp":"2025-07-08T22:02:54.030424Z","level":"info","event":"","chan":"stdout","logger":"task"}
{"timestamp":"2025-07-08T22:02:54.030576Z","level":"info","event":"INFO: Loading dimension data into target database.","chan":"stdout","logger":"task"}
{"timestamp":"2025-07-08T22:02:54.692473Z","level":"info","event":"ERROR: Error loading data into DimLieux: (pymysql.err.IntegrityError) (1062, \"Duplicate entry 'Dakar' for key 'DimLieux.nom_ville'\")","chan":"stdout","logger":"task"}
{"timestamp":"2025-07-08T22:02:54.692818Z","level":"info","event":"[SQL: INSERT INTO \"DimLieux\" (nom_ville, region, pays) VALUES (%(nom_ville)s, %(region)s, %(pays)s)]","chan":"stdout","logger":"task"}
{"timestamp":"2025-07-08T22:02:54.693096Z","level":"info","event":"[parameters: ({'nom_ville': 'Abidjan', 'region': 'Lagunes', 'pays': \"Cote d'Ivoire\"}, {'nom_ville': 'Bafata', 'region': 'Bafata', 'pays': 'Guinea-Bissau'}, {'nom_ville': 'Bamako', 'region': 'Bamako', 'pays': 'Mali'}, {'nom_ville': 'Bissau', 'region': 'Bissau', 'pays': 'Guinea-Bissau'}, {'nom_ville': 'Bobo Dioulasso', 'region': 'Houet', 'pays': 'Burkina Faso'}, {'nom_ville': 'Bolama', 'region': 'Bolama', 'pays': 'Guinea-Bissau'}, {'nom_ville': 'Bouake', 'region': 'Marahoue', 'pays': \"Cote d'Ivoire\"}, {'nom_ville': 'Dakar', 'region': 'Dakar', 'pays': 'Senegal'}  ... displaying 10 of 20 total bound parameter sets ...  {'nom_ville': 'Yamoussoukro', 'region': \"N'zi-Comoe\", 'pays': \"Cote d'Ivoire\"}, {'nom_ville': 'Zinder', 'region': 'Zinder', 'pays': 'Niger'})]","chan":"stdout","logger":"task"}
{"timestamp":"2025-07-08T22:02:54.693302Z","level":"info","event":"(Background on this error at: https://sqlalche.me/e/14/gkpj)","chan":"stdout","logger":"task"}
{"timestamp":"2025-07-08T22:02:56.315951Z","level":"info","event":"ERROR: Error loading data into DimConditionsMeteo: (pymysql.err.IntegrityError) (1062, \"Duplicate entry 'Clear' for key 'DimConditionsMeteo.texte_condition'\")","chan":"stdout","logger":"task"}
{"timestamp":"2025-07-08T22:02:56.316197Z","level":"info","event":"[SQL: INSERT INTO \"DimConditionsMeteo\" (code_condition, texte_condition) VALUES (%(code_condition)s, %(texte_condition)s)]","chan":"stdout","logger":"task"}
{"timestamp":"2025-07-08T22:02:56.316342Z","level":"info","event":"[parameters: ({'code_condition': 1000, 'texte_condition': 'Clear'}, {'code_condition': 1183, 'texte_condition': 'Light rain'}, {'code_condition': 1240, 'texte_condition': 'Light rain shower'}, {'code_condition': 1030, 'texte_condition': 'Mist'}, {'code_condition': 1276, 'texte_condition': 'Moderate or heavy rain with thunder'}, {'code_condition': 1003, 'texte_condition': 'Partly cloudy'}, {'code_condition': 1273, 'texte_condition': 'Patchy light rain with thunder'}, {'code_condition': 1063, 'texte_condition': 'Patchy rain nearby'})]","chan":"stdout","logger":"task"}
{"timestamp":"2025-07-08T22:02:56.316463Z","level":"info","event":"(Background on this error at: https://sqlalche.me/e/14/gkpj)","chan":"stdout","logger":"task"}
{"timestamp":"2025-07-08T22:02:57.339236Z","level":"info","event":"SUCCESS: Loaded 8 rows into DimTemps.","chan":"stdout","logger":"task"}
{"timestamp":"2025-07-08T22:02:57.339555Z","level":"info","event":"SUCCESS: Dimension tables loaded.","chan":"stdout","logger":"task"}
{"timestamp":"2025-07-08T22:02:57.339756Z","level":"info","event":"INFO: Reading back surrogate keys from target dimension tables.","chan":"stdout","logger":"task"}
{"timestamp":"2025-07-08T22:02:57.551165Z","level":"info","event":"INFO: Extracted 12 rows from query.","chan":"stdout","logger":"task"}
{"timestamp":"2025-07-08T22:02:57.749441Z","level":"info","event":"INFO: Extracted 20 rows from query.","chan":"stdout","logger":"task"}
{"timestamp":"2025-07-08T22:03:01.923653Z","level":"info","event":"INFO: Extracted 3906 rows from query.","chan":"stdout","logger":"task"}
{"timestamp":"2025-07-08T22:03:01.924135Z","level":"info","event":"SUCCESS: Surrogate keys retrieved.","chan":"stdout","logger":"task"}
{"timestamp":"2025-07-08T22:03:01.927464Z","level":"info","event":"INFO: Joining fact data with dimension surrogate keys.","chan":"stdout","logger":"task"}
{"timestamp":"2025-07-08T22:03:01.927964Z","level":"info","event":"INFO: Merging with DimLieux to get id_dim_lieu_fk...","chan":"stdout","logger":"task"}
{"timestamp":"2025-07-08T22:03:01.938644Z","level":"info","event":"WARNING: 9 records in FaitDonneesMeteo could not find a matching DimLieux entry. Check data consistency.","chan":"stdout","logger":"task"}
{"timestamp":"2025-07-08T22:03:01.939898Z","level":"info","event":"INFO: After DimLieux merge. Records with id_dim_lieu: 12/21.","chan":"stdout","logger":"task"}
{"timestamp":"2025-07-08T22:03:01.940111Z","level":"info","event":"INFO: Merging with DimConditionsMeteo to get id_dim_condition_fk...","chan":"stdout","logger":"task"}
{"timestamp":"2025-07-08T22:03:01.944795Z","level":"info","event":"WARNING: 1 records in FaitDonneesMeteo could not find a matching DimConditionsMeteo entry. Check data consistency.","chan":"stdout","logger":"task"}
{"timestamp":"2025-07-08T22:03:01.945795Z","level":"info","event":"INFO: After DimConditionsMeteo merge. Records with id_dim_condition: 20/21.","chan":"stdout","logger":"task"}
{"timestamp":"2025-07-08T22:03:01.946012Z","level":"info","event":"INFO: Merging with DimTemps to get id_dim_temps_fk...","chan":"stdout","logger":"task"}
{"timestamp":"2025-07-08T22:03:01.955561Z","level":"info","event":"INFO: After DimTemps merge. Records with id_dim_temps: 58/58.","chan":"stdout","logger":"task"}
{"timestamp":"2025-07-08T22:03:01.957856Z","level":"info","event":"WARNING: Dropped 31 rows from final fact table due to NULL foreign keys.","chan":"stdout","logger":"task"}
{"timestamp":"2025-07-08T22:03:01.958069Z","level":"info","event":"         Consider adjusting merge logic or source data to prevent missing dimension matches.","chan":"stdout","logger":"task"}
{"timestamp":"2025-07-08T22:03:01.958230Z","level":"info","event":"SUCCESS: Transformed 27 rows for FaitDonneesMeteo (after final FK check).","chan":"stdout","logger":"task"}
{"timestamp":"2025-07-08T22:03:01.958369Z","level":"info","event":"","chan":"stdout","logger":"task"}
{"timestamp":"2025-07-08T22:03:01.958516Z","level":"info","event":"INFO: Loading fact data into target database.","chan":"stdout","logger":"task"}
{"timestamp":"2025-07-08T22:03:03.891848Z","level":"info","event":"SUCCESS: Loaded 27 rows into FaitDonneesMeteo.","chan":"stdout","logger":"task"}
{"timestamp":"2025-07-08T22:03:03.892135Z","level":"info","event":"SUCCESS: Fact table loaded.","chan":"stdout","logger":"task"}
{"timestamp":"2025-07-08T22:03:03.892326Z","level":"info","event":"","chan":"stdout","logger":"task"}
{"timestamp":"2025-07-08T22:03:03.892472Z","level":"info","event":"SUCCESS: ETL process completed successfully!","chan":"stdout","logger":"task"}
{"timestamp":"2025-07-08T22:03:03.892605Z","level":"info","event":"INFO: Attempting to close database connections and dispose of engines.","chan":"stdout","logger":"task"}
{"timestamp":"2025-07-08T22:03:03.921188Z","level":"info","event":"INFO: Source database connection closed.","chan":"stdout","logger":"task"}
{"timestamp":"2025-07-08T22:03:03.921332Z","level":"info","event":"INFO: Target database (pymysql) connection closed.","chan":"stdout","logger":"task"}
{"timestamp":"2025-07-08T22:03:03.921420Z","level":"info","event":"INFO: Target database SQLAlchemy engine disposed.","chan":"stdout","logger":"task"}
{"timestamp":"2025-07-08T22:03:03.921493Z","level":"info","event":"SUCCESS: All database connections and engines handled.","chan":"stdout","logger":"task"}
{"timestamp":"2025-07-08T22:03:05.120742Z","level":"info","event":"Database connection to 'meteo' established successfully.","chan":"stdout","logger":"task"}
{"timestamp":"2025-07-08T22:03:05.529762Z","level":"info","event":"INFO: Logged ETL process 'transfer_data_to_warehouse' with status 'success'.","chan":"stdout","logger":"task"}
{"timestamp":"2025-07-08T22:03:05.530506Z","level":"info","event":"INFO: Transform/load done.","chan":"stdout","logger":"task"}
{"timestamp":"2025-07-08T22:03:05.531414","level":"info","event":"Done. Returned value was: None","logger":"airflow.task.operators.airflow.providers.standard.operators.python.PythonOperator"}
