{"timestamp":"2025-07-08T19:39:55.163325","level":"info","event":"DAG bundles loaded: dags-folder","logger":"airflow.dag_processing.bundles.manager.DagBundlesManager"}
{"timestamp":"2025-07-08T19:39:55.164511","level":"info","event":"Filling up the DagBag from /opt/airflow/dags/weather_etl_dag.py","logger":"airflow.models.dagbag.DagBag"}
{"timestamp":"2025-07-08T19:39:55.787173Z","level":"info","event":"INFO: Starting extraction/loading...","chan":"stdout","logger":"task"}
{"timestamp":"2025-07-08T19:39:56.879356Z","level":"info","event":"Database connection to 'meteo' established successfully.","chan":"stdout","logger":"task"}
{"timestamp":"2025-07-08T19:39:56.879626Z","level":"info","event":"Fetching weather for Africa/Porto-Novo...","chan":"stdout","logger":"task"}
{"timestamp":"2025-07-08T19:39:59.221913Z","level":"info","event":"INFO: Inserting location 'Porto Novo' into the database...","chan":"stdout","logger":"task"}
{"timestamp":"2025-07-08T19:39:59.579376Z","level":"info","event":"SUCCESS: Location 'Porto Novo' inserted with ID 1.","chan":"stdout","logger":"task"}
{"timestamp":"2025-07-08T19:39:59.579742Z","level":"info","event":"INFO: Processing current weather data for location ID 1...","chan":"stdout","logger":"task"}
{"timestamp":"2025-07-08T19:39:59.579925Z","level":"info","event":"INFO: Inserting condition 'Sunny' with code 1000...","chan":"stdout","logger":"task"}
{"timestamp":"2025-07-08T19:39:59.939120Z","level":"info","event":"SUCCESS: Condition 'Sunny' inserted or updated successfully.","chan":"stdout","logger":"task"}
{"timestamp":"2025-07-08T19:40:00.300196Z","level":"info","event":"SUCCESS: Current weather data for location ID 1 inserted successfully.","chan":"stdout","logger":"task"}
{"timestamp":"2025-07-08T19:40:00.479469Z","level":"info","event":"SUCCESS: Weather data for Africa/Porto-Novo committed.","chan":"stdout","logger":"task"}
{"timestamp":"2025-07-08T19:40:01.561683Z","level":"info","event":"Database connection to 'meteo' established successfully.","chan":"stdout","logger":"task"}
{"timestamp":"2025-07-08T19:40:01.919177Z","level":"info","event":"INFO: Logged ETL process 'process_city_data' with status 'success'.","chan":"stdout","logger":"task"}
{"timestamp":"2025-07-08T19:40:01.919599Z","level":"info","event":"INFO: Finished processing Africa/Porto-Novo.","chan":"stdout","logger":"task"}
{"timestamp":"2025-07-08T19:40:03.719061Z","level":"info","event":"Database connection to 'meteo' established successfully.","chan":"stdout","logger":"task"}
{"timestamp":"2025-07-08T19:40:03.719308Z","level":"info","event":"Fetching weather for Africa/Bafata...","chan":"stdout","logger":"task"}
{"timestamp":"2025-07-08T19:40:04.140949Z","level":"info","event":"INFO: Inserting location 'Bafata' into the database...","chan":"stdout","logger":"task"}
{"timestamp":"2025-07-08T19:40:04.497544Z","level":"info","event":"SUCCESS: Location 'Bafata' inserted with ID 2.","chan":"stdout","logger":"task"}
{"timestamp":"2025-07-08T19:40:04.497777Z","level":"info","event":"INFO: Processing current weather data for location ID 2...","chan":"stdout","logger":"task"}
{"timestamp":"2025-07-08T19:40:04.497954Z","level":"info","event":"INFO: Inserting condition 'Partly Cloudy' with code 1003...","chan":"stdout","logger":"task"}
{"timestamp":"2025-07-08T19:40:04.859406Z","level":"info","event":"SUCCESS: Condition 'Partly Cloudy' inserted or updated successfully.","chan":"stdout","logger":"task"}
{"timestamp":"2025-07-08T19:40:05.578359Z","level":"info","event":"SUCCESS: Current weather data for location ID 2 inserted successfully.","chan":"stdout","logger":"task"}
{"timestamp":"2025-07-08T19:40:07.489903Z","level":"info","event":"SUCCESS: Weather data for Africa/Bafata committed.","chan":"stdout","logger":"task"}
{"timestamp":"2025-07-08T19:40:08.097859Z","level":"info","event":"Database connection to 'meteo' established successfully.","chan":"stdout","logger":"task"}
{"timestamp":"2025-07-08T19:40:08.457280Z","level":"info","event":"INFO: Logged ETL process 'process_city_data' with status 'success'.","chan":"stdout","logger":"task"}
{"timestamp":"2025-07-08T19:40:08.457552Z","level":"info","event":"INFO: Finished processing Africa/Bafata.","chan":"stdout","logger":"task"}
{"timestamp":"2025-07-08T19:40:10.077267Z","level":"info","event":"Database connection to 'meteo' established successfully.","chan":"stdout","logger":"task"}
{"timestamp":"2025-07-08T19:40:10.077530Z","level":"info","event":"Fetching weather for Africa/Ouagadougou...","chan":"stdout","logger":"task"}
{"timestamp":"2025-07-08T19:40:10.437699Z","level":"info","event":"INFO: Inserting location 'Ouagadougou' into the database...","chan":"stdout","logger":"task"}
{"timestamp":"2025-07-08T19:40:10.797670Z","level":"info","event":"SUCCESS: Location 'Ouagadougou' inserted with ID 3.","chan":"stdout","logger":"task"}
{"timestamp":"2025-07-08T19:40:10.797912Z","level":"info","event":"INFO: Processing current weather data for location ID 3...","chan":"stdout","logger":"task"}
{"timestamp":"2025-07-08T19:40:10.798101Z","level":"info","event":"INFO: Inserting condition 'Clear' with code 1000...","chan":"stdout","logger":"task"}
{"timestamp":"2025-07-08T19:40:11.157689Z","level":"info","event":"SUCCESS: Condition 'Clear' inserted or updated successfully.","chan":"stdout","logger":"task"}
{"timestamp":"2025-07-08T19:40:11.696523Z","level":"info","event":"SUCCESS: Current weather data for location ID 3 inserted successfully.","chan":"stdout","logger":"task"}
{"timestamp":"2025-07-08T19:40:11.878093Z","level":"info","event":"SUCCESS: Weather data for Africa/Ouagadougou committed.","chan":"stdout","logger":"task"}
{"timestamp":"2025-07-08T19:40:12.780342Z","level":"info","event":"Database connection to 'meteo' established successfully.","chan":"stdout","logger":"task"}
{"timestamp":"2025-07-08T19:40:13.857264Z","level":"info","event":"INFO: Logged ETL process 'process_city_data' with status 'success'.","chan":"stdout","logger":"task"}
{"timestamp":"2025-07-08T19:40:13.857690Z","level":"info","event":"INFO: Finished processing Africa/Ouagadougou.","chan":"stdout","logger":"task"}
{"timestamp":"2025-07-08T19:40:15.296867Z","level":"info","event":"Database connection to 'meteo' established successfully.","chan":"stdout","logger":"task"}
{"timestamp":"2025-07-08T19:40:15.297420Z","level":"info","event":"Fetching weather for Africa/Bobo-Dioulasso...","chan":"stdout","logger":"task"}
{"timestamp":"2025-07-08T19:40:15.665613Z","level":"info","event":"INFO: Inserting location 'Bobo Dioulasso' into the database...","chan":"stdout","logger":"task"}
{"timestamp":"2025-07-08T19:40:16.017889Z","level":"info","event":"SUCCESS: Location 'Bobo Dioulasso' inserted with ID 4.","chan":"stdout","logger":"task"}
{"timestamp":"2025-07-08T19:40:16.018298Z","level":"info","event":"INFO: Processing current weather data for location ID 4...","chan":"stdout","logger":"task"}
{"timestamp":"2025-07-08T19:40:16.018603Z","level":"info","event":"INFO: Inserting condition 'Partly Cloudy' with code 1003...","chan":"stdout","logger":"task"}
{"timestamp":"2025-07-08T19:40:16.378162Z","level":"info","event":"SUCCESS: Condition 'Partly Cloudy' inserted or updated successfully.","chan":"stdout","logger":"task"}
{"timestamp":"2025-07-08T19:40:16.737114Z","level":"info","event":"SUCCESS: Current weather data for location ID 4 inserted successfully.","chan":"stdout","logger":"task"}
{"timestamp":"2025-07-08T19:40:16.917723Z","level":"info","event":"SUCCESS: Weather data for Africa/Bobo-Dioulasso committed.","chan":"stdout","logger":"task"}
{"timestamp":"2025-07-08T19:40:18.055473Z","level":"info","event":"Database connection to 'meteo' established successfully.","chan":"stdout","logger":"task"}
{"timestamp":"2025-07-08T19:40:18.415446Z","level":"info","event":"INFO: Logged ETL process 'process_city_data' with status 'success'.","chan":"stdout","logger":"task"}
{"timestamp":"2025-07-08T19:40:18.415780Z","level":"info","event":"INFO: Finished processing Africa/Bobo-Dioulasso.","chan":"stdout","logger":"task"}
{"timestamp":"2025-07-08T19:40:19.855413Z","level":"info","event":"Database connection to 'meteo' established successfully.","chan":"stdout","logger":"task"}
{"timestamp":"2025-07-08T19:40:19.855962Z","level":"info","event":"Fetching weather for Africa/Abidjan...","chan":"stdout","logger":"task"}
{"timestamp":"2025-07-08T19:40:20.397061Z","level":"info","event":"INFO: Inserting location 'Abidjan' into the database...","chan":"stdout","logger":"task"}
{"timestamp":"2025-07-08T19:40:20.756570Z","level":"info","event":"SUCCESS: Location 'Abidjan' inserted with ID 5.","chan":"stdout","logger":"task"}
{"timestamp":"2025-07-08T19:40:20.756825Z","level":"info","event":"INFO: Processing current weather data for location ID 5...","chan":"stdout","logger":"task"}
{"timestamp":"2025-07-08T19:40:20.757081Z","level":"info","event":"INFO: Inserting condition 'Partly cloudy' with code 1003...","chan":"stdout","logger":"task"}
{"timestamp":"2025-07-08T19:40:21.115796Z","level":"info","event":"SUCCESS: Condition 'Partly cloudy' inserted or updated successfully.","chan":"stdout","logger":"task"}
{"timestamp":"2025-07-08T19:40:22.015866Z","level":"info","event":"SUCCESS: Current weather data for location ID 5 inserted successfully.","chan":"stdout","logger":"task"}
{"timestamp":"2025-07-08T19:40:22.195302Z","level":"info","event":"SUCCESS: Weather data for Africa/Abidjan committed.","chan":"stdout","logger":"task"}
{"timestamp":"2025-07-08T19:40:23.639501Z","level":"info","event":"Database connection to 'meteo' established successfully.","chan":"stdout","logger":"task"}
{"timestamp":"2025-07-08T19:40:23.995231Z","level":"info","event":"INFO: Logged ETL process 'process_city_data' with status 'success'.","chan":"stdout","logger":"task"}
{"timestamp":"2025-07-08T19:40:23.995726Z","level":"info","event":"INFO: Finished processing Africa/Abidjan.","chan":"stdout","logger":"task"}
{"timestamp":"2025-07-08T19:40:25.797187Z","level":"info","event":"Database connection to 'meteo' established successfully.","chan":"stdout","logger":"task"}
{"timestamp":"2025-07-08T19:40:25.797381Z","level":"info","event":"Fetching weather for Africa/Yamoussoukro...","chan":"stdout","logger":"task"}
{"timestamp":"2025-07-08T19:40:26.516873Z","level":"info","event":"INFO: Inserting location 'Yamoussoukro' into the database...","chan":"stdout","logger":"task"}
{"timestamp":"2025-07-08T19:40:27.596685Z","level":"info","event":"SUCCESS: Location 'Yamoussoukro' inserted with ID 6.","chan":"stdout","logger":"task"}
{"timestamp":"2025-07-08T19:40:27.597186Z","level":"info","event":"INFO: Processing current weather data for location ID 6...","chan":"stdout","logger":"task"}
{"timestamp":"2025-07-08T19:40:27.597518Z","level":"info","event":"INFO: Inserting condition 'Mist' with code 1030...","chan":"stdout","logger":"task"}
{"timestamp":"2025-07-08T19:40:27.954896Z","level":"info","event":"SUCCESS: Condition 'Mist' inserted or updated successfully.","chan":"stdout","logger":"task"}
{"timestamp":"2025-07-08T19:40:28.315828Z","level":"info","event":"SUCCESS: Current weather data for location ID 6 inserted successfully.","chan":"stdout","logger":"task"}
{"timestamp":"2025-07-08T19:40:28.495256Z","level":"info","event":"SUCCESS: Weather data for Africa/Yamoussoukro committed.","chan":"stdout","logger":"task"}
{"timestamp":"2025-07-08T19:40:29.574952Z","level":"info","event":"Database connection to 'meteo' established successfully.","chan":"stdout","logger":"task"}
{"timestamp":"2025-07-08T19:40:29.935113Z","level":"info","event":"INFO: Logged ETL process 'process_city_data' with status 'success'.","chan":"stdout","logger":"task"}
{"timestamp":"2025-07-08T19:40:29.935595Z","level":"info","event":"INFO: Finished processing Africa/Yamoussoukro.","chan":"stdout","logger":"task"}
{"timestamp":"2025-07-08T19:40:31.554812Z","level":"info","event":"Database connection to 'meteo' established successfully.","chan":"stdout","logger":"task"}
{"timestamp":"2025-07-08T19:40:31.555100Z","level":"info","event":"Fetching weather for Africa/Bouake...","chan":"stdout","logger":"task"}
{"timestamp":"2025-07-08T19:40:31.917445Z","level":"info","event":"INFO: Inserting location 'Bouake' into the database...","chan":"stdout","logger":"task"}
{"timestamp":"2025-07-08T19:40:32.333421Z","level":"info","event":"SUCCESS: Location 'Bouake' inserted with ID 7.","chan":"stdout","logger":"task"}
{"timestamp":"2025-07-08T19:40:32.333609Z","level":"info","event":"INFO: Processing current weather data for location ID 7...","chan":"stdout","logger":"task"}
{"timestamp":"2025-07-08T19:40:32.333826Z","level":"info","event":"INFO: Inserting condition 'Light rain shower' with code 1240...","chan":"stdout","logger":"task"}
{"timestamp":"2025-07-08T19:40:32.694571Z","level":"info","event":"SUCCESS: Condition 'Light rain shower' inserted or updated successfully.","chan":"stdout","logger":"task"}
{"timestamp":"2025-07-08T19:40:33.054248Z","level":"info","event":"SUCCESS: Current weather data for location ID 7 inserted successfully.","chan":"stdout","logger":"task"}
{"timestamp":"2025-07-08T19:40:33.233755Z","level":"info","event":"SUCCESS: Weather data for Africa/Bouake committed.","chan":"stdout","logger":"task"}
{"timestamp":"2025-07-08T19:40:34.134941Z","level":"info","event":"Database connection to 'meteo' established successfully.","chan":"stdout","logger":"task"}
{"timestamp":"2025-07-08T19:40:34.494140Z","level":"info","event":"INFO: Logged ETL process 'process_city_data' with status 'success'.","chan":"stdout","logger":"task"}
{"timestamp":"2025-07-08T19:40:34.494554Z","level":"info","event":"INFO: Finished processing Africa/Bouake.","chan":"stdout","logger":"task"}
{"timestamp":"2025-07-08T19:40:35.933452Z","level":"info","event":"Database connection to 'meteo' established successfully.","chan":"stdout","logger":"task"}
{"timestamp":"2025-07-08T19:40:35.933790Z","level":"info","event":"Fetching weather for Africa/Bissau...","chan":"stdout","logger":"task"}
{"timestamp":"2025-07-08T19:40:37.014242Z","level":"info","event":"INFO: Inserting location 'Bissau' into the database...","chan":"stdout","logger":"task"}
{"timestamp":"2025-07-08T19:40:37.373700Z","level":"info","event":"SUCCESS: Location 'Bissau' inserted with ID 8.","chan":"stdout","logger":"task"}
{"timestamp":"2025-07-08T19:40:37.373976Z","level":"info","event":"INFO: Processing current weather data for location ID 8...","chan":"stdout","logger":"task"}
{"timestamp":"2025-07-08T19:40:37.374211Z","level":"info","event":"INFO: Inserting condition 'Moderate or heavy rain with thunder' with code 1276...","chan":"stdout","logger":"task"}
{"timestamp":"2025-07-08T19:40:37.732480Z","level":"info","event":"SUCCESS: Condition 'Moderate or heavy rain with thunder' inserted or updated successfully.","chan":"stdout","logger":"task"}
{"timestamp":"2025-07-08T19:40:38.093077Z","level":"info","event":"SUCCESS: Current weather data for location ID 8 inserted successfully.","chan":"stdout","logger":"task"}
{"timestamp":"2025-07-08T19:40:38.273719Z","level":"info","event":"SUCCESS: Weather data for Africa/Bissau committed.","chan":"stdout","logger":"task"}
{"timestamp":"2025-07-08T19:40:39.354830Z","level":"info","event":"Database connection to 'meteo' established successfully.","chan":"stdout","logger":"task"}
{"timestamp":"2025-07-08T19:40:40.253759Z","level":"info","event":"INFO: Logged ETL process 'process_city_data' with status 'success'.","chan":"stdout","logger":"task"}
{"timestamp":"2025-07-08T19:40:40.254697Z","level":"info","event":"INFO: Finished processing Africa/Bissau.","chan":"stdout","logger":"task"}
{"timestamp":"2025-07-08T19:40:41.872453Z","level":"info","event":"Database connection to 'meteo' established successfully.","chan":"stdout","logger":"task"}
{"timestamp":"2025-07-08T19:40:41.872691Z","level":"info","event":"Fetching weather for Africa/Gabu...","chan":"stdout","logger":"task"}
{"timestamp":"2025-07-08T19:40:42.235907Z","level":"info","event":"INFO: Inserting location 'Gabu' into the database...","chan":"stdout","logger":"task"}
{"timestamp":"2025-07-08T19:40:44.046511Z","level":"info","event":"SUCCESS: Location 'Gabu' inserted with ID 9.","chan":"stdout","logger":"task"}
{"timestamp":"2025-07-08T19:40:44.046678Z","level":"info","event":"INFO: Processing current weather data for location ID 9...","chan":"stdout","logger":"task"}
{"timestamp":"2025-07-08T19:40:44.046778Z","level":"info","event":"INFO: Inserting condition 'Patchy light drizzle' with code 1150...","chan":"stdout","logger":"task"}
{"timestamp":"2025-07-08T19:40:44.046854Z","level":"info","event":"SUCCESS: Condition 'Patchy light drizzle' inserted or updated successfully.","chan":"stdout","logger":"task"}
{"timestamp":"2025-07-08T19:40:44.046928Z","level":"info","event":"SUCCESS: Current weather data for location ID 9 inserted successfully.","chan":"stdout","logger":"task"}
{"timestamp":"2025-07-08T19:40:44.047125Z","level":"info","event":"SUCCESS: Weather data for Africa/Gabu committed.","chan":"stdout","logger":"task"}
{"timestamp":"2025-07-08T19:40:44.392805Z","level":"info","event":"Database connection to 'meteo' established successfully.","chan":"stdout","logger":"task"}
{"timestamp":"2025-07-08T19:40:44.753480Z","level":"info","event":"INFO: Logged ETL process 'process_city_data' with status 'success'.","chan":"stdout","logger":"task"}
{"timestamp":"2025-07-08T19:40:44.753834Z","level":"info","event":"INFO: Finished processing Africa/Gabu.","chan":"stdout","logger":"task"}
{"timestamp":"2025-07-08T19:40:47.687808Z","level":"info","event":"Database connection to 'meteo' established successfully.","chan":"stdout","logger":"task"}
{"timestamp":"2025-07-08T19:40:47.688064Z","level":"info","event":"Fetching weather for Africa/Bolama...","chan":"stdout","logger":"task"}
{"timestamp":"2025-07-08T19:40:48.052583Z","level":"info","event":"INFO: Inserting location 'Bolama' into the database...","chan":"stdout","logger":"task"}
{"timestamp":"2025-07-08T19:40:48.407958Z","level":"info","event":"SUCCESS: Location 'Bolama' inserted with ID 10.","chan":"stdout","logger":"task"}
{"timestamp":"2025-07-08T19:40:48.408161Z","level":"info","event":"INFO: Processing current weather data for location ID 10...","chan":"stdout","logger":"task"}
{"timestamp":"2025-07-08T19:40:48.408298Z","level":"info","event":"INFO: Inserting condition 'Moderate or heavy rain with thunder' with code 1276...","chan":"stdout","logger":"task"}
{"timestamp":"2025-07-08T19:40:48.768028Z","level":"info","event":"SUCCESS: Condition 'Moderate or heavy rain with thunder' inserted or updated successfully.","chan":"stdout","logger":"task"}
{"timestamp":"2025-07-08T19:40:49.128062Z","level":"info","event":"SUCCESS: Current weather data for location ID 10 inserted successfully.","chan":"stdout","logger":"task"}
{"timestamp":"2025-07-08T19:40:49.308068Z","level":"info","event":"SUCCESS: Weather data for Africa/Bolama committed.","chan":"stdout","logger":"task"}
{"timestamp":"2025-07-08T19:40:50.387195Z","level":"info","event":"Database connection to 'meteo' established successfully.","chan":"stdout","logger":"task"}
{"timestamp":"2025-07-08T19:40:50.747544Z","level":"info","event":"INFO: Logged ETL process 'process_city_data' with status 'success'.","chan":"stdout","logger":"task"}
{"timestamp":"2025-07-08T19:40:50.747934Z","level":"info","event":"INFO: Finished processing Africa/Bolama.","chan":"stdout","logger":"task"}
{"timestamp":"2025-07-08T19:40:52.187339Z","level":"info","event":"Database connection to 'meteo' established successfully.","chan":"stdout","logger":"task"}
{"timestamp":"2025-07-08T19:40:52.187530Z","level":"info","event":"Fetching weather for Africa/Bamako...","chan":"stdout","logger":"task"}
{"timestamp":"2025-07-08T19:40:52.909971Z","level":"info","event":"INFO: Inserting location 'Bamako' into the database...","chan":"stdout","logger":"task"}
{"timestamp":"2025-07-08T19:40:53.267244Z","level":"info","event":"SUCCESS: Location 'Bamako' inserted with ID 11.","chan":"stdout","logger":"task"}
{"timestamp":"2025-07-08T19:40:53.267414Z","level":"info","event":"INFO: Processing current weather data for location ID 11...","chan":"stdout","logger":"task"}
{"timestamp":"2025-07-08T19:40:53.267504Z","level":"info","event":"INFO: Inserting condition 'Patchy light rain with thunder' with code 1273...","chan":"stdout","logger":"task"}
{"timestamp":"2025-07-08T19:40:53.627324Z","level":"info","event":"SUCCESS: Condition 'Patchy light rain with thunder' inserted or updated successfully.","chan":"stdout","logger":"task"}
{"timestamp":"2025-07-08T19:40:53.987241Z","level":"info","event":"SUCCESS: Current weather data for location ID 11 inserted successfully.","chan":"stdout","logger":"task"}
{"timestamp":"2025-07-08T19:40:54.167329Z","level":"info","event":"SUCCESS: Weather data for Africa/Bamako committed.","chan":"stdout","logger":"task"}
{"timestamp":"2025-07-08T19:40:55.066425Z","level":"info","event":"Database connection to 'meteo' established successfully.","chan":"stdout","logger":"task"}
{"timestamp":"2025-07-08T19:40:55.429118Z","level":"info","event":"INFO: Logged ETL process 'process_city_data' with status 'success'.","chan":"stdout","logger":"task"}
{"timestamp":"2025-07-08T19:40:55.429511Z","level":"info","event":"INFO: Finished processing Africa/Bamako.","chan":"stdout","logger":"task"}
{"timestamp":"2025-07-08T19:40:56.867420Z","level":"info","event":"Database connection to 'meteo' established successfully.","chan":"stdout","logger":"task"}
{"timestamp":"2025-07-08T19:40:56.867688Z","level":"info","event":"Fetching weather for Africa/Sikasso...","chan":"stdout","logger":"task"}
{"timestamp":"2025-07-08T19:40:57.244867Z","level":"info","event":"INFO: Inserting location 'Sikasso' into the database...","chan":"stdout","logger":"task"}
{"timestamp":"2025-07-08T19:40:57.587228Z","level":"info","event":"SUCCESS: Location 'Sikasso' inserted with ID 12.","chan":"stdout","logger":"task"}
{"timestamp":"2025-07-08T19:40:57.587527Z","level":"info","event":"INFO: Processing current weather data for location ID 12...","chan":"stdout","logger":"task"}
{"timestamp":"2025-07-08T19:40:57.587690Z","level":"info","event":"INFO: Inserting condition 'Patchy rain nearby' with code 1063...","chan":"stdout","logger":"task"}
{"timestamp":"2025-07-08T19:40:58.128574Z","level":"info","event":"SUCCESS: Condition 'Patchy rain nearby' inserted or updated successfully.","chan":"stdout","logger":"task"}
{"timestamp":"2025-07-08T19:40:58.492206Z","level":"info","event":"SUCCESS: Current weather data for location ID 12 inserted successfully.","chan":"stdout","logger":"task"}
{"timestamp":"2025-07-08T19:40:58.671295Z","level":"info","event":"SUCCESS: Weather data for Africa/Sikasso committed.","chan":"stdout","logger":"task"}
{"timestamp":"2025-07-08T19:40:59.749086Z","level":"info","event":"Database connection to 'meteo' established successfully.","chan":"stdout","logger":"task"}
{"timestamp":"2025-07-08T19:41:00.106728Z","level":"info","event":"INFO: Logged ETL process 'process_city_data' with status 'success'.","chan":"stdout","logger":"task"}
{"timestamp":"2025-07-08T19:41:00.107099Z","level":"info","event":"INFO: Finished processing Africa/Sikasso.","chan":"stdout","logger":"task"}
{"timestamp":"2025-07-08T19:41:02.863060Z","level":"info","event":"Database connection to 'meteo' established successfully.","chan":"stdout","logger":"task"}
{"timestamp":"2025-07-08T19:41:02.863730Z","level":"info","event":"Fetching weather for Africa/Segou...","chan":"stdout","logger":"task"}
{"timestamp":"2025-07-08T19:41:03.404797Z","level":"info","event":"INFO: Inserting location 'Segou' into the database...","chan":"stdout","logger":"task"}
{"timestamp":"2025-07-08T19:41:03.940916Z","level":"info","event":"SUCCESS: Location 'Segou' inserted with ID 13.","chan":"stdout","logger":"task"}
{"timestamp":"2025-07-08T19:41:03.941198Z","level":"info","event":"INFO: Processing current weather data for location ID 13...","chan":"stdout","logger":"task"}
{"timestamp":"2025-07-08T19:41:03.941382Z","level":"info","event":"INFO: Inserting condition 'Patchy rain nearby' with code 1063...","chan":"stdout","logger":"task"}
{"timestamp":"2025-07-08T19:41:04.428756Z","level":"info","event":"SUCCESS: Condition 'Patchy rain nearby' inserted or updated successfully.","chan":"stdout","logger":"task"}
{"timestamp":"2025-07-08T19:41:05.244418Z","level":"info","event":"SUCCESS: Current weather data for location ID 13 inserted successfully.","chan":"stdout","logger":"task"}
{"timestamp":"2025-07-08T19:41:06.258873Z","level":"info","event":"SUCCESS: Weather data for Africa/Segou committed.","chan":"stdout","logger":"task"}
{"timestamp":"2025-07-08T19:41:07.339315Z","level":"info","event":"Database connection to 'meteo' established successfully.","chan":"stdout","logger":"task"}
{"timestamp":"2025-07-08T19:41:07.702769Z","level":"info","event":"INFO: Logged ETL process 'process_city_data' with status 'success'.","chan":"stdout","logger":"task"}
{"timestamp":"2025-07-08T19:41:07.703613Z","level":"info","event":"INFO: Finished processing Africa/Segou.","chan":"stdout","logger":"task"}
{"timestamp":"2025-07-08T19:41:10.219354Z","level":"info","event":"Database connection to 'meteo' established successfully.","chan":"stdout","logger":"task"}
{"timestamp":"2025-07-08T19:41:10.219532Z","level":"info","event":"Fetching weather for Africa/Niamey...","chan":"stdout","logger":"task"}
{"timestamp":"2025-07-08T19:41:10.761837Z","level":"info","event":"INFO: Inserting location 'Niamey' into the database...","chan":"stdout","logger":"task"}
{"timestamp":"2025-07-08T19:41:11.117883Z","level":"info","event":"SUCCESS: Location 'Niamey' inserted with ID 14.","chan":"stdout","logger":"task"}
{"timestamp":"2025-07-08T19:41:11.118132Z","level":"info","event":"INFO: Processing current weather data for location ID 14...","chan":"stdout","logger":"task"}
{"timestamp":"2025-07-08T19:41:11.118344Z","level":"info","event":"INFO: Inserting condition 'Partly Cloudy' with code 1003...","chan":"stdout","logger":"task"}
{"timestamp":"2025-07-08T19:41:11.478960Z","level":"info","event":"SUCCESS: Condition 'Partly Cloudy' inserted or updated successfully.","chan":"stdout","logger":"task"}
{"timestamp":"2025-07-08T19:41:11.838627Z","level":"info","event":"SUCCESS: Current weather data for location ID 14 inserted successfully.","chan":"stdout","logger":"task"}
{"timestamp":"2025-07-08T19:41:12.019408Z","level":"info","event":"SUCCESS: Weather data for Africa/Niamey committed.","chan":"stdout","logger":"task"}
{"timestamp":"2025-07-08T19:41:13.099423Z","level":"info","event":"Database connection to 'meteo' established successfully.","chan":"stdout","logger":"task"}
{"timestamp":"2025-07-08T19:41:13.458612Z","level":"info","event":"INFO: Logged ETL process 'process_city_data' with status 'success'.","chan":"stdout","logger":"task"}
{"timestamp":"2025-07-08T19:41:13.458955Z","level":"info","event":"INFO: Finished processing Africa/Niamey.","chan":"stdout","logger":"task"}
{"timestamp":"2025-07-08T19:41:15.166002Z","level":"info","event":"Database connection to 'meteo' established successfully.","chan":"stdout","logger":"task"}
{"timestamp":"2025-07-08T19:41:15.166197Z","level":"info","event":"Fetching weather for Africa/Zinder...","chan":"stdout","logger":"task"}
{"timestamp":"2025-07-08T19:41:15.880970Z","level":"info","event":"INFO: Inserting location 'Zinder' into the database...","chan":"stdout","logger":"task"}
{"timestamp":"2025-07-08T19:41:16.240195Z","level":"info","event":"SUCCESS: Location 'Zinder' inserted with ID 15.","chan":"stdout","logger":"task"}
{"timestamp":"2025-07-08T19:41:16.240369Z","level":"info","event":"INFO: Processing current weather data for location ID 15...","chan":"stdout","logger":"task"}
{"timestamp":"2025-07-08T19:41:16.240457Z","level":"info","event":"INFO: Inserting condition 'Patchy rain nearby' with code 1063...","chan":"stdout","logger":"task"}
{"timestamp":"2025-07-08T19:41:16.600407Z","level":"info","event":"SUCCESS: Condition 'Patchy rain nearby' inserted or updated successfully.","chan":"stdout","logger":"task"}
{"timestamp":"2025-07-08T19:41:16.959601Z","level":"info","event":"SUCCESS: Current weather data for location ID 15 inserted successfully.","chan":"stdout","logger":"task"}
{"timestamp":"2025-07-08T19:41:17.321426Z","level":"info","event":"SUCCESS: Weather data for Africa/Zinder committed.","chan":"stdout","logger":"task"}
{"timestamp":"2025-07-08T19:41:18.219472Z","level":"info","event":"Database connection to 'meteo' established successfully.","chan":"stdout","logger":"task"}
{"timestamp":"2025-07-08T19:41:18.579319Z","level":"info","event":"INFO: Logged ETL process 'process_city_data' with status 'success'.","chan":"stdout","logger":"task"}
{"timestamp":"2025-07-08T19:41:18.579667Z","level":"info","event":"INFO: Finished processing Africa/Zinder.","chan":"stdout","logger":"task"}
{"timestamp":"2025-07-08T19:41:20.024076Z","level":"info","event":"Database connection to 'meteo' established successfully.","chan":"stdout","logger":"task"}
{"timestamp":"2025-07-08T19:41:20.024390Z","level":"info","event":"Fetching weather for Africa/Maradi...","chan":"stdout","logger":"task"}
{"timestamp":"2025-07-08T19:41:21.643972Z","level":"info","event":"INFO: Inserting location 'Maradi' into the database...","chan":"stdout","logger":"task"}
{"timestamp":"2025-07-08T19:41:21.999625Z","level":"info","event":"SUCCESS: Location 'Maradi' inserted with ID 16.","chan":"stdout","logger":"task"}
{"timestamp":"2025-07-08T19:41:22.000228Z","level":"info","event":"INFO: Processing current weather data for location ID 16...","chan":"stdout","logger":"task"}
{"timestamp":"2025-07-08T19:41:22.000606Z","level":"info","event":"INFO: Inserting condition 'Clear' with code 1000...","chan":"stdout","logger":"task"}
{"timestamp":"2025-07-08T19:41:22.362275Z","level":"info","event":"SUCCESS: Condition 'Clear' inserted or updated successfully.","chan":"stdout","logger":"task"}
{"timestamp":"2025-07-08T19:41:23.259818Z","level":"info","event":"SUCCESS: Current weather data for location ID 16 inserted successfully.","chan":"stdout","logger":"task"}
{"timestamp":"2025-07-08T19:41:23.445205Z","level":"info","event":"SUCCESS: Weather data for Africa/Maradi committed.","chan":"stdout","logger":"task"}
{"timestamp":"2025-07-08T19:41:24.519785Z","level":"info","event":"Database connection to 'meteo' established successfully.","chan":"stdout","logger":"task"}
{"timestamp":"2025-07-08T19:41:24.881026Z","level":"info","event":"INFO: Logged ETL process 'process_city_data' with status 'success'.","chan":"stdout","logger":"task"}
{"timestamp":"2025-07-08T19:41:24.881335Z","level":"info","event":"INFO: Finished processing Africa/Maradi.","chan":"stdout","logger":"task"}
{"timestamp":"2025-07-08T19:41:26.319657Z","level":"info","event":"Database connection to 'meteo' established successfully.","chan":"stdout","logger":"task"}
{"timestamp":"2025-07-08T19:41:26.319918Z","level":"info","event":"Fetching weather for Africa/Dakar...","chan":"stdout","logger":"task"}
{"timestamp":"2025-07-08T19:41:26.884059Z","level":"info","event":"INFO: Inserting location 'Dakar' into the database...","chan":"stdout","logger":"task"}
{"timestamp":"2025-07-08T19:41:27.223239Z","level":"info","event":"SUCCESS: Location 'Dakar' inserted with ID 17.","chan":"stdout","logger":"task"}
{"timestamp":"2025-07-08T19:41:27.223554Z","level":"info","event":"INFO: Processing current weather data for location ID 17...","chan":"stdout","logger":"task"}
{"timestamp":"2025-07-08T19:41:27.223866Z","level":"info","event":"INFO: Inserting condition 'Partly cloudy' with code 1003...","chan":"stdout","logger":"task"}
{"timestamp":"2025-07-08T19:41:27.580928Z","level":"info","event":"SUCCESS: Condition 'Partly cloudy' inserted or updated successfully.","chan":"stdout","logger":"task"}
{"timestamp":"2025-07-08T19:41:27.971639Z","level":"info","event":"SUCCESS: Current weather data for location ID 17 inserted successfully.","chan":"stdout","logger":"task"}
{"timestamp":"2025-07-08T19:41:28.119511Z","level":"info","event":"SUCCESS: Weather data for Africa/Dakar committed.","chan":"stdout","logger":"task"}
{"timestamp":"2025-07-08T19:41:29.080435Z","level":"info","event":"Database connection to 'meteo' established successfully.","chan":"stdout","logger":"task"}
{"timestamp":"2025-07-08T19:41:29.444187Z","level":"info","event":"INFO: Logged ETL process 'process_city_data' with status 'success'.","chan":"stdout","logger":"task"}
{"timestamp":"2025-07-08T19:41:29.444510Z","level":"info","event":"INFO: Finished processing Africa/Dakar.","chan":"stdout","logger":"task"}
{"timestamp":"2025-07-08T19:41:31.059018Z","level":"info","event":"Database connection to 'meteo' established successfully.","chan":"stdout","logger":"task"}
{"timestamp":"2025-07-08T19:41:31.059261Z","level":"info","event":"Fetching weather for Africa/Thiès...","chan":"stdout","logger":"task"}
{"timestamp":"2025-07-08T19:41:31.781213Z","level":"info","event":"INFO: Inserting location 'Ma-Africa' into the database...","chan":"stdout","logger":"task"}
{"timestamp":"2025-07-08T19:41:32.142882Z","level":"info","event":"SUCCESS: Location 'Ma-Africa' inserted with ID 18.","chan":"stdout","logger":"task"}
{"timestamp":"2025-07-08T19:41:32.143155Z","level":"info","event":"INFO: Processing current weather data for location ID 18...","chan":"stdout","logger":"task"}
{"timestamp":"2025-07-08T19:41:32.143263Z","level":"info","event":"INFO: Inserting condition 'Clear' with code 1000...","chan":"stdout","logger":"task"}
{"timestamp":"2025-07-08T19:41:32.506876Z","level":"info","event":"SUCCESS: Condition 'Clear' inserted or updated successfully.","chan":"stdout","logger":"task"}
{"timestamp":"2025-07-08T19:41:32.858606Z","level":"info","event":"SUCCESS: Current weather data for location ID 18 inserted successfully.","chan":"stdout","logger":"task"}
{"timestamp":"2025-07-08T19:41:33.042446Z","level":"info","event":"SUCCESS: Weather data for Africa/Thiès committed.","chan":"stdout","logger":"task"}
{"timestamp":"2025-07-08T19:41:34.120020Z","level":"info","event":"Database connection to 'meteo' established successfully.","chan":"stdout","logger":"task"}
{"timestamp":"2025-07-08T19:41:34.478477Z","level":"info","event":"INFO: Logged ETL process 'process_city_data' with status 'success'.","chan":"stdout","logger":"task"}
{"timestamp":"2025-07-08T19:41:34.478861Z","level":"info","event":"INFO: Finished processing Africa/Thiès.","chan":"stdout","logger":"task"}
{"timestamp":"2025-07-08T19:41:35.919905Z","level":"info","event":"Database connection to 'meteo' established successfully.","chan":"stdout","logger":"task"}
{"timestamp":"2025-07-08T19:41:35.920477Z","level":"info","event":"Fetching weather for Africa/Saint-Louis...","chan":"stdout","logger":"task"}
{"timestamp":"2025-07-08T19:41:36.640783Z","level":"info","event":"INFO: Inserting location 'Saint-Louis' into the database...","chan":"stdout","logger":"task"}
{"timestamp":"2025-07-08T19:41:37.008132Z","level":"info","event":"SUCCESS: Location 'Saint-Louis' inserted with ID 19.","chan":"stdout","logger":"task"}
{"timestamp":"2025-07-08T19:41:37.008418Z","level":"info","event":"INFO: Processing current weather data for location ID 19...","chan":"stdout","logger":"task"}
{"timestamp":"2025-07-08T19:41:37.008622Z","level":"info","event":"INFO: Inserting condition 'Patchy rain nearby' with code 1063...","chan":"stdout","logger":"task"}
{"timestamp":"2025-07-08T19:41:37.358450Z","level":"info","event":"SUCCESS: Condition 'Patchy rain nearby' inserted or updated successfully.","chan":"stdout","logger":"task"}
{"timestamp":"2025-07-08T19:41:37.719154Z","level":"info","event":"SUCCESS: Current weather data for location ID 19 inserted successfully.","chan":"stdout","logger":"task"}
{"timestamp":"2025-07-08T19:41:37.901668Z","level":"info","event":"SUCCESS: Weather data for Africa/Saint-Louis committed.","chan":"stdout","logger":"task"}
{"timestamp":"2025-07-08T19:41:38.798191Z","level":"info","event":"Database connection to 'meteo' established successfully.","chan":"stdout","logger":"task"}
{"timestamp":"2025-07-08T19:41:39.159464Z","level":"info","event":"INFO: Logged ETL process 'process_city_data' with status 'success'.","chan":"stdout","logger":"task"}
{"timestamp":"2025-07-08T19:41:39.159830Z","level":"info","event":"INFO: Finished processing Africa/Saint-Louis.","chan":"stdout","logger":"task"}
{"timestamp":"2025-07-08T19:41:40.599334Z","level":"info","event":"Database connection to 'meteo' established successfully.","chan":"stdout","logger":"task"}
{"timestamp":"2025-07-08T19:41:40.599540Z","level":"info","event":"Fetching weather for Africa/Lomé...","chan":"stdout","logger":"task"}
{"timestamp":"2025-07-08T19:41:40.963137Z","level":"info","event":"INFO: Inserting location 'Ma-Africa' into the database...","chan":"stdout","logger":"task"}
{"timestamp":"2025-07-08T19:41:41.859142Z","level":"info","event":"SUCCESS: Location 'Ma-Africa' inserted with ID 18.","chan":"stdout","logger":"task"}
{"timestamp":"2025-07-08T19:41:41.859408Z","level":"info","event":"INFO: Processing current weather data for location ID 18...","chan":"stdout","logger":"task"}
{"timestamp":"2025-07-08T19:41:41.859720Z","level":"info","event":"INFO: Inserting condition 'Clear' with code 1000...","chan":"stdout","logger":"task"}
{"timestamp":"2025-07-08T19:41:42.217813Z","level":"info","event":"SUCCESS: Condition 'Clear' inserted or updated successfully.","chan":"stdout","logger":"task"}
{"timestamp":"2025-07-08T19:41:42.641945Z","level":"info","event":"SUCCESS: Current weather data for location ID 18 inserted successfully.","chan":"stdout","logger":"task"}
{"timestamp":"2025-07-08T19:41:42.822230Z","level":"info","event":"SUCCESS: Weather data for Africa/Lomé committed.","chan":"stdout","logger":"task"}
{"timestamp":"2025-07-08T19:41:43.721617Z","level":"info","event":"Database connection to 'meteo' established successfully.","chan":"stdout","logger":"task"}
{"timestamp":"2025-07-08T19:41:44.621658Z","level":"info","event":"INFO: Logged ETL process 'process_city_data' with status 'success'.","chan":"stdout","logger":"task"}
{"timestamp":"2025-07-08T19:41:44.622119Z","level":"info","event":"INFO: Finished processing Africa/Lomé.","chan":"stdout","logger":"task"}
{"timestamp":"2025-07-08T19:41:46.241264Z","level":"info","event":"Database connection to 'meteo' established successfully.","chan":"stdout","logger":"task"}
{"timestamp":"2025-07-08T19:41:46.242002Z","level":"info","event":"Fetching weather for Africa/Sokodé...","chan":"stdout","logger":"task"}
{"timestamp":"2025-07-08T19:41:46.613058Z","level":"info","event":"INFO: Inserting location 'Ma-Africa' into the database...","chan":"stdout","logger":"task"}
{"timestamp":"2025-07-08T19:41:46.959485Z","level":"info","event":"SUCCESS: Location 'Ma-Africa' inserted with ID 18.","chan":"stdout","logger":"task"}
{"timestamp":"2025-07-08T19:41:46.959905Z","level":"info","event":"INFO: Processing current weather data for location ID 18...","chan":"stdout","logger":"task"}
{"timestamp":"2025-07-08T19:41:46.960195Z","level":"info","event":"INFO: Inserting condition 'Clear' with code 1000...","chan":"stdout","logger":"task"}
{"timestamp":"2025-07-08T19:41:47.320459Z","level":"info","event":"SUCCESS: Condition 'Clear' inserted or updated successfully.","chan":"stdout","logger":"task"}
{"timestamp":"2025-07-08T19:41:47.681266Z","level":"info","event":"SUCCESS: Current weather data for location ID 18 inserted successfully.","chan":"stdout","logger":"task"}
{"timestamp":"2025-07-08T19:41:47.860028Z","level":"info","event":"SUCCESS: Weather data for Africa/Sokodé committed.","chan":"stdout","logger":"task"}
{"timestamp":"2025-07-08T19:41:49.119381Z","level":"info","event":"Database connection to 'meteo' established successfully.","chan":"stdout","logger":"task"}
{"timestamp":"2025-07-08T19:41:49.481390Z","level":"info","event":"INFO: Logged ETL process 'process_city_data' with status 'success'.","chan":"stdout","logger":"task"}
{"timestamp":"2025-07-08T19:41:49.481779Z","level":"info","event":"INFO: Finished processing Africa/Sokodé.","chan":"stdout","logger":"task"}
{"timestamp":"2025-07-08T19:41:51.999735Z","level":"info","event":"Database connection to 'meteo' established successfully.","chan":"stdout","logger":"task"}
{"timestamp":"2025-07-08T19:41:52.000123Z","level":"info","event":"Fetching weather for Africa/Kara...","chan":"stdout","logger":"task"}
{"timestamp":"2025-07-08T19:41:52.564388Z","level":"info","event":"INFO: Inserting location 'Kara' into the database...","chan":"stdout","logger":"task"}
{"timestamp":"2025-07-08T19:41:52.901286Z","level":"info","event":"SUCCESS: Location 'Kara' inserted with ID 22.","chan":"stdout","logger":"task"}
{"timestamp":"2025-07-08T19:41:52.901527Z","level":"info","event":"INFO: Processing current weather data for location ID 22...","chan":"stdout","logger":"task"}
{"timestamp":"2025-07-08T19:41:52.901703Z","level":"info","event":"INFO: Inserting condition 'Moderate or heavy rain with thunder' with code 1276...","chan":"stdout","logger":"task"}
{"timestamp":"2025-07-08T19:41:53.259874Z","level":"info","event":"SUCCESS: Condition 'Moderate or heavy rain with thunder' inserted or updated successfully.","chan":"stdout","logger":"task"}
{"timestamp":"2025-07-08T19:41:53.622995Z","level":"info","event":"SUCCESS: Current weather data for location ID 22 inserted successfully.","chan":"stdout","logger":"task"}
{"timestamp":"2025-07-08T19:41:53.807345Z","level":"info","event":"SUCCESS: Weather data for Africa/Kara committed.","chan":"stdout","logger":"task"}
{"timestamp":"2025-07-08T19:41:54.701111Z","level":"info","event":"Database connection to 'meteo' established successfully.","chan":"stdout","logger":"task"}
{"timestamp":"2025-07-08T19:41:55.064713Z","level":"info","event":"INFO: Logged ETL process 'process_city_data' with status 'success'.","chan":"stdout","logger":"task"}
{"timestamp":"2025-07-08T19:41:55.065478Z","level":"info","event":"INFO: Finished processing Africa/Kara.","chan":"stdout","logger":"task"}
{"timestamp":"2025-07-08T19:41:55.565047Z","level":"info","event":"INFO: Extraction/loading done.","chan":"stdout","logger":"task"}
{"timestamp":"2025-07-08T19:41:56.742357Z","level":"info","event":"Database connection to 'meteo' established successfully.","chan":"stdout","logger":"task"}
{"timestamp":"2025-07-08T19:41:57.283322Z","level":"info","event":"INFO: Logged ETL process 'extract_and_load' with status 'success'.","chan":"stdout","logger":"task"}
{"timestamp":"2025-07-08T19:41:57.284804","level":"info","event":"Done. Returned value was: None","logger":"airflow.task.operators.airflow.providers.standard.operators.python.PythonOperator"}
