{"timestamp":"2025-07-09T05:26:16.053398","level":"info","event":"DAG bundles loaded: dags-folder","logger":"airflow.dag_processing.bundles.manager.DagBundlesManager"}
{"timestamp":"2025-07-09T05:26:16.054882","level":"info","event":"Filling up the DagBag from /opt/airflow/dags/weather_etl_dag.py","logger":"airflow.models.dagbag.DagBag"}
{"timestamp":"2025-07-09T05:26:16.894315Z","level":"info","event":"INFO: Starting extraction/loading...","chan":"stdout","logger":"task"}
{"timestamp":"2025-07-09T05:26:17.491786Z","level":"info","event":"Database connection to 'meteo' established successfully.","chan":"stdout","logger":"task"}
{"timestamp":"2025-07-09T05:26:17.492075Z","level":"info","event":"Fetching weather for Africa/Porto-Novo...","chan":"stdout","logger":"task"}
{"timestamp":"2025-07-09T05:26:17.916433Z","level":"info","event":"INFO: Inserting location 'Porto Novo' into the database...","chan":"stdout","logger":"task"}
{"timestamp":"2025-07-09T05:26:18.321951Z","level":"info","event":"SUCCESS: Location 'Porto Novo' inserted with ID 1.","chan":"stdout","logger":"task"}
{"timestamp":"2025-07-09T05:26:18.322247Z","level":"info","event":"INFO: Processing current weather data for location ID 1...","chan":"stdout","logger":"task"}
{"timestamp":"2025-07-09T05:26:18.322452Z","level":"info","event":"INFO: Inserting condition 'Clear' with code 1000...","chan":"stdout","logger":"task"}
{"timestamp":"2025-07-09T05:26:18.620788Z","level":"info","event":"SUCCESS: Condition 'Clear' inserted or updated successfully.","chan":"stdout","logger":"task"}
{"timestamp":"2025-07-09T05:26:19.044742Z","level":"info","event":"SUCCESS: Current weather data for location ID 1 inserted successfully.","chan":"stdout","logger":"task"}
{"timestamp":"2025-07-09T05:26:19.138864Z","level":"info","event":"SUCCESS: Weather data for Africa/Porto-Novo committed.","chan":"stdout","logger":"task"}
{"timestamp":"2025-07-09T05:26:19.652773Z","level":"info","event":"Database connection to 'meteo' established successfully.","chan":"stdout","logger":"task"}
{"timestamp":"2025-07-09T05:26:19.848050Z","level":"info","event":"INFO: Logged ETL process 'process_city_data' with status 'success'.","chan":"stdout","logger":"task"}
{"timestamp":"2025-07-09T05:26:19.848496Z","level":"info","event":"INFO: Finished processing Africa/Porto-Novo.","chan":"stdout","logger":"task"}
{"timestamp":"2025-07-09T05:26:20.863530Z","level":"info","event":"Database connection to 'meteo' established successfully.","chan":"stdout","logger":"task"}
{"timestamp":"2025-07-09T05:26:20.863859Z","level":"info","event":"Fetching weather for Africa/Bafata...","chan":"stdout","logger":"task"}
{"timestamp":"2025-07-09T05:26:21.294236Z","level":"info","event":"INFO: Inserting location 'Bafata' into the database...","chan":"stdout","logger":"task"}
{"timestamp":"2025-07-09T05:26:21.596727Z","level":"info","event":"SUCCESS: Location 'Bafata' inserted with ID 2.","chan":"stdout","logger":"task"}
{"timestamp":"2025-07-09T05:26:21.596986Z","level":"info","event":"INFO: Processing current weather data for location ID 2...","chan":"stdout","logger":"task"}
{"timestamp":"2025-07-09T05:26:21.597154Z","level":"info","event":"INFO: Inserting condition 'Light rain shower' with code 1240...","chan":"stdout","logger":"task"}
{"timestamp":"2025-07-09T05:26:21.785685Z","level":"info","event":"SUCCESS: Condition 'Light rain shower' inserted or updated successfully.","chan":"stdout","logger":"task"}
{"timestamp":"2025-07-09T05:26:22.104027Z","level":"info","event":"SUCCESS: Current weather data for location ID 2 inserted successfully.","chan":"stdout","logger":"task"}
{"timestamp":"2025-07-09T05:26:22.195535Z","level":"info","event":"SUCCESS: Weather data for Africa/Bafata committed.","chan":"stdout","logger":"task"}
{"timestamp":"2025-07-09T05:26:22.708896Z","level":"info","event":"Database connection to 'meteo' established successfully.","chan":"stdout","logger":"task"}
{"timestamp":"2025-07-09T05:26:22.899989Z","level":"info","event":"INFO: Logged ETL process 'process_city_data' with status 'success'.","chan":"stdout","logger":"task"}
{"timestamp":"2025-07-09T05:26:22.900329Z","level":"info","event":"INFO: Finished processing Africa/Bafata.","chan":"stdout","logger":"task"}
{"timestamp":"2025-07-09T05:26:23.992970Z","level":"info","event":"Database connection to 'meteo' established successfully.","chan":"stdout","logger":"task"}
{"timestamp":"2025-07-09T05:26:23.993303Z","level":"info","event":"Fetching weather for Africa/Ouagadougou...","chan":"stdout","logger":"task"}
{"timestamp":"2025-07-09T05:26:24.264517Z","level":"info","event":"INFO: Inserting location 'Ouagadougou' into the database...","chan":"stdout","logger":"task"}
{"timestamp":"2025-07-09T05:26:24.566051Z","level":"info","event":"SUCCESS: Location 'Ouagadougou' inserted with ID 3.","chan":"stdout","logger":"task"}
{"timestamp":"2025-07-09T05:26:24.566274Z","level":"info","event":"INFO: Processing current weather data for location ID 3...","chan":"stdout","logger":"task"}
{"timestamp":"2025-07-09T05:26:24.566486Z","level":"info","event":"INFO: Inserting condition 'Moderate rain at times' with code 1186...","chan":"stdout","logger":"task"}
{"timestamp":"2025-07-09T05:26:24.758634Z","level":"info","event":"SUCCESS: Condition 'Moderate rain at times' inserted or updated successfully.","chan":"stdout","logger":"task"}
{"timestamp":"2025-07-09T05:26:25.073059Z","level":"info","event":"SUCCESS: Current weather data for location ID 3 inserted successfully.","chan":"stdout","logger":"task"}
{"timestamp":"2025-07-09T05:26:25.168211Z","level":"info","event":"SUCCESS: Weather data for Africa/Ouagadougou committed.","chan":"stdout","logger":"task"}
{"timestamp":"2025-07-09T05:26:25.789972Z","level":"info","event":"Database connection to 'meteo' established successfully.","chan":"stdout","logger":"task"}
{"timestamp":"2025-07-09T05:26:25.984881Z","level":"info","event":"INFO: Logged ETL process 'process_city_data' with status 'success'.","chan":"stdout","logger":"task"}
{"timestamp":"2025-07-09T05:26:25.985182Z","level":"info","event":"INFO: Finished processing Africa/Ouagadougou.","chan":"stdout","logger":"task"}
{"timestamp":"2025-07-09T05:26:27.001277Z","level":"info","event":"Database connection to 'meteo' established successfully.","chan":"stdout","logger":"task"}
{"timestamp":"2025-07-09T05:26:27.001456Z","level":"info","event":"Fetching weather for Africa/Bobo-Dioulasso...","chan":"stdout","logger":"task"}
{"timestamp":"2025-07-09T05:26:27.232643Z","level":"info","event":"INFO: Inserting location 'Bobo Dioulasso' into the database...","chan":"stdout","logger":"task"}
{"timestamp":"2025-07-09T05:26:27.535905Z","level":"info","event":"SUCCESS: Location 'Bobo Dioulasso' inserted with ID 4.","chan":"stdout","logger":"task"}
{"timestamp":"2025-07-09T05:26:27.536183Z","level":"info","event":"INFO: Processing current weather data for location ID 4...","chan":"stdout","logger":"task"}
{"timestamp":"2025-07-09T05:26:27.538524Z","level":"info","event":"INFO: Inserting condition 'Patchy light rain with thunder' with code 1273...","chan":"stdout","logger":"task"}
{"timestamp":"2025-07-09T05:26:27.729130Z","level":"info","event":"SUCCESS: Condition 'Patchy light rain with thunder' inserted or updated successfully.","chan":"stdout","logger":"task"}
{"timestamp":"2025-07-09T05:26:28.043483Z","level":"info","event":"SUCCESS: Current weather data for location ID 4 inserted successfully.","chan":"stdout","logger":"task"}
{"timestamp":"2025-07-09T05:26:28.144515Z","level":"info","event":"SUCCESS: Weather data for Africa/Bobo-Dioulasso committed.","chan":"stdout","logger":"task"}
{"timestamp":"2025-07-09T05:26:28.758810Z","level":"info","event":"Database connection to 'meteo' established successfully.","chan":"stdout","logger":"task"}
{"timestamp":"2025-07-09T05:26:28.955710Z","level":"info","event":"INFO: Logged ETL process 'process_city_data' with status 'success'.","chan":"stdout","logger":"task"}
{"timestamp":"2025-07-09T05:26:28.956060Z","level":"info","event":"INFO: Finished processing Africa/Bobo-Dioulasso.","chan":"stdout","logger":"task"}
{"timestamp":"2025-07-09T05:26:29.975738Z","level":"info","event":"Database connection to 'meteo' established successfully.","chan":"stdout","logger":"task"}
{"timestamp":"2025-07-09T05:26:29.976092Z","level":"info","event":"Fetching weather for Africa/Abidjan...","chan":"stdout","logger":"task"}
{"timestamp":"2025-07-09T05:26:30.199964Z","level":"info","event":"INFO: Inserting location 'Abidjan' into the database...","chan":"stdout","logger":"task"}
{"timestamp":"2025-07-09T05:26:30.404729Z","level":"info","event":"SUCCESS: Location 'Abidjan' inserted with ID 5.","chan":"stdout","logger":"task"}
{"timestamp":"2025-07-09T05:26:30.405243Z","level":"info","event":"INFO: Processing current weather data for location ID 5...","chan":"stdout","logger":"task"}
{"timestamp":"2025-07-09T05:26:30.405609Z","level":"info","event":"INFO: Inserting condition 'Light rain shower' with code 1240...","chan":"stdout","logger":"task"}
{"timestamp":"2025-07-09T05:26:30.594185Z","level":"info","event":"SUCCESS: Condition 'Light rain shower' inserted or updated successfully.","chan":"stdout","logger":"task"}
{"timestamp":"2025-07-09T05:26:30.803227Z","level":"info","event":"SUCCESS: Current weather data for location ID 5 inserted successfully.","chan":"stdout","logger":"task"}
{"timestamp":"2025-07-09T05:26:30.896523Z","level":"info","event":"SUCCESS: Weather data for Africa/Abidjan committed.","chan":"stdout","logger":"task"}
{"timestamp":"2025-07-09T05:26:31.584185Z","level":"info","event":"Database connection to 'meteo' established successfully.","chan":"stdout","logger":"task"}
{"timestamp":"2025-07-09T05:26:31.781796Z","level":"info","event":"INFO: Logged ETL process 'process_city_data' with status 'success'.","chan":"stdout","logger":"task"}
{"timestamp":"2025-07-09T05:26:31.782485Z","level":"info","event":"INFO: Finished processing Africa/Abidjan.","chan":"stdout","logger":"task"}
{"timestamp":"2025-07-09T05:26:33.029659Z","level":"info","event":"Database connection to 'meteo' established successfully.","chan":"stdout","logger":"task"}
{"timestamp":"2025-07-09T05:26:33.030866Z","level":"info","event":"Fetching weather for Africa/Yamoussoukro...","chan":"stdout","logger":"task"}
{"timestamp":"2025-07-09T05:26:33.331738Z","level":"info","event":"INFO: Inserting location 'Yamoussoukro' into the database...","chan":"stdout","logger":"task"}
{"timestamp":"2025-07-09T05:26:33.543531Z","level":"info","event":"SUCCESS: Location 'Yamoussoukro' inserted with ID 6.","chan":"stdout","logger":"task"}
{"timestamp":"2025-07-09T05:26:33.543818Z","level":"info","event":"INFO: Processing current weather data for location ID 6...","chan":"stdout","logger":"task"}
{"timestamp":"2025-07-09T05:26:33.543977Z","level":"info","event":"INFO: Inserting condition 'Fog' with code 1135...","chan":"stdout","logger":"task"}
{"timestamp":"2025-07-09T05:26:33.840634Z","level":"info","event":"SUCCESS: Condition 'Fog' inserted or updated successfully.","chan":"stdout","logger":"task"}
{"timestamp":"2025-07-09T05:26:34.093785Z","level":"info","event":"SUCCESS: Current weather data for location ID 6 inserted successfully.","chan":"stdout","logger":"task"}
{"timestamp":"2025-07-09T05:26:34.194343Z","level":"info","event":"SUCCESS: Weather data for Africa/Yamoussoukro committed.","chan":"stdout","logger":"task"}
{"timestamp":"2025-07-09T05:26:35.104225Z","level":"info","event":"Database connection to 'meteo' established successfully.","chan":"stdout","logger":"task"}
{"timestamp":"2025-07-09T05:26:35.322850Z","level":"info","event":"INFO: Logged ETL process 'process_city_data' with status 'success'.","chan":"stdout","logger":"task"}
{"timestamp":"2025-07-09T05:26:35.323135Z","level":"info","event":"INFO: Finished processing Africa/Yamoussoukro.","chan":"stdout","logger":"task"}
{"timestamp":"2025-07-09T05:26:36.483137Z","level":"info","event":"Database connection to 'meteo' established successfully.","chan":"stdout","logger":"task"}
{"timestamp":"2025-07-09T05:26:36.483369Z","level":"info","event":"Fetching weather for Africa/Bouake...","chan":"stdout","logger":"task"}
{"timestamp":"2025-07-09T05:26:36.755813Z","level":"info","event":"INFO: Inserting location 'Bouake' into the database...","chan":"stdout","logger":"task"}
{"timestamp":"2025-07-09T05:26:36.958443Z","level":"info","event":"SUCCESS: Location 'Bouake' inserted with ID 7.","chan":"stdout","logger":"task"}
{"timestamp":"2025-07-09T05:26:36.958631Z","level":"info","event":"INFO: Processing current weather data for location ID 7...","chan":"stdout","logger":"task"}
{"timestamp":"2025-07-09T05:26:36.958755Z","level":"info","event":"INFO: Inserting condition 'Fog' with code 1135...","chan":"stdout","logger":"task"}
{"timestamp":"2025-07-09T05:26:37.191497Z","level":"info","event":"SUCCESS: Condition 'Fog' inserted or updated successfully.","chan":"stdout","logger":"task"}
{"timestamp":"2025-07-09T05:26:37.405955Z","level":"info","event":"SUCCESS: Current weather data for location ID 7 inserted successfully.","chan":"stdout","logger":"task"}
{"timestamp":"2025-07-09T05:26:37.502014Z","level":"info","event":"SUCCESS: Weather data for Africa/Bouake committed.","chan":"stdout","logger":"task"}
{"timestamp":"2025-07-09T05:26:38.043586Z","level":"info","event":"Database connection to 'meteo' established successfully.","chan":"stdout","logger":"task"}
{"timestamp":"2025-07-09T05:26:38.242031Z","level":"info","event":"INFO: Logged ETL process 'process_city_data' with status 'success'.","chan":"stdout","logger":"task"}
{"timestamp":"2025-07-09T05:26:38.242358Z","level":"info","event":"INFO: Finished processing Africa/Bouake.","chan":"stdout","logger":"task"}
{"timestamp":"2025-07-09T05:26:39.410526Z","level":"info","event":"Database connection to 'meteo' established successfully.","chan":"stdout","logger":"task"}
{"timestamp":"2025-07-09T05:26:39.410785Z","level":"info","event":"Fetching weather for Africa/Bissau...","chan":"stdout","logger":"task"}
{"timestamp":"2025-07-09T05:26:39.630533Z","level":"info","event":"INFO: Inserting location 'Bissau' into the database...","chan":"stdout","logger":"task"}
{"timestamp":"2025-07-09T05:26:39.926790Z","level":"info","event":"SUCCESS: Location 'Bissau' inserted with ID 8.","chan":"stdout","logger":"task"}
{"timestamp":"2025-07-09T05:26:39.927164Z","level":"info","event":"INFO: Processing current weather data for location ID 8...","chan":"stdout","logger":"task"}
{"timestamp":"2025-07-09T05:26:39.927374Z","level":"info","event":"INFO: Inserting condition 'Partly cloudy' with code 1003...","chan":"stdout","logger":"task"}
{"timestamp":"2025-07-09T05:26:40.127015Z","level":"info","event":"SUCCESS: Condition 'Partly cloudy' inserted or updated successfully.","chan":"stdout","logger":"task"}
{"timestamp":"2025-07-09T05:26:40.340337Z","level":"info","event":"SUCCESS: Current weather data for location ID 8 inserted successfully.","chan":"stdout","logger":"task"}
{"timestamp":"2025-07-09T05:26:40.438644Z","level":"info","event":"SUCCESS: Weather data for Africa/Bissau committed.","chan":"stdout","logger":"task"}
{"timestamp":"2025-07-09T05:26:40.954688Z","level":"info","event":"Database connection to 'meteo' established successfully.","chan":"stdout","logger":"task"}
{"timestamp":"2025-07-09T05:26:41.237500Z","level":"info","event":"INFO: Logged ETL process 'process_city_data' with status 'success'.","chan":"stdout","logger":"task"}
{"timestamp":"2025-07-09T05:26:41.237744Z","level":"info","event":"INFO: Finished processing Africa/Bissau.","chan":"stdout","logger":"task"}
{"timestamp":"2025-07-09T05:26:42.369151Z","level":"info","event":"Database connection to 'meteo' established successfully.","chan":"stdout","logger":"task"}
{"timestamp":"2025-07-09T05:26:42.369375Z","level":"info","event":"Fetching weather for Africa/Gabu...","chan":"stdout","logger":"task"}
{"timestamp":"2025-07-09T05:26:42.585943Z","level":"info","event":"INFO: Inserting location 'Gabu' into the database...","chan":"stdout","logger":"task"}
{"timestamp":"2025-07-09T05:26:42.794118Z","level":"info","event":"SUCCESS: Location 'Gabu' inserted with ID 9.","chan":"stdout","logger":"task"}
{"timestamp":"2025-07-09T05:26:42.794318Z","level":"info","event":"INFO: Processing current weather data for location ID 9...","chan":"stdout","logger":"task"}
{"timestamp":"2025-07-09T05:26:42.794489Z","level":"info","event":"INFO: Inserting condition 'Light rain shower' with code 1240...","chan":"stdout","logger":"task"}
{"timestamp":"2025-07-09T05:26:43.096881Z","level":"info","event":"SUCCESS: Condition 'Light rain shower' inserted or updated successfully.","chan":"stdout","logger":"task"}
{"timestamp":"2025-07-09T05:26:43.372594Z","level":"info","event":"SUCCESS: Current weather data for location ID 9 inserted successfully.","chan":"stdout","logger":"task"}
{"timestamp":"2025-07-09T05:26:43.495476Z","level":"info","event":"SUCCESS: Weather data for Africa/Gabu committed.","chan":"stdout","logger":"task"}
{"timestamp":"2025-07-09T05:26:44.114863Z","level":"info","event":"Database connection to 'meteo' established successfully.","chan":"stdout","logger":"task"}
{"timestamp":"2025-07-09T05:26:44.310820Z","level":"info","event":"INFO: Logged ETL process 'process_city_data' with status 'success'.","chan":"stdout","logger":"task"}
{"timestamp":"2025-07-09T05:26:44.311171Z","level":"info","event":"INFO: Finished processing Africa/Gabu.","chan":"stdout","logger":"task"}
{"timestamp":"2025-07-09T05:26:45.388718Z","level":"info","event":"Database connection to 'meteo' established successfully.","chan":"stdout","logger":"task"}
{"timestamp":"2025-07-09T05:26:45.388947Z","level":"info","event":"Fetching weather for Africa/Bolama...","chan":"stdout","logger":"task"}
{"timestamp":"2025-07-09T05:26:45.606192Z","level":"info","event":"INFO: Inserting location 'Bolama' into the database...","chan":"stdout","logger":"task"}
{"timestamp":"2025-07-09T05:26:45.866383Z","level":"info","event":"SUCCESS: Location 'Bolama' inserted with ID 10.","chan":"stdout","logger":"task"}
{"timestamp":"2025-07-09T05:26:45.866656Z","level":"info","event":"INFO: Processing current weather data for location ID 10...","chan":"stdout","logger":"task"}
{"timestamp":"2025-07-09T05:26:45.866816Z","level":"info","event":"INFO: Inserting condition 'Partly cloudy' with code 1003...","chan":"stdout","logger":"task"}
{"timestamp":"2025-07-09T05:26:46.055238Z","level":"info","event":"SUCCESS: Condition 'Partly cloudy' inserted or updated successfully.","chan":"stdout","logger":"task"}
{"timestamp":"2025-07-09T05:26:46.319340Z","level":"info","event":"SUCCESS: Current weather data for location ID 10 inserted successfully.","chan":"stdout","logger":"task"}
{"timestamp":"2025-07-09T05:26:46.415657Z","level":"info","event":"SUCCESS: Weather data for Africa/Bolama committed.","chan":"stdout","logger":"task"}
{"timestamp":"2025-07-09T05:26:46.983017Z","level":"info","event":"Database connection to 'meteo' established successfully.","chan":"stdout","logger":"task"}
{"timestamp":"2025-07-09T05:26:47.179098Z","level":"info","event":"INFO: Logged ETL process 'process_city_data' with status 'success'.","chan":"stdout","logger":"task"}
{"timestamp":"2025-07-09T05:26:47.179516Z","level":"info","event":"INFO: Finished processing Africa/Bolama.","chan":"stdout","logger":"task"}
{"timestamp":"2025-07-09T05:26:48.320499Z","level":"info","event":"Database connection to 'meteo' established successfully.","chan":"stdout","logger":"task"}
{"timestamp":"2025-07-09T05:26:48.320671Z","level":"info","event":"Fetching weather for Africa/Bamako...","chan":"stdout","logger":"task"}
{"timestamp":"2025-07-09T05:26:48.634870Z","level":"info","event":"INFO: Inserting location 'Bamako' into the database...","chan":"stdout","logger":"task"}
{"timestamp":"2025-07-09T05:26:48.937981Z","level":"info","event":"SUCCESS: Location 'Bamako' inserted with ID 11.","chan":"stdout","logger":"task"}
{"timestamp":"2025-07-09T05:26:48.938199Z","level":"info","event":"INFO: Processing current weather data for location ID 11...","chan":"stdout","logger":"task"}
{"timestamp":"2025-07-09T05:26:48.938337Z","level":"info","event":"INFO: Inserting condition 'Clear' with code 1000...","chan":"stdout","logger":"task"}
{"timestamp":"2025-07-09T05:26:49.136048Z","level":"info","event":"SUCCESS: Condition 'Clear' inserted or updated successfully.","chan":"stdout","logger":"task"}
{"timestamp":"2025-07-09T05:26:49.446509Z","level":"info","event":"SUCCESS: Current weather data for location ID 11 inserted successfully.","chan":"stdout","logger":"task"}
{"timestamp":"2025-07-09T05:26:49.545401Z","level":"info","event":"SUCCESS: Weather data for Africa/Bamako committed.","chan":"stdout","logger":"task"}
{"timestamp":"2025-07-09T05:26:50.157415Z","level":"info","event":"Database connection to 'meteo' established successfully.","chan":"stdout","logger":"task"}
{"timestamp":"2025-07-09T05:26:50.353506Z","level":"info","event":"INFO: Logged ETL process 'process_city_data' with status 'success'.","chan":"stdout","logger":"task"}
{"timestamp":"2025-07-09T05:26:50.353838Z","level":"info","event":"INFO: Finished processing Africa/Bamako.","chan":"stdout","logger":"task"}
{"timestamp":"2025-07-09T05:26:51.691782Z","level":"info","event":"Database connection to 'meteo' established successfully.","chan":"stdout","logger":"task"}
{"timestamp":"2025-07-09T05:26:51.692030Z","level":"info","event":"Fetching weather for Africa/Sikasso...","chan":"stdout","logger":"task"}
{"timestamp":"2025-07-09T05:26:52.014930Z","level":"info","event":"INFO: Inserting location 'Sikasso' into the database...","chan":"stdout","logger":"task"}
{"timestamp":"2025-07-09T05:26:52.214954Z","level":"info","event":"SUCCESS: Location 'Sikasso' inserted with ID 12.","chan":"stdout","logger":"task"}
{"timestamp":"2025-07-09T05:26:52.215219Z","level":"info","event":"INFO: Processing current weather data for location ID 12...","chan":"stdout","logger":"task"}
{"timestamp":"2025-07-09T05:26:52.215365Z","level":"info","event":"INFO: Inserting condition 'Patchy rain nearby' with code 1063...","chan":"stdout","logger":"task"}
{"timestamp":"2025-07-09T05:26:52.412148Z","level":"info","event":"SUCCESS: Condition 'Patchy rain nearby' inserted or updated successfully.","chan":"stdout","logger":"task"}
{"timestamp":"2025-07-09T05:26:52.722173Z","level":"info","event":"SUCCESS: Current weather data for location ID 12 inserted successfully.","chan":"stdout","logger":"task"}
{"timestamp":"2025-07-09T05:26:52.818023Z","level":"info","event":"SUCCESS: Weather data for Africa/Sikasso committed.","chan":"stdout","logger":"task"}
{"timestamp":"2025-07-09T05:26:53.341348Z","level":"info","event":"Database connection to 'meteo' established successfully.","chan":"stdout","logger":"task"}
{"timestamp":"2025-07-09T05:26:53.539043Z","level":"info","event":"INFO: Logged ETL process 'process_city_data' with status 'success'.","chan":"stdout","logger":"task"}
{"timestamp":"2025-07-09T05:26:53.539337Z","level":"info","event":"INFO: Finished processing Africa/Sikasso.","chan":"stdout","logger":"task"}
{"timestamp":"2025-07-09T05:26:54.620508Z","level":"info","event":"Database connection to 'meteo' established successfully.","chan":"stdout","logger":"task"}
{"timestamp":"2025-07-09T05:26:54.620762Z","level":"info","event":"Fetching weather for Africa/Segou...","chan":"stdout","logger":"task"}
{"timestamp":"2025-07-09T05:26:55.085897Z","level":"info","event":"INFO: Inserting location 'Segou' into the database...","chan":"stdout","logger":"task"}
{"timestamp":"2025-07-09T05:26:55.389638Z","level":"info","event":"SUCCESS: Location 'Segou' inserted with ID 13.","chan":"stdout","logger":"task"}
{"timestamp":"2025-07-09T05:26:55.389834Z","level":"info","event":"INFO: Processing current weather data for location ID 13...","chan":"stdout","logger":"task"}
{"timestamp":"2025-07-09T05:26:55.389977Z","level":"info","event":"INFO: Inserting condition 'Clear' with code 1000...","chan":"stdout","logger":"task"}
{"timestamp":"2025-07-09T05:26:55.587133Z","level":"info","event":"SUCCESS: Condition 'Clear' inserted or updated successfully.","chan":"stdout","logger":"task"}
{"timestamp":"2025-07-09T05:26:55.897378Z","level":"info","event":"SUCCESS: Current weather data for location ID 13 inserted successfully.","chan":"stdout","logger":"task"}
{"timestamp":"2025-07-09T05:26:55.997319Z","level":"info","event":"SUCCESS: Weather data for Africa/Segou committed.","chan":"stdout","logger":"task"}
{"timestamp":"2025-07-09T05:26:56.610084Z","level":"info","event":"Database connection to 'meteo' established successfully.","chan":"stdout","logger":"task"}
{"timestamp":"2025-07-09T05:26:56.805468Z","level":"info","event":"INFO: Logged ETL process 'process_city_data' with status 'success'.","chan":"stdout","logger":"task"}
{"timestamp":"2025-07-09T05:26:56.805716Z","level":"info","event":"INFO: Finished processing Africa/Segou.","chan":"stdout","logger":"task"}
{"timestamp":"2025-07-09T05:26:57.834637Z","level":"info","event":"Database connection to 'meteo' established successfully.","chan":"stdout","logger":"task"}
{"timestamp":"2025-07-09T05:26:57.834867Z","level":"info","event":"Fetching weather for Africa/Niamey...","chan":"stdout","logger":"task"}
{"timestamp":"2025-07-09T05:26:58.089573Z","level":"info","event":"INFO: Inserting location 'Niamey' into the database...","chan":"stdout","logger":"task"}
{"timestamp":"2025-07-09T05:26:58.359664Z","level":"info","event":"SUCCESS: Location 'Niamey' inserted with ID 14.","chan":"stdout","logger":"task"}
{"timestamp":"2025-07-09T05:26:58.359940Z","level":"info","event":"INFO: Processing current weather data for location ID 14...","chan":"stdout","logger":"task"}
{"timestamp":"2025-07-09T05:26:58.360088Z","level":"info","event":"INFO: Inserting condition 'Clear' with code 1000...","chan":"stdout","logger":"task"}
{"timestamp":"2025-07-09T05:26:58.554179Z","level":"info","event":"SUCCESS: Condition 'Clear' inserted or updated successfully.","chan":"stdout","logger":"task"}
{"timestamp":"2025-07-09T05:26:58.864609Z","level":"info","event":"SUCCESS: Current weather data for location ID 14 inserted successfully.","chan":"stdout","logger":"task"}
{"timestamp":"2025-07-09T05:26:58.961804Z","level":"info","event":"SUCCESS: Weather data for Africa/Niamey committed.","chan":"stdout","logger":"task"}
{"timestamp":"2025-07-09T05:26:59.496282Z","level":"info","event":"Database connection to 'meteo' established successfully.","chan":"stdout","logger":"task"}
{"timestamp":"2025-07-09T05:26:59.693205Z","level":"info","event":"INFO: Logged ETL process 'process_city_data' with status 'success'.","chan":"stdout","logger":"task"}
{"timestamp":"2025-07-09T05:26:59.693528Z","level":"info","event":"INFO: Finished processing Africa/Niamey.","chan":"stdout","logger":"task"}
{"timestamp":"2025-07-09T05:27:00.755499Z","level":"info","event":"Database connection to 'meteo' established successfully.","chan":"stdout","logger":"task"}
{"timestamp":"2025-07-09T05:27:00.755745Z","level":"info","event":"Fetching weather for Africa/Zinder...","chan":"stdout","logger":"task"}
{"timestamp":"2025-07-09T05:27:01.025455Z","level":"info","event":"INFO: Inserting location 'Zinder' into the database...","chan":"stdout","logger":"task"}
{"timestamp":"2025-07-09T05:27:01.329564Z","level":"info","event":"SUCCESS: Location 'Zinder' inserted with ID 15.","chan":"stdout","logger":"task"}
{"timestamp":"2025-07-09T05:27:01.329733Z","level":"info","event":"INFO: Processing current weather data for location ID 15...","chan":"stdout","logger":"task"}
{"timestamp":"2025-07-09T05:27:01.329823Z","level":"info","event":"INFO: Inserting condition 'Clear' with code 1000...","chan":"stdout","logger":"task"}
{"timestamp":"2025-07-09T05:27:01.521049Z","level":"info","event":"SUCCESS: Condition 'Clear' inserted or updated successfully.","chan":"stdout","logger":"task"}
{"timestamp":"2025-07-09T05:27:01.731777Z","level":"info","event":"SUCCESS: Current weather data for location ID 15 inserted successfully.","chan":"stdout","logger":"task"}
{"timestamp":"2025-07-09T05:27:01.824151Z","level":"info","event":"SUCCESS: Weather data for Africa/Zinder committed.","chan":"stdout","logger":"task"}
{"timestamp":"2025-07-09T05:27:02.336820Z","level":"info","event":"Database connection to 'meteo' established successfully.","chan":"stdout","logger":"task"}
{"timestamp":"2025-07-09T05:27:02.528889Z","level":"info","event":"INFO: Logged ETL process 'process_city_data' with status 'success'.","chan":"stdout","logger":"task"}
{"timestamp":"2025-07-09T05:27:02.529119Z","level":"info","event":"INFO: Finished processing Africa/Zinder.","chan":"stdout","logger":"task"}
{"timestamp":"2025-07-09T05:27:03.707332Z","level":"info","event":"Database connection to 'meteo' established successfully.","chan":"stdout","logger":"task"}
{"timestamp":"2025-07-09T05:27:03.707596Z","level":"info","event":"Fetching weather for Africa/Maradi...","chan":"stdout","logger":"task"}
{"timestamp":"2025-07-09T05:27:03.995666Z","level":"info","event":"INFO: Inserting location 'Maradi' into the database...","chan":"stdout","logger":"task"}
{"timestamp":"2025-07-09T05:27:04.196163Z","level":"info","event":"SUCCESS: Location 'Maradi' inserted with ID 16.","chan":"stdout","logger":"task"}
{"timestamp":"2025-07-09T05:27:04.196389Z","level":"info","event":"INFO: Processing current weather data for location ID 16...","chan":"stdout","logger":"task"}
{"timestamp":"2025-07-09T05:27:04.196547Z","level":"info","event":"INFO: Inserting condition 'Clear' with code 1000...","chan":"stdout","logger":"task"}
{"timestamp":"2025-07-09T05:27:04.385028Z","level":"info","event":"SUCCESS: Condition 'Clear' inserted or updated successfully.","chan":"stdout","logger":"task"}
{"timestamp":"2025-07-09T05:27:04.699228Z","level":"info","event":"SUCCESS: Current weather data for location ID 16 inserted successfully.","chan":"stdout","logger":"task"}
{"timestamp":"2025-07-09T05:27:04.791044Z","level":"info","event":"SUCCESS: Weather data for Africa/Maradi committed.","chan":"stdout","logger":"task"}
{"timestamp":"2025-07-09T05:27:05.418533Z","level":"info","event":"Database connection to 'meteo' established successfully.","chan":"stdout","logger":"task"}
{"timestamp":"2025-07-09T05:27:05.728352Z","level":"info","event":"INFO: Logged ETL process 'process_city_data' with status 'success'.","chan":"stdout","logger":"task"}
{"timestamp":"2025-07-09T05:27:05.728680Z","level":"info","event":"INFO: Finished processing Africa/Maradi.","chan":"stdout","logger":"task"}
{"timestamp":"2025-07-09T05:27:06.821386Z","level":"info","event":"Database connection to 'meteo' established successfully.","chan":"stdout","logger":"task"}
{"timestamp":"2025-07-09T05:27:06.821632Z","level":"info","event":"Fetching weather for Africa/Dakar...","chan":"stdout","logger":"task"}
{"timestamp":"2025-07-09T05:27:07.233239Z","level":"info","event":"INFO: Inserting location 'Dakar' into the database...","chan":"stdout","logger":"task"}
{"timestamp":"2025-07-09T05:27:07.548795Z","level":"info","event":"SUCCESS: Location 'Dakar' inserted with ID 17.","chan":"stdout","logger":"task"}
{"timestamp":"2025-07-09T05:27:07.548968Z","level":"info","event":"INFO: Processing current weather data for location ID 17...","chan":"stdout","logger":"task"}
{"timestamp":"2025-07-09T05:27:07.549052Z","level":"info","event":"INFO: Inserting condition 'Partly cloudy' with code 1003...","chan":"stdout","logger":"task"}
{"timestamp":"2025-07-09T05:27:07.744206Z","level":"info","event":"SUCCESS: Condition 'Partly cloudy' inserted or updated successfully.","chan":"stdout","logger":"task"}
{"timestamp":"2025-07-09T05:27:07.978462Z","level":"info","event":"SUCCESS: Current weather data for location ID 17 inserted successfully.","chan":"stdout","logger":"task"}
{"timestamp":"2025-07-09T05:27:08.073227Z","level":"info","event":"SUCCESS: Weather data for Africa/Dakar committed.","chan":"stdout","logger":"task"}
{"timestamp":"2025-07-09T05:27:08.602562Z","level":"info","event":"Database connection to 'meteo' established successfully.","chan":"stdout","logger":"task"}
{"timestamp":"2025-07-09T05:27:08.798897Z","level":"info","event":"INFO: Logged ETL process 'process_city_data' with status 'success'.","chan":"stdout","logger":"task"}
{"timestamp":"2025-07-09T05:27:08.820987Z","level":"info","event":"INFO: Finished processing Africa/Dakar.","chan":"stdout","logger":"task"}
{"timestamp":"2025-07-09T05:27:09.819211Z","level":"info","event":"Database connection to 'meteo' established successfully.","chan":"stdout","logger":"task"}
{"timestamp":"2025-07-09T05:27:09.819534Z","level":"info","event":"Fetching weather for Africa/Thiès...","chan":"stdout","logger":"task"}
{"timestamp":"2025-07-09T05:27:10.139240Z","level":"info","event":"INFO: Inserting location 'Ma-Africa' into the database...","chan":"stdout","logger":"task"}
{"timestamp":"2025-07-09T05:27:10.443120Z","level":"info","event":"SUCCESS: Location 'Ma-Africa' inserted with ID 18.","chan":"stdout","logger":"task"}
{"timestamp":"2025-07-09T05:27:10.443285Z","level":"info","event":"INFO: Processing current weather data for location ID 18...","chan":"stdout","logger":"task"}
{"timestamp":"2025-07-09T05:27:10.443372Z","level":"info","event":"INFO: Inserting condition 'Clear' with code 1000...","chan":"stdout","logger":"task"}
{"timestamp":"2025-07-09T05:27:10.642124Z","level":"info","event":"SUCCESS: Condition 'Clear' inserted or updated successfully.","chan":"stdout","logger":"task"}
{"timestamp":"2025-07-09T05:27:10.948318Z","level":"info","event":"SUCCESS: Current weather data for location ID 18 inserted successfully.","chan":"stdout","logger":"task"}
{"timestamp":"2025-07-09T05:27:11.040224Z","level":"info","event":"SUCCESS: Weather data for Africa/Thiès committed.","chan":"stdout","logger":"task"}
{"timestamp":"2025-07-09T05:27:11.657239Z","level":"info","event":"Database connection to 'meteo' established successfully.","chan":"stdout","logger":"task"}
{"timestamp":"2025-07-09T05:27:11.849923Z","level":"info","event":"INFO: Logged ETL process 'process_city_data' with status 'success'.","chan":"stdout","logger":"task"}
{"timestamp":"2025-07-09T05:27:11.850303Z","level":"info","event":"INFO: Finished processing Africa/Thiès.","chan":"stdout","logger":"task"}
{"timestamp":"2025-07-09T05:27:12.998457Z","level":"info","event":"Database connection to 'meteo' established successfully.","chan":"stdout","logger":"task"}
{"timestamp":"2025-07-09T05:27:12.998715Z","level":"info","event":"Fetching weather for Africa/Saint-Louis...","chan":"stdout","logger":"task"}
{"timestamp":"2025-07-09T05:27:13.314061Z","level":"info","event":"INFO: Inserting location 'Saint-Louis' into the database...","chan":"stdout","logger":"task"}
{"timestamp":"2025-07-09T05:27:13.617159Z","level":"info","event":"SUCCESS: Location 'Saint-Louis' inserted with ID 19.","chan":"stdout","logger":"task"}
{"timestamp":"2025-07-09T05:27:13.617443Z","level":"info","event":"INFO: Processing current weather data for location ID 19...","chan":"stdout","logger":"task"}
{"timestamp":"2025-07-09T05:27:13.617615Z","level":"info","event":"INFO: Inserting condition 'Patchy rain nearby' with code 1063...","chan":"stdout","logger":"task"}
{"timestamp":"2025-07-09T05:27:13.810034Z","level":"info","event":"SUCCESS: Condition 'Patchy rain nearby' inserted or updated successfully.","chan":"stdout","logger":"task"}
{"timestamp":"2025-07-09T05:27:14.124708Z","level":"info","event":"SUCCESS: Current weather data for location ID 19 inserted successfully.","chan":"stdout","logger":"task"}
{"timestamp":"2025-07-09T05:27:14.220386Z","level":"info","event":"SUCCESS: Weather data for Africa/Saint-Louis committed.","chan":"stdout","logger":"task"}
{"timestamp":"2025-07-09T05:27:14.748126Z","level":"info","event":"Database connection to 'meteo' established successfully.","chan":"stdout","logger":"task"}
{"timestamp":"2025-07-09T05:27:14.943684Z","level":"info","event":"INFO: Logged ETL process 'process_city_data' with status 'success'.","chan":"stdout","logger":"task"}
{"timestamp":"2025-07-09T05:27:14.944106Z","level":"info","event":"INFO: Finished processing Africa/Saint-Louis.","chan":"stdout","logger":"task"}
{"timestamp":"2025-07-09T05:27:16.069717Z","level":"info","event":"Database connection to 'meteo' established successfully.","chan":"stdout","logger":"task"}
{"timestamp":"2025-07-09T05:27:16.069914Z","level":"info","event":"Fetching weather for Africa/Lomé...","chan":"stdout","logger":"task"}
{"timestamp":"2025-07-09T05:27:16.386112Z","level":"info","event":"INFO: Inserting location 'Ma-Africa' into the database...","chan":"stdout","logger":"task"}
{"timestamp":"2025-07-09T05:27:16.689697Z","level":"info","event":"SUCCESS: Location 'Ma-Africa' inserted with ID 18.","chan":"stdout","logger":"task"}
{"timestamp":"2025-07-09T05:27:16.689877Z","level":"info","event":"INFO: Processing current weather data for location ID 18...","chan":"stdout","logger":"task"}
{"timestamp":"2025-07-09T05:27:16.689960Z","level":"info","event":"INFO: Inserting condition 'Clear' with code 1000...","chan":"stdout","logger":"task"}
{"timestamp":"2025-07-09T05:27:16.992113Z","level":"info","event":"SUCCESS: Condition 'Clear' inserted or updated successfully.","chan":"stdout","logger":"task"}
{"timestamp":"2025-07-09T05:27:17.202810Z","level":"info","event":"SUCCESS: Current weather data for location ID 18 inserted successfully.","chan":"stdout","logger":"task"}
{"timestamp":"2025-07-09T05:27:17.298554Z","level":"info","event":"SUCCESS: Weather data for Africa/Lomé committed.","chan":"stdout","logger":"task"}
{"timestamp":"2025-07-09T05:27:17.887568Z","level":"info","event":"Database connection to 'meteo' established successfully.","chan":"stdout","logger":"task"}
{"timestamp":"2025-07-09T05:27:18.123017Z","level":"info","event":"INFO: Logged ETL process 'process_city_data' with status 'success'.","chan":"stdout","logger":"task"}
{"timestamp":"2025-07-09T05:27:18.123338Z","level":"info","event":"INFO: Finished processing Africa/Lomé.","chan":"stdout","logger":"task"}
{"timestamp":"2025-07-09T05:27:19.347006Z","level":"info","event":"Database connection to 'meteo' established successfully.","chan":"stdout","logger":"task"}
{"timestamp":"2025-07-09T05:27:19.347266Z","level":"info","event":"Fetching weather for Africa/Sokodé...","chan":"stdout","logger":"task"}
{"timestamp":"2025-07-09T05:27:19.565490Z","level":"info","event":"INFO: Inserting location 'Ma-Africa' into the database...","chan":"stdout","logger":"task"}
{"timestamp":"2025-07-09T05:27:19.864772Z","level":"info","event":"SUCCESS: Location 'Ma-Africa' inserted with ID 18.","chan":"stdout","logger":"task"}
{"timestamp":"2025-07-09T05:27:19.864999Z","level":"info","event":"INFO: Processing current weather data for location ID 18...","chan":"stdout","logger":"task"}
{"timestamp":"2025-07-09T05:27:19.865126Z","level":"info","event":"INFO: Inserting condition 'Clear' with code 1000...","chan":"stdout","logger":"task"}
{"timestamp":"2025-07-09T05:27:20.166895Z","level":"info","event":"SUCCESS: Condition 'Clear' inserted or updated successfully.","chan":"stdout","logger":"task"}
{"timestamp":"2025-07-09T05:27:20.473510Z","level":"info","event":"SUCCESS: Current weather data for location ID 18 inserted successfully.","chan":"stdout","logger":"task"}
{"timestamp":"2025-07-09T05:27:20.569000Z","level":"info","event":"SUCCESS: Weather data for Africa/Sokodé committed.","chan":"stdout","logger":"task"}
{"timestamp":"2025-07-09T05:27:21.085573Z","level":"info","event":"Database connection to 'meteo' established successfully.","chan":"stdout","logger":"task"}
{"timestamp":"2025-07-09T05:27:21.276435Z","level":"info","event":"INFO: Logged ETL process 'process_city_data' with status 'success'.","chan":"stdout","logger":"task"}
{"timestamp":"2025-07-09T05:27:21.276753Z","level":"info","event":"INFO: Finished processing Africa/Sokodé.","chan":"stdout","logger":"task"}
{"timestamp":"2025-07-09T05:27:22.290703Z","level":"info","event":"Database connection to 'meteo' established successfully.","chan":"stdout","logger":"task"}
{"timestamp":"2025-07-09T05:27:22.290918Z","level":"info","event":"Fetching weather for Africa/Kara...","chan":"stdout","logger":"task"}
{"timestamp":"2025-07-09T05:27:22.530003Z","level":"info","event":"INFO: Inserting location 'Kara' into the database...","chan":"stdout","logger":"task"}
{"timestamp":"2025-07-09T05:27:22.826882Z","level":"info","event":"SUCCESS: Location 'Kara' inserted with ID 22.","chan":"stdout","logger":"task"}
{"timestamp":"2025-07-09T05:27:22.827100Z","level":"info","event":"INFO: Processing current weather data for location ID 22...","chan":"stdout","logger":"task"}
{"timestamp":"2025-07-09T05:27:22.827257Z","level":"info","event":"INFO: Inserting condition 'Light rain shower' with code 1240...","chan":"stdout","logger":"task"}
{"timestamp":"2025-07-09T05:27:23.018006Z","level":"info","event":"SUCCESS: Condition 'Light rain shower' inserted or updated successfully.","chan":"stdout","logger":"task"}
{"timestamp":"2025-07-09T05:27:23.225159Z","level":"info","event":"SUCCESS: Current weather data for location ID 22 inserted successfully.","chan":"stdout","logger":"task"}
{"timestamp":"2025-07-09T05:27:23.317506Z","level":"info","event":"SUCCESS: Weather data for Africa/Kara committed.","chan":"stdout","logger":"task"}
{"timestamp":"2025-07-09T05:27:23.841413Z","level":"info","event":"Database connection to 'meteo' established successfully.","chan":"stdout","logger":"task"}
{"timestamp":"2025-07-09T05:27:24.037289Z","level":"info","event":"INFO: Logged ETL process 'process_city_data' with status 'success'.","chan":"stdout","logger":"task"}
{"timestamp":"2025-07-09T05:27:24.037726Z","level":"info","event":"INFO: Finished processing Africa/Kara.","chan":"stdout","logger":"task"}
{"timestamp":"2025-07-09T05:27:24.537700Z","level":"info","event":"INFO: Extraction/loading done.","chan":"stdout","logger":"task"}
{"timestamp":"2025-07-09T05:27:25.190028Z","level":"info","event":"Database connection to 'meteo' established successfully.","chan":"stdout","logger":"task"}
{"timestamp":"2025-07-09T05:27:25.385585Z","level":"info","event":"INFO: Logged ETL process 'extract_and_load' with status 'success'.","chan":"stdout","logger":"task"}
{"timestamp":"2025-07-09T05:27:25.388639","level":"info","event":"Done. Returned value was: None","logger":"airflow.task.operators.airflow.providers.standard.operators.python.PythonOperator"}
