{"timestamp":"2025-07-03T17:00:15.110567","level":"info","event":"DAG bundles loaded: dags-folder","logger":"airflow.dag_processing.bundles.manager.DagBundlesManager"}
{"timestamp":"2025-07-03T17:00:15.111697","level":"info","event":"Filling up the DagBag from /opt/airflow/dags/weather_etl_dag.py","logger":"airflow.models.dagbag.DagBag"}
{"timestamp":"2025-07-03T17:00:15.614547Z","level":"info","event":"INFO: Starting extraction/loading...","chan":"stdout","logger":"task"}
{"timestamp":"2025-07-03T17:00:17.819005Z","level":"info","event":"Database connection to 'meteo' established successfully.","chan":"stdout","logger":"task"}
{"timestamp":"2025-07-03T17:00:17.819294Z","level":"info","event":"Fetching weather for Africa/Porto-Novo...","chan":"stdout","logger":"task"}
{"timestamp":"2025-07-03T17:00:21.824812Z","level":"info","event":"HTTP Request failed for Africa/Porto-Novo: HTTPConnectionPool(host='api.weatherapi.com', port=80): Max retries exceeded with url: /v1/current.json?key=b8a0a8e817a944e6a60202614251706&q=Africa/Porto-Novo&aqi=no (Caused by NewConnectionError('<urllib3.connection.HTTPConnection object at 0x7a4d881b93a0>: Failed to establish a new connection: [Errno 101] Network is unreachable'))","chan":"stdout","logger":"task"}
{"timestamp":"2025-07-03T17:00:21.825045Z","level":"info","event":"WARNING: Skipping Africa/Porto-Novo, API fetch failed.","chan":"stdout","logger":"task"}
{"timestamp":"2025-07-03T17:00:25.139232Z","level":"info","event":"Database connection to 'meteo' established successfully.","chan":"stdout","logger":"task"}
{"timestamp":"2025-07-03T17:00:25.941369Z","level":"info","event":"INFO: Logged ETL process 'process_city_data' with status 'failed'.","chan":"stdout","logger":"task"}
{"timestamp":"2025-07-03T17:00:27.948252Z","level":"info","event":"Database connection to 'meteo' established successfully.","chan":"stdout","logger":"task"}
{"timestamp":"2025-07-03T17:00:28.751113Z","level":"info","event":"INFO: Logged ETL process 'process_city_data' with status 'success'.","chan":"stdout","logger":"task"}
{"timestamp":"2025-07-03T17:00:28.751653Z","level":"info","event":"INFO: Finished processing Africa/Porto-Novo.","chan":"stdout","logger":"task"}
{"timestamp":"2025-07-03T17:00:36.169331Z","level":"info","event":"Database connection to 'meteo' established successfully.","chan":"stdout","logger":"task"}
{"timestamp":"2025-07-03T17:00:36.169550Z","level":"info","event":"Fetching weather for Africa/Bafata...","chan":"stdout","logger":"task"}
{"timestamp":"2025-07-03T17:00:36.576799Z","level":"info","event":"INFO: Inserting location 'Bafata' into the database...","chan":"stdout","logger":"task"}
{"timestamp":"2025-07-03T17:00:38.374997Z","level":"info","event":"SUCCESS: Location 'Bafata' inserted with ID 1.","chan":"stdout","logger":"task"}
{"timestamp":"2025-07-03T17:00:38.375213Z","level":"info","event":"INFO: Processing current weather data for location ID 1...","chan":"stdout","logger":"task"}
{"timestamp":"2025-07-03T17:00:38.375361Z","level":"info","event":"INFO: Inserting condition 'Patchy rain nearby' with code 1063...","chan":"stdout","logger":"task"}
{"timestamp":"2025-07-03T17:00:39.177297Z","level":"info","event":"SUCCESS: Condition 'Patchy rain nearby' inserted or updated successfully.","chan":"stdout","logger":"task"}
{"timestamp":"2025-07-03T17:00:39.980258Z","level":"info","event":"SUCCESS: Current weather data for location ID 1 inserted successfully.","chan":"stdout","logger":"task"}
{"timestamp":"2025-07-03T17:00:40.381145Z","level":"info","event":"SUCCESS: Weather data for Africa/Bafata committed.","chan":"stdout","logger":"task"}
{"timestamp":"2025-07-03T17:00:44.590656Z","level":"info","event":"Database connection to 'meteo' established successfully.","chan":"stdout","logger":"task"}
{"timestamp":"2025-07-03T17:00:45.393958Z","level":"info","event":"INFO: Logged ETL process 'process_city_data' with status 'success'.","chan":"stdout","logger":"task"}
{"timestamp":"2025-07-03T17:00:45.394242Z","level":"info","event":"INFO: Finished processing Africa/Bafata.","chan":"stdout","logger":"task"}
{"timestamp":"2025-07-03T17:00:47.801934Z","level":"info","event":"Database connection to 'meteo' established successfully.","chan":"stdout","logger":"task"}
{"timestamp":"2025-07-03T17:00:47.802170Z","level":"info","event":"Fetching weather for Africa/Ouagadougou...","chan":"stdout","logger":"task"}
{"timestamp":"2025-07-03T17:00:48.102505Z","level":"info","event":"INFO: Inserting location 'Ouagadougou' into the database...","chan":"stdout","logger":"task"}
{"timestamp":"2025-07-03T17:00:48.903643Z","level":"info","event":"SUCCESS: Location 'Ouagadougou' inserted with ID 2.","chan":"stdout","logger":"task"}
{"timestamp":"2025-07-03T17:00:48.903921Z","level":"info","event":"INFO: Processing current weather data for location ID 2...","chan":"stdout","logger":"task"}
{"timestamp":"2025-07-03T17:00:48.904098Z","level":"info","event":"INFO: Inserting condition 'Partly cloudy' with code 1003...","chan":"stdout","logger":"task"}
{"timestamp":"2025-07-03T17:00:49.605812Z","level":"info","event":"SUCCESS: Condition 'Partly cloudy' inserted or updated successfully.","chan":"stdout","logger":"task"}
{"timestamp":"2025-07-03T17:00:50.407638Z","level":"info","event":"SUCCESS: Current weather data for location ID 2 inserted successfully.","chan":"stdout","logger":"task"}
{"timestamp":"2025-07-03T17:00:50.810065Z","level":"info","event":"SUCCESS: Weather data for Africa/Ouagadougou committed.","chan":"stdout","logger":"task"}
{"timestamp":"2025-07-03T17:00:53.015007Z","level":"info","event":"Database connection to 'meteo' established successfully.","chan":"stdout","logger":"task"}
{"timestamp":"2025-07-03T17:00:53.819345Z","level":"info","event":"INFO: Logged ETL process 'process_city_data' with status 'success'.","chan":"stdout","logger":"task"}
{"timestamp":"2025-07-03T17:00:53.819751Z","level":"info","event":"INFO: Finished processing Africa/Ouagadougou.","chan":"stdout","logger":"task"}
{"timestamp":"2025-07-03T17:00:56.122009Z","level":"info","event":"Database connection to 'meteo' established successfully.","chan":"stdout","logger":"task"}
{"timestamp":"2025-07-03T17:00:56.122268Z","level":"info","event":"Fetching weather for Africa/Bobo-Dioulasso...","chan":"stdout","logger":"task"}
{"timestamp":"2025-07-03T17:00:56.525147Z","level":"info","event":"INFO: Inserting location 'Bobo Dioulasso' into the database...","chan":"stdout","logger":"task"}
{"timestamp":"2025-07-03T17:00:57.326660Z","level":"info","event":"SUCCESS: Location 'Bobo Dioulasso' inserted with ID 3.","chan":"stdout","logger":"task"}
{"timestamp":"2025-07-03T17:00:57.326990Z","level":"info","event":"INFO: Processing current weather data for location ID 3...","chan":"stdout","logger":"task"}
{"timestamp":"2025-07-03T17:00:57.327231Z","level":"info","event":"INFO: Inserting condition 'Partly cloudy' with code 1003...","chan":"stdout","logger":"task"}
{"timestamp":"2025-07-03T17:00:58.028552Z","level":"info","event":"SUCCESS: Condition 'Partly cloudy' inserted or updated successfully.","chan":"stdout","logger":"task"}
{"timestamp":"2025-07-03T17:00:58.832155Z","level":"info","event":"SUCCESS: Current weather data for location ID 3 inserted successfully.","chan":"stdout","logger":"task"}
{"timestamp":"2025-07-03T17:00:59.231840Z","level":"info","event":"SUCCESS: Weather data for Africa/Bobo-Dioulasso committed.","chan":"stdout","logger":"task"}
{"timestamp":"2025-07-03T17:01:01.237309Z","level":"info","event":"Database connection to 'meteo' established successfully.","chan":"stdout","logger":"task"}
{"timestamp":"2025-07-03T17:01:02.039696Z","level":"info","event":"INFO: Logged ETL process 'process_city_data' with status 'success'.","chan":"stdout","logger":"task"}
{"timestamp":"2025-07-03T17:01:02.040304Z","level":"info","event":"INFO: Finished processing Africa/Bobo-Dioulasso.","chan":"stdout","logger":"task"}
{"timestamp":"2025-07-03T17:01:04.646574Z","level":"info","event":"Database connection to 'meteo' established successfully.","chan":"stdout","logger":"task"}
{"timestamp":"2025-07-03T17:01:04.646872Z","level":"info","event":"Fetching weather for Africa/Abidjan...","chan":"stdout","logger":"task"}
{"timestamp":"2025-07-03T17:01:05.047663Z","level":"info","event":"INFO: Inserting location 'Abidjan' into the database...","chan":"stdout","logger":"task"}
{"timestamp":"2025-07-03T17:01:05.758036Z","level":"info","event":"SUCCESS: Location 'Abidjan' inserted with ID 4.","chan":"stdout","logger":"task"}
{"timestamp":"2025-07-03T17:01:05.758233Z","level":"info","event":"INFO: Processing current weather data for location ID 4...","chan":"stdout","logger":"task"}
{"timestamp":"2025-07-03T17:01:05.758428Z","level":"info","event":"INFO: Inserting condition 'Partly cloudy' with code 1003...","chan":"stdout","logger":"task"}
{"timestamp":"2025-07-03T17:01:06.652647Z","level":"info","event":"SUCCESS: Condition 'Partly cloudy' inserted or updated successfully.","chan":"stdout","logger":"task"}
{"timestamp":"2025-07-03T17:01:07.454815Z","level":"info","event":"SUCCESS: Current weather data for location ID 4 inserted successfully.","chan":"stdout","logger":"task"}
{"timestamp":"2025-07-03T17:01:07.857343Z","level":"info","event":"SUCCESS: Weather data for Africa/Abidjan committed.","chan":"stdout","logger":"task"}
{"timestamp":"2025-07-03T17:01:09.863584Z","level":"info","event":"Database connection to 'meteo' established successfully.","chan":"stdout","logger":"task"}
{"timestamp":"2025-07-03T17:01:10.571330Z","level":"info","event":"INFO: Logged ETL process 'process_city_data' with status 'success'.","chan":"stdout","logger":"task"}
{"timestamp":"2025-07-03T17:01:10.571843Z","level":"info","event":"INFO: Finished processing Africa/Abidjan.","chan":"stdout","logger":"task"}
{"timestamp":"2025-07-03T17:01:14.573548Z","level":"info","event":"Database connection to 'meteo' established successfully.","chan":"stdout","logger":"task"}
{"timestamp":"2025-07-03T17:01:14.573799Z","level":"info","event":"Fetching weather for Africa/Yamoussoukro...","chan":"stdout","logger":"task"}
{"timestamp":"2025-07-03T17:01:14.976493Z","level":"info","event":"INFO: Inserting location 'Yamoussoukro' into the database...","chan":"stdout","logger":"task"}
{"timestamp":"2025-07-03T17:01:15.878975Z","level":"info","event":"SUCCESS: Location 'Yamoussoukro' inserted with ID 5.","chan":"stdout","logger":"task"}
{"timestamp":"2025-07-03T17:01:15.879144Z","level":"info","event":"INFO: Processing current weather data for location ID 5...","chan":"stdout","logger":"task"}
{"timestamp":"2025-07-03T17:01:15.879264Z","level":"info","event":"INFO: Inserting condition 'Light rain shower' with code 1240...","chan":"stdout","logger":"task"}
{"timestamp":"2025-07-03T17:01:16.780360Z","level":"info","event":"SUCCESS: Condition 'Light rain shower' inserted or updated successfully.","chan":"stdout","logger":"task"}
{"timestamp":"2025-07-03T17:01:17.582656Z","level":"info","event":"SUCCESS: Current weather data for location ID 5 inserted successfully.","chan":"stdout","logger":"task"}
{"timestamp":"2025-07-03T17:01:17.983159Z","level":"info","event":"SUCCESS: Weather data for Africa/Yamoussoukro committed.","chan":"stdout","logger":"task"}
{"timestamp":"2025-07-03T17:01:19.991144Z","level":"info","event":"Database connection to 'meteo' established successfully.","chan":"stdout","logger":"task"}
{"timestamp":"2025-07-03T17:01:20.791385Z","level":"info","event":"INFO: Logged ETL process 'process_city_data' with status 'success'.","chan":"stdout","logger":"task"}
{"timestamp":"2025-07-03T17:01:20.791843Z","level":"info","event":"INFO: Finished processing Africa/Yamoussoukro.","chan":"stdout","logger":"task"}
{"timestamp":"2025-07-03T17:01:23.297677Z","level":"info","event":"Database connection to 'meteo' established successfully.","chan":"stdout","logger":"task"}
{"timestamp":"2025-07-03T17:01:23.298002Z","level":"info","event":"Fetching weather for Africa/Bouake...","chan":"stdout","logger":"task"}
{"timestamp":"2025-07-03T17:01:23.698925Z","level":"info","event":"INFO: Inserting location 'Bouake' into the database...","chan":"stdout","logger":"task"}
{"timestamp":"2025-07-03T17:01:24.500576Z","level":"info","event":"SUCCESS: Location 'Bouake' inserted with ID 6.","chan":"stdout","logger":"task"}
{"timestamp":"2025-07-03T17:01:24.500900Z","level":"info","event":"INFO: Processing current weather data for location ID 6...","chan":"stdout","logger":"task"}
{"timestamp":"2025-07-03T17:01:24.501052Z","level":"info","event":"INFO: Inserting condition 'Light rain shower' with code 1240...","chan":"stdout","logger":"task"}
{"timestamp":"2025-07-03T17:01:25.403161Z","level":"info","event":"SUCCESS: Condition 'Light rain shower' inserted or updated successfully.","chan":"stdout","logger":"task"}
{"timestamp":"2025-07-03T17:01:26.305637Z","level":"info","event":"SUCCESS: Current weather data for location ID 6 inserted successfully.","chan":"stdout","logger":"task"}
{"timestamp":"2025-07-03T17:01:26.707380Z","level":"info","event":"SUCCESS: Weather data for Africa/Bouake committed.","chan":"stdout","logger":"task"}
{"timestamp":"2025-07-03T17:01:28.712015Z","level":"info","event":"Database connection to 'meteo' established successfully.","chan":"stdout","logger":"task"}
{"timestamp":"2025-07-03T17:01:29.515239Z","level":"info","event":"INFO: Logged ETL process 'process_city_data' with status 'success'.","chan":"stdout","logger":"task"}
{"timestamp":"2025-07-03T17:01:29.515738Z","level":"info","event":"INFO: Finished processing Africa/Bouake.","chan":"stdout","logger":"task"}
{"timestamp":"2025-07-03T17:01:32.024465Z","level":"info","event":"Database connection to 'meteo' established successfully.","chan":"stdout","logger":"task"}
{"timestamp":"2025-07-03T17:01:32.024702Z","level":"info","event":"Fetching weather for Africa/Bissau...","chan":"stdout","logger":"task"}
{"timestamp":"2025-07-03T17:01:32.523824Z","level":"info","event":"INFO: Inserting location 'Bissau' into the database...","chan":"stdout","logger":"task"}
{"timestamp":"2025-07-03T17:01:33.325846Z","level":"info","event":"SUCCESS: Location 'Bissau' inserted with ID 7.","chan":"stdout","logger":"task"}
{"timestamp":"2025-07-03T17:01:33.326105Z","level":"info","event":"INFO: Processing current weather data for location ID 7...","chan":"stdout","logger":"task"}
{"timestamp":"2025-07-03T17:01:33.326325Z","level":"info","event":"INFO: Inserting condition 'Partly cloudy' with code 1003...","chan":"stdout","logger":"task"}
{"timestamp":"2025-07-03T17:01:34.127305Z","level":"info","event":"SUCCESS: Condition 'Partly cloudy' inserted or updated successfully.","chan":"stdout","logger":"task"}
{"timestamp":"2025-07-03T17:01:34.931056Z","level":"info","event":"SUCCESS: Current weather data for location ID 7 inserted successfully.","chan":"stdout","logger":"task"}
{"timestamp":"2025-07-03T17:01:35.331670Z","level":"info","event":"SUCCESS: Weather data for Africa/Bissau committed.","chan":"stdout","logger":"task"}
{"timestamp":"2025-07-03T17:01:37.336057Z","level":"info","event":"Database connection to 'meteo' established successfully.","chan":"stdout","logger":"task"}
{"timestamp":"2025-07-03T17:01:38.138698Z","level":"info","event":"INFO: Logged ETL process 'process_city_data' with status 'success'.","chan":"stdout","logger":"task"}
{"timestamp":"2025-07-03T17:01:38.139022Z","level":"info","event":"INFO: Finished processing Africa/Bissau.","chan":"stdout","logger":"task"}
{"timestamp":"2025-07-03T17:01:40.545710Z","level":"info","event":"Database connection to 'meteo' established successfully.","chan":"stdout","logger":"task"}
{"timestamp":"2025-07-03T17:01:40.545931Z","level":"info","event":"Fetching weather for Africa/Gabu...","chan":"stdout","logger":"task"}
{"timestamp":"2025-07-03T17:01:40.849551Z","level":"info","event":"INFO: Inserting location 'Gabu' into the database...","chan":"stdout","logger":"task"}
{"timestamp":"2025-07-03T17:01:41.648198Z","level":"info","event":"SUCCESS: Location 'Gabu' inserted with ID 8.","chan":"stdout","logger":"task"}
{"timestamp":"2025-07-03T17:01:41.648412Z","level":"info","event":"INFO: Processing current weather data for location ID 8...","chan":"stdout","logger":"task"}
{"timestamp":"2025-07-03T17:01:41.648642Z","level":"info","event":"INFO: Inserting condition 'Light rain shower' with code 1240...","chan":"stdout","logger":"task"}
{"timestamp":"2025-07-03T17:01:42.450167Z","level":"info","event":"SUCCESS: Condition 'Light rain shower' inserted or updated successfully.","chan":"stdout","logger":"task"}
{"timestamp":"2025-07-03T17:01:43.152252Z","level":"info","event":"SUCCESS: Current weather data for location ID 8 inserted successfully.","chan":"stdout","logger":"task"}
{"timestamp":"2025-07-03T17:01:43.452208Z","level":"info","event":"SUCCESS: Weather data for Africa/Gabu committed.","chan":"stdout","logger":"task"}
{"timestamp":"2025-07-03T17:01:48.265806Z","level":"info","event":"Database connection to 'meteo' established successfully.","chan":"stdout","logger":"task"}
{"timestamp":"2025-07-03T17:01:48.867948Z","level":"info","event":"INFO: Logged ETL process 'process_city_data' with status 'success'.","chan":"stdout","logger":"task"}
{"timestamp":"2025-07-03T17:01:48.868386Z","level":"info","event":"INFO: Finished processing Africa/Gabu.","chan":"stdout","logger":"task"}
{"timestamp":"2025-07-03T17:01:51.374492Z","level":"info","event":"Database connection to 'meteo' established successfully.","chan":"stdout","logger":"task"}
{"timestamp":"2025-07-03T17:01:51.374698Z","level":"info","event":"Fetching weather for Africa/Bolama...","chan":"stdout","logger":"task"}
{"timestamp":"2025-07-03T17:01:51.676308Z","level":"info","event":"INFO: Inserting location 'Bolama' into the database...","chan":"stdout","logger":"task"}
{"timestamp":"2025-07-03T17:01:52.277135Z","level":"info","event":"SUCCESS: Location 'Bolama' inserted with ID 9.","chan":"stdout","logger":"task"}
{"timestamp":"2025-07-03T17:01:52.277346Z","level":"info","event":"INFO: Processing current weather data for location ID 9...","chan":"stdout","logger":"task"}
{"timestamp":"2025-07-03T17:01:52.277558Z","level":"info","event":"INFO: Inserting condition 'Partly cloudy' with code 1003...","chan":"stdout","logger":"task"}
{"timestamp":"2025-07-03T17:01:52.980743Z","level":"info","event":"SUCCESS: Condition 'Partly cloudy' inserted or updated successfully.","chan":"stdout","logger":"task"}
{"timestamp":"2025-07-03T17:01:53.684019Z","level":"info","event":"SUCCESS: Current weather data for location ID 9 inserted successfully.","chan":"stdout","logger":"task"}
{"timestamp":"2025-07-03T17:01:54.089269Z","level":"info","event":"SUCCESS: Weather data for Africa/Bolama committed.","chan":"stdout","logger":"task"}
{"timestamp":"2025-07-03T17:01:56.187561Z","level":"info","event":"Database connection to 'meteo' established successfully.","chan":"stdout","logger":"task"}
{"timestamp":"2025-07-03T17:01:56.991377Z","level":"info","event":"INFO: Logged ETL process 'process_city_data' with status 'success'.","chan":"stdout","logger":"task"}
{"timestamp":"2025-07-03T17:01:56.991823Z","level":"info","event":"INFO: Finished processing Africa/Bolama.","chan":"stdout","logger":"task"}
{"timestamp":"2025-07-03T17:02:00.098038Z","level":"info","event":"Database connection to 'meteo' established successfully.","chan":"stdout","logger":"task"}
{"timestamp":"2025-07-03T17:02:00.098204Z","level":"info","event":"Fetching weather for Africa/Bamako...","chan":"stdout","logger":"task"}
{"timestamp":"2025-07-03T17:02:00.700903Z","level":"info","event":"INFO: Inserting location 'Bamako' into the database...","chan":"stdout","logger":"task"}
{"timestamp":"2025-07-03T17:02:01.502013Z","level":"info","event":"SUCCESS: Location 'Bamako' inserted with ID 10.","chan":"stdout","logger":"task"}
{"timestamp":"2025-07-03T17:02:01.502267Z","level":"info","event":"INFO: Processing current weather data for location ID 10...","chan":"stdout","logger":"task"}
{"timestamp":"2025-07-03T17:02:01.502490Z","level":"info","event":"INFO: Inserting condition 'Moderate or heavy rain shower' with code 1243...","chan":"stdout","logger":"task"}
{"timestamp":"2025-07-03T17:02:02.102970Z","level":"info","event":"SUCCESS: Condition 'Moderate or heavy rain shower' inserted or updated successfully.","chan":"stdout","logger":"task"}
{"timestamp":"2025-07-03T17:02:02.705376Z","level":"info","event":"SUCCESS: Current weather data for location ID 10 inserted successfully.","chan":"stdout","logger":"task"}
{"timestamp":"2025-07-03T17:02:03.106337Z","level":"info","event":"SUCCESS: Weather data for Africa/Bamako committed.","chan":"stdout","logger":"task"}
{"timestamp":"2025-07-03T17:02:05.012833Z","level":"info","event":"Database connection to 'meteo' established successfully.","chan":"stdout","logger":"task"}
{"timestamp":"2025-07-03T17:02:05.813799Z","level":"info","event":"INFO: Logged ETL process 'process_city_data' with status 'success'.","chan":"stdout","logger":"task"}
{"timestamp":"2025-07-03T17:02:05.832066Z","level":"info","event":"INFO: Finished processing Africa/Bamako.","chan":"stdout","logger":"task"}
{"timestamp":"2025-07-03T17:02:08.220882Z","level":"info","event":"Database connection to 'meteo' established successfully.","chan":"stdout","logger":"task"}
{"timestamp":"2025-07-03T17:02:08.221169Z","level":"info","event":"Fetching weather for Africa/Sikasso...","chan":"stdout","logger":"task"}
{"timestamp":"2025-07-03T17:02:08.923735Z","level":"info","event":"INFO: Inserting location 'Sikasso' into the database...","chan":"stdout","logger":"task"}
{"timestamp":"2025-07-03T17:02:09.725455Z","level":"info","event":"SUCCESS: Location 'Sikasso' inserted with ID 11.","chan":"stdout","logger":"task"}
{"timestamp":"2025-07-03T17:02:09.725693Z","level":"info","event":"INFO: Processing current weather data for location ID 11...","chan":"stdout","logger":"task"}
{"timestamp":"2025-07-03T17:02:09.725946Z","level":"info","event":"INFO: Inserting condition 'Partly Cloudy' with code 1003...","chan":"stdout","logger":"task"}
{"timestamp":"2025-07-03T17:02:10.426891Z","level":"info","event":"SUCCESS: Condition 'Partly Cloudy' inserted or updated successfully.","chan":"stdout","logger":"task"}
{"timestamp":"2025-07-03T17:02:11.228983Z","level":"info","event":"SUCCESS: Current weather data for location ID 11 inserted successfully.","chan":"stdout","logger":"task"}
{"timestamp":"2025-07-03T17:02:11.630370Z","level":"info","event":"SUCCESS: Weather data for Africa/Sikasso committed.","chan":"stdout","logger":"task"}
{"timestamp":"2025-07-03T17:02:13.337229Z","level":"info","event":"Database connection to 'meteo' established successfully.","chan":"stdout","logger":"task"}
{"timestamp":"2025-07-03T17:02:14.237443Z","level":"info","event":"INFO: Logged ETL process 'process_city_data' with status 'success'.","chan":"stdout","logger":"task"}
{"timestamp":"2025-07-03T17:02:14.237845Z","level":"info","event":"INFO: Finished processing Africa/Sikasso.","chan":"stdout","logger":"task"}
{"timestamp":"2025-07-03T17:02:16.744536Z","level":"info","event":"Database connection to 'meteo' established successfully.","chan":"stdout","logger":"task"}
{"timestamp":"2025-07-03T17:02:16.744788Z","level":"info","event":"Fetching weather for Africa/Segou...","chan":"stdout","logger":"task"}
{"timestamp":"2025-07-03T17:02:17.146550Z","level":"info","event":"INFO: Inserting location 'Segou' into the database...","chan":"stdout","logger":"task"}
{"timestamp":"2025-07-03T17:02:17.947148Z","level":"info","event":"SUCCESS: Location 'Segou' inserted with ID 12.","chan":"stdout","logger":"task"}
{"timestamp":"2025-07-03T17:02:17.947432Z","level":"info","event":"INFO: Processing current weather data for location ID 12...","chan":"stdout","logger":"task"}
{"timestamp":"2025-07-03T17:02:17.947653Z","level":"info","event":"INFO: Inserting condition 'Sunny' with code 1000...","chan":"stdout","logger":"task"}
{"timestamp":"2025-07-03T17:02:18.752337Z","level":"info","event":"SUCCESS: Condition 'Sunny' inserted or updated successfully.","chan":"stdout","logger":"task"}
{"timestamp":"2025-07-03T17:02:19.652137Z","level":"info","event":"SUCCESS: Current weather data for location ID 12 inserted successfully.","chan":"stdout","logger":"task"}
{"timestamp":"2025-07-03T17:02:20.054852Z","level":"info","event":"SUCCESS: Weather data for Africa/Segou committed.","chan":"stdout","logger":"task"}
{"timestamp":"2025-07-03T17:02:21.858814Z","level":"info","event":"Database connection to 'meteo' established successfully.","chan":"stdout","logger":"task"}
{"timestamp":"2025-07-03T17:02:22.560385Z","level":"info","event":"INFO: Logged ETL process 'process_city_data' with status 'success'.","chan":"stdout","logger":"task"}
{"timestamp":"2025-07-03T17:02:22.560792Z","level":"info","event":"INFO: Finished processing Africa/Segou.","chan":"stdout","logger":"task"}
{"timestamp":"2025-07-03T17:02:25.167366Z","level":"info","event":"Database connection to 'meteo' established successfully.","chan":"stdout","logger":"task"}
{"timestamp":"2025-07-03T17:02:25.167807Z","level":"info","event":"Fetching weather for Africa/Niamey...","chan":"stdout","logger":"task"}
{"timestamp":"2025-07-03T17:02:25.468013Z","level":"info","event":"INFO: Inserting location 'Niamey' into the database...","chan":"stdout","logger":"task"}
{"timestamp":"2025-07-03T17:02:26.270091Z","level":"info","event":"SUCCESS: Location 'Niamey' inserted with ID 13.","chan":"stdout","logger":"task"}
{"timestamp":"2025-07-03T17:02:26.270339Z","level":"info","event":"INFO: Processing current weather data for location ID 13...","chan":"stdout","logger":"task"}
{"timestamp":"2025-07-03T17:02:26.270509Z","level":"info","event":"INFO: Inserting condition 'Partly cloudy' with code 1003...","chan":"stdout","logger":"task"}
{"timestamp":"2025-07-03T17:02:27.074001Z","level":"info","event":"SUCCESS: Condition 'Partly cloudy' inserted or updated successfully.","chan":"stdout","logger":"task"}
{"timestamp":"2025-07-03T17:02:27.777457Z","level":"info","event":"SUCCESS: Current weather data for location ID 13 inserted successfully.","chan":"stdout","logger":"task"}
{"timestamp":"2025-07-03T17:02:28.077754Z","level":"info","event":"SUCCESS: Weather data for Africa/Niamey committed.","chan":"stdout","logger":"task"}
{"timestamp":"2025-07-03T17:02:30.381742Z","level":"info","event":"Database connection to 'meteo' established successfully.","chan":"stdout","logger":"task"}
{"timestamp":"2025-07-03T17:02:31.885352Z","level":"info","event":"INFO: Logged ETL process 'process_city_data' with status 'success'.","chan":"stdout","logger":"task"}
{"timestamp":"2025-07-03T17:02:31.885686Z","level":"info","event":"INFO: Finished processing Africa/Niamey.","chan":"stdout","logger":"task"}
{"timestamp":"2025-07-03T17:02:35.395176Z","level":"info","event":"Database connection to 'meteo' established successfully.","chan":"stdout","logger":"task"}
{"timestamp":"2025-07-03T17:02:35.395381Z","level":"info","event":"Fetching weather for Africa/Zinder...","chan":"stdout","logger":"task"}
{"timestamp":"2025-07-03T17:02:35.800212Z","level":"info","event":"INFO: Inserting location 'Zinder' into the database...","chan":"stdout","logger":"task"}
{"timestamp":"2025-07-03T17:02:36.598330Z","level":"info","event":"SUCCESS: Location 'Zinder' inserted with ID 14.","chan":"stdout","logger":"task"}
{"timestamp":"2025-07-03T17:02:36.598815Z","level":"info","event":"INFO: Processing current weather data for location ID 14...","chan":"stdout","logger":"task"}
{"timestamp":"2025-07-03T17:02:36.598970Z","level":"info","event":"INFO: Inserting condition 'Partly cloudy' with code 1003...","chan":"stdout","logger":"task"}
{"timestamp":"2025-07-03T17:02:38.302693Z","level":"info","event":"SUCCESS: Condition 'Partly cloudy' inserted or updated successfully.","chan":"stdout","logger":"task"}
{"timestamp":"2025-07-03T17:02:39.004663Z","level":"info","event":"SUCCESS: Current weather data for location ID 14 inserted successfully.","chan":"stdout","logger":"task"}
{"timestamp":"2025-07-03T17:02:39.405647Z","level":"info","event":"SUCCESS: Weather data for Africa/Zinder committed.","chan":"stdout","logger":"task"}
{"timestamp":"2025-07-03T17:02:41.311770Z","level":"info","event":"Database connection to 'meteo' established successfully.","chan":"stdout","logger":"task"}
{"timestamp":"2025-07-03T17:02:42.114976Z","level":"info","event":"INFO: Logged ETL process 'process_city_data' with status 'success'.","chan":"stdout","logger":"task"}
{"timestamp":"2025-07-03T17:02:42.115645Z","level":"info","event":"INFO: Finished processing Africa/Zinder.","chan":"stdout","logger":"task"}
{"timestamp":"2025-07-03T17:02:44.820896Z","level":"info","event":"Database connection to 'meteo' established successfully.","chan":"stdout","logger":"task"}
{"timestamp":"2025-07-03T17:02:44.821107Z","level":"info","event":"Fetching weather for Africa/Maradi...","chan":"stdout","logger":"task"}
{"timestamp":"2025-07-03T17:02:45.222828Z","level":"info","event":"INFO: Inserting location 'Maradi' into the database...","chan":"stdout","logger":"task"}
{"timestamp":"2025-07-03T17:02:46.023870Z","level":"info","event":"SUCCESS: Location 'Maradi' inserted with ID 15.","chan":"stdout","logger":"task"}
{"timestamp":"2025-07-03T17:02:46.024070Z","level":"info","event":"INFO: Processing current weather data for location ID 15...","chan":"stdout","logger":"task"}
{"timestamp":"2025-07-03T17:02:46.024297Z","level":"info","event":"INFO: Inserting condition 'Sunny' with code 1000...","chan":"stdout","logger":"task"}
{"timestamp":"2025-07-03T17:02:46.725463Z","level":"info","event":"SUCCESS: Condition 'Sunny' inserted or updated successfully.","chan":"stdout","logger":"task"}
{"timestamp":"2025-07-03T17:02:47.627896Z","level":"info","event":"SUCCESS: Current weather data for location ID 15 inserted successfully.","chan":"stdout","logger":"task"}
{"timestamp":"2025-07-03T17:02:48.029485Z","level":"info","event":"SUCCESS: Weather data for Africa/Maradi committed.","chan":"stdout","logger":"task"}
{"timestamp":"2025-07-03T17:02:50.137074Z","level":"info","event":"Database connection to 'meteo' established successfully.","chan":"stdout","logger":"task"}
{"timestamp":"2025-07-03T17:02:50.937127Z","level":"info","event":"INFO: Logged ETL process 'process_city_data' with status 'success'.","chan":"stdout","logger":"task"}
{"timestamp":"2025-07-03T17:02:50.937467Z","level":"info","event":"INFO: Finished processing Africa/Maradi.","chan":"stdout","logger":"task"}
{"timestamp":"2025-07-03T17:02:54.848054Z","level":"info","event":"Database connection to 'meteo' established successfully.","chan":"stdout","logger":"task"}
{"timestamp":"2025-07-03T17:02:54.848278Z","level":"info","event":"Fetching weather for Africa/Dakar...","chan":"stdout","logger":"task"}
{"timestamp":"2025-07-03T17:02:55.249518Z","level":"info","event":"INFO: Inserting location 'Dakar' into the database...","chan":"stdout","logger":"task"}
{"timestamp":"2025-07-03T17:02:55.951521Z","level":"info","event":"SUCCESS: Location 'Dakar' inserted with ID 16.","chan":"stdout","logger":"task"}
{"timestamp":"2025-07-03T17:02:55.952119Z","level":"info","event":"INFO: Processing current weather data for location ID 16...","chan":"stdout","logger":"task"}
{"timestamp":"2025-07-03T17:02:55.952491Z","level":"info","event":"INFO: Inserting condition 'Partly cloudy' with code 1003...","chan":"stdout","logger":"task"}
{"timestamp":"2025-07-03T17:02:57.454883Z","level":"info","event":"SUCCESS: Condition 'Partly cloudy' inserted or updated successfully.","chan":"stdout","logger":"task"}
{"timestamp":"2025-07-03T17:02:58.959221Z","level":"info","event":"SUCCESS: Current weather data for location ID 16 inserted successfully.","chan":"stdout","logger":"task"}
{"timestamp":"2025-07-03T17:02:59.359987Z","level":"info","event":"SUCCESS: Weather data for Africa/Dakar committed.","chan":"stdout","logger":"task"}
{"timestamp":"2025-07-03T17:03:01.365654Z","level":"info","event":"Database connection to 'meteo' established successfully.","chan":"stdout","logger":"task"}
{"timestamp":"2025-07-03T17:03:02.267159Z","level":"info","event":"INFO: Logged ETL process 'process_city_data' with status 'success'.","chan":"stdout","logger":"task"}
{"timestamp":"2025-07-03T17:03:02.267499Z","level":"info","event":"INFO: Finished processing Africa/Dakar.","chan":"stdout","logger":"task"}
{"timestamp":"2025-07-03T17:03:04.673983Z","level":"info","event":"Database connection to 'meteo' established successfully.","chan":"stdout","logger":"task"}
{"timestamp":"2025-07-03T17:03:04.674220Z","level":"info","event":"Fetching weather for Africa/Thiès...","chan":"stdout","logger":"task"}
{"timestamp":"2025-07-03T17:03:04.976542Z","level":"info","event":"INFO: Inserting location 'Ma-Africa' into the database...","chan":"stdout","logger":"task"}
{"timestamp":"2025-07-03T17:03:05.777768Z","level":"info","event":"SUCCESS: Location 'Ma-Africa' inserted with ID 17.","chan":"stdout","logger":"task"}
{"timestamp":"2025-07-03T17:03:05.777964Z","level":"info","event":"INFO: Processing current weather data for location ID 17...","chan":"stdout","logger":"task"}
{"timestamp":"2025-07-03T17:03:05.778140Z","level":"info","event":"INFO: Inserting condition 'Cloudy' with code 1006...","chan":"stdout","logger":"task"}
{"timestamp":"2025-07-03T17:03:06.585995Z","level":"info","event":"SUCCESS: Condition 'Cloudy' inserted or updated successfully.","chan":"stdout","logger":"task"}
{"timestamp":"2025-07-03T17:03:07.582864Z","level":"info","event":"SUCCESS: Current weather data for location ID 17 inserted successfully.","chan":"stdout","logger":"task"}
{"timestamp":"2025-07-03T17:03:07.983506Z","level":"info","event":"SUCCESS: Weather data for Africa/Thiès committed.","chan":"stdout","logger":"task"}
{"timestamp":"2025-07-03T17:03:10.089934Z","level":"info","event":"Database connection to 'meteo' established successfully.","chan":"stdout","logger":"task"}
{"timestamp":"2025-07-03T17:03:10.891673Z","level":"info","event":"INFO: Logged ETL process 'process_city_data' with status 'success'.","chan":"stdout","logger":"task"}
{"timestamp":"2025-07-03T17:03:10.891924Z","level":"info","event":"INFO: Finished processing Africa/Thiès.","chan":"stdout","logger":"task"}
{"timestamp":"2025-07-03T17:03:13.498307Z","level":"info","event":"Database connection to 'meteo' established successfully.","chan":"stdout","logger":"task"}
{"timestamp":"2025-07-03T17:03:13.498493Z","level":"info","event":"Fetching weather for Africa/Saint-Louis...","chan":"stdout","logger":"task"}
{"timestamp":"2025-07-03T17:03:13.798832Z","level":"info","event":"INFO: Inserting location 'Saint-Louis' into the database...","chan":"stdout","logger":"task"}
{"timestamp":"2025-07-03T17:03:14.501871Z","level":"info","event":"SUCCESS: Location 'Saint-Louis' inserted with ID 18.","chan":"stdout","logger":"task"}
{"timestamp":"2025-07-03T17:03:14.502199Z","level":"info","event":"INFO: Processing current weather data for location ID 18...","chan":"stdout","logger":"task"}
{"timestamp":"2025-07-03T17:03:14.502416Z","level":"info","event":"INFO: Inserting condition 'Sunny' with code 1000...","chan":"stdout","logger":"task"}
{"timestamp":"2025-07-03T17:03:15.311944Z","level":"info","event":"SUCCESS: Condition 'Sunny' inserted or updated successfully.","chan":"stdout","logger":"task"}
{"timestamp":"2025-07-03T17:03:16.207221Z","level":"info","event":"SUCCESS: Current weather data for location ID 18 inserted successfully.","chan":"stdout","logger":"task"}
{"timestamp":"2025-07-03T17:03:16.607507Z","level":"info","event":"SUCCESS: Weather data for Africa/Saint-Louis committed.","chan":"stdout","logger":"task"}
{"timestamp":"2025-07-03T17:03:19.215346Z","level":"info","event":"Database connection to 'meteo' established successfully.","chan":"stdout","logger":"task"}
{"timestamp":"2025-07-03T17:03:19.925045Z","level":"info","event":"INFO: Logged ETL process 'process_city_data' with status 'success'.","chan":"stdout","logger":"task"}
{"timestamp":"2025-07-03T17:03:19.925387Z","level":"info","event":"INFO: Finished processing Africa/Saint-Louis.","chan":"stdout","logger":"task"}
{"timestamp":"2025-07-03T17:03:23.726592Z","level":"info","event":"Database connection to 'meteo' established successfully.","chan":"stdout","logger":"task"}
{"timestamp":"2025-07-03T17:03:23.726852Z","level":"info","event":"Fetching weather for Africa/Lomé...","chan":"stdout","logger":"task"}
{"timestamp":"2025-07-03T17:03:24.127595Z","level":"info","event":"INFO: Inserting location 'Ma-Africa' into the database...","chan":"stdout","logger":"task"}
{"timestamp":"2025-07-03T17:03:24.930108Z","level":"info","event":"SUCCESS: Location 'Ma-Africa' inserted with ID 17.","chan":"stdout","logger":"task"}
{"timestamp":"2025-07-03T17:03:24.930334Z","level":"info","event":"INFO: Processing current weather data for location ID 17...","chan":"stdout","logger":"task"}
{"timestamp":"2025-07-03T17:03:24.930491Z","level":"info","event":"INFO: Inserting condition 'Light drizzle' with code 1153...","chan":"stdout","logger":"task"}
{"timestamp":"2025-07-03T17:03:25.531225Z","level":"info","event":"SUCCESS: Condition 'Light drizzle' inserted or updated successfully.","chan":"stdout","logger":"task"}
{"timestamp":"2025-07-03T17:03:26.433840Z","level":"info","event":"SUCCESS: Current weather data for location ID 17 inserted successfully.","chan":"stdout","logger":"task"}
{"timestamp":"2025-07-03T17:03:26.834255Z","level":"info","event":"SUCCESS: Weather data for Africa/Lomé committed.","chan":"stdout","logger":"task"}
{"timestamp":"2025-07-03T17:03:30.042986Z","level":"info","event":"Database connection to 'meteo' established successfully.","chan":"stdout","logger":"task"}
{"timestamp":"2025-07-03T17:03:30.751522Z","level":"info","event":"INFO: Logged ETL process 'process_city_data' with status 'success'.","chan":"stdout","logger":"task"}
{"timestamp":"2025-07-03T17:03:30.751934Z","level":"info","event":"INFO: Finished processing Africa/Lomé.","chan":"stdout","logger":"task"}
{"timestamp":"2025-07-03T17:03:33.152091Z","level":"info","event":"Database connection to 'meteo' established successfully.","chan":"stdout","logger":"task"}
{"timestamp":"2025-07-03T17:03:33.152399Z","level":"info","event":"Fetching weather for Africa/Sokodé...","chan":"stdout","logger":"task"}
{"timestamp":"2025-07-03T17:03:33.553311Z","level":"info","event":"INFO: Inserting location 'Ma-Africa' into the database...","chan":"stdout","logger":"task"}
{"timestamp":"2025-07-03T17:03:34.355220Z","level":"info","event":"SUCCESS: Location 'Ma-Africa' inserted with ID 17.","chan":"stdout","logger":"task"}
{"timestamp":"2025-07-03T17:03:34.355423Z","level":"info","event":"INFO: Processing current weather data for location ID 17...","chan":"stdout","logger":"task"}
{"timestamp":"2025-07-03T17:03:34.355512Z","level":"info","event":"INFO: Inserting condition 'Cloudy' with code 1006...","chan":"stdout","logger":"task"}
{"timestamp":"2025-07-03T17:03:35.157004Z","level":"info","event":"SUCCESS: Condition 'Cloudy' inserted or updated successfully.","chan":"stdout","logger":"task"}
{"timestamp":"2025-07-03T17:03:35.858461Z","level":"info","event":"SUCCESS: Current weather data for location ID 17 inserted successfully.","chan":"stdout","logger":"task"}
{"timestamp":"2025-07-03T17:03:36.262719Z","level":"info","event":"SUCCESS: Weather data for Africa/Sokodé committed.","chan":"stdout","logger":"task"}
{"timestamp":"2025-07-03T17:03:38.366163Z","level":"info","event":"Database connection to 'meteo' established successfully.","chan":"stdout","logger":"task"}
{"timestamp":"2025-07-03T17:03:39.168829Z","level":"info","event":"INFO: Logged ETL process 'process_city_data' with status 'success'.","chan":"stdout","logger":"task"}
{"timestamp":"2025-07-03T17:03:39.169295Z","level":"info","event":"INFO: Finished processing Africa/Sokodé.","chan":"stdout","logger":"task"}
{"timestamp":"2025-07-03T17:03:41.774989Z","level":"info","event":"Database connection to 'meteo' established successfully.","chan":"stdout","logger":"task"}
{"timestamp":"2025-07-03T17:03:41.775210Z","level":"info","event":"Fetching weather for Africa/Kara...","chan":"stdout","logger":"task"}
{"timestamp":"2025-07-03T17:03:42.077732Z","level":"info","event":"INFO: Inserting location 'Kara' into the database...","chan":"stdout","logger":"task"}
{"timestamp":"2025-07-03T17:03:42.778011Z","level":"info","event":"SUCCESS: Location 'Kara' inserted with ID 21.","chan":"stdout","logger":"task"}
{"timestamp":"2025-07-03T17:03:42.778304Z","level":"info","event":"INFO: Processing current weather data for location ID 21...","chan":"stdout","logger":"task"}
{"timestamp":"2025-07-03T17:03:42.778455Z","level":"info","event":"INFO: Inserting condition 'Partly cloudy' with code 1003...","chan":"stdout","logger":"task"}
{"timestamp":"2025-07-03T17:03:43.580119Z","level":"info","event":"SUCCESS: Condition 'Partly cloudy' inserted or updated successfully.","chan":"stdout","logger":"task"}
{"timestamp":"2025-07-03T17:03:44.283443Z","level":"info","event":"SUCCESS: Current weather data for location ID 21 inserted successfully.","chan":"stdout","logger":"task"}
{"timestamp":"2025-07-03T17:03:44.582573Z","level":"info","event":"SUCCESS: Weather data for Africa/Kara committed.","chan":"stdout","logger":"task"}
{"timestamp":"2025-07-03T17:03:46.789141Z","level":"info","event":"Database connection to 'meteo' established successfully.","chan":"stdout","logger":"task"}
{"timestamp":"2025-07-03T17:03:47.591065Z","level":"info","event":"INFO: Logged ETL process 'process_city_data' with status 'success'.","chan":"stdout","logger":"task"}
{"timestamp":"2025-07-03T17:03:47.591377Z","level":"info","event":"INFO: Finished processing Africa/Kara.","chan":"stdout","logger":"task"}
{"timestamp":"2025-07-03T17:03:48.091364Z","level":"info","event":"INFO: Extraction/loading done.","chan":"stdout","logger":"task"}
{"timestamp":"2025-07-03T17:03:49.904019Z","level":"info","event":"Database connection to 'meteo' established successfully.","chan":"stdout","logger":"task"}
{"timestamp":"2025-07-03T17:03:50.599938Z","level":"info","event":"INFO: Logged ETL process 'extract_and_load' with status 'success'.","chan":"stdout","logger":"task"}
{"timestamp":"2025-07-03T17:03:50.600843","level":"info","event":"Done. Returned value was: None","logger":"airflow.task.operators.airflow.providers.standard.operators.python.PythonOperator"}
