{"timestamp":"2025-07-07T08:00:04.694489","level":"info","event":"DAG bundles loaded: dags-folder","logger":"airflow.dag_processing.bundles.manager.DagBundlesManager"}
{"timestamp":"2025-07-07T08:00:04.695457","level":"info","event":"Filling up the DagBag from /opt/airflow/dags/weather_etl_dag.py","logger":"airflow.models.dagbag.DagBag"}
{"timestamp":"2025-07-07T08:00:05.265576Z","level":"info","event":"INFO: Starting DB cleanup...","chan":"stdout","logger":"task"}
{"timestamp":"2025-07-07T08:00:06.092438Z","level":"info","event":"Database connection to 'meteo' established successfully.","chan":"stdout","logger":"task"}
{"timestamp":"2025-07-07T08:00:06.092684Z","level":"info","event":"--- Disabling foreign key checks ---","chan":"stdout","logger":"task"}
{"timestamp":"2025-07-07T08:00:06.409594Z","level":"info","event":"SUCCESS: Disabling foreign key checks","chan":"stdout","logger":"task"}
{"timestamp":"2025-07-07T08:00:06.410010Z","level":"info","event":"","chan":"stdout","logger":"task"}
{"timestamp":"2025-07-07T08:00:06.410133Z","level":"info","event":"--- Dropping existing tables ---","chan":"stdout","logger":"task"}
{"timestamp":"2025-07-07T08:00:06.410243Z","level":"info","event":"--- Dropping table donnees_meteo ---","chan":"stdout","logger":"task"}
{"timestamp":"2025-07-07T08:00:06.731401Z","level":"info","event":"SUCCESS: Dropping table donnees_meteo","chan":"stdout","logger":"task"}
{"timestamp":"2025-07-07T08:00:06.731631Z","level":"info","event":"--- Dropping table conditions_meteo ---","chan":"stdout","logger":"task"}
{"timestamp":"2025-07-07T08:00:07.167977Z","level":"info","event":"SUCCESS: Dropping table conditions_meteo","chan":"stdout","logger":"task"}
{"timestamp":"2025-07-07T08:00:07.168183Z","level":"info","event":"--- Dropping table lieux ---","chan":"stdout","logger":"task"}
{"timestamp":"2025-07-07T08:00:07.632359Z","level":"info","event":"SUCCESS: Dropping table lieux","chan":"stdout","logger":"task"}
{"timestamp":"2025-07-07T08:00:07.632553Z","level":"info","event":"--- Re-enabling foreign key checks ---","chan":"stdout","logger":"task"}
{"timestamp":"2025-07-07T08:00:07.868483Z","level":"info","event":"SUCCESS: Re-enabling foreign key checks","chan":"stdout","logger":"task"}
{"timestamp":"2025-07-07T08:00:07.868686Z","level":"info","event":"","chan":"stdout","logger":"task"}
{"timestamp":"2025-07-07T08:00:07.868825Z","level":"info","event":"--- Creating new tables ---","chan":"stdout","logger":"task"}
{"timestamp":"2025-07-07T08:00:07.869045Z","level":"info","event":"--- Creating table lieux ---","chan":"stdout","logger":"task"}
{"timestamp":"2025-07-07T08:00:08.167830Z","level":"info","event":"SUCCESS: Creating table lieux","chan":"stdout","logger":"task"}
{"timestamp":"2025-07-07T08:00:08.168022Z","level":"info","event":"--- Creating table conditions_meteo ---","chan":"stdout","logger":"task"}
{"timestamp":"2025-07-07T08:00:08.469841Z","level":"info","event":"SUCCESS: Creating table conditions_meteo","chan":"stdout","logger":"task"}
{"timestamp":"2025-07-07T08:00:08.470039Z","level":"info","event":"--- Creating table donnees_meteo ---","chan":"stdout","logger":"task"}
{"timestamp":"2025-07-07T08:00:08.970382Z","level":"info","event":"SUCCESS: Creating table donnees_meteo","chan":"stdout","logger":"task"}
{"timestamp":"2025-07-07T08:00:08.970574Z","level":"info","event":"--- Creating table etl_logs ---","chan":"stdout","logger":"task"}
{"timestamp":"2025-07-07T08:00:09.070828Z","level":"info","event":"ERROR: Failed to execute 'Creating table etl_logs' - (1050, \"Table 'etl_logs' already exists\")","chan":"stdout","logger":"task"}
{"timestamp":"2025-07-07T08:00:09.071020Z","level":"info","event":"","chan":"stdout","logger":"task"}
{"timestamp":"2025-07-07T08:00:09.071178Z","level":"info","event":"SUCCESS: Database cleanup and recreation completed.","chan":"stdout","logger":"task"}
{"timestamp":"2025-07-07T08:00:09.071285Z","level":"info","event":"INFO: DB cleanup done.","chan":"stdout","logger":"task"}
{"timestamp":"2025-07-07T08:00:09.071834","level":"info","event":"Done. Returned value was: None","logger":"airflow.task.operators.airflow.providers.standard.operators.python.PythonOperator"}
