{"timestamp":"2025-07-07T08:02:07.601591","level":"info","event":"DAG bundles loaded: dags-folder","logger":"airflow.dag_processing.bundles.manager.DagBundlesManager"}
{"timestamp":"2025-07-07T08:02:07.602731","level":"info","event":"Filling up the DagBag from /opt/airflow/dags/weather_etl_dag.py","logger":"airflow.models.dagbag.DagBag"}
{"timestamp":"2025-07-07T08:02:08.242331Z","level":"info","event":"INFO: Starting transform/load to warehouse...","chan":"stdout","logger":"task"}
{"timestamp":"2025-07-07T08:02:08.242529Z","level":"info","event":"INFO: Starting ETL process...","chan":"stdout","logger":"task"}
{"timestamp":"2025-07-07T08:02:08.242630Z","level":"info","event":"INFO: Attempting to establish database connections...","chan":"stdout","logger":"task"}
{"timestamp":"2025-07-07T08:02:09.205780Z","level":"info","event":"Database connection to 'meteo' established successfully.","chan":"stdout","logger":"task"}
{"timestamp":"2025-07-07T08:02:10.105178Z","level":"info","event":"Database connection to 'meteo_warehouse' established successfully.","chan":"stdout","logger":"task"}
{"timestamp":"2025-07-07T08:02:10.105534Z","level":"info","event":"SUCCESS: PyMySQL connections established.","chan":"stdout","logger":"task"}
{"timestamp":"2025-07-07T08:02:13.183623Z","level":"info","event":"SUCCESS: SQLAlchemy engine for target database created and tested.","chan":"stdout","logger":"task"}
{"timestamp":"2025-07-07T08:02:13.184018Z","level":"info","event":"","chan":"stdout","logger":"task"}
{"timestamp":"2025-07-07T08:02:13.184230Z","level":"info","event":"INFO: Beginning data extraction from source database.","chan":"stdout","logger":"task"}
{"timestamp":"2025-07-07T08:02:13.371653Z","level":"info","event":"INFO: Extracted 20 rows from query.","chan":"stdout","logger":"task"}
{"timestamp":"2025-07-07T08:02:13.536731Z","level":"info","event":"INFO: Extracted 7 rows from query.","chan":"stdout","logger":"task"}
{"timestamp":"2025-07-07T08:02:14.464372Z","level":"info","event":"INFO: Extracted 22 rows from query.","chan":"stdout","logger":"task"}
{"timestamp":"2025-07-07T08:02:14.464675Z","level":"info","event":"SUCCESS: All necessary data extracted from source tables.","chan":"stdout","logger":"task"}
{"timestamp":"2025-07-07T08:02:14.464857Z","level":"info","event":"","chan":"stdout","logger":"task"}
{"timestamp":"2025-07-07T08:02:14.465054Z","level":"info","event":"INFO: Beginning data transformation for dimension tables.","chan":"stdout","logger":"task"}
{"timestamp":"2025-07-07T08:02:14.468080Z","level":"info","event":"INFO: Transforming data for DimLieux...","chan":"stdout","logger":"task"}
{"timestamp":"2025-07-07T08:02:14.474900Z","level":"info","event":"SUCCESS: Transformed 20 unique locations for DimLieux.","chan":"stdout","logger":"task"}
{"timestamp":"2025-07-07T08:02:14.475167Z","level":"info","event":"INFO: Transforming data for DimConditionsMeteo...","chan":"stdout","logger":"task"}
{"timestamp":"2025-07-07T08:02:14.479968Z","level":"info","event":"SUCCESS: Transformed 7 unique conditions for DimConditionsMeteo.","chan":"stdout","logger":"task"}
{"timestamp":"2025-07-07T08:02:14.480262Z","level":"info","event":"INFO: Transforming data for DimTemps...","chan":"stdout","logger":"task"}
{"timestamp":"2025-07-07T08:02:14.490523Z","level":"info","event":"SUCCESS: Transformed 9 unique time entries for DimTemps.","chan":"stdout","logger":"task"}
{"timestamp":"2025-07-07T08:02:14.491778Z","level":"info","event":"","chan":"stdout","logger":"task"}
{"timestamp":"2025-07-07T08:02:14.492062Z","level":"info","event":"INFO: Preparing data for FaitDonneesMeteo (Fact Table).","chan":"stdout","logger":"task"}
{"timestamp":"2025-07-07T08:02:14.498775Z","level":"info","event":"","chan":"stdout","logger":"task"}
{"timestamp":"2025-07-07T08:02:14.499024Z","level":"info","event":"INFO: Loading dimension data into target database.","chan":"stdout","logger":"task"}
{"timestamp":"2025-07-07T08:02:15.865311Z","level":"info","event":"ERROR: Error loading data into DimLieux: (pymysql.err.IntegrityError) (1062, \"Duplicate entry 'Dakar' for key 'DimLieux.nom_ville'\")","chan":"stdout","logger":"task"}
{"timestamp":"2025-07-07T08:02:15.865583Z","level":"info","event":"[SQL: INSERT INTO \"DimLieux\" (nom_ville, region, pays) VALUES (%(nom_ville)s, %(region)s, %(pays)s)]","chan":"stdout","logger":"task"}
{"timestamp":"2025-07-07T08:02:15.865747Z","level":"info","event":"[parameters: ({'nom_ville': 'Abidjan', 'region': 'Lagunes', 'pays': \"Cote d'Ivoire\"}, {'nom_ville': 'Bafata', 'region': 'Bafata', 'pays': 'Guinea-Bissau'}, {'nom_ville': 'Bamako', 'region': 'Bamako', 'pays': 'Mali'}, {'nom_ville': 'Bissau', 'region': 'Bissau', 'pays': 'Guinea-Bissau'}, {'nom_ville': 'Bobo Dioulasso', 'region': 'Houet', 'pays': 'Burkina Faso'}, {'nom_ville': 'Bolama', 'region': 'Bolama', 'pays': 'Guinea-Bissau'}, {'nom_ville': 'Bouake', 'region': 'Marahoue', 'pays': \"Cote d'Ivoire\"}, {'nom_ville': 'Dakar', 'region': 'Dakar', 'pays': 'Senegal'}  ... displaying 10 of 20 total bound parameter sets ...  {'nom_ville': 'Yamoussoukro', 'region': \"N'zi-Comoe\", 'pays': \"Cote d'Ivoire\"}, {'nom_ville': 'Zinder', 'region': 'Zinder', 'pays': 'Niger'})]","chan":"stdout","logger":"task"}
{"timestamp":"2025-07-07T08:02:15.865894Z","level":"info","event":"(Background on this error at: https://sqlalche.me/e/14/gkpj)","chan":"stdout","logger":"task"}
{"timestamp":"2025-07-07T08:02:16.945132Z","level":"info","event":"ERROR: Error loading data into DimConditionsMeteo: (pymysql.err.IntegrityError) (1062, \"Duplicate entry 'Cloudy' for key 'DimConditionsMeteo.texte_condition'\")","chan":"stdout","logger":"task"}
{"timestamp":"2025-07-07T08:02:16.945302Z","level":"info","event":"[SQL: INSERT INTO \"DimConditionsMeteo\" (code_condition, texte_condition) VALUES (%(code_condition)s, %(texte_condition)s)]","chan":"stdout","logger":"task"}
{"timestamp":"2025-07-07T08:02:16.945403Z","level":"info","event":"[parameters: ({'code_condition': 1006, 'texte_condition': 'Cloudy'}, {'code_condition': 1183, 'texte_condition': 'Light rain'}, {'code_condition': 1240, 'texte_condition': 'Light rain shower'}, {'code_condition': 1276, 'texte_condition': 'Moderate or heavy rain with thunder'}, {'code_condition': 1003, 'texte_condition': 'Partly cloudy'}, {'code_condition': 1063, 'texte_condition': 'Patchy rain nearby'}, {'code_condition': 1000, 'texte_condition': 'Sunny'})]","chan":"stdout","logger":"task"}
{"timestamp":"2025-07-07T08:02:16.945479Z","level":"info","event":"(Background on this error at: https://sqlalche.me/e/14/gkpj)","chan":"stdout","logger":"task"}
{"timestamp":"2025-07-07T08:02:18.027750Z","level":"info","event":"SUCCESS: Loaded 9 rows into DimTemps.","chan":"stdout","logger":"task"}
{"timestamp":"2025-07-07T08:02:18.028016Z","level":"info","event":"SUCCESS: Dimension tables loaded.","chan":"stdout","logger":"task"}
{"timestamp":"2025-07-07T08:02:18.028222Z","level":"info","event":"INFO: Reading back surrogate keys from target dimension tables.","chan":"stdout","logger":"task"}
{"timestamp":"2025-07-07T08:02:18.205966Z","level":"info","event":"INFO: Extracted 12 rows from query.","chan":"stdout","logger":"task"}
{"timestamp":"2025-07-07T08:02:18.385976Z","level":"info","event":"INFO: Extracted 20 rows from query.","chan":"stdout","logger":"task"}
{"timestamp":"2025-07-07T08:02:19.128772Z","level":"info","event":"INFO: Extracted 3218 rows from query.","chan":"stdout","logger":"task"}
{"timestamp":"2025-07-07T08:02:19.132001Z","level":"info","event":"SUCCESS: Surrogate keys retrieved.","chan":"stdout","logger":"task"}
{"timestamp":"2025-07-07T08:02:19.136416Z","level":"info","event":"INFO: Joining fact data with dimension surrogate keys.","chan":"stdout","logger":"task"}
{"timestamp":"2025-07-07T08:02:19.137983Z","level":"info","event":"INFO: Merging with DimLieux to get id_dim_lieu_fk...","chan":"stdout","logger":"task"}
{"timestamp":"2025-07-07T08:02:19.146091Z","level":"info","event":"WARNING: 9 records in FaitDonneesMeteo could not find a matching DimLieux entry. Check data consistency.","chan":"stdout","logger":"task"}
{"timestamp":"2025-07-07T08:02:19.147365Z","level":"info","event":"INFO: After DimLieux merge. Records with id_dim_lieu: 13/22.","chan":"stdout","logger":"task"}
{"timestamp":"2025-07-07T08:02:19.150447Z","level":"info","event":"INFO: Merging with DimConditionsMeteo to get id_dim_condition_fk...","chan":"stdout","logger":"task"}
{"timestamp":"2025-07-07T08:02:19.154376Z","level":"info","event":"WARNING: 7 records in FaitDonneesMeteo could not find a matching DimConditionsMeteo entry. Check data consistency.","chan":"stdout","logger":"task"}
{"timestamp":"2025-07-07T08:02:19.155614Z","level":"info","event":"INFO: After DimConditionsMeteo merge. Records with id_dim_condition: 15/22.","chan":"stdout","logger":"task"}
{"timestamp":"2025-07-07T08:02:19.155831Z","level":"info","event":"INFO: Merging with DimTemps to get id_dim_temps_fk...","chan":"stdout","logger":"task"}
{"timestamp":"2025-07-07T08:02:19.165339Z","level":"info","event":"INFO: After DimTemps merge. Records with id_dim_temps: 125/125.","chan":"stdout","logger":"task"}
{"timestamp":"2025-07-07T08:02:19.169685Z","level":"info","event":"WARNING: Dropped 73 rows from final fact table due to NULL foreign keys.","chan":"stdout","logger":"task"}
{"timestamp":"2025-07-07T08:02:19.169942Z","level":"info","event":"         Consider adjusting merge logic or source data to prevent missing dimension matches.","chan":"stdout","logger":"task"}
{"timestamp":"2025-07-07T08:02:19.170111Z","level":"info","event":"SUCCESS: Transformed 52 rows for FaitDonneesMeteo (after final FK check).","chan":"stdout","logger":"task"}
{"timestamp":"2025-07-07T08:02:19.170257Z","level":"info","event":"","chan":"stdout","logger":"task"}
{"timestamp":"2025-07-07T08:02:19.170389Z","level":"info","event":"INFO: Loading fact data into target database.","chan":"stdout","logger":"task"}
{"timestamp":"2025-07-07T08:02:20.545313Z","level":"info","event":"SUCCESS: Loaded 52 rows into FaitDonneesMeteo.","chan":"stdout","logger":"task"}
{"timestamp":"2025-07-07T08:02:20.545568Z","level":"info","event":"SUCCESS: Fact table loaded.","chan":"stdout","logger":"task"}
{"timestamp":"2025-07-07T08:02:20.545732Z","level":"info","event":"","chan":"stdout","logger":"task"}
{"timestamp":"2025-07-07T08:02:20.545863Z","level":"info","event":"SUCCESS: ETL process completed successfully!","chan":"stdout","logger":"task"}
{"timestamp":"2025-07-07T08:02:20.546053Z","level":"info","event":"INFO: Attempting to close database connections and dispose of engines.","chan":"stdout","logger":"task"}
{"timestamp":"2025-07-07T08:02:20.546289Z","level":"info","event":"INFO: Source database connection closed.","chan":"stdout","logger":"task"}
{"timestamp":"2025-07-07T08:02:20.546449Z","level":"info","event":"INFO: Target database (pymysql) connection closed.","chan":"stdout","logger":"task"}
{"timestamp":"2025-07-07T08:02:20.546579Z","level":"info","event":"INFO: Target database SQLAlchemy engine disposed.","chan":"stdout","logger":"task"}
{"timestamp":"2025-07-07T08:02:20.546700Z","level":"info","event":"SUCCESS: All database connections and engines handled.","chan":"stdout","logger":"task"}
{"timestamp":"2025-07-07T08:02:22.222653Z","level":"info","event":"Database connection to 'meteo' established successfully.","chan":"stdout","logger":"task"}
{"timestamp":"2025-07-07T08:02:22.777685Z","level":"info","event":"INFO: Logged ETL process 'transfer_data_to_warehouse' with status 'success'.","chan":"stdout","logger":"task"}
{"timestamp":"2025-07-07T08:02:22.777965Z","level":"info","event":"INFO: Transform/load done.","chan":"stdout","logger":"task"}
{"timestamp":"2025-07-07T08:02:22.779667","level":"info","event":"Done. Returned value was: None","logger":"airflow.task.operators.airflow.providers.standard.operators.python.PythonOperator"}
