{"timestamp":"2025-07-09T06:53:19.272283","level":"info","event":"DAG bundles loaded: dags-folder","logger":"airflow.dag_processing.bundles.manager.DagBundlesManager"}
{"timestamp":"2025-07-09T06:53:19.273750","level":"info","event":"Filling up the DagBag from /opt/airflow/dags/weather_etl_dag.py","logger":"airflow.models.dagbag.DagBag"}
{"timestamp":"2025-07-09T06:53:20.412196Z","level":"info","event":"INFO: Starting transform/load to warehouse...","chan":"stdout","logger":"task"}
{"timestamp":"2025-07-09T06:53:20.412468Z","level":"info","event":"INFO: Starting ETL process...","chan":"stdout","logger":"task"}
{"timestamp":"2025-07-09T06:53:20.412628Z","level":"info","event":"INFO: Attempting to establish database connections...","chan":"stdout","logger":"task"}
{"timestamp":"2025-07-09T06:53:20.824031Z","level":"info","event":"Database connection to 'meteo' established successfully.","chan":"stdout","logger":"task"}
{"timestamp":"2025-07-09T06:53:21.435184Z","level":"info","event":"Database connection to 'meteo_warehouse' established successfully.","chan":"stdout","logger":"task"}
{"timestamp":"2025-07-09T06:53:21.435641Z","level":"info","event":"SUCCESS: PyMySQL connections established.","chan":"stdout","logger":"task"}
{"timestamp":"2025-07-09T06:53:22.846498Z","level":"info","event":"SUCCESS: SQLAlchemy engine for target database created and tested.","chan":"stdout","logger":"task"}
{"timestamp":"2025-07-09T06:53:22.847665Z","level":"info","event":"","chan":"stdout","logger":"task"}
{"timestamp":"2025-07-09T06:53:22.848150Z","level":"info","event":"INFO: Beginning data extraction from source database.","chan":"stdout","logger":"task"}
{"timestamp":"2025-07-09T06:53:22.955945Z","level":"info","event":"INFO: Extracted 20 rows from query.","chan":"stdout","logger":"task"}
{"timestamp":"2025-07-09T06:53:23.053177Z","level":"info","event":"INFO: Extracted 8 rows from query.","chan":"stdout","logger":"task"}
{"timestamp":"2025-07-09T06:53:23.159186Z","level":"info","event":"INFO: Extracted 20 rows from query.","chan":"stdout","logger":"task"}
{"timestamp":"2025-07-09T06:53:23.159514Z","level":"info","event":"SUCCESS: All necessary data extracted from source tables.","chan":"stdout","logger":"task"}
{"timestamp":"2025-07-09T06:53:23.159673Z","level":"info","event":"","chan":"stdout","logger":"task"}
{"timestamp":"2025-07-09T06:53:23.159804Z","level":"info","event":"INFO: Beginning data transformation for dimension tables.","chan":"stdout","logger":"task"}
{"timestamp":"2025-07-09T06:53:23.159924Z","level":"info","event":"INFO: Transforming data for DimLieux...","chan":"stdout","logger":"task"}
{"timestamp":"2025-07-09T06:53:23.176618Z","level":"info","event":"SUCCESS: Transformed 20 unique locations for DimLieux.","chan":"stdout","logger":"task"}
{"timestamp":"2025-07-09T06:53:23.176863Z","level":"info","event":"INFO: Transforming data for DimConditionsMeteo...","chan":"stdout","logger":"task"}
{"timestamp":"2025-07-09T06:53:23.178363Z","level":"info","event":"SUCCESS: Transformed 8 unique conditions for DimConditionsMeteo.","chan":"stdout","logger":"task"}
{"timestamp":"2025-07-09T06:53:23.178591Z","level":"info","event":"INFO: Transforming data for DimTemps...","chan":"stdout","logger":"task"}
{"timestamp":"2025-07-09T06:53:23.191142Z","level":"info","event":"SUCCESS: Transformed 4 unique time entries for DimTemps.","chan":"stdout","logger":"task"}
{"timestamp":"2025-07-09T06:53:23.191338Z","level":"info","event":"","chan":"stdout","logger":"task"}
{"timestamp":"2025-07-09T06:53:23.191484Z","level":"info","event":"INFO: Preparing data for FaitDonneesMeteo (Fact Table).","chan":"stdout","logger":"task"}
{"timestamp":"2025-07-09T06:53:23.197533Z","level":"info","event":"","chan":"stdout","logger":"task"}
{"timestamp":"2025-07-09T06:53:23.197915Z","level":"info","event":"INFO: Loading dimension data into target database.","chan":"stdout","logger":"task"}
{"timestamp":"2025-07-09T06:53:23.785561Z","level":"info","event":"ERROR: Error loading data into DimLieux: (pymysql.err.IntegrityError) (1062, \"Duplicate entry 'Dakar' for key 'DimLieux.nom_ville'\")","chan":"stdout","logger":"task"}
{"timestamp":"2025-07-09T06:53:23.788731Z","level":"info","event":"[SQL: INSERT INTO \"DimLieux\" (nom_ville, region, pays) VALUES (%(nom_ville)s, %(region)s, %(pays)s)]","chan":"stdout","logger":"task"}
{"timestamp":"2025-07-09T06:53:23.788996Z","level":"info","event":"[parameters: ({'nom_ville': 'Abidjan', 'region': 'Lagunes', 'pays': \"Cote d'Ivoire\"}, {'nom_ville': 'Bafata', 'region': 'Bafata', 'pays': 'Guinea-Bissau'}, {'nom_ville': 'Bamako', 'region': 'Bamako', 'pays': 'Mali'}, {'nom_ville': 'Bissau', 'region': 'Bissau', 'pays': 'Guinea-Bissau'}, {'nom_ville': 'Bobo Dioulasso', 'region': 'Houet', 'pays': 'Burkina Faso'}, {'nom_ville': 'Bolama', 'region': 'Bolama', 'pays': 'Guinea-Bissau'}, {'nom_ville': 'Bouake', 'region': 'Marahoue', 'pays': \"Cote d'Ivoire\"}, {'nom_ville': 'Dakar', 'region': 'Dakar', 'pays': 'Senegal'}  ... displaying 10 of 20 total bound parameter sets ...  {'nom_ville': 'Yamoussoukro', 'region': \"N'zi-Comoe\", 'pays': \"Cote d'Ivoire\"}, {'nom_ville': 'Zinder', 'region': 'Zinder', 'pays': 'Niger'})]","chan":"stdout","logger":"task"}
{"timestamp":"2025-07-09T06:53:23.789315Z","level":"info","event":"(Background on this error at: https://sqlalche.me/e/14/gkpj)","chan":"stdout","logger":"task"}
{"timestamp":"2025-07-09T06:53:24.295871Z","level":"info","event":"ERROR: Error loading data into DimConditionsMeteo: (pymysql.err.IntegrityError) (1062, \"Duplicate entry 'Light rain shower' for key 'DimConditionsMeteo.texte_condition'\")","chan":"stdout","logger":"task"}
{"timestamp":"2025-07-09T06:53:24.296246Z","level":"info","event":"[SQL: INSERT INTO \"DimConditionsMeteo\" (code_condition, texte_condition) VALUES (%(code_condition)s, %(texte_condition)s)]","chan":"stdout","logger":"task"}
{"timestamp":"2025-07-09T06:53:24.296423Z","level":"info","event":"[parameters: ({'code_condition': 1135, 'texte_condition': 'Fog'}, {'code_condition': 1240, 'texte_condition': 'Light rain shower'}, {'code_condition': 1276, 'texte_condition': 'Moderate or heavy rain with thunder'}, {'code_condition': 1009, 'texte_condition': 'Overcast'}, {'code_condition': 1003, 'texte_condition': 'Partly cloudy'}, {'code_condition': 1273, 'texte_condition': 'Patchy light rain with thunder'}, {'code_condition': 1063, 'texte_condition': 'Patchy rain nearby'}, {'code_condition': 1000, 'texte_condition': 'Sunny'})]","chan":"stdout","logger":"task"}
{"timestamp":"2025-07-09T06:53:24.296581Z","level":"info","event":"(Background on this error at: https://sqlalche.me/e/14/gkpj)","chan":"stdout","logger":"task"}
{"timestamp":"2025-07-09T06:53:24.802923Z","level":"info","event":"SUCCESS: Loaded 4 rows into DimTemps.","chan":"stdout","logger":"task"}
{"timestamp":"2025-07-09T06:53:24.805383Z","level":"info","event":"SUCCESS: Dimension tables loaded.","chan":"stdout","logger":"task"}
{"timestamp":"2025-07-09T06:53:24.805611Z","level":"info","event":"INFO: Reading back surrogate keys from target dimension tables.","chan":"stdout","logger":"task"}
{"timestamp":"2025-07-09T06:53:24.904908Z","level":"info","event":"INFO: Extracted 12 rows from query.","chan":"stdout","logger":"task"}
{"timestamp":"2025-07-09T06:53:25.006696Z","level":"info","event":"INFO: Extracted 20 rows from query.","chan":"stdout","logger":"task"}
{"timestamp":"2025-07-09T06:53:25.502794Z","level":"info","event":"INFO: Extracted 3931 rows from query.","chan":"stdout","logger":"task"}
{"timestamp":"2025-07-09T06:53:25.503633Z","level":"info","event":"SUCCESS: Surrogate keys retrieved.","chan":"stdout","logger":"task"}
{"timestamp":"2025-07-09T06:53:25.510744Z","level":"info","event":"INFO: Joining fact data with dimension surrogate keys.","chan":"stdout","logger":"task"}
{"timestamp":"2025-07-09T06:53:25.511937Z","level":"info","event":"INFO: Merging with DimLieux to get id_dim_lieu_fk...","chan":"stdout","logger":"task"}
{"timestamp":"2025-07-09T06:53:25.546400Z","level":"info","event":"WARNING: 9 records in FaitDonneesMeteo could not find a matching DimLieux entry. Check data consistency.","chan":"stdout","logger":"task"}
{"timestamp":"2025-07-09T06:53:25.549753Z","level":"info","event":"INFO: After DimLieux merge. Records with id_dim_lieu: 11/20.","chan":"stdout","logger":"task"}
{"timestamp":"2025-07-09T06:53:25.551087Z","level":"info","event":"INFO: Merging with DimConditionsMeteo to get id_dim_condition_fk...","chan":"stdout","logger":"task"}
{"timestamp":"2025-07-09T06:53:25.569765Z","level":"info","event":"WARNING: 10 records in FaitDonneesMeteo could not find a matching DimConditionsMeteo entry. Check data consistency.","chan":"stdout","logger":"task"}
{"timestamp":"2025-07-09T06:53:25.576403Z","level":"info","event":"INFO: After DimConditionsMeteo merge. Records with id_dim_condition: 10/20.","chan":"stdout","logger":"task"}
{"timestamp":"2025-07-09T06:53:25.576660Z","level":"info","event":"INFO: Merging with DimTemps to get id_dim_temps_fk...","chan":"stdout","logger":"task"}
{"timestamp":"2025-07-09T06:53:25.601683Z","level":"info","event":"INFO: After DimTemps merge. Records with id_dim_temps: 21/21.","chan":"stdout","logger":"task"}
{"timestamp":"2025-07-09T06:53:25.612537Z","level":"info","event":"WARNING: Dropped 17 rows from final fact table due to NULL foreign keys.","chan":"stdout","logger":"task"}
{"timestamp":"2025-07-09T06:53:25.613247Z","level":"info","event":"         Consider adjusting merge logic or source data to prevent missing dimension matches.","chan":"stdout","logger":"task"}
{"timestamp":"2025-07-09T06:53:25.614751Z","level":"info","event":"SUCCESS: Transformed 4 rows for FaitDonneesMeteo (after final FK check).","chan":"stdout","logger":"task"}
{"timestamp":"2025-07-09T06:53:25.615036Z","level":"info","event":"","chan":"stdout","logger":"task"}
{"timestamp":"2025-07-09T06:53:25.615237Z","level":"info","event":"INFO: Loading fact data into target database.","chan":"stdout","logger":"task"}
{"timestamp":"2025-07-09T06:53:26.241092Z","level":"info","event":"SUCCESS: Loaded 4 rows into FaitDonneesMeteo.","chan":"stdout","logger":"task"}
{"timestamp":"2025-07-09T06:53:26.241454Z","level":"info","event":"SUCCESS: Fact table loaded.","chan":"stdout","logger":"task"}
{"timestamp":"2025-07-09T06:53:26.241670Z","level":"info","event":"","chan":"stdout","logger":"task"}
{"timestamp":"2025-07-09T06:53:26.241841Z","level":"info","event":"SUCCESS: ETL process completed successfully!","chan":"stdout","logger":"task"}
{"timestamp":"2025-07-09T06:53:26.242087Z","level":"info","event":"INFO: Attempting to close database connections and dispose of engines.","chan":"stdout","logger":"task"}
{"timestamp":"2025-07-09T06:53:26.242271Z","level":"info","event":"INFO: Source database connection closed.","chan":"stdout","logger":"task"}
{"timestamp":"2025-07-09T06:53:26.242419Z","level":"info","event":"INFO: Target database (pymysql) connection closed.","chan":"stdout","logger":"task"}
{"timestamp":"2025-07-09T06:53:26.242559Z","level":"info","event":"INFO: Target database SQLAlchemy engine disposed.","chan":"stdout","logger":"task"}
{"timestamp":"2025-07-09T06:53:26.242699Z","level":"info","event":"SUCCESS: All database connections and engines handled.","chan":"stdout","logger":"task"}
{"timestamp":"2025-07-09T06:53:26.964211Z","level":"info","event":"Database connection to 'meteo' established successfully.","chan":"stdout","logger":"task"}
{"timestamp":"2025-07-09T06:53:27.278442Z","level":"info","event":"INFO: Logged ETL process 'transfer_data_to_warehouse' with status 'success'.","chan":"stdout","logger":"task"}
{"timestamp":"2025-07-09T06:53:27.278960Z","level":"info","event":"INFO: Transform/load done.","chan":"stdout","logger":"task"}
{"timestamp":"2025-07-09T06:53:27.279788","level":"info","event":"Done. Returned value was: None","logger":"airflow.task.operators.airflow.providers.standard.operators.python.PythonOperator"}
