{"timestamp":"2025-07-02T13:02:56.111892","level":"info","event":"DAG bundles loaded: dags-folder","logger":"airflow.dag_processing.bundles.manager.DagBundlesManager"}
{"timestamp":"2025-07-02T13:02:56.113037","level":"info","event":"Filling up the DagBag from /opt/airflow/dags/weather_etl_dag.py","logger":"airflow.models.dagbag.DagBag"}
{"timestamp":"2025-07-02T13:02:56.708775Z","level":"info","event":"INFO: Starting transform/load to warehouse...","chan":"stdout","logger":"task"}
{"timestamp":"2025-07-02T13:02:56.709219Z","level":"info","event":"INFO: Starting ETL process...","chan":"stdout","logger":"task"}
{"timestamp":"2025-07-02T13:02:56.709424Z","level":"info","event":"INFO: Attempting to establish database connections...","chan":"stdout","logger":"task"}
{"timestamp":"2025-07-02T13:02:58.264360Z","level":"info","event":"Database connection to 'meteo' established successfully.","chan":"stdout","logger":"task"}
{"timestamp":"2025-07-02T13:03:01.373842Z","level":"info","event":"Database connection to 'meteo_warehouse' established successfully.","chan":"stdout","logger":"task"}
{"timestamp":"2025-07-02T13:03:01.374403Z","level":"info","event":"SUCCESS: PyMySQL connections established.","chan":"stdout","logger":"task"}
{"timestamp":"2025-07-02T13:03:05.385263Z","level":"info","event":"SUCCESS: SQLAlchemy engine for target database created and tested.","chan":"stdout","logger":"task"}
{"timestamp":"2025-07-02T13:03:05.385476Z","level":"info","event":"","chan":"stdout","logger":"task"}
{"timestamp":"2025-07-02T13:03:05.385641Z","level":"info","event":"INFO: Beginning data extraction from source database.","chan":"stdout","logger":"task"}
{"timestamp":"2025-07-02T13:03:05.685893Z","level":"info","event":"INFO: Extracted 20 rows from query.","chan":"stdout","logger":"task"}
{"timestamp":"2025-07-02T13:03:05.987531Z","level":"info","event":"INFO: Extracted 6 rows from query.","chan":"stdout","logger":"task"}
{"timestamp":"2025-07-02T13:03:06.290038Z","level":"info","event":"INFO: Extracted 21 rows from query.","chan":"stdout","logger":"task"}
{"timestamp":"2025-07-02T13:03:06.290339Z","level":"info","event":"SUCCESS: All necessary data extracted from source tables.","chan":"stdout","logger":"task"}
{"timestamp":"2025-07-02T13:03:06.290510Z","level":"info","event":"","chan":"stdout","logger":"task"}
{"timestamp":"2025-07-02T13:03:06.290657Z","level":"info","event":"INFO: Beginning data transformation for dimension tables.","chan":"stdout","logger":"task"}
{"timestamp":"2025-07-02T13:03:06.290799Z","level":"info","event":"INFO: Transforming data for DimLieux...","chan":"stdout","logger":"task"}
{"timestamp":"2025-07-02T13:03:06.292828Z","level":"info","event":"SUCCESS: Transformed 20 unique locations for DimLieux.","chan":"stdout","logger":"task"}
{"timestamp":"2025-07-02T13:03:06.292993Z","level":"info","event":"INFO: Transforming data for DimConditionsMeteo...","chan":"stdout","logger":"task"}
{"timestamp":"2025-07-02T13:03:06.294310Z","level":"info","event":"SUCCESS: Transformed 6 unique conditions for DimConditionsMeteo.","chan":"stdout","logger":"task"}
{"timestamp":"2025-07-02T13:03:06.294557Z","level":"info","event":"INFO: Transforming data for DimTemps...","chan":"stdout","logger":"task"}
{"timestamp":"2025-07-02T13:03:06.303236Z","level":"info","event":"SUCCESS: Transformed 8 unique time entries for DimTemps.","chan":"stdout","logger":"task"}
{"timestamp":"2025-07-02T13:03:06.303455Z","level":"info","event":"","chan":"stdout","logger":"task"}
{"timestamp":"2025-07-02T13:03:06.303611Z","level":"info","event":"INFO: Preparing data for FaitDonneesMeteo (Fact Table).","chan":"stdout","logger":"task"}
{"timestamp":"2025-07-02T13:03:06.307054Z","level":"info","event":"","chan":"stdout","logger":"task"}
{"timestamp":"2025-07-02T13:03:06.307286Z","level":"info","event":"INFO: Loading dimension data into target database.","chan":"stdout","logger":"task"}
{"timestamp":"2025-07-02T13:03:07.590757Z","level":"info","event":"ERROR: Error loading data into DimLieux: (pymysql.err.IntegrityError) (1062, \"Duplicate entry 'Dakar' for key 'DimLieux.nom_ville'\")","chan":"stdout","logger":"task"}
{"timestamp":"2025-07-02T13:03:07.590939Z","level":"info","event":"[SQL: INSERT INTO \"DimLieux\" (nom_ville, region, pays) VALUES (%(nom_ville)s, %(region)s, %(pays)s)]","chan":"stdout","logger":"task"}
{"timestamp":"2025-07-02T13:03:07.591076Z","level":"info","event":"[parameters: ({'nom_ville': 'Abidjan', 'region': 'Lagunes', 'pays': \"Cote d'Ivoire\"}, {'nom_ville': 'Bafata', 'region': 'Bafata', 'pays': 'Guinea-Bissau'}, {'nom_ville': 'Bamako', 'region': 'Bamako', 'pays': 'Mali'}, {'nom_ville': 'Bissau', 'region': 'Bissau', 'pays': 'Guinea-Bissau'}, {'nom_ville': 'Bobo Dioulasso', 'region': 'Houet', 'pays': 'Burkina Faso'}, {'nom_ville': 'Bolama', 'region': 'Bolama', 'pays': 'Guinea-Bissau'}, {'nom_ville': 'Bouake', 'region': 'Marahoue', 'pays': \"Cote d'Ivoire\"}, {'nom_ville': 'Dakar', 'region': 'Dakar', 'pays': 'Senegal'}  ... displaying 10 of 20 total bound parameter sets ...  {'nom_ville': 'Yamoussoukro', 'region': \"N'zi-Comoe\", 'pays': \"Cote d'Ivoire\"}, {'nom_ville': 'Zinder', 'region': 'Zinder', 'pays': 'Niger'})]","chan":"stdout","logger":"task"}
{"timestamp":"2025-07-02T13:03:07.591191Z","level":"info","event":"(Background on this error at: https://sqlalche.me/e/14/gkpj)","chan":"stdout","logger":"task"}
{"timestamp":"2025-07-02T13:03:08.693928Z","level":"info","event":"ERROR: Error loading data into DimConditionsMeteo: (pymysql.err.IntegrityError) (1062, \"Duplicate entry 'Light drizzle' for key 'DimConditionsMeteo.texte_condition'\")","chan":"stdout","logger":"task"}
{"timestamp":"2025-07-02T13:03:08.694252Z","level":"info","event":"[SQL: INSERT INTO \"DimConditionsMeteo\" (code_condition, texte_condition) VALUES (%(code_condition)s, %(texte_condition)s)]","chan":"stdout","logger":"task"}
{"timestamp":"2025-07-02T13:03:08.694423Z","level":"info","event":"[parameters: ({'code_condition': 1153, 'texte_condition': 'Light drizzle'}, {'code_condition': 1240, 'texte_condition': 'Light rain shower'}, {'code_condition': 1009, 'texte_condition': 'Overcast'}, {'code_condition': 1003, 'texte_condition': 'Partly cloudy'}, {'code_condition': 1063, 'texte_condition': 'Patchy rain nearby'}, {'code_condition': 1000, 'texte_condition': 'Sunny'})]","chan":"stdout","logger":"task"}
{"timestamp":"2025-07-02T13:03:08.694564Z","level":"info","event":"(Background on this error at: https://sqlalche.me/e/14/gkpj)","chan":"stdout","logger":"task"}
{"timestamp":"2025-07-02T13:03:10.197750Z","level":"info","event":"SUCCESS: Loaded 8 rows into DimTemps.","chan":"stdout","logger":"task"}
{"timestamp":"2025-07-02T13:03:10.197911Z","level":"info","event":"SUCCESS: Dimension tables loaded.","chan":"stdout","logger":"task"}
{"timestamp":"2025-07-02T13:03:10.198008Z","level":"info","event":"INFO: Reading back surrogate keys from target dimension tables.","chan":"stdout","logger":"task"}
{"timestamp":"2025-07-02T13:03:10.499339Z","level":"info","event":"INFO: Extracted 12 rows from query.","chan":"stdout","logger":"task"}
{"timestamp":"2025-07-02T13:03:10.801116Z","level":"info","event":"INFO: Extracted 20 rows from query.","chan":"stdout","logger":"task"}
{"timestamp":"2025-07-02T13:03:15.732848Z","level":"info","event":"INFO: Extracted 2698 rows from query.","chan":"stdout","logger":"task"}
{"timestamp":"2025-07-02T13:03:15.757237Z","level":"info","event":"SUCCESS: Surrogate keys retrieved.","chan":"stdout","logger":"task"}
{"timestamp":"2025-07-02T13:03:15.757455Z","level":"info","event":"INFO: Joining fact data with dimension surrogate keys.","chan":"stdout","logger":"task"}
{"timestamp":"2025-07-02T13:03:15.757662Z","level":"info","event":"INFO: Merging with DimLieux to get id_dim_lieu_fk...","chan":"stdout","logger":"task"}
{"timestamp":"2025-07-02T13:03:15.757784Z","level":"info","event":"WARNING: 9 records in FaitDonneesMeteo could not find a matching DimLieux entry. Check data consistency.","chan":"stdout","logger":"task"}
{"timestamp":"2025-07-02T13:03:15.757941Z","level":"info","event":"INFO: After DimLieux merge. Records with id_dim_lieu: 12/21.","chan":"stdout","logger":"task"}
{"timestamp":"2025-07-02T13:03:15.758081Z","level":"info","event":"INFO: Merging with DimConditionsMeteo to get id_dim_condition_fk...","chan":"stdout","logger":"task"}
{"timestamp":"2025-07-02T13:03:15.758178Z","level":"info","event":"WARNING: 6 records in FaitDonneesMeteo could not find a matching DimConditionsMeteo entry. Check data consistency.","chan":"stdout","logger":"task"}
{"timestamp":"2025-07-02T13:03:15.758329Z","level":"info","event":"INFO: After DimConditionsMeteo merge. Records with id_dim_condition: 15/21.","chan":"stdout","logger":"task"}
{"timestamp":"2025-07-02T13:03:15.758422Z","level":"info","event":"INFO: Merging with DimTemps to get id_dim_temps_fk...","chan":"stdout","logger":"task"}
{"timestamp":"2025-07-02T13:03:15.761610Z","level":"info","event":"INFO: After DimTemps merge. Records with id_dim_temps: 37/37.","chan":"stdout","logger":"task"}
{"timestamp":"2025-07-02T13:03:15.763656Z","level":"info","event":"WARNING: Dropped 24 rows from final fact table due to NULL foreign keys.","chan":"stdout","logger":"task"}
{"timestamp":"2025-07-02T13:03:15.763814Z","level":"info","event":"         Consider adjusting merge logic or source data to prevent missing dimension matches.","chan":"stdout","logger":"task"}
{"timestamp":"2025-07-02T13:03:15.763997Z","level":"info","event":"SUCCESS: Transformed 13 rows for FaitDonneesMeteo (after final FK check).","chan":"stdout","logger":"task"}
{"timestamp":"2025-07-02T13:03:15.764103Z","level":"info","event":"","chan":"stdout","logger":"task"}
{"timestamp":"2025-07-02T13:03:15.764198Z","level":"info","event":"INFO: Loading fact data into target database.","chan":"stdout","logger":"task"}
{"timestamp":"2025-07-02T13:03:17.523485Z","level":"info","event":"SUCCESS: Loaded 13 rows into FaitDonneesMeteo.","chan":"stdout","logger":"task"}
{"timestamp":"2025-07-02T13:03:17.523687Z","level":"info","event":"SUCCESS: Fact table loaded.","chan":"stdout","logger":"task"}
{"timestamp":"2025-07-02T13:03:17.523796Z","level":"info","event":"","chan":"stdout","logger":"task"}
{"timestamp":"2025-07-02T13:03:17.524030Z","level":"info","event":"SUCCESS: ETL process completed successfully!","chan":"stdout","logger":"task"}
{"timestamp":"2025-07-02T13:03:17.524172Z","level":"info","event":"INFO: Attempting to close database connections and dispose of engines.","chan":"stdout","logger":"task"}
{"timestamp":"2025-07-02T13:03:17.524387Z","level":"info","event":"INFO: Source database connection closed.","chan":"stdout","logger":"task"}
{"timestamp":"2025-07-02T13:03:17.524545Z","level":"info","event":"INFO: Target database (pymysql) connection closed.","chan":"stdout","logger":"task"}
{"timestamp":"2025-07-02T13:03:17.524703Z","level":"info","event":"INFO: Target database SQLAlchemy engine disposed.","chan":"stdout","logger":"task"}
{"timestamp":"2025-07-02T13:03:17.524857Z","level":"info","event":"SUCCESS: All database connections and engines handled.","chan":"stdout","logger":"task"}
{"timestamp":"2025-07-02T13:03:19.122358Z","level":"info","event":"Database connection to 'meteo' established successfully.","chan":"stdout","logger":"task"}
{"timestamp":"2025-07-02T13:03:19.723696Z","level":"info","event":"INFO: Logged ETL process 'transfer_data_to_warehouse' with status 'success'.","chan":"stdout","logger":"task"}
{"timestamp":"2025-07-02T13:03:19.724244Z","level":"info","event":"INFO: Transform/load done.","chan":"stdout","logger":"task"}
{"timestamp":"2025-07-02T13:03:19.724491","level":"info","event":"Done. Returned value was: None","logger":"airflow.task.operators.airflow.providers.standard.operators.python.PythonOperator"}
