{"timestamp":"2025-07-06T23:51:55.506362","level":"info","event":"DAG bundles loaded: dags-folder","logger":"airflow.dag_processing.bundles.manager.DagBundlesManager"}
{"timestamp":"2025-07-06T23:51:55.507392","level":"info","event":"Filling up the DagBag from /opt/airflow/dags/weather_etl_dag.py","logger":"airflow.models.dagbag.DagBag"}
{"timestamp":"2025-07-06T23:51:56.105400Z","level":"info","event":"INFO: Starting transform/load to warehouse...","chan":"stdout","logger":"task"}
{"timestamp":"2025-07-06T23:51:56.105547Z","level":"info","event":"INFO: Starting ETL process...","chan":"stdout","logger":"task"}
{"timestamp":"2025-07-06T23:51:56.105630Z","level":"info","event":"INFO: Attempting to establish database connections...","chan":"stdout","logger":"task"}
{"timestamp":"2025-07-06T23:51:58.018405Z","level":"info","event":"Database connection to 'meteo' established successfully.","chan":"stdout","logger":"task"}
{"timestamp":"2025-07-06T23:51:59.636873Z","level":"info","event":"Database connection to 'meteo_warehouse' established successfully.","chan":"stdout","logger":"task"}
{"timestamp":"2025-07-06T23:51:59.637046Z","level":"info","event":"SUCCESS: PyMySQL connections established.","chan":"stdout","logger":"task"}
{"timestamp":"2025-07-06T23:52:03.238497Z","level":"info","event":"SUCCESS: SQLAlchemy engine for target database created and tested.","chan":"stdout","logger":"task"}
{"timestamp":"2025-07-06T23:52:03.238715Z","level":"info","event":"","chan":"stdout","logger":"task"}
{"timestamp":"2025-07-06T23:52:03.238939Z","level":"info","event":"INFO: Beginning data extraction from source database.","chan":"stdout","logger":"task"}
{"timestamp":"2025-07-06T23:52:03.420070Z","level":"info","event":"INFO: Extracted 20 rows from query.","chan":"stdout","logger":"task"}
{"timestamp":"2025-07-06T23:52:03.598934Z","level":"info","event":"INFO: Extracted 7 rows from query.","chan":"stdout","logger":"task"}
{"timestamp":"2025-07-06T23:52:04.863762Z","level":"info","event":"INFO: Extracted 21 rows from query.","chan":"stdout","logger":"task"}
{"timestamp":"2025-07-06T23:52:04.864061Z","level":"info","event":"SUCCESS: All necessary data extracted from source tables.","chan":"stdout","logger":"task"}
{"timestamp":"2025-07-06T23:52:04.864223Z","level":"info","event":"","chan":"stdout","logger":"task"}
{"timestamp":"2025-07-06T23:52:04.864370Z","level":"info","event":"INFO: Beginning data transformation for dimension tables.","chan":"stdout","logger":"task"}
{"timestamp":"2025-07-06T23:52:04.864554Z","level":"info","event":"INFO: Transforming data for DimLieux...","chan":"stdout","logger":"task"}
{"timestamp":"2025-07-06T23:52:04.867050Z","level":"info","event":"SUCCESS: Transformed 20 unique locations for DimLieux.","chan":"stdout","logger":"task"}
{"timestamp":"2025-07-06T23:52:04.867263Z","level":"info","event":"INFO: Transforming data for DimConditionsMeteo...","chan":"stdout","logger":"task"}
{"timestamp":"2025-07-06T23:52:04.868901Z","level":"info","event":"SUCCESS: Transformed 7 unique conditions for DimConditionsMeteo.","chan":"stdout","logger":"task"}
{"timestamp":"2025-07-06T23:52:04.869048Z","level":"info","event":"INFO: Transforming data for DimTemps...","chan":"stdout","logger":"task"}
{"timestamp":"2025-07-06T23:52:04.878794Z","level":"info","event":"SUCCESS: Transformed 8 unique time entries for DimTemps.","chan":"stdout","logger":"task"}
{"timestamp":"2025-07-06T23:52:04.879031Z","level":"info","event":"","chan":"stdout","logger":"task"}
{"timestamp":"2025-07-06T23:52:04.879188Z","level":"info","event":"INFO: Preparing data for FaitDonneesMeteo (Fact Table).","chan":"stdout","logger":"task"}
{"timestamp":"2025-07-06T23:52:04.883442Z","level":"info","event":"","chan":"stdout","logger":"task"}
{"timestamp":"2025-07-06T23:52:04.883655Z","level":"info","event":"INFO: Loading dimension data into target database.","chan":"stdout","logger":"task"}
{"timestamp":"2025-07-06T23:52:06.121844Z","level":"info","event":"ERROR: Error loading data into DimLieux: (pymysql.err.IntegrityError) (1062, \"Duplicate entry 'Dakar' for key 'DimLieux.nom_ville'\")","chan":"stdout","logger":"task"}
{"timestamp":"2025-07-06T23:52:06.122249Z","level":"info","event":"[SQL: INSERT INTO \"DimLieux\" (nom_ville, region, pays) VALUES (%(nom_ville)s, %(region)s, %(pays)s)]","chan":"stdout","logger":"task"}
{"timestamp":"2025-07-06T23:52:06.122649Z","level":"info","event":"[parameters: ({'nom_ville': 'Abidjan', 'region': 'Lagunes', 'pays': \"Cote d'Ivoire\"}, {'nom_ville': 'Bafata', 'region': 'Bafata', 'pays': 'Guinea-Bissau'}, {'nom_ville': 'Bamako', 'region': 'Bamako', 'pays': 'Mali'}, {'nom_ville': 'Bissau', 'region': 'Bissau', 'pays': 'Guinea-Bissau'}, {'nom_ville': 'Bobo Dioulasso', 'region': 'Houet', 'pays': 'Burkina Faso'}, {'nom_ville': 'Bolama', 'region': 'Bolama', 'pays': 'Guinea-Bissau'}, {'nom_ville': 'Bouake', 'region': 'Marahoue', 'pays': \"Cote d'Ivoire\"}, {'nom_ville': 'Dakar', 'region': 'Dakar', 'pays': 'Senegal'}  ... displaying 10 of 20 total bound parameter sets ...  {'nom_ville': 'Yamoussoukro', 'region': \"N'zi-Comoe\", 'pays': \"Cote d'Ivoire\"}, {'nom_ville': 'Zinder', 'region': 'Zinder', 'pays': 'Niger'})]","chan":"stdout","logger":"task"}
{"timestamp":"2025-07-06T23:52:06.122861Z","level":"info","event":"(Background on this error at: https://sqlalche.me/e/14/gkpj)","chan":"stdout","logger":"task"}
{"timestamp":"2025-07-06T23:52:07.201639Z","level":"info","event":"ERROR: Error loading data into DimConditionsMeteo: (pymysql.err.IntegrityError) (1062, \"Duplicate entry 'Clear' for key 'DimConditionsMeteo.texte_condition'\")","chan":"stdout","logger":"task"}
{"timestamp":"2025-07-06T23:52:07.201855Z","level":"info","event":"[SQL: INSERT INTO \"DimConditionsMeteo\" (code_condition, texte_condition) VALUES (%(code_condition)s, %(texte_condition)s)]","chan":"stdout","logger":"task"}
{"timestamp":"2025-07-06T23:52:07.202007Z","level":"info","event":"[parameters: ({'code_condition': 1000, 'texte_condition': 'Clear'}, {'code_condition': 1135, 'texte_condition': 'Fog'}, {'code_condition': 1240, 'texte_condition': 'Light rain shower'}, {'code_condition': 1276, 'texte_condition': 'Moderate or heavy rain with thunder'}, {'code_condition': 1003, 'texte_condition': 'Partly Cloudy'}, {'code_condition': 1273, 'texte_condition': 'Patchy light rain with thunder'}, {'code_condition': 1063, 'texte_condition': 'Patchy rain nearby'})]","chan":"stdout","logger":"task"}
{"timestamp":"2025-07-06T23:52:07.202142Z","level":"info","event":"(Background on this error at: https://sqlalche.me/e/14/gkpj)","chan":"stdout","logger":"task"}
{"timestamp":"2025-07-06T23:52:08.737894Z","level":"info","event":"SUCCESS: Loaded 8 rows into DimTemps.","chan":"stdout","logger":"task"}
{"timestamp":"2025-07-06T23:52:08.738156Z","level":"info","event":"SUCCESS: Dimension tables loaded.","chan":"stdout","logger":"task"}
{"timestamp":"2025-07-06T23:52:08.738364Z","level":"info","event":"INFO: Reading back surrogate keys from target dimension tables.","chan":"stdout","logger":"task"}
{"timestamp":"2025-07-06T23:52:08.918094Z","level":"info","event":"INFO: Extracted 12 rows from query.","chan":"stdout","logger":"task"}
{"timestamp":"2025-07-06T23:52:09.099456Z","level":"info","event":"INFO: Extracted 20 rows from query.","chan":"stdout","logger":"task"}
{"timestamp":"2025-07-06T23:52:13.439243Z","level":"info","event":"INFO: Extracted 3038 rows from query.","chan":"stdout","logger":"task"}
{"timestamp":"2025-07-06T23:52:13.439615Z","level":"info","event":"SUCCESS: Surrogate keys retrieved.","chan":"stdout","logger":"task"}
{"timestamp":"2025-07-06T23:52:13.442962Z","level":"info","event":"INFO: Joining fact data with dimension surrogate keys.","chan":"stdout","logger":"task"}
{"timestamp":"2025-07-06T23:52:13.443495Z","level":"info","event":"INFO: Merging with DimLieux to get id_dim_lieu_fk...","chan":"stdout","logger":"task"}
{"timestamp":"2025-07-06T23:52:13.449699Z","level":"info","event":"WARNING: 9 records in FaitDonneesMeteo could not find a matching DimLieux entry. Check data consistency.","chan":"stdout","logger":"task"}
{"timestamp":"2025-07-06T23:52:13.452408Z","level":"info","event":"INFO: After DimLieux merge. Records with id_dim_lieu: 12/21.","chan":"stdout","logger":"task"}
{"timestamp":"2025-07-06T23:52:13.452676Z","level":"info","event":"INFO: Merging with DimConditionsMeteo to get id_dim_condition_fk...","chan":"stdout","logger":"task"}
{"timestamp":"2025-07-06T23:52:13.461782Z","level":"info","event":"WARNING: 8 records in FaitDonneesMeteo could not find a matching DimConditionsMeteo entry. Check data consistency.","chan":"stdout","logger":"task"}
{"timestamp":"2025-07-06T23:52:13.462826Z","level":"info","event":"INFO: After DimConditionsMeteo merge. Records with id_dim_condition: 13/21.","chan":"stdout","logger":"task"}
{"timestamp":"2025-07-06T23:52:13.462967Z","level":"info","event":"INFO: Merging with DimTemps to get id_dim_temps_fk...","chan":"stdout","logger":"task"}
{"timestamp":"2025-07-06T23:52:13.469708Z","level":"info","event":"INFO: After DimTemps merge. Records with id_dim_temps: 49/49.","chan":"stdout","logger":"task"}
{"timestamp":"2025-07-06T23:52:13.474855Z","level":"info","event":"WARNING: Dropped 27 rows from final fact table due to NULL foreign keys.","chan":"stdout","logger":"task"}
{"timestamp":"2025-07-06T23:52:13.475302Z","level":"info","event":"         Consider adjusting merge logic or source data to prevent missing dimension matches.","chan":"stdout","logger":"task"}
{"timestamp":"2025-07-06T23:52:13.475583Z","level":"info","event":"SUCCESS: Transformed 22 rows for FaitDonneesMeteo (after final FK check).","chan":"stdout","logger":"task"}
{"timestamp":"2025-07-06T23:52:13.475836Z","level":"info","event":"","chan":"stdout","logger":"task"}
{"timestamp":"2025-07-06T23:52:13.476030Z","level":"info","event":"INFO: Loading fact data into target database.","chan":"stdout","logger":"task"}
{"timestamp":"2025-07-06T23:52:15.222235Z","level":"info","event":"SUCCESS: Loaded 22 rows into FaitDonneesMeteo.","chan":"stdout","logger":"task"}
{"timestamp":"2025-07-06T23:52:15.222551Z","level":"info","event":"SUCCESS: Fact table loaded.","chan":"stdout","logger":"task"}
{"timestamp":"2025-07-06T23:52:15.222815Z","level":"info","event":"","chan":"stdout","logger":"task"}
{"timestamp":"2025-07-06T23:52:15.223011Z","level":"info","event":"SUCCESS: ETL process completed successfully!","chan":"stdout","logger":"task"}
{"timestamp":"2025-07-06T23:52:15.223158Z","level":"info","event":"INFO: Attempting to close database connections and dispose of engines.","chan":"stdout","logger":"task"}
{"timestamp":"2025-07-06T23:52:15.244781Z","level":"info","event":"INFO: Source database connection closed.","chan":"stdout","logger":"task"}
{"timestamp":"2025-07-06T23:52:15.244923Z","level":"info","event":"INFO: Target database (pymysql) connection closed.","chan":"stdout","logger":"task"}
{"timestamp":"2025-07-06T23:52:15.245007Z","level":"info","event":"INFO: Target database SQLAlchemy engine disposed.","chan":"stdout","logger":"task"}
{"timestamp":"2025-07-06T23:52:15.245080Z","level":"info","event":"SUCCESS: All database connections and engines handled.","chan":"stdout","logger":"task"}
{"timestamp":"2025-07-06T23:52:17.199713Z","level":"info","event":"Database connection to 'meteo' established successfully.","chan":"stdout","logger":"task"}
{"timestamp":"2025-07-06T23:52:17.560143Z","level":"info","event":"INFO: Logged ETL process 'transfer_data_to_warehouse' with status 'success'.","chan":"stdout","logger":"task"}
{"timestamp":"2025-07-06T23:52:17.560563Z","level":"info","event":"INFO: Transform/load done.","chan":"stdout","logger":"task"}
{"timestamp":"2025-07-06T23:52:17.560993","level":"info","event":"Done. Returned value was: None","logger":"airflow.task.operators.airflow.providers.standard.operators.python.PythonOperator"}
