{"timestamp":"2025-07-03T16:00:13.534457","level":"info","event":"DAG bundles loaded: dags-folder","logger":"airflow.dag_processing.bundles.manager.DagBundlesManager"}
{"timestamp":"2025-07-03T16:00:13.535649","level":"info","event":"Filling up the DagBag from /opt/airflow/dags/weather_etl_dag.py","logger":"airflow.models.dagbag.DagBag"}
{"timestamp":"2025-07-03T16:00:14.289070Z","level":"info","event":"INFO: Starting extraction/loading...","chan":"stdout","logger":"task"}
{"timestamp":"2025-07-03T16:00:16.361198Z","level":"info","event":"Database connection to 'meteo' established successfully.","chan":"stdout","logger":"task"}
{"timestamp":"2025-07-03T16:00:16.361417Z","level":"info","event":"Fetching weather for Africa/Porto-Novo...","chan":"stdout","logger":"task"}
{"timestamp":"2025-07-03T16:00:16.963088Z","level":"info","event":"INFO: Inserting location 'Porto Novo' into the database...","chan":"stdout","logger":"task"}
{"timestamp":"2025-07-03T16:00:17.765021Z","level":"info","event":"SUCCESS: Location 'Porto Novo' inserted with ID 1.","chan":"stdout","logger":"task"}
{"timestamp":"2025-07-03T16:00:17.765239Z","level":"info","event":"INFO: Processing current weather data for location ID 1...","chan":"stdout","logger":"task"}
{"timestamp":"2025-07-03T16:00:17.765515Z","level":"info","event":"INFO: Inserting condition 'Sunny' with code 1000...","chan":"stdout","logger":"task"}
{"timestamp":"2025-07-03T16:00:18.468318Z","level":"info","event":"SUCCESS: Condition 'Sunny' inserted or updated successfully.","chan":"stdout","logger":"task"}
{"timestamp":"2025-07-03T16:00:19.371069Z","level":"info","event":"SUCCESS: Current weather data for location ID 1 inserted successfully.","chan":"stdout","logger":"task"}
{"timestamp":"2025-07-03T16:00:19.771073Z","level":"info","event":"SUCCESS: Weather data for Africa/Porto-Novo committed.","chan":"stdout","logger":"task"}
{"timestamp":"2025-07-03T16:00:21.776586Z","level":"info","event":"Database connection to 'meteo' established successfully.","chan":"stdout","logger":"task"}
{"timestamp":"2025-07-03T16:00:22.478375Z","level":"info","event":"INFO: Logged ETL process 'process_city_data' with status 'success'.","chan":"stdout","logger":"task"}
{"timestamp":"2025-07-03T16:00:22.479336Z","level":"info","event":"INFO: Finished processing Africa/Porto-Novo.","chan":"stdout","logger":"task"}
{"timestamp":"2025-07-03T16:00:25.387065Z","level":"info","event":"Database connection to 'meteo' established successfully.","chan":"stdout","logger":"task"}
{"timestamp":"2025-07-03T16:00:25.387341Z","level":"info","event":"Fetching weather for Africa/Bafata...","chan":"stdout","logger":"task"}
{"timestamp":"2025-07-03T16:00:25.691171Z","level":"info","event":"INFO: Inserting location 'Bafata' into the database...","chan":"stdout","logger":"task"}
{"timestamp":"2025-07-03T16:00:26.288884Z","level":"info","event":"SUCCESS: Location 'Bafata' inserted with ID 2.","chan":"stdout","logger":"task"}
{"timestamp":"2025-07-03T16:00:26.289272Z","level":"info","event":"INFO: Processing current weather data for location ID 2...","chan":"stdout","logger":"task"}
{"timestamp":"2025-07-03T16:00:26.289397Z","level":"info","event":"INFO: Inserting condition 'Light rain shower' with code 1240...","chan":"stdout","logger":"task"}
{"timestamp":"2025-07-03T16:00:27.797914Z","level":"info","event":"SUCCESS: Condition 'Light rain shower' inserted or updated successfully.","chan":"stdout","logger":"task"}
{"timestamp":"2025-07-03T16:00:28.598508Z","level":"info","event":"SUCCESS: Current weather data for location ID 2 inserted successfully.","chan":"stdout","logger":"task"}
{"timestamp":"2025-07-03T16:00:28.897185Z","level":"info","event":"SUCCESS: Weather data for Africa/Bafata committed.","chan":"stdout","logger":"task"}
{"timestamp":"2025-07-03T16:00:31.103296Z","level":"info","event":"Database connection to 'meteo' established successfully.","chan":"stdout","logger":"task"}
{"timestamp":"2025-07-03T16:00:31.905407Z","level":"info","event":"INFO: Logged ETL process 'process_city_data' with status 'success'.","chan":"stdout","logger":"task"}
{"timestamp":"2025-07-03T16:00:31.905805Z","level":"info","event":"INFO: Finished processing Africa/Bafata.","chan":"stdout","logger":"task"}
{"timestamp":"2025-07-03T16:00:34.312376Z","level":"info","event":"Database connection to 'meteo' established successfully.","chan":"stdout","logger":"task"}
{"timestamp":"2025-07-03T16:00:34.312585Z","level":"info","event":"Fetching weather for Africa/Ouagadougou...","chan":"stdout","logger":"task"}
{"timestamp":"2025-07-03T16:00:34.814660Z","level":"info","event":"INFO: Inserting location 'Ouagadougou' into the database...","chan":"stdout","logger":"task"}
{"timestamp":"2025-07-03T16:00:35.616427Z","level":"info","event":"SUCCESS: Location 'Ouagadougou' inserted with ID 3.","chan":"stdout","logger":"task"}
{"timestamp":"2025-07-03T16:00:35.616722Z","level":"info","event":"INFO: Processing current weather data for location ID 3...","chan":"stdout","logger":"task"}
{"timestamp":"2025-07-03T16:00:35.616888Z","level":"info","event":"INFO: Inserting condition 'Partly cloudy' with code 1003...","chan":"stdout","logger":"task"}
{"timestamp":"2025-07-03T16:00:36.418358Z","level":"info","event":"SUCCESS: Condition 'Partly cloudy' inserted or updated successfully.","chan":"stdout","logger":"task"}
{"timestamp":"2025-07-03T16:00:37.221362Z","level":"info","event":"SUCCESS: Current weather data for location ID 3 inserted successfully.","chan":"stdout","logger":"task"}
{"timestamp":"2025-07-03T16:00:37.526632Z","level":"info","event":"SUCCESS: Weather data for Africa/Ouagadougou committed.","chan":"stdout","logger":"task"}
{"timestamp":"2025-07-03T16:00:39.628039Z","level":"info","event":"Database connection to 'meteo' established successfully.","chan":"stdout","logger":"task"}
{"timestamp":"2025-07-03T16:00:40.430203Z","level":"info","event":"INFO: Logged ETL process 'process_city_data' with status 'success'.","chan":"stdout","logger":"task"}
{"timestamp":"2025-07-03T16:00:40.431187Z","level":"info","event":"INFO: Finished processing Africa/Ouagadougou.","chan":"stdout","logger":"task"}
{"timestamp":"2025-07-03T16:00:43.040398Z","level":"info","event":"Database connection to 'meteo' established successfully.","chan":"stdout","logger":"task"}
{"timestamp":"2025-07-03T16:00:43.040641Z","level":"info","event":"Fetching weather for Africa/Bobo-Dioulasso...","chan":"stdout","logger":"task"}
{"timestamp":"2025-07-03T16:00:43.539548Z","level":"info","event":"INFO: Inserting location 'Bobo Dioulasso' into the database...","chan":"stdout","logger":"task"}
{"timestamp":"2025-07-03T16:00:44.240626Z","level":"info","event":"SUCCESS: Location 'Bobo Dioulasso' inserted with ID 4.","chan":"stdout","logger":"task"}
{"timestamp":"2025-07-03T16:00:44.240811Z","level":"info","event":"INFO: Processing current weather data for location ID 4...","chan":"stdout","logger":"task"}
{"timestamp":"2025-07-03T16:00:44.240937Z","level":"info","event":"INFO: Inserting condition 'Partly cloudy' with code 1003...","chan":"stdout","logger":"task"}
{"timestamp":"2025-07-03T16:00:46.748385Z","level":"info","event":"SUCCESS: Condition 'Partly cloudy' inserted or updated successfully.","chan":"stdout","logger":"task"}
{"timestamp":"2025-07-03T16:00:47.448966Z","level":"info","event":"SUCCESS: Current weather data for location ID 4 inserted successfully.","chan":"stdout","logger":"task"}
{"timestamp":"2025-07-03T16:00:47.754630Z","level":"info","event":"SUCCESS: Weather data for Africa/Bobo-Dioulasso committed.","chan":"stdout","logger":"task"}
{"timestamp":"2025-07-03T16:00:49.758475Z","level":"info","event":"Database connection to 'meteo' established successfully.","chan":"stdout","logger":"task"}
{"timestamp":"2025-07-03T16:00:50.357574Z","level":"info","event":"INFO: Logged ETL process 'process_city_data' with status 'success'.","chan":"stdout","logger":"task"}
{"timestamp":"2025-07-03T16:00:50.358364Z","level":"info","event":"INFO: Finished processing Africa/Bobo-Dioulasso.","chan":"stdout","logger":"task"}
{"timestamp":"2025-07-03T16:00:52.563233Z","level":"info","event":"Database connection to 'meteo' established successfully.","chan":"stdout","logger":"task"}
{"timestamp":"2025-07-03T16:00:52.563556Z","level":"info","event":"Fetching weather for Africa/Abidjan...","chan":"stdout","logger":"task"}
{"timestamp":"2025-07-03T16:00:53.066404Z","level":"info","event":"INFO: Inserting location 'Abidjan' into the database...","chan":"stdout","logger":"task"}
{"timestamp":"2025-07-03T16:00:53.667054Z","level":"info","event":"SUCCESS: Location 'Abidjan' inserted with ID 5.","chan":"stdout","logger":"task"}
{"timestamp":"2025-07-03T16:00:53.667384Z","level":"info","event":"INFO: Processing current weather data for location ID 5...","chan":"stdout","logger":"task"}
{"timestamp":"2025-07-03T16:00:53.667590Z","level":"info","event":"INFO: Inserting condition 'Partly cloudy' with code 1003...","chan":"stdout","logger":"task"}
{"timestamp":"2025-07-03T16:00:54.469713Z","level":"info","event":"SUCCESS: Condition 'Partly cloudy' inserted or updated successfully.","chan":"stdout","logger":"task"}
{"timestamp":"2025-07-03T16:00:55.472725Z","level":"info","event":"SUCCESS: Current weather data for location ID 5 inserted successfully.","chan":"stdout","logger":"task"}
{"timestamp":"2025-07-03T16:00:55.873694Z","level":"info","event":"SUCCESS: Weather data for Africa/Abidjan committed.","chan":"stdout","logger":"task"}
{"timestamp":"2025-07-03T16:00:57.889037Z","level":"info","event":"Database connection to 'meteo' established successfully.","chan":"stdout","logger":"task"}
{"timestamp":"2025-07-03T16:00:58.786594Z","level":"info","event":"INFO: Logged ETL process 'process_city_data' with status 'success'.","chan":"stdout","logger":"task"}
{"timestamp":"2025-07-03T16:00:58.786888Z","level":"info","event":"INFO: Finished processing Africa/Abidjan.","chan":"stdout","logger":"task"}
{"timestamp":"2025-07-03T16:01:01.288915Z","level":"info","event":"Database connection to 'meteo' established successfully.","chan":"stdout","logger":"task"}
{"timestamp":"2025-07-03T16:01:01.289152Z","level":"info","event":"Fetching weather for Africa/Yamoussoukro...","chan":"stdout","logger":"task"}
{"timestamp":"2025-07-03T16:01:01.590707Z","level":"info","event":"INFO: Inserting location 'Yamoussoukro' into the database...","chan":"stdout","logger":"task"}
{"timestamp":"2025-07-03T16:01:02.395003Z","level":"info","event":"SUCCESS: Location 'Yamoussoukro' inserted with ID 6.","chan":"stdout","logger":"task"}
{"timestamp":"2025-07-03T16:01:02.395400Z","level":"info","event":"INFO: Processing current weather data for location ID 6...","chan":"stdout","logger":"task"}
{"timestamp":"2025-07-03T16:01:02.395568Z","level":"info","event":"INFO: Inserting condition 'Light rain shower' with code 1240...","chan":"stdout","logger":"task"}
{"timestamp":"2025-07-03T16:01:03.395221Z","level":"info","event":"SUCCESS: Condition 'Light rain shower' inserted or updated successfully.","chan":"stdout","logger":"task"}
{"timestamp":"2025-07-03T16:01:04.097862Z","level":"info","event":"SUCCESS: Current weather data for location ID 6 inserted successfully.","chan":"stdout","logger":"task"}
{"timestamp":"2025-07-03T16:01:04.498384Z","level":"info","event":"SUCCESS: Weather data for Africa/Yamoussoukro committed.","chan":"stdout","logger":"task"}
{"timestamp":"2025-07-03T16:01:06.212907Z","level":"info","event":"Database connection to 'meteo' established successfully.","chan":"stdout","logger":"task"}
{"timestamp":"2025-07-03T16:01:06.807964Z","level":"info","event":"INFO: Logged ETL process 'process_city_data' with status 'success'.","chan":"stdout","logger":"task"}
{"timestamp":"2025-07-03T16:01:06.808342Z","level":"info","event":"INFO: Finished processing Africa/Yamoussoukro.","chan":"stdout","logger":"task"}
{"timestamp":"2025-07-03T16:01:09.111814Z","level":"info","event":"Database connection to 'meteo' established successfully.","chan":"stdout","logger":"task"}
{"timestamp":"2025-07-03T16:01:09.112044Z","level":"info","event":"Fetching weather for Africa/Bouake...","chan":"stdout","logger":"task"}
{"timestamp":"2025-07-03T16:01:09.514252Z","level":"info","event":"INFO: Inserting location 'Bouake' into the database...","chan":"stdout","logger":"task"}
{"timestamp":"2025-07-03T16:01:10.315868Z","level":"info","event":"SUCCESS: Location 'Bouake' inserted with ID 7.","chan":"stdout","logger":"task"}
{"timestamp":"2025-07-03T16:01:10.316066Z","level":"info","event":"INFO: Processing current weather data for location ID 7...","chan":"stdout","logger":"task"}
{"timestamp":"2025-07-03T16:01:10.316254Z","level":"info","event":"INFO: Inserting condition 'Light rain shower' with code 1240...","chan":"stdout","logger":"task"}
{"timestamp":"2025-07-03T16:01:11.117564Z","level":"info","event":"SUCCESS: Condition 'Light rain shower' inserted or updated successfully.","chan":"stdout","logger":"task"}
{"timestamp":"2025-07-03T16:01:11.919538Z","level":"info","event":"SUCCESS: Current weather data for location ID 7 inserted successfully.","chan":"stdout","logger":"task"}
{"timestamp":"2025-07-03T16:01:12.327001Z","level":"info","event":"SUCCESS: Weather data for Africa/Bouake committed.","chan":"stdout","logger":"task"}
{"timestamp":"2025-07-03T16:01:14.426367Z","level":"info","event":"Database connection to 'meteo' established successfully.","chan":"stdout","logger":"task"}
{"timestamp":"2025-07-03T16:01:15.228882Z","level":"info","event":"INFO: Logged ETL process 'process_city_data' with status 'success'.","chan":"stdout","logger":"task"}
{"timestamp":"2025-07-03T16:01:15.229156Z","level":"info","event":"INFO: Finished processing Africa/Bouake.","chan":"stdout","logger":"task"}
{"timestamp":"2025-07-03T16:01:17.636303Z","level":"info","event":"Database connection to 'meteo' established successfully.","chan":"stdout","logger":"task"}
{"timestamp":"2025-07-03T16:01:17.636942Z","level":"info","event":"Fetching weather for Africa/Bissau...","chan":"stdout","logger":"task"}
{"timestamp":"2025-07-03T16:01:18.138997Z","level":"info","event":"INFO: Inserting location 'Bissau' into the database...","chan":"stdout","logger":"task"}
{"timestamp":"2025-07-03T16:01:19.039847Z","level":"info","event":"SUCCESS: Location 'Bissau' inserted with ID 8.","chan":"stdout","logger":"task"}
{"timestamp":"2025-07-03T16:01:19.040435Z","level":"info","event":"INFO: Processing current weather data for location ID 8...","chan":"stdout","logger":"task"}
{"timestamp":"2025-07-03T16:01:19.041002Z","level":"info","event":"INFO: Inserting condition 'Partly cloudy' with code 1003...","chan":"stdout","logger":"task"}
{"timestamp":"2025-07-03T16:01:19.843736Z","level":"info","event":"SUCCESS: Condition 'Partly cloudy' inserted or updated successfully.","chan":"stdout","logger":"task"}
{"timestamp":"2025-07-03T16:01:20.544241Z","level":"info","event":"SUCCESS: Current weather data for location ID 8 inserted successfully.","chan":"stdout","logger":"task"}
{"timestamp":"2025-07-03T16:01:20.846119Z","level":"info","event":"SUCCESS: Weather data for Africa/Bissau committed.","chan":"stdout","logger":"task"}
{"timestamp":"2025-07-03T16:01:23.854773Z","level":"info","event":"Database connection to 'meteo' established successfully.","chan":"stdout","logger":"task"}
{"timestamp":"2025-07-03T16:01:24.655503Z","level":"info","event":"INFO: Logged ETL process 'process_city_data' with status 'success'.","chan":"stdout","logger":"task"}
{"timestamp":"2025-07-03T16:01:24.655856Z","level":"info","event":"INFO: Finished processing Africa/Bissau.","chan":"stdout","logger":"task"}
{"timestamp":"2025-07-03T16:01:27.262907Z","level":"info","event":"Database connection to 'meteo' established successfully.","chan":"stdout","logger":"task"}
{"timestamp":"2025-07-03T16:01:27.263133Z","level":"info","event":"Fetching weather for Africa/Gabu...","chan":"stdout","logger":"task"}
{"timestamp":"2025-07-03T16:01:27.867290Z","level":"info","event":"INFO: Inserting location 'Gabu' into the database...","chan":"stdout","logger":"task"}
{"timestamp":"2025-07-03T16:01:28.666573Z","level":"info","event":"SUCCESS: Location 'Gabu' inserted with ID 9.","chan":"stdout","logger":"task"}
{"timestamp":"2025-07-03T16:01:28.666762Z","level":"info","event":"INFO: Processing current weather data for location ID 9...","chan":"stdout","logger":"task"}
{"timestamp":"2025-07-03T16:01:28.666906Z","level":"info","event":"INFO: Inserting condition 'Light rain shower' with code 1240...","chan":"stdout","logger":"task"}
{"timestamp":"2025-07-03T16:01:29.468949Z","level":"info","event":"SUCCESS: Condition 'Light rain shower' inserted or updated successfully.","chan":"stdout","logger":"task"}
{"timestamp":"2025-07-03T16:01:30.270342Z","level":"info","event":"SUCCESS: Current weather data for location ID 9 inserted successfully.","chan":"stdout","logger":"task"}
{"timestamp":"2025-07-03T16:01:30.672537Z","level":"info","event":"SUCCESS: Weather data for Africa/Gabu committed.","chan":"stdout","logger":"task"}
{"timestamp":"2025-07-03T16:01:32.778674Z","level":"info","event":"Database connection to 'meteo' established successfully.","chan":"stdout","logger":"task"}
{"timestamp":"2025-07-03T16:01:33.579629Z","level":"info","event":"INFO: Logged ETL process 'process_city_data' with status 'success'.","chan":"stdout","logger":"task"}
{"timestamp":"2025-07-03T16:01:33.579876Z","level":"info","event":"INFO: Finished processing Africa/Gabu.","chan":"stdout","logger":"task"}
{"timestamp":"2025-07-03T16:01:36.286651Z","level":"info","event":"Database connection to 'meteo' established successfully.","chan":"stdout","logger":"task"}
{"timestamp":"2025-07-03T16:01:36.286907Z","level":"info","event":"Fetching weather for Africa/Bolama...","chan":"stdout","logger":"task"}
{"timestamp":"2025-07-03T16:01:36.598311Z","level":"info","event":"INFO: Inserting location 'Bolama' into the database...","chan":"stdout","logger":"task"}
{"timestamp":"2025-07-03T16:01:37.391561Z","level":"info","event":"SUCCESS: Location 'Bolama' inserted with ID 10.","chan":"stdout","logger":"task"}
{"timestamp":"2025-07-03T16:01:37.392464Z","level":"info","event":"INFO: Processing current weather data for location ID 10...","chan":"stdout","logger":"task"}
{"timestamp":"2025-07-03T16:01:37.392865Z","level":"info","event":"INFO: Inserting condition 'Partly cloudy' with code 1003...","chan":"stdout","logger":"task"}
{"timestamp":"2025-07-03T16:01:38.193246Z","level":"info","event":"SUCCESS: Condition 'Partly cloudy' inserted or updated successfully.","chan":"stdout","logger":"task"}
{"timestamp":"2025-07-03T16:01:38.996251Z","level":"info","event":"SUCCESS: Current weather data for location ID 10 inserted successfully.","chan":"stdout","logger":"task"}
{"timestamp":"2025-07-03T16:01:39.397349Z","level":"info","event":"SUCCESS: Weather data for Africa/Bolama committed.","chan":"stdout","logger":"task"}
{"timestamp":"2025-07-03T16:01:41.203505Z","level":"info","event":"Database connection to 'meteo' established successfully.","chan":"stdout","logger":"task"}
{"timestamp":"2025-07-03T16:01:41.905305Z","level":"info","event":"INFO: Logged ETL process 'process_city_data' with status 'success'.","chan":"stdout","logger":"task"}
{"timestamp":"2025-07-03T16:01:41.927817Z","level":"info","event":"INFO: Finished processing Africa/Bolama.","chan":"stdout","logger":"task"}
{"timestamp":"2025-07-03T16:01:44.410188Z","level":"info","event":"Database connection to 'meteo' established successfully.","chan":"stdout","logger":"task"}
{"timestamp":"2025-07-03T16:01:44.410468Z","level":"info","event":"Fetching weather for Africa/Bamako...","chan":"stdout","logger":"task"}
{"timestamp":"2025-07-03T16:01:44.914476Z","level":"info","event":"INFO: Inserting location 'Bamako' into the database...","chan":"stdout","logger":"task"}
{"timestamp":"2025-07-03T16:01:45.613882Z","level":"info","event":"SUCCESS: Location 'Bamako' inserted with ID 11.","chan":"stdout","logger":"task"}
{"timestamp":"2025-07-03T16:01:45.614251Z","level":"info","event":"INFO: Processing current weather data for location ID 11...","chan":"stdout","logger":"task"}
{"timestamp":"2025-07-03T16:01:45.614419Z","level":"info","event":"INFO: Inserting condition 'Moderate or heavy rain with thunder' with code 1276...","chan":"stdout","logger":"task"}
{"timestamp":"2025-07-03T16:01:46.516864Z","level":"info","event":"SUCCESS: Condition 'Moderate or heavy rain with thunder' inserted or updated successfully.","chan":"stdout","logger":"task"}
{"timestamp":"2025-07-03T16:01:47.418461Z","level":"info","event":"SUCCESS: Current weather data for location ID 11 inserted successfully.","chan":"stdout","logger":"task"}
{"timestamp":"2025-07-03T16:01:48.621416Z","level":"info","event":"SUCCESS: Weather data for Africa/Bamako committed.","chan":"stdout","logger":"task"}
{"timestamp":"2025-07-03T16:01:50.627548Z","level":"info","event":"Database connection to 'meteo' established successfully.","chan":"stdout","logger":"task"}
{"timestamp":"2025-07-03T16:01:51.327949Z","level":"info","event":"INFO: Logged ETL process 'process_city_data' with status 'success'.","chan":"stdout","logger":"task"}
{"timestamp":"2025-07-03T16:01:51.328361Z","level":"info","event":"INFO: Finished processing Africa/Bamako.","chan":"stdout","logger":"task"}
{"timestamp":"2025-07-03T16:01:54.137306Z","level":"info","event":"Database connection to 'meteo' established successfully.","chan":"stdout","logger":"task"}
{"timestamp":"2025-07-03T16:01:54.137549Z","level":"info","event":"Fetching weather for Africa/Sikasso...","chan":"stdout","logger":"task"}
{"timestamp":"2025-07-03T16:01:54.538704Z","level":"info","event":"INFO: Inserting location 'Sikasso' into the database...","chan":"stdout","logger":"task"}
{"timestamp":"2025-07-03T16:01:55.139968Z","level":"info","event":"SUCCESS: Location 'Sikasso' inserted with ID 12.","chan":"stdout","logger":"task"}
{"timestamp":"2025-07-03T16:01:55.140212Z","level":"info","event":"INFO: Processing current weather data for location ID 12...","chan":"stdout","logger":"task"}
{"timestamp":"2025-07-03T16:01:55.140455Z","level":"info","event":"INFO: Inserting condition 'Partly Cloudy' with code 1003...","chan":"stdout","logger":"task"}
{"timestamp":"2025-07-03T16:01:55.949787Z","level":"info","event":"SUCCESS: Condition 'Partly Cloudy' inserted or updated successfully.","chan":"stdout","logger":"task"}
{"timestamp":"2025-07-03T16:01:56.644331Z","level":"info","event":"SUCCESS: Current weather data for location ID 12 inserted successfully.","chan":"stdout","logger":"task"}
{"timestamp":"2025-07-03T16:01:57.048723Z","level":"info","event":"SUCCESS: Weather data for Africa/Sikasso committed.","chan":"stdout","logger":"task"}
{"timestamp":"2025-07-03T16:01:59.151285Z","level":"info","event":"Database connection to 'meteo' established successfully.","chan":"stdout","logger":"task"}
{"timestamp":"2025-07-03T16:01:59.955840Z","level":"info","event":"INFO: Logged ETL process 'process_city_data' with status 'success'.","chan":"stdout","logger":"task"}
{"timestamp":"2025-07-03T16:01:59.956215Z","level":"info","event":"INFO: Finished processing Africa/Sikasso.","chan":"stdout","logger":"task"}
{"timestamp":"2025-07-03T16:02:02.761287Z","level":"info","event":"Database connection to 'meteo' established successfully.","chan":"stdout","logger":"task"}
{"timestamp":"2025-07-03T16:02:02.762637Z","level":"info","event":"Fetching weather for Africa/Segou...","chan":"stdout","logger":"task"}
{"timestamp":"2025-07-03T16:02:03.163715Z","level":"info","event":"INFO: Inserting location 'Segou' into the database...","chan":"stdout","logger":"task"}
{"timestamp":"2025-07-03T16:02:03.863252Z","level":"info","event":"SUCCESS: Location 'Segou' inserted with ID 13.","chan":"stdout","logger":"task"}
{"timestamp":"2025-07-03T16:02:03.863492Z","level":"info","event":"INFO: Processing current weather data for location ID 13...","chan":"stdout","logger":"task"}
{"timestamp":"2025-07-03T16:02:03.863703Z","level":"info","event":"INFO: Inserting condition 'Sunny' with code 1000...","chan":"stdout","logger":"task"}
{"timestamp":"2025-07-03T16:02:04.667265Z","level":"info","event":"SUCCESS: Condition 'Sunny' inserted or updated successfully.","chan":"stdout","logger":"task"}
{"timestamp":"2025-07-03T16:02:05.575364Z","level":"info","event":"SUCCESS: Current weather data for location ID 13 inserted successfully.","chan":"stdout","logger":"task"}
{"timestamp":"2025-07-03T16:02:05.872759Z","level":"info","event":"SUCCESS: Weather data for Africa/Segou committed.","chan":"stdout","logger":"task"}
{"timestamp":"2025-07-03T16:02:07.675715Z","level":"info","event":"Database connection to 'meteo' established successfully.","chan":"stdout","logger":"task"}
{"timestamp":"2025-07-03T16:02:08.377342Z","level":"info","event":"INFO: Logged ETL process 'process_city_data' with status 'success'.","chan":"stdout","logger":"task"}
{"timestamp":"2025-07-03T16:02:08.377699Z","level":"info","event":"INFO: Finished processing Africa/Segou.","chan":"stdout","logger":"task"}
{"timestamp":"2025-07-03T16:02:11.187286Z","level":"info","event":"Database connection to 'meteo' established successfully.","chan":"stdout","logger":"task"}
{"timestamp":"2025-07-03T16:02:11.187558Z","level":"info","event":"Fetching weather for Africa/Niamey...","chan":"stdout","logger":"task"}
{"timestamp":"2025-07-03T16:02:11.589159Z","level":"info","event":"INFO: Inserting location 'Niamey' into the database...","chan":"stdout","logger":"task"}
{"timestamp":"2025-07-03T16:02:12.394449Z","level":"info","event":"SUCCESS: Location 'Niamey' inserted with ID 14.","chan":"stdout","logger":"task"}
{"timestamp":"2025-07-03T16:02:12.394630Z","level":"info","event":"INFO: Processing current weather data for location ID 14...","chan":"stdout","logger":"task"}
{"timestamp":"2025-07-03T16:02:12.394723Z","level":"info","event":"INFO: Inserting condition 'Partly cloudy' with code 1003...","chan":"stdout","logger":"task"}
{"timestamp":"2025-07-03T16:02:13.091146Z","level":"info","event":"SUCCESS: Condition 'Partly cloudy' inserted or updated successfully.","chan":"stdout","logger":"task"}
{"timestamp":"2025-07-03T16:02:13.893529Z","level":"info","event":"SUCCESS: Current weather data for location ID 14 inserted successfully.","chan":"stdout","logger":"task"}
{"timestamp":"2025-07-03T16:02:14.294663Z","level":"info","event":"SUCCESS: Weather data for Africa/Niamey committed.","chan":"stdout","logger":"task"}
{"timestamp":"2025-07-03T16:02:16.501766Z","level":"info","event":"Database connection to 'meteo' established successfully.","chan":"stdout","logger":"task"}
{"timestamp":"2025-07-03T16:02:17.302821Z","level":"info","event":"INFO: Logged ETL process 'process_city_data' with status 'success'.","chan":"stdout","logger":"task"}
{"timestamp":"2025-07-03T16:02:17.303194Z","level":"info","event":"INFO: Finished processing Africa/Niamey.","chan":"stdout","logger":"task"}
{"timestamp":"2025-07-03T16:02:19.612806Z","level":"info","event":"Database connection to 'meteo' established successfully.","chan":"stdout","logger":"task"}
{"timestamp":"2025-07-03T16:02:19.613073Z","level":"info","event":"Fetching weather for Africa/Zinder...","chan":"stdout","logger":"task"}
{"timestamp":"2025-07-03T16:02:20.014152Z","level":"info","event":"INFO: Inserting location 'Zinder' into the database...","chan":"stdout","logger":"task"}
{"timestamp":"2025-07-03T16:02:20.712898Z","level":"info","event":"SUCCESS: Location 'Zinder' inserted with ID 15.","chan":"stdout","logger":"task"}
{"timestamp":"2025-07-03T16:02:20.713194Z","level":"info","event":"INFO: Processing current weather data for location ID 15...","chan":"stdout","logger":"task"}
{"timestamp":"2025-07-03T16:02:20.713351Z","level":"info","event":"INFO: Inserting condition 'Partly cloudy' with code 1003...","chan":"stdout","logger":"task"}
{"timestamp":"2025-07-03T16:02:21.514830Z","level":"info","event":"SUCCESS: Condition 'Partly cloudy' inserted or updated successfully.","chan":"stdout","logger":"task"}
{"timestamp":"2025-07-03T16:02:22.316789Z","level":"info","event":"SUCCESS: Current weather data for location ID 15 inserted successfully.","chan":"stdout","logger":"task"}
{"timestamp":"2025-07-03T16:02:22.718589Z","level":"info","event":"SUCCESS: Weather data for Africa/Zinder committed.","chan":"stdout","logger":"task"}
{"timestamp":"2025-07-03T16:02:24.623334Z","level":"info","event":"Database connection to 'meteo' established successfully.","chan":"stdout","logger":"task"}
{"timestamp":"2025-07-03T16:02:25.425663Z","level":"info","event":"INFO: Logged ETL process 'process_city_data' with status 'success'.","chan":"stdout","logger":"task"}
{"timestamp":"2025-07-03T16:02:25.425922Z","level":"info","event":"INFO: Finished processing Africa/Zinder.","chan":"stdout","logger":"task"}
{"timestamp":"2025-07-03T16:02:28.035350Z","level":"info","event":"Database connection to 'meteo' established successfully.","chan":"stdout","logger":"task"}
{"timestamp":"2025-07-03T16:02:28.035745Z","level":"info","event":"Fetching weather for Africa/Maradi...","chan":"stdout","logger":"task"}
{"timestamp":"2025-07-03T16:02:28.535347Z","level":"info","event":"INFO: Inserting location 'Maradi' into the database...","chan":"stdout","logger":"task"}
{"timestamp":"2025-07-03T16:02:29.235960Z","level":"info","event":"SUCCESS: Location 'Maradi' inserted with ID 16.","chan":"stdout","logger":"task"}
{"timestamp":"2025-07-03T16:02:29.236216Z","level":"info","event":"INFO: Processing current weather data for location ID 16...","chan":"stdout","logger":"task"}
{"timestamp":"2025-07-03T16:02:29.236364Z","level":"info","event":"INFO: Inserting condition 'Partly cloudy' with code 1003...","chan":"stdout","logger":"task"}
{"timestamp":"2025-07-03T16:02:29.938297Z","level":"info","event":"SUCCESS: Condition 'Partly cloudy' inserted or updated successfully.","chan":"stdout","logger":"task"}
{"timestamp":"2025-07-03T16:02:30.840562Z","level":"info","event":"SUCCESS: Current weather data for location ID 16 inserted successfully.","chan":"stdout","logger":"task"}
{"timestamp":"2025-07-03T16:02:31.241942Z","level":"info","event":"SUCCESS: Weather data for Africa/Maradi committed.","chan":"stdout","logger":"task"}
{"timestamp":"2025-07-03T16:02:33.246971Z","level":"info","event":"Database connection to 'meteo' established successfully.","chan":"stdout","logger":"task"}
{"timestamp":"2025-07-03T16:02:34.051379Z","level":"info","event":"INFO: Logged ETL process 'process_city_data' with status 'success'.","chan":"stdout","logger":"task"}
{"timestamp":"2025-07-03T16:02:34.051653Z","level":"info","event":"INFO: Finished processing Africa/Maradi.","chan":"stdout","logger":"task"}
{"timestamp":"2025-07-03T16:02:36.656913Z","level":"info","event":"Database connection to 'meteo' established successfully.","chan":"stdout","logger":"task"}
{"timestamp":"2025-07-03T16:02:36.657094Z","level":"info","event":"Fetching weather for Africa/Dakar...","chan":"stdout","logger":"task"}
{"timestamp":"2025-07-03T16:02:36.958524Z","level":"info","event":"INFO: Inserting location 'Dakar' into the database...","chan":"stdout","logger":"task"}
{"timestamp":"2025-07-03T16:02:37.760930Z","level":"info","event":"SUCCESS: Location 'Dakar' inserted with ID 17.","chan":"stdout","logger":"task"}
{"timestamp":"2025-07-03T16:02:37.761207Z","level":"info","event":"INFO: Processing current weather data for location ID 17...","chan":"stdout","logger":"task"}
{"timestamp":"2025-07-03T16:02:37.761371Z","level":"info","event":"INFO: Inserting condition 'Partly cloudy' with code 1003...","chan":"stdout","logger":"task"}
{"timestamp":"2025-07-03T16:02:38.562436Z","level":"info","event":"SUCCESS: Condition 'Partly cloudy' inserted or updated successfully.","chan":"stdout","logger":"task"}
{"timestamp":"2025-07-03T16:02:39.366841Z","level":"info","event":"SUCCESS: Current weather data for location ID 17 inserted successfully.","chan":"stdout","logger":"task"}
{"timestamp":"2025-07-03T16:02:39.675064Z","level":"info","event":"SUCCESS: Weather data for Africa/Dakar committed.","chan":"stdout","logger":"task"}
{"timestamp":"2025-07-03T16:02:41.972907Z","level":"info","event":"Database connection to 'meteo' established successfully.","chan":"stdout","logger":"task"}
{"timestamp":"2025-07-03T16:02:42.775156Z","level":"info","event":"INFO: Logged ETL process 'process_city_data' with status 'success'.","chan":"stdout","logger":"task"}
{"timestamp":"2025-07-03T16:02:42.775443Z","level":"info","event":"INFO: Finished processing Africa/Dakar.","chan":"stdout","logger":"task"}
{"timestamp":"2025-07-03T16:02:45.180147Z","level":"info","event":"Database connection to 'meteo' established successfully.","chan":"stdout","logger":"task"}
{"timestamp":"2025-07-03T16:02:45.180432Z","level":"info","event":"Fetching weather for Africa/Thiès...","chan":"stdout","logger":"task"}
{"timestamp":"2025-07-03T16:02:45.683875Z","level":"info","event":"INFO: Inserting location 'Ma-Africa' into the database...","chan":"stdout","logger":"task"}
{"timestamp":"2025-07-03T16:02:47.386885Z","level":"info","event":"SUCCESS: Location 'Ma-Africa' inserted with ID 18.","chan":"stdout","logger":"task"}
{"timestamp":"2025-07-03T16:02:47.387517Z","level":"info","event":"INFO: Processing current weather data for location ID 18...","chan":"stdout","logger":"task"}
{"timestamp":"2025-07-03T16:02:47.387753Z","level":"info","event":"INFO: Inserting condition 'Cloudy' with code 1006...","chan":"stdout","logger":"task"}
{"timestamp":"2025-07-03T16:02:48.801561Z","level":"info","event":"SUCCESS: Condition 'Cloudy' inserted or updated successfully.","chan":"stdout","logger":"task"}
{"timestamp":"2025-07-03T16:02:49.794512Z","level":"info","event":"SUCCESS: Current weather data for location ID 18 inserted successfully.","chan":"stdout","logger":"task"}
{"timestamp":"2025-07-03T16:02:50.196602Z","level":"info","event":"SUCCESS: Weather data for Africa/Thiès committed.","chan":"stdout","logger":"task"}
{"timestamp":"2025-07-03T16:02:52.402584Z","level":"info","event":"Database connection to 'meteo' established successfully.","chan":"stdout","logger":"task"}
{"timestamp":"2025-07-03T16:02:54.013394Z","level":"info","event":"INFO: Logged ETL process 'process_city_data' with status 'success'.","chan":"stdout","logger":"task"}
{"timestamp":"2025-07-03T16:02:54.013754Z","level":"info","event":"INFO: Finished processing Africa/Thiès.","chan":"stdout","logger":"task"}
{"timestamp":"2025-07-03T16:02:56.213194Z","level":"info","event":"Database connection to 'meteo' established successfully.","chan":"stdout","logger":"task"}
{"timestamp":"2025-07-03T16:02:56.213641Z","level":"info","event":"Fetching weather for Africa/Saint-Louis...","chan":"stdout","logger":"task"}
{"timestamp":"2025-07-03T16:02:56.716955Z","level":"info","event":"INFO: Inserting location 'Saint-Louis' into the database...","chan":"stdout","logger":"task"}
{"timestamp":"2025-07-03T16:02:58.220017Z","level":"info","event":"SUCCESS: Location 'Saint-Louis' inserted with ID 19.","chan":"stdout","logger":"task"}
{"timestamp":"2025-07-03T16:02:58.220292Z","level":"info","event":"INFO: Processing current weather data for location ID 19...","chan":"stdout","logger":"task"}
{"timestamp":"2025-07-03T16:02:58.220466Z","level":"info","event":"INFO: Inserting condition 'Sunny' with code 1000...","chan":"stdout","logger":"task"}
{"timestamp":"2025-07-03T16:02:58.823443Z","level":"info","event":"SUCCESS: Condition 'Sunny' inserted or updated successfully.","chan":"stdout","logger":"task"}
{"timestamp":"2025-07-03T16:02:59.624439Z","level":"info","event":"SUCCESS: Current weather data for location ID 19 inserted successfully.","chan":"stdout","logger":"task"}
{"timestamp":"2025-07-03T16:03:00.627354Z","level":"info","event":"SUCCESS: Weather data for Africa/Saint-Louis committed.","chan":"stdout","logger":"task"}
{"timestamp":"2025-07-03T16:03:03.235912Z","level":"info","event":"Database connection to 'meteo' established successfully.","chan":"stdout","logger":"task"}
{"timestamp":"2025-07-03T16:03:03.938630Z","level":"info","event":"INFO: Logged ETL process 'process_city_data' with status 'success'.","chan":"stdout","logger":"task"}
{"timestamp":"2025-07-03T16:03:03.939315Z","level":"info","event":"INFO: Finished processing Africa/Saint-Louis.","chan":"stdout","logger":"task"}
{"timestamp":"2025-07-03T16:03:06.431562Z","level":"info","event":"Database connection to 'meteo' established successfully.","chan":"stdout","logger":"task"}
{"timestamp":"2025-07-03T16:03:06.431826Z","level":"info","event":"Fetching weather for Africa/Lomé...","chan":"stdout","logger":"task"}
{"timestamp":"2025-07-03T16:03:06.743321Z","level":"info","event":"INFO: Inserting location 'Ma-Africa' into the database...","chan":"stdout","logger":"task"}
{"timestamp":"2025-07-03T16:03:07.362980Z","level":"info","event":"SUCCESS: Location 'Ma-Africa' inserted with ID 18.","chan":"stdout","logger":"task"}
{"timestamp":"2025-07-03T16:03:07.363418Z","level":"info","event":"INFO: Processing current weather data for location ID 18...","chan":"stdout","logger":"task"}
{"timestamp":"2025-07-03T16:03:07.363771Z","level":"info","event":"INFO: Inserting condition 'Cloudy' with code 1006...","chan":"stdout","logger":"task"}
{"timestamp":"2025-07-03T16:03:07.977158Z","level":"info","event":"SUCCESS: Condition 'Cloudy' inserted or updated successfully.","chan":"stdout","logger":"task"}
{"timestamp":"2025-07-03T16:03:09.208858Z","level":"info","event":"SUCCESS: Current weather data for location ID 18 inserted successfully.","chan":"stdout","logger":"task"}
{"timestamp":"2025-07-03T16:03:09.516002Z","level":"info","event":"SUCCESS: Weather data for Africa/Lomé committed.","chan":"stdout","logger":"task"}
{"timestamp":"2025-07-03T16:03:11.666613Z","level":"info","event":"Database connection to 'meteo' established successfully.","chan":"stdout","logger":"task"}
{"timestamp":"2025-07-03T16:03:12.378720Z","level":"info","event":"INFO: Logged ETL process 'process_city_data' with status 'success'.","chan":"stdout","logger":"task"}
{"timestamp":"2025-07-03T16:03:12.379078Z","level":"info","event":"INFO: Finished processing Africa/Lomé.","chan":"stdout","logger":"task"}
{"timestamp":"2025-07-03T16:03:15.518880Z","level":"info","event":"Database connection to 'meteo' established successfully.","chan":"stdout","logger":"task"}
{"timestamp":"2025-07-03T16:03:15.519883Z","level":"info","event":"Fetching weather for Africa/Sokodé...","chan":"stdout","logger":"task"}
{"timestamp":"2025-07-03T16:03:15.924137Z","level":"info","event":"INFO: Inserting location 'Ma-Africa' into the database...","chan":"stdout","logger":"task"}
{"timestamp":"2025-07-03T16:03:16.529775Z","level":"info","event":"SUCCESS: Location 'Ma-Africa' inserted with ID 18.","chan":"stdout","logger":"task"}
{"timestamp":"2025-07-03T16:03:16.530051Z","level":"info","event":"INFO: Processing current weather data for location ID 18...","chan":"stdout","logger":"task"}
{"timestamp":"2025-07-03T16:03:16.530225Z","level":"info","event":"INFO: Inserting condition 'Light rain' with code 1183...","chan":"stdout","logger":"task"}
{"timestamp":"2025-07-03T16:03:17.136354Z","level":"info","event":"SUCCESS: Condition 'Light rain' inserted or updated successfully.","chan":"stdout","logger":"task"}
{"timestamp":"2025-07-03T16:03:17.743077Z","level":"info","event":"SUCCESS: Current weather data for location ID 18 inserted successfully.","chan":"stdout","logger":"task"}
{"timestamp":"2025-07-03T16:03:18.045723Z","level":"info","event":"SUCCESS: Weather data for Africa/Sokodé committed.","chan":"stdout","logger":"task"}
{"timestamp":"2025-07-03T16:03:20.668372Z","level":"info","event":"Database connection to 'meteo' established successfully.","chan":"stdout","logger":"task"}
{"timestamp":"2025-07-03T16:03:21.275055Z","level":"info","event":"INFO: Logged ETL process 'process_city_data' with status 'success'.","chan":"stdout","logger":"task"}
{"timestamp":"2025-07-03T16:03:21.275323Z","level":"info","event":"INFO: Finished processing Africa/Sokodé.","chan":"stdout","logger":"task"}
{"timestamp":"2025-07-03T16:03:24.294733Z","level":"info","event":"Database connection to 'meteo' established successfully.","chan":"stdout","logger":"task"}
{"timestamp":"2025-07-03T16:03:24.295176Z","level":"info","event":"Fetching weather for Africa/Kara...","chan":"stdout","logger":"task"}
{"timestamp":"2025-07-03T16:03:28.298087Z","level":"info","event":"HTTP Request failed for Africa/Kara: HTTPConnectionPool(host='api.weatherapi.com', port=80): Max retries exceeded with url: /v1/current.json?key=b8a0a8e817a944e6a60202614251706&q=Africa/Kara&aqi=no (Caused by NameResolutionError(\"<urllib3.connection.HTTPConnection object at 0x7a4d82594a40>: Failed to resolve 'api.weatherapi.com' ([Errno -2] Name or service not known)\"))","chan":"stdout","logger":"task"}
{"timestamp":"2025-07-03T16:03:28.298328Z","level":"info","event":"WARNING: Skipping Africa/Kara, API fetch failed.","chan":"stdout","logger":"task"}
{"timestamp":"2025-07-03T16:03:33.847249Z","level":"info","event":"Database connection to 'meteo' established successfully.","chan":"stdout","logger":"task"}
{"timestamp":"2025-07-03T16:03:34.549470Z","level":"info","event":"INFO: Logged ETL process 'process_city_data' with status 'failed'.","chan":"stdout","logger":"task"}
{"timestamp":"2025-07-03T16:03:37.454349Z","level":"info","event":"Database connection to 'meteo' established successfully.","chan":"stdout","logger":"task"}
{"timestamp":"2025-07-03T16:03:38.053247Z","level":"info","event":"INFO: Logged ETL process 'process_city_data' with status 'success'.","chan":"stdout","logger":"task"}
{"timestamp":"2025-07-03T16:03:38.053506Z","level":"info","event":"INFO: Finished processing Africa/Kara.","chan":"stdout","logger":"task"}
{"timestamp":"2025-07-03T16:03:38.554570Z","level":"info","event":"INFO: Extraction/loading done.","chan":"stdout","logger":"task"}
{"timestamp":"2025-07-03T16:03:45.560093Z","level":"info","event":"Database connection to 'meteo' established successfully.","chan":"stdout","logger":"task"}
{"timestamp":"2025-07-03T16:03:46.359226Z","level":"info","event":"INFO: Logged ETL process 'extract_and_load' with status 'success'.","chan":"stdout","logger":"task"}
{"timestamp":"2025-07-03T16:03:46.361525","level":"info","event":"Done. Returned value was: None","logger":"airflow.task.operators.airflow.providers.standard.operators.python.PythonOperator"}
