{"timestamp":"2025-07-07T18:02:33.988464","level":"info","event":"DAG bundles loaded: dags-folder","logger":"airflow.dag_processing.bundles.manager.DagBundlesManager"}
{"timestamp":"2025-07-07T18:02:33.989745","level":"info","event":"Filling up the DagBag from /opt/airflow/dags/weather_etl_dag.py","logger":"airflow.models.dagbag.DagBag"}
{"timestamp":"2025-07-07T18:02:34.640640Z","level":"info","event":"INFO: Starting transform/load to warehouse...","chan":"stdout","logger":"task"}
{"timestamp":"2025-07-07T18:02:34.640825Z","level":"info","event":"INFO: Starting ETL process...","chan":"stdout","logger":"task"}
{"timestamp":"2025-07-07T18:02:34.640978Z","level":"info","event":"INFO: Attempting to establish database connections...","chan":"stdout","logger":"task"}
{"timestamp":"2025-07-07T18:02:35.633143Z","level":"info","event":"Database connection to 'meteo' established successfully.","chan":"stdout","logger":"task"}
{"timestamp":"2025-07-07T18:02:37.073446Z","level":"info","event":"Database connection to 'meteo_warehouse' established successfully.","chan":"stdout","logger":"task"}
{"timestamp":"2025-07-07T18:02:37.073661Z","level":"info","event":"SUCCESS: PyMySQL connections established.","chan":"stdout","logger":"task"}
{"timestamp":"2025-07-07T18:02:41.034127Z","level":"info","event":"SUCCESS: SQLAlchemy engine for target database created and tested.","chan":"stdout","logger":"task"}
{"timestamp":"2025-07-07T18:02:41.034292Z","level":"info","event":"","chan":"stdout","logger":"task"}
{"timestamp":"2025-07-07T18:02:41.034374Z","level":"info","event":"INFO: Beginning data extraction from source database.","chan":"stdout","logger":"task"}
{"timestamp":"2025-07-07T18:02:41.216692Z","level":"info","event":"INFO: Extracted 20 rows from query.","chan":"stdout","logger":"task"}
{"timestamp":"2025-07-07T18:02:41.395632Z","level":"info","event":"INFO: Extracted 7 rows from query.","chan":"stdout","logger":"task"}
{"timestamp":"2025-07-07T18:02:41.578580Z","level":"info","event":"INFO: Extracted 21 rows from query.","chan":"stdout","logger":"task"}
{"timestamp":"2025-07-07T18:02:41.578912Z","level":"info","event":"SUCCESS: All necessary data extracted from source tables.","chan":"stdout","logger":"task"}
{"timestamp":"2025-07-07T18:02:41.579036Z","level":"info","event":"","chan":"stdout","logger":"task"}
{"timestamp":"2025-07-07T18:02:41.579142Z","level":"info","event":"INFO: Beginning data transformation for dimension tables.","chan":"stdout","logger":"task"}
{"timestamp":"2025-07-07T18:02:41.579302Z","level":"info","event":"INFO: Transforming data for DimLieux...","chan":"stdout","logger":"task"}
{"timestamp":"2025-07-07T18:02:41.582726Z","level":"info","event":"SUCCESS: Transformed 20 unique locations for DimLieux.","chan":"stdout","logger":"task"}
{"timestamp":"2025-07-07T18:02:41.583142Z","level":"info","event":"INFO: Transforming data for DimConditionsMeteo...","chan":"stdout","logger":"task"}
{"timestamp":"2025-07-07T18:02:41.586162Z","level":"info","event":"SUCCESS: Transformed 7 unique conditions for DimConditionsMeteo.","chan":"stdout","logger":"task"}
{"timestamp":"2025-07-07T18:02:41.586321Z","level":"info","event":"INFO: Transforming data for DimTemps...","chan":"stdout","logger":"task"}
{"timestamp":"2025-07-07T18:02:41.591733Z","level":"info","event":"SUCCESS: Transformed 9 unique time entries for DimTemps.","chan":"stdout","logger":"task"}
{"timestamp":"2025-07-07T18:02:41.591906Z","level":"info","event":"","chan":"stdout","logger":"task"}
{"timestamp":"2025-07-07T18:02:41.591998Z","level":"info","event":"INFO: Preparing data for FaitDonneesMeteo (Fact Table).","chan":"stdout","logger":"task"}
{"timestamp":"2025-07-07T18:02:41.596619Z","level":"info","event":"","chan":"stdout","logger":"task"}
{"timestamp":"2025-07-07T18:02:41.596926Z","level":"info","event":"INFO: Loading dimension data into target database.","chan":"stdout","logger":"task"}
{"timestamp":"2025-07-07T18:02:42.657181Z","level":"info","event":"ERROR: Error loading data into DimLieux: (pymysql.err.IntegrityError) (1062, \"Duplicate entry 'Dakar' for key 'DimLieux.nom_ville'\")","chan":"stdout","logger":"task"}
{"timestamp":"2025-07-07T18:02:42.657427Z","level":"info","event":"[SQL: INSERT INTO \"DimLieux\" (nom_ville, region, pays) VALUES (%(nom_ville)s, %(region)s, %(pays)s)]","chan":"stdout","logger":"task"}
{"timestamp":"2025-07-07T18:02:42.657587Z","level":"info","event":"[parameters: ({'nom_ville': 'Abidjan', 'region': 'Lagunes', 'pays': \"Cote d'Ivoire\"}, {'nom_ville': 'Bafata', 'region': 'Bafata', 'pays': 'Guinea-Bissau'}, {'nom_ville': 'Bamako', 'region': 'Bamako', 'pays': 'Mali'}, {'nom_ville': 'Bissau', 'region': 'Bissau', 'pays': 'Guinea-Bissau'}, {'nom_ville': 'Bobo Dioulasso', 'region': 'Houet', 'pays': 'Burkina Faso'}, {'nom_ville': 'Bolama', 'region': 'Bolama', 'pays': 'Guinea-Bissau'}, {'nom_ville': 'Bouake', 'region': 'Marahoue', 'pays': \"Cote d'Ivoire\"}, {'nom_ville': 'Dakar', 'region': 'Dakar', 'pays': 'Senegal'}  ... displaying 10 of 20 total bound parameter sets ...  {'nom_ville': 'Yamoussoukro', 'region': \"N'zi-Comoe\", 'pays': \"Cote d'Ivoire\"}, {'nom_ville': 'Zinder', 'region': 'Zinder', 'pays': 'Niger'})]","chan":"stdout","logger":"task"}
{"timestamp":"2025-07-07T18:02:42.657725Z","level":"info","event":"(Background on this error at: https://sqlalche.me/e/14/gkpj)","chan":"stdout","logger":"task"}
{"timestamp":"2025-07-07T18:02:43.374644Z","level":"info","event":"ERROR: Error loading data into DimConditionsMeteo: (pymysql.err.IntegrityError) (1062, \"Duplicate entry 'Clear' for key 'DimConditionsMeteo.texte_condition'\")","chan":"stdout","logger":"task"}
{"timestamp":"2025-07-07T18:02:43.375035Z","level":"info","event":"[SQL: INSERT INTO \"DimConditionsMeteo\" (code_condition, texte_condition) VALUES (%(code_condition)s, %(texte_condition)s)]","chan":"stdout","logger":"task"}
{"timestamp":"2025-07-07T18:02:43.375258Z","level":"info","event":"[parameters: ({'code_condition': 1000, 'texte_condition': 'Clear'}, {'code_condition': 1240, 'texte_condition': 'Light rain shower'}, {'code_condition': 1243, 'texte_condition': 'Moderate or heavy rain shower'}, {'code_condition': 1276, 'texte_condition': 'Moderate or heavy rain with thunder'}, {'code_condition': 1003, 'texte_condition': 'Partly cloudy'}, {'code_condition': 1273, 'texte_condition': 'Patchy light rain with thunder'}, {'code_condition': 1063, 'texte_condition': 'Patchy rain nearby'})]","chan":"stdout","logger":"task"}
{"timestamp":"2025-07-07T18:02:43.375457Z","level":"info","event":"(Background on this error at: https://sqlalche.me/e/14/gkpj)","chan":"stdout","logger":"task"}
{"timestamp":"2025-07-07T18:02:44.634922Z","level":"info","event":"SUCCESS: Loaded 9 rows into DimTemps.","chan":"stdout","logger":"task"}
{"timestamp":"2025-07-07T18:02:44.635356Z","level":"info","event":"SUCCESS: Dimension tables loaded.","chan":"stdout","logger":"task"}
{"timestamp":"2025-07-07T18:02:44.635595Z","level":"info","event":"INFO: Reading back surrogate keys from target dimension tables.","chan":"stdout","logger":"task"}
{"timestamp":"2025-07-07T18:02:44.815493Z","level":"info","event":"INFO: Extracted 12 rows from query.","chan":"stdout","logger":"task"}
{"timestamp":"2025-07-07T18:02:44.996153Z","level":"info","event":"INFO: Extracted 20 rows from query.","chan":"stdout","logger":"task"}
{"timestamp":"2025-07-07T18:02:45.921088Z","level":"info","event":"INFO: Extracted 3455 rows from query.","chan":"stdout","logger":"task"}
{"timestamp":"2025-07-07T18:02:45.921499Z","level":"info","event":"SUCCESS: Surrogate keys retrieved.","chan":"stdout","logger":"task"}
{"timestamp":"2025-07-07T18:02:45.925773Z","level":"info","event":"INFO: Joining fact data with dimension surrogate keys.","chan":"stdout","logger":"task"}
{"timestamp":"2025-07-07T18:02:45.926382Z","level":"info","event":"INFO: Merging with DimLieux to get id_dim_lieu_fk...","chan":"stdout","logger":"task"}
{"timestamp":"2025-07-07T18:02:45.937159Z","level":"info","event":"WARNING: 9 records in FaitDonneesMeteo could not find a matching DimLieux entry. Check data consistency.","chan":"stdout","logger":"task"}
{"timestamp":"2025-07-07T18:02:45.938703Z","level":"info","event":"INFO: After DimLieux merge. Records with id_dim_lieu: 12/21.","chan":"stdout","logger":"task"}
{"timestamp":"2025-07-07T18:02:45.938878Z","level":"info","event":"INFO: Merging with DimConditionsMeteo to get id_dim_condition_fk...","chan":"stdout","logger":"task"}
{"timestamp":"2025-07-07T18:02:45.949920Z","level":"info","event":"WARNING: 4 records in FaitDonneesMeteo could not find a matching DimConditionsMeteo entry. Check data consistency.","chan":"stdout","logger":"task"}
{"timestamp":"2025-07-07T18:02:45.950859Z","level":"info","event":"INFO: After DimConditionsMeteo merge. Records with id_dim_condition: 17/21.","chan":"stdout","logger":"task"}
{"timestamp":"2025-07-07T18:02:45.951040Z","level":"info","event":"INFO: Merging with DimTemps to get id_dim_temps_fk...","chan":"stdout","logger":"task"}
{"timestamp":"2025-07-07T18:02:45.956316Z","level":"info","event":"INFO: After DimTemps merge. Records with id_dim_temps: 130/130.","chan":"stdout","logger":"task"}
{"timestamp":"2025-07-07T18:02:45.959928Z","level":"info","event":"WARNING: Dropped 63 rows from final fact table due to NULL foreign keys.","chan":"stdout","logger":"task"}
{"timestamp":"2025-07-07T18:02:45.960170Z","level":"info","event":"         Consider adjusting merge logic or source data to prevent missing dimension matches.","chan":"stdout","logger":"task"}
{"timestamp":"2025-07-07T18:02:45.960331Z","level":"info","event":"SUCCESS: Transformed 67 rows for FaitDonneesMeteo (after final FK check).","chan":"stdout","logger":"task"}
{"timestamp":"2025-07-07T18:02:45.960470Z","level":"info","event":"","chan":"stdout","logger":"task"}
{"timestamp":"2025-07-07T18:02:45.960613Z","level":"info","event":"INFO: Loading fact data into target database.","chan":"stdout","logger":"task"}
{"timestamp":"2025-07-07T18:02:46.974877Z","level":"info","event":"SUCCESS: Loaded 67 rows into FaitDonneesMeteo.","chan":"stdout","logger":"task"}
{"timestamp":"2025-07-07T18:02:46.975158Z","level":"info","event":"SUCCESS: Fact table loaded.","chan":"stdout","logger":"task"}
{"timestamp":"2025-07-07T18:02:46.975353Z","level":"info","event":"","chan":"stdout","logger":"task"}
{"timestamp":"2025-07-07T18:02:46.975577Z","level":"info","event":"SUCCESS: ETL process completed successfully!","chan":"stdout","logger":"task"}
{"timestamp":"2025-07-07T18:02:46.975727Z","level":"info","event":"INFO: Attempting to close database connections and dispose of engines.","chan":"stdout","logger":"task"}
{"timestamp":"2025-07-07T18:02:47.000443Z","level":"info","event":"INFO: Source database connection closed.","chan":"stdout","logger":"task"}
{"timestamp":"2025-07-07T18:02:47.000769Z","level":"info","event":"INFO: Target database (pymysql) connection closed.","chan":"stdout","logger":"task"}
{"timestamp":"2025-07-07T18:02:47.000936Z","level":"info","event":"INFO: Target database SQLAlchemy engine disposed.","chan":"stdout","logger":"task"}
{"timestamp":"2025-07-07T18:02:47.001015Z","level":"info","event":"SUCCESS: All database connections and engines handled.","chan":"stdout","logger":"task"}
{"timestamp":"2025-07-07T18:02:48.114052Z","level":"info","event":"Database connection to 'meteo' established successfully.","chan":"stdout","logger":"task"}
{"timestamp":"2025-07-07T18:02:48.837226Z","level":"info","event":"INFO: Logged ETL process 'transfer_data_to_warehouse' with status 'success'.","chan":"stdout","logger":"task"}
{"timestamp":"2025-07-07T18:02:48.837591Z","level":"info","event":"INFO: Transform/load done.","chan":"stdout","logger":"task"}
{"timestamp":"2025-07-07T18:02:48.838470","level":"info","event":"Done. Returned value was: None","logger":"airflow.task.operators.airflow.providers.standard.operators.python.PythonOperator"}
