{"timestamp":"2025-07-09T23:20:20.092083","level":"info","event":"DAG bundles loaded: dags-folder","logger":"airflow.dag_processing.bundles.manager.DagBundlesManager"}
{"timestamp":"2025-07-09T23:20:20.093168","level":"info","event":"Filling up the DagBag from /opt/airflow/dags/weather_etl_dag.py","logger":"airflow.models.dagbag.DagBag"}
{"timestamp":"2025-07-09T23:20:20.791714Z","level":"info","event":"INFO: Starting DB cleanup...","chan":"stdout","logger":"task"}
{"timestamp":"2025-07-09T23:20:22.181015Z","level":"info","event":"Database connection to 'meteo' established successfully.","chan":"stdout","logger":"task"}
{"timestamp":"2025-07-09T23:20:22.181257Z","level":"info","event":"--- Disabling foreign key checks ---","chan":"stdout","logger":"task"}
{"timestamp":"2025-07-09T23:20:22.488332Z","level":"info","event":"SUCCESS: Disabling foreign key checks","chan":"stdout","logger":"task"}
{"timestamp":"2025-07-09T23:20:22.488606Z","level":"info","event":"","chan":"stdout","logger":"task"}
{"timestamp":"2025-07-09T23:20:22.488784Z","level":"info","event":"--- Dropping existing tables ---","chan":"stdout","logger":"task"}
{"timestamp":"2025-07-09T23:20:22.489004Z","level":"info","event":"--- Dropping table donnees_meteo ---","chan":"stdout","logger":"task"}
{"timestamp":"2025-07-09T23:20:23.016186Z","level":"info","event":"SUCCESS: Dropping table donnees_meteo","chan":"stdout","logger":"task"}
{"timestamp":"2025-07-09T23:20:23.016447Z","level":"info","event":"--- Dropping table conditions_meteo ---","chan":"stdout","logger":"task"}
{"timestamp":"2025-07-09T23:20:23.410259Z","level":"info","event":"SUCCESS: Dropping table conditions_meteo","chan":"stdout","logger":"task"}
{"timestamp":"2025-07-09T23:20:23.410508Z","level":"info","event":"--- Dropping table lieux ---","chan":"stdout","logger":"task"}
{"timestamp":"2025-07-09T23:20:23.628976Z","level":"info","event":"SUCCESS: Dropping table lieux","chan":"stdout","logger":"task"}
{"timestamp":"2025-07-09T23:20:23.629339Z","level":"info","event":"--- Re-enabling foreign key checks ---","chan":"stdout","logger":"task"}
{"timestamp":"2025-07-09T23:20:23.921778Z","level":"info","event":"SUCCESS: Re-enabling foreign key checks","chan":"stdout","logger":"task"}
{"timestamp":"2025-07-09T23:20:23.922088Z","level":"info","event":"","chan":"stdout","logger":"task"}
{"timestamp":"2025-07-09T23:20:23.922312Z","level":"info","event":"--- Creating new tables ---","chan":"stdout","logger":"task"}
{"timestamp":"2025-07-09T23:20:23.922542Z","level":"info","event":"--- Creating table lieux ---","chan":"stdout","logger":"task"}
{"timestamp":"2025-07-09T23:20:24.339070Z","level":"info","event":"SUCCESS: Creating table lieux","chan":"stdout","logger":"task"}
{"timestamp":"2025-07-09T23:20:24.339264Z","level":"info","event":"--- Creating table conditions_meteo ---","chan":"stdout","logger":"task"}
{"timestamp":"2025-07-09T23:20:24.652741Z","level":"info","event":"SUCCESS: Creating table conditions_meteo","chan":"stdout","logger":"task"}
{"timestamp":"2025-07-09T23:20:24.653132Z","level":"info","event":"--- Creating table donnees_meteo ---","chan":"stdout","logger":"task"}
{"timestamp":"2025-07-09T23:20:25.048107Z","level":"info","event":"SUCCESS: Creating table donnees_meteo","chan":"stdout","logger":"task"}
{"timestamp":"2025-07-09T23:20:25.048320Z","level":"info","event":"--- Creating table etl_logs ---","chan":"stdout","logger":"task"}
{"timestamp":"2025-07-09T23:20:25.253024Z","level":"info","event":"ERROR: Failed to execute 'Creating table etl_logs' - (1050, \"Table 'etl_logs' already exists\")","chan":"stdout","logger":"task"}
{"timestamp":"2025-07-09T23:20:25.253202Z","level":"info","event":"","chan":"stdout","logger":"task"}
{"timestamp":"2025-07-09T23:20:25.253330Z","level":"info","event":"SUCCESS: Database cleanup and recreation completed.","chan":"stdout","logger":"task"}
{"timestamp":"2025-07-09T23:20:25.253476Z","level":"info","event":"INFO: DB cleanup done.","chan":"stdout","logger":"task"}
{"timestamp":"2025-07-09T23:20:25.254117","level":"info","event":"Done. Returned value was: None","logger":"airflow.task.operators.airflow.providers.standard.operators.python.PythonOperator"}
