{"timestamp":"2025-07-04T14:01:36.628292","level":"info","event":"DAG bundles loaded: dags-folder","logger":"airflow.dag_processing.bundles.manager.DagBundlesManager"}
{"timestamp":"2025-07-04T14:01:36.629560","level":"info","event":"Filling up the DagBag from /opt/airflow/dags/weather_etl_dag.py","logger":"airflow.models.dagbag.DagBag"}
{"timestamp":"2025-07-04T14:01:37.165867Z","level":"info","event":"INFO: Starting transform/load to warehouse...","chan":"stdout","logger":"task"}
{"timestamp":"2025-07-04T14:01:37.166078Z","level":"info","event":"INFO: Starting ETL process...","chan":"stdout","logger":"task"}
{"timestamp":"2025-07-04T14:01:37.166214Z","level":"info","event":"INFO: Attempting to establish database connections...","chan":"stdout","logger":"task"}
{"timestamp":"2025-07-04T14:01:37.946781Z","level":"info","event":"Database connection to 'meteo' established successfully.","chan":"stdout","logger":"task"}
{"timestamp":"2025-07-04T14:01:38.448162Z","level":"info","event":"Database connection to 'meteo_warehouse' established successfully.","chan":"stdout","logger":"task"}
{"timestamp":"2025-07-04T14:01:38.448470Z","level":"info","event":"SUCCESS: PyMySQL connections established.","chan":"stdout","logger":"task"}
{"timestamp":"2025-07-04T14:01:40.156059Z","level":"info","event":"SUCCESS: SQLAlchemy engine for target database created and tested.","chan":"stdout","logger":"task"}
{"timestamp":"2025-07-04T14:01:40.156257Z","level":"info","event":"","chan":"stdout","logger":"task"}
{"timestamp":"2025-07-04T14:01:40.156361Z","level":"info","event":"INFO: Beginning data extraction from source database.","chan":"stdout","logger":"task"}
{"timestamp":"2025-07-04T14:01:40.254852Z","level":"info","event":"INFO: Extracted 20 rows from query.","chan":"stdout","logger":"task"}
{"timestamp":"2025-07-04T14:01:40.355912Z","level":"info","event":"INFO: Extracted 7 rows from query.","chan":"stdout","logger":"task"}
{"timestamp":"2025-07-04T14:01:40.459278Z","level":"info","event":"INFO: Extracted 20 rows from query.","chan":"stdout","logger":"task"}
{"timestamp":"2025-07-04T14:01:40.459537Z","level":"info","event":"SUCCESS: All necessary data extracted from source tables.","chan":"stdout","logger":"task"}
{"timestamp":"2025-07-04T14:01:40.459636Z","level":"info","event":"","chan":"stdout","logger":"task"}
{"timestamp":"2025-07-04T14:01:40.459713Z","level":"info","event":"INFO: Beginning data transformation for dimension tables.","chan":"stdout","logger":"task"}
{"timestamp":"2025-07-04T14:01:40.459783Z","level":"info","event":"INFO: Transforming data for DimLieux...","chan":"stdout","logger":"task"}
{"timestamp":"2025-07-04T14:01:40.462412Z","level":"info","event":"SUCCESS: Transformed 20 unique locations for DimLieux.","chan":"stdout","logger":"task"}
{"timestamp":"2025-07-04T14:01:40.462626Z","level":"info","event":"INFO: Transforming data for DimConditionsMeteo...","chan":"stdout","logger":"task"}
{"timestamp":"2025-07-04T14:01:40.464337Z","level":"info","event":"SUCCESS: Transformed 7 unique conditions for DimConditionsMeteo.","chan":"stdout","logger":"task"}
{"timestamp":"2025-07-04T14:01:40.464510Z","level":"info","event":"INFO: Transforming data for DimTemps...","chan":"stdout","logger":"task"}
{"timestamp":"2025-07-04T14:01:40.472654Z","level":"info","event":"SUCCESS: Transformed 7 unique time entries for DimTemps.","chan":"stdout","logger":"task"}
{"timestamp":"2025-07-04T14:01:40.472827Z","level":"info","event":"","chan":"stdout","logger":"task"}
{"timestamp":"2025-07-04T14:01:40.472956Z","level":"info","event":"INFO: Preparing data for FaitDonneesMeteo (Fact Table).","chan":"stdout","logger":"task"}
{"timestamp":"2025-07-04T14:01:40.477350Z","level":"info","event":"","chan":"stdout","logger":"task"}
{"timestamp":"2025-07-04T14:01:40.477543Z","level":"info","event":"INFO: Loading dimension data into target database.","chan":"stdout","logger":"task"}
{"timestamp":"2025-07-04T14:01:41.256530Z","level":"info","event":"ERROR: Error loading data into DimLieux: (pymysql.err.IntegrityError) (1062, \"Duplicate entry 'Dakar' for key 'DimLieux.nom_ville'\")","chan":"stdout","logger":"task"}
{"timestamp":"2025-07-04T14:01:41.256835Z","level":"info","event":"[SQL: INSERT INTO \"DimLieux\" (nom_ville, region, pays) VALUES (%(nom_ville)s, %(region)s, %(pays)s)]","chan":"stdout","logger":"task"}
{"timestamp":"2025-07-04T14:01:41.257141Z","level":"info","event":"[parameters: ({'nom_ville': 'Abidjan', 'region': 'Lagunes', 'pays': \"Cote d'Ivoire\"}, {'nom_ville': 'Bafata', 'region': 'Bafata', 'pays': 'Guinea-Bissau'}, {'nom_ville': 'Bamako', 'region': 'Bamako', 'pays': 'Mali'}, {'nom_ville': 'Bissau', 'region': 'Bissau', 'pays': 'Guinea-Bissau'}, {'nom_ville': 'Bobo Dioulasso', 'region': 'Houet', 'pays': 'Burkina Faso'}, {'nom_ville': 'Bolama', 'region': 'Bolama', 'pays': 'Guinea-Bissau'}, {'nom_ville': 'Bouake', 'region': 'Marahoue', 'pays': \"Cote d'Ivoire\"}, {'nom_ville': 'Dakar', 'region': 'Dakar', 'pays': 'Senegal'}  ... displaying 10 of 20 total bound parameter sets ...  {'nom_ville': 'Yamoussoukro', 'region': \"N'zi-Comoe\", 'pays': \"Cote d'Ivoire\"}, {'nom_ville': 'Zinder', 'region': 'Zinder', 'pays': 'Niger'})]","chan":"stdout","logger":"task"}
{"timestamp":"2025-07-04T14:01:41.257514Z","level":"info","event":"(Background on this error at: https://sqlalche.me/e/14/gkpj)","chan":"stdout","logger":"task"}
{"timestamp":"2025-07-04T14:01:41.658929Z","level":"info","event":"ERROR: Error loading data into DimConditionsMeteo: (pymysql.err.IntegrityError) (1062, \"Duplicate entry 'Cloudy' for key 'DimConditionsMeteo.texte_condition'\")","chan":"stdout","logger":"task"}
{"timestamp":"2025-07-04T14:01:41.659384Z","level":"info","event":"[SQL: INSERT INTO \"DimConditionsMeteo\" (code_condition, texte_condition) VALUES (%(code_condition)s, %(texte_condition)s)]","chan":"stdout","logger":"task"}
{"timestamp":"2025-07-04T14:01:41.659563Z","level":"info","event":"[parameters: ({'code_condition': 1006, 'texte_condition': 'Cloudy'}, {'code_condition': 1153, 'texte_condition': 'Light drizzle'}, {'code_condition': 1183, 'texte_condition': 'Light rain'}, {'code_condition': 1189, 'texte_condition': 'Moderate rain'}, {'code_condition': 1003, 'texte_condition': 'Partly cloudy'}, {'code_condition': 1063, 'texte_condition': 'Patchy rain nearby'}, {'code_condition': 1000, 'texte_condition': 'Sunny'})]","chan":"stdout","logger":"task"}
{"timestamp":"2025-07-04T14:01:41.659710Z","level":"info","event":"(Background on this error at: https://sqlalche.me/e/14/gkpj)","chan":"stdout","logger":"task"}
{"timestamp":"2025-07-04T14:01:42.260462Z","level":"info","event":"SUCCESS: Loaded 7 rows into DimTemps.","chan":"stdout","logger":"task"}
{"timestamp":"2025-07-04T14:01:42.260792Z","level":"info","event":"SUCCESS: Dimension tables loaded.","chan":"stdout","logger":"task"}
{"timestamp":"2025-07-04T14:01:42.261097Z","level":"info","event":"INFO: Reading back surrogate keys from target dimension tables.","chan":"stdout","logger":"task"}
{"timestamp":"2025-07-04T14:01:42.360414Z","level":"info","event":"INFO: Extracted 12 rows from query.","chan":"stdout","logger":"task"}
{"timestamp":"2025-07-04T14:01:42.461732Z","level":"info","event":"INFO: Extracted 20 rows from query.","chan":"stdout","logger":"task"}
{"timestamp":"2025-07-04T14:01:42.874006Z","level":"info","event":"INFO: Extracted 2963 rows from query.","chan":"stdout","logger":"task"}
{"timestamp":"2025-07-04T14:01:42.874358Z","level":"info","event":"SUCCESS: Surrogate keys retrieved.","chan":"stdout","logger":"task"}
{"timestamp":"2025-07-04T14:01:42.877320Z","level":"info","event":"INFO: Joining fact data with dimension surrogate keys.","chan":"stdout","logger":"task"}
{"timestamp":"2025-07-04T14:01:42.877811Z","level":"info","event":"INFO: Merging with DimLieux to get id_dim_lieu_fk...","chan":"stdout","logger":"task"}
{"timestamp":"2025-07-04T14:01:42.884045Z","level":"info","event":"WARNING: 9 records in FaitDonneesMeteo could not find a matching DimLieux entry. Check data consistency.","chan":"stdout","logger":"task"}
{"timestamp":"2025-07-04T14:01:42.885165Z","level":"info","event":"INFO: After DimLieux merge. Records with id_dim_lieu: 11/20.","chan":"stdout","logger":"task"}
{"timestamp":"2025-07-04T14:01:42.885385Z","level":"info","event":"INFO: Merging with DimConditionsMeteo to get id_dim_condition_fk...","chan":"stdout","logger":"task"}
{"timestamp":"2025-07-04T14:01:42.890218Z","level":"info","event":"WARNING: 7 records in FaitDonneesMeteo could not find a matching DimConditionsMeteo entry. Check data consistency.","chan":"stdout","logger":"task"}
{"timestamp":"2025-07-04T14:01:42.891235Z","level":"info","event":"INFO: After DimConditionsMeteo merge. Records with id_dim_condition: 13/20.","chan":"stdout","logger":"task"}
{"timestamp":"2025-07-04T14:01:42.891447Z","level":"info","event":"INFO: Merging with DimTemps to get id_dim_temps_fk...","chan":"stdout","logger":"task"}
{"timestamp":"2025-07-04T14:01:42.896419Z","level":"info","event":"INFO: After DimTemps merge. Records with id_dim_temps: 55/55.","chan":"stdout","logger":"task"}
{"timestamp":"2025-07-04T14:01:42.898643Z","level":"info","event":"WARNING: Dropped 41 rows from final fact table due to NULL foreign keys.","chan":"stdout","logger":"task"}
{"timestamp":"2025-07-04T14:01:42.898857Z","level":"info","event":"         Consider adjusting merge logic or source data to prevent missing dimension matches.","chan":"stdout","logger":"task"}
{"timestamp":"2025-07-04T14:01:42.899003Z","level":"info","event":"SUCCESS: Transformed 14 rows for FaitDonneesMeteo (after final FK check).","chan":"stdout","logger":"task"}
{"timestamp":"2025-07-04T14:01:42.899165Z","level":"info","event":"","chan":"stdout","logger":"task"}
{"timestamp":"2025-07-04T14:01:42.899304Z","level":"info","event":"INFO: Loading fact data into target database.","chan":"stdout","logger":"task"}
{"timestamp":"2025-07-04T14:01:43.565399Z","level":"info","event":"SUCCESS: Loaded 14 rows into FaitDonneesMeteo.","chan":"stdout","logger":"task"}
{"timestamp":"2025-07-04T14:01:43.565687Z","level":"info","event":"SUCCESS: Fact table loaded.","chan":"stdout","logger":"task"}
{"timestamp":"2025-07-04T14:01:43.565861Z","level":"info","event":"","chan":"stdout","logger":"task"}
{"timestamp":"2025-07-04T14:01:43.566015Z","level":"info","event":"SUCCESS: ETL process completed successfully!","chan":"stdout","logger":"task"}
{"timestamp":"2025-07-04T14:01:43.566151Z","level":"info","event":"INFO: Attempting to close database connections and dispose of engines.","chan":"stdout","logger":"task"}
{"timestamp":"2025-07-04T14:01:43.566387Z","level":"info","event":"INFO: Source database connection closed.","chan":"stdout","logger":"task"}
{"timestamp":"2025-07-04T14:01:43.566528Z","level":"info","event":"INFO: Target database (pymysql) connection closed.","chan":"stdout","logger":"task"}
{"timestamp":"2025-07-04T14:01:43.566647Z","level":"info","event":"INFO: Target database SQLAlchemy engine disposed.","chan":"stdout","logger":"task"}
{"timestamp":"2025-07-04T14:01:43.566766Z","level":"info","event":"SUCCESS: All database connections and engines handled.","chan":"stdout","logger":"task"}
{"timestamp":"2025-07-04T14:01:44.467151Z","level":"info","event":"Database connection to 'meteo' established successfully.","chan":"stdout","logger":"task"}
{"timestamp":"2025-07-04T14:01:44.665881Z","level":"info","event":"INFO: Logged ETL process 'transfer_data_to_warehouse' with status 'success'.","chan":"stdout","logger":"task"}
{"timestamp":"2025-07-04T14:01:44.666261Z","level":"info","event":"INFO: Transform/load done.","chan":"stdout","logger":"task"}
{"timestamp":"2025-07-04T14:01:44.666628","level":"info","event":"Done. Returned value was: None","logger":"airflow.task.operators.airflow.providers.standard.operators.python.PythonOperator"}
