{"timestamp":"2025-07-10T01:00:03.063082","level":"info","event":"DAG bundles loaded: dags-folder","logger":"airflow.dag_processing.bundles.manager.DagBundlesManager"}
{"timestamp":"2025-07-10T01:00:03.064413","level":"info","event":"Filling up the DagBag from /opt/airflow/dags/weather_etl_dag.py","logger":"airflow.models.dagbag.DagBag"}
{"timestamp":"2025-07-10T01:00:03.813724Z","level":"info","event":"INFO: Starting DB cleanup...","chan":"stdout","logger":"task"}
{"timestamp":"2025-07-10T01:00:04.843744Z","level":"info","event":"Database connection to 'meteo' established successfully.","chan":"stdout","logger":"task"}
{"timestamp":"2025-07-10T01:00:04.843941Z","level":"info","event":"--- Disabling foreign key checks ---","chan":"stdout","logger":"task"}
{"timestamp":"2025-07-10T01:00:05.253676Z","level":"info","event":"SUCCESS: Disabling foreign key checks","chan":"stdout","logger":"task"}
{"timestamp":"2025-07-10T01:00:05.253975Z","level":"info","event":"","chan":"stdout","logger":"task"}
{"timestamp":"2025-07-10T01:00:05.254177Z","level":"info","event":"--- Dropping existing tables ---","chan":"stdout","logger":"task"}
{"timestamp":"2025-07-10T01:00:05.254321Z","level":"info","event":"--- Dropping table donnees_meteo ---","chan":"stdout","logger":"task"}
{"timestamp":"2025-07-10T01:00:05.560357Z","level":"info","event":"SUCCESS: Dropping table donnees_meteo","chan":"stdout","logger":"task"}
{"timestamp":"2025-07-10T01:00:05.560542Z","level":"info","event":"--- Dropping table conditions_meteo ---","chan":"stdout","logger":"task"}
{"timestamp":"2025-07-10T01:00:05.770405Z","level":"info","event":"SUCCESS: Dropping table conditions_meteo","chan":"stdout","logger":"task"}
{"timestamp":"2025-07-10T01:00:05.770680Z","level":"info","event":"--- Dropping table lieux ---","chan":"stdout","logger":"task"}
{"timestamp":"2025-07-10T01:00:05.987182Z","level":"info","event":"SUCCESS: Dropping table lieux","chan":"stdout","logger":"task"}
{"timestamp":"2025-07-10T01:00:05.987428Z","level":"info","event":"--- Re-enabling foreign key checks ---","chan":"stdout","logger":"task"}
{"timestamp":"2025-07-10T01:00:06.219444Z","level":"info","event":"SUCCESS: Re-enabling foreign key checks","chan":"stdout","logger":"task"}
{"timestamp":"2025-07-10T01:00:06.219702Z","level":"info","event":"","chan":"stdout","logger":"task"}
{"timestamp":"2025-07-10T01:00:06.219939Z","level":"info","event":"--- Creating new tables ---","chan":"stdout","logger":"task"}
{"timestamp":"2025-07-10T01:00:06.220130Z","level":"info","event":"--- Creating table lieux ---","chan":"stdout","logger":"task"}
{"timestamp":"2025-07-10T01:00:06.584343Z","level":"info","event":"SUCCESS: Creating table lieux","chan":"stdout","logger":"task"}
{"timestamp":"2025-07-10T01:00:06.584680Z","level":"info","event":"--- Creating table conditions_meteo ---","chan":"stdout","logger":"task"}
{"timestamp":"2025-07-10T01:00:06.846689Z","level":"info","event":"SUCCESS: Creating table conditions_meteo","chan":"stdout","logger":"task"}
{"timestamp":"2025-07-10T01:00:06.847380Z","level":"info","event":"--- Creating table donnees_meteo ---","chan":"stdout","logger":"task"}
{"timestamp":"2025-07-10T01:00:07.083222Z","level":"info","event":"SUCCESS: Creating table donnees_meteo","chan":"stdout","logger":"task"}
{"timestamp":"2025-07-10T01:00:07.083421Z","level":"info","event":"--- Creating table etl_logs ---","chan":"stdout","logger":"task"}
{"timestamp":"2025-07-10T01:00:07.197183Z","level":"info","event":"ERROR: Failed to execute 'Creating table etl_logs' - (1050, \"Table 'etl_logs' already exists\")","chan":"stdout","logger":"task"}
{"timestamp":"2025-07-10T01:00:07.197430Z","level":"info","event":"","chan":"stdout","logger":"task"}
{"timestamp":"2025-07-10T01:00:07.197637Z","level":"info","event":"SUCCESS: Database cleanup and recreation completed.","chan":"stdout","logger":"task"}
{"timestamp":"2025-07-10T01:00:07.197775Z","level":"info","event":"INFO: DB cleanup done.","chan":"stdout","logger":"task"}
{"timestamp":"2025-07-10T01:00:07.198217","level":"info","event":"Done. Returned value was: None","logger":"airflow.task.operators.airflow.providers.standard.operators.python.PythonOperator"}
